[0.008s] Invoking command in '/home/wu/SRC/Answers_to_JRAI/build/bt_cpp': CMAKE_PREFIX_PATH=/opt/ros/humble /usr/bin/cmake --build /home/wu/SRC/Answers_to_JRAI/build/bt_cpp -- -j16 -l16
[0.030s] -- Found ament_cmake: 1.3.9 (/opt/ros/humble/share/ament_cmake/cmake)
[0.102s] -- Found behaviortree_cpp: 4.6.2 (/usr/local/share/behaviortree_cpp/cmake)
[0.104s] -- Found ament_lint_auto: 0.12.11 (/opt/ros/humble/share/ament_lint_auto/cmake)
[0.152s] -- Added test 'cppcheck' to perform static code analysis on C / C++ code
[0.152s] -- Configured cppcheck include dirs: /home/wu/SRC/Answers_to_JRAI/src/bt_cpp/./include/sample_nodes
[0.152s] -- Configured cppcheck exclude dirs and/or files: 
[0.152s] -- Added test 'lint_cmake' to check CMake code style
[0.154s] -- Added test 'uncrustify' to check C / C++ code style
[0.154s] -- Configured uncrustify additional arguments: 
[0.154s] -- Added test 'xmllint' to check XML markup files
[0.155s] -- Configuring done
[0.158s] -- Generating done
[0.159s] -- Build files have been written to: /home/wu/SRC/Answers_to_JRAI/build/bt_cpp
[0.189s] [ 50%] [32mBuilding CXX object CMakeFiles/first_tree.dir/src/first_tree.cpp.o[0m
[1.980s] [100%] [32m[1mLinking CXX executable first_tree[0m
[2.045s] /usr/bin/ld: CMakeFiles/first_tree.dir/src/first_tree.cpp.o: warning: relocation against `_ZTVN10DummyNodes14ApproachObjectE' in read-only section `.text._ZN10DummyNodes14ApproachObjectC2ERKNSt7__cxx1112basic_stringIcSt11char_traitsIcESaIcEEE[_ZN10DummyNodes14ApproachObjectC5ERKNSt7__cxx1112basic_stringIcSt11char_traitsIcESaIcEEE]'
[2.051s] /usr/bin/ld: CMakeFiles/first_tree.dir/src/first_tree.cpp.o: in function `main::{lambda(BT::TreeNode&)#1}::operator()(BT::TreeNode&) const':
[2.051s] first_tree.cpp:(.text+0x1d): undefined reference to `DummyNodes::CheckBattery()'
[2.051s] /usr/bin/ld: CMakeFiles/first_tree.dir/src/first_tree.cpp.o: in function `main::{lambda(BT::TreeNode&)#2}::operator()(BT::TreeNode&) const':
[2.051s] first_tree.cpp:(.text+0x3f): undefined reference to `DummyNodes::GripperInterface::open()'
[2.051s] /usr/bin/ld: CMakeFiles/first_tree.dir/src/first_tree.cpp.o: in function `main::{lambda(BT::TreeNode&)#3}::operator()(BT::TreeNode&) const':
[2.051s] first_tree.cpp:(.text+0x61): undefined reference to `DummyNodes::GripperInterface::close()'
[2.052s] /usr/bin/ld: CMakeFiles/first_tree.dir/src/first_tree.cpp.o: in function `DummyNodes::ApproachObject::ApproachObject(std::__cxx11::basic_string<char, std::char_traits<char>, std::allocator<char> > const&)':
[2.052s] first_tree.cpp:(.text._ZN10DummyNodes14ApproachObjectC2ERKNSt7__cxx1112basic_stringIcSt11char_traitsIcESaIcEEE[_ZN10DummyNodes14ApproachObjectC5ERKNSt7__cxx1112basic_stringIcSt11char_traitsIcESaIcEEE]+0x6e): undefined reference to `vtable for DummyNodes::ApproachObject'
[2.057s] /usr/bin/ld: warning: creating DT_TEXTREL in a PIE
[2.058s] collect2: error: ld returned 1 exit status
[2.061s] gmake[2]: *** [CMakeFiles/first_tree.dir/build.make:98: first_tree] Error 1
[2.061s] gmake[1]: *** [CMakeFiles/Makefile2:137: CMakeFiles/first_tree.dir/all] Error 2
[2.062s] gmake: *** [Makefile:146: all] Error 2
[2.063s] Invoked command in '/home/wu/SRC/Answers_to_JRAI/build/bt_cpp' returned '2': CMAKE_PREFIX_PATH=/opt/ros/humble /usr/bin/cmake --build /home/wu/SRC/Answers_to_JRAI/build/bt_cpp -- -j16 -l16
