[0.010s] Invoking command in '/home/wu/SRC/Answers_to_JRAI/build/bt_cpp': CMAKE_PREFIX_PATH=/opt/ros/humble /usr/bin/cmake --build /home/wu/SRC/Answers_to_JRAI/build/bt_cpp -- -j16 -l16
[0.029s] -- Found ament_cmake: 1.3.9 (/opt/ros/humble/share/ament_cmake/cmake)
[0.109s] -- Found behaviortree_cpp: 4.6.2 (/usr/local/share/behaviortree_cpp/cmake)
[0.110s] -- Found ament_lint_auto: 0.12.11 (/opt/ros/humble/share/ament_lint_auto/cmake)
[0.152s] -- Added test 'cppcheck' to perform static code analysis on C / C++ code
[0.152s] -- Configured cppcheck include dirs: 
[0.152s] -- Configured cppcheck exclude dirs and/or files: 
[0.153s] -- Added test 'lint_cmake' to check CMake code style
[0.153s] -- Added test 'uncrustify' to check C / C++ code style
[0.153s] -- Configured uncrustify additional arguments: 
[0.153s] -- Added test 'xmllint' to check XML markup files
[0.154s] -- Configuring done
[0.155s] [31mCMake Error at CMakeLists.txt:12 (add_executable):
[0.155s]   Target "tree_demo" links to target "BT::behaviortree_cpp" but the target
[0.155s]   was not found.  Perhaps a find_package() call is missing for an IMPORTED
[0.155s]   target, or an ALIAS target is missing?
[0.155s] 
[0.155s] [0m
[0.157s] -- Generating done
[0.157s] [0mCMake Generate step failed.  Build files cannot be regenerated correctly.[0m
[0.161s] gmake: *** [Makefile:226: cmake_check_build_system] Error 1
[0.164s] Invoked command in '/home/wu/SRC/Answers_to_JRAI/build/bt_cpp' returned '2': CMAKE_PREFIX_PATH=/opt/ros/humble /usr/bin/cmake --build /home/wu/SRC/Answers_to_JRAI/build/bt_cpp -- -j16 -l16
