[0.013s] Invoking command in '/home/wu/SRC/Answers_to_JRAI/build/interfaces': CMAKE_PREFIX_PATH=/opt/ros/humble /usr/bin/cmake /home/wu/SRC/Answers_to_JRAI/src/interfaces -DCMAKE_INSTALL_PREFIX=/home/wu/SRC/Answers_to_JRAI/install/interfaces
[0.060s] -- The C compiler identification is GNU 11.4.0
[0.098s] -- The CXX compiler identification is GNU 11.4.0
[0.103s] -- Detecting C compiler ABI info
[0.154s] -- Detecting C compiler ABI info - done
[0.158s] -- Check for working C compiler: /usr/bin/cc - skipped
[0.158s] -- Detecting C compile features
[0.158s] -- Detecting C compile features - done
[0.160s] -- Detecting CXX compiler ABI info
[0.219s] -- Detecting CXX compiler ABI info - done
[0.223s] -- Check for working CXX compiler: /usr/bin/c++ - skipped
[0.223s] -- Detecting CXX compile features
[0.223s] -- Detecting CXX compile features - done
[0.224s] -- Found ament_cmake: 1.3.9 (/opt/ros/humble/share/ament_cmake/cmake)
[0.319s] -- Found Python3: /usr/bin/python3 (found version "3.10.12") found components: Interpreter 
[0.368s] -- Found rosidl_default_generators: 1.2.0 (/opt/ros/humble/share/rosidl_default_generators/cmake)
[0.369s] -- Using all available rosidl_typesupport_c: rosidl_typesupport_fastrtps_c;rosidl_typesupport_introspection_c
[0.372s] -- Found rosidl_adapter: 3.1.5 (/opt/ros/humble/share/rosidl_adapter/cmake)
[0.394s] -- Using all available rosidl_typesupport_cpp: rosidl_typesupport_fastrtps_cpp;rosidl_typesupport_introspection_cpp
[0.638s] -- Found ament_cmake_ros: 0.10.0 (/opt/ros/humble/share/ament_cmake_ros/cmake)
[0.762s] -- Using all available rosidl_typesupport_c: rosidl_typesupport_fastrtps_c;rosidl_typesupport_introspection_c
[0.936s] -- Using all available rosidl_typesupport_cpp: rosidl_typesupport_fastrtps_cpp;rosidl_typesupport_introspection_cpp
[0.951s] -- Found PythonInterp: /usr/bin/python3 (found suitable version "3.10.12", minimum required is "3.6") 
[0.952s] -- Found python_cmake_module: 0.10.0 (/opt/ros/humble/share/python_cmake_module/cmake)
[0.969s] -- Found PythonLibs: /usr/lib/x86_64-linux-gnu/libpython3.10.so (found suitable version "3.10.12", minimum required is "3.5") 
[0.969s] -- Using PYTHON_EXECUTABLE: /usr/bin/python3
[0.969s] -- Using PYTHON_INCLUDE_DIRS: /usr/include/python3.10
[0.969s] -- Using PYTHON_LIBRARIES: /usr/lib/x86_64-linux-gnu/libpython3.10.so
[0.983s] -- Found PythonExtra: .so  
[1.009s] -- Found ament_lint_auto: 0.12.11 (/opt/ros/humble/share/ament_lint_auto/cmake)
[1.022s] -- Added test 'lint_cmake' to check CMake code style
[1.023s] -- Added test 'xmllint' to check XML markup files
[1.024s] -- Configuring done
[1.049s] -- Generating done
[1.050s] -- Build files have been written to: /home/wu/SRC/Answers_to_JRAI/build/interfaces
[1.057s] Invoked command in '/home/wu/SRC/Answers_to_JRAI/build/interfaces' returned '0': CMAKE_PREFIX_PATH=/opt/ros/humble /usr/bin/cmake /home/wu/SRC/Answers_to_JRAI/src/interfaces -DCMAKE_INSTALL_PREFIX=/home/wu/SRC/Answers_to_JRAI/install/interfaces
[1.058s] Invoking command in '/home/wu/SRC/Answers_to_JRAI/build/interfaces': CMAKE_PREFIX_PATH=/opt/ros/humble /usr/bin/cmake --build /home/wu/SRC/Answers_to_JRAI/build/interfaces -- -j16 -l16
[1.090s] [  1%] [34m[1mGenerating C code for ROS interfaces[0m
[1.096s] [  3%] [34m[1mGenerating C++ code for ROS interfaces[0m
[1.103s] [  3%] Built target ament_cmake_python_copy_interfaces
[1.248s] running egg_info
[1.248s] creating interfaces.egg-info
[1.248s] writing interfaces.egg-info/PKG-INFO
[1.248s] writing dependency_links to interfaces.egg-info/dependency_links.txt
[1.248s] writing top-level names to interfaces.egg-info/top_level.txt
[1.248s] writing manifest file 'interfaces.egg-info/SOURCES.txt'
[1.249s] reading manifest file 'interfaces.egg-info/SOURCES.txt'
[1.249s] writing manifest file 'interfaces.egg-info/SOURCES.txt'
[1.273s] [  3%] Built target ament_cmake_python_build_interfaces_egg
[1.522s] [  7%] [32mBuilding C object CMakeFiles/interfaces__rosidl_generator_c.dir/rosidl_generator_c/interfaces/srv/detail/money__functions.c.o[0m
[1.522s] [  7%] [32mBuilding C object CMakeFiles/interfaces__rosidl_generator_c.dir/rosidl_generator_c/interfaces/action/detail/boiling__functions.c.o[0m
[1.522s] [  9%] [32mBuilding C object CMakeFiles/interfaces__rosidl_generator_c.dir/rosidl_generator_c/interfaces/msg/detail/now__functions.c.o[0m
[1.524s] [ 10%] [32mBuilding C object CMakeFiles/interfaces__rosidl_generator_c.dir/rosidl_generator_c/interfaces/action/detail/fibonacci__functions.c.o[0m
[1.526s] [ 10%] Built target interfaces__cpp
[1.541s] [ 14%] [34m[1mGenerating C++ introspection for ROS interfaces[0m
[1.541s] [ 14%] [34m[1mGenerating C++ type support for eProsima Fast-RTPS[0m
[1.541s] [ 16%] [34m[1mGenerating C++ type support dispatch for ROS interfaces[0m
[1.638s] [ 18%] [32m[1mLinking C shared library libinterfaces__rosidl_generator_c.so[0m
[1.669s] [ 18%] Built target interfaces__rosidl_generator_c
[1.677s] [ 23%] [34m[1mGenerating C type support dispatch for ROS interfaces[0m
[1.677s] [ 23%] [34m[1mGenerating C type support for eProsima Fast-RTPS[0m
[1.677s] [ 23%] [34m[1mGenerating C introspection for ROS interfaces[0m
[1.786s] [ 27%] [32mBuilding CXX object CMakeFiles/interfaces__rosidl_typesupport_cpp.dir/rosidl_typesupport_cpp/interfaces/action/fibonacci__type_support.cpp.o[0m
[1.786s] [ 27%] [32mBuilding CXX object CMakeFiles/interfaces__rosidl_typesupport_cpp.dir/rosidl_typesupport_cpp/interfaces/action/boiling__type_support.cpp.o[0m
[1.786s] [ 29%] [32mBuilding CXX object CMakeFiles/interfaces__rosidl_typesupport_cpp.dir/rosidl_typesupport_cpp/interfaces/msg/now__type_support.cpp.o[0m
[1.786s] [ 30%] [32mBuilding CXX object CMakeFiles/interfaces__rosidl_typesupport_cpp.dir/rosidl_typesupport_cpp/interfaces/srv/money__type_support.cpp.o[0m
[1.878s] [ 38%] [32mBuilding CXX object CMakeFiles/interfaces__rosidl_typesupport_introspection_cpp.dir/rosidl_typesupport_introspection_cpp/interfaces/msg/detail/now__type_support.cpp.o[0m
[1.878s] [ 38%] [32mBuilding CXX object CMakeFiles/interfaces__rosidl_typesupport_introspection_cpp.dir/rosidl_typesupport_introspection_cpp/interfaces/srv/detail/money__type_support.cpp.o[0m
[1.878s] [ 38%] [32mBuilding CXX object CMakeFiles/interfaces__rosidl_typesupport_introspection_cpp.dir/rosidl_typesupport_introspection_cpp/interfaces/action/detail/fibonacci__type_support.cpp.o[0m
[1.878s] [ 38%] [32mBuilding CXX object CMakeFiles/interfaces__rosidl_typesupport_introspection_cpp.dir/rosidl_typesupport_introspection_cpp/interfaces/action/detail/boiling__type_support.cpp.o[0m
[1.942s] [ 40%] [32mBuilding CXX object CMakeFiles/interfaces__rosidl_typesupport_c.dir/rosidl_typesupport_c/interfaces/action/boiling__type_support.cpp.o[0m
[1.942s] [ 45%] [32mBuilding CXX object CMakeFiles/interfaces__rosidl_typesupport_c.dir/rosidl_typesupport_c/interfaces/msg/now__type_support.cpp.o[0m
[1.942s] [ 43%] [32mBuilding CXX object CMakeFiles/interfaces__rosidl_typesupport_c.dir/rosidl_typesupport_c/interfaces/srv/money__type_support.cpp.o[0m
[1.943s] [ 43%] [32mBuilding CXX object CMakeFiles/interfaces__rosidl_typesupport_c.dir/rosidl_typesupport_c/interfaces/action/fibonacci__type_support.cpp.o[0m
[1.997s] [ 47%] [32m[1mLinking CXX shared library libinterfaces__rosidl_typesupport_c.so[0m
[2.040s] [ 54%] [32mBuilding CXX object CMakeFiles/interfaces__rosidl_typesupport_fastrtps_cpp.dir/rosidl_typesupport_fastrtps_cpp/interfaces/action/detail/dds_fastrtps/boiling__type_support.cpp.o[0m
[2.041s] [ 54%] [32mBuilding CXX object CMakeFiles/interfaces__rosidl_typesupport_fastrtps_cpp.dir/rosidl_typesupport_fastrtps_cpp/interfaces/action/detail/dds_fastrtps/fibonacci__type_support.cpp.o[0m
[2.041s] [ 54%] Built target interfaces__rosidl_typesupport_c
[2.041s] [ 54%] [32mBuilding CXX object CMakeFiles/interfaces__rosidl_typesupport_fastrtps_cpp.dir/rosidl_typesupport_fastrtps_cpp/interfaces/srv/detail/dds_fastrtps/money__type_support.cpp.o[0m
[2.041s] [ 54%] [32mBuilding CXX object CMakeFiles/interfaces__rosidl_typesupport_fastrtps_cpp.dir/rosidl_typesupport_fastrtps_cpp/interfaces/msg/detail/dds_fastrtps/now__type_support.cpp.o[0m
[2.157s] [ 56%] [32mBuilding C object CMakeFiles/interfaces__rosidl_typesupport_introspection_c.dir/rosidl_typesupport_introspection_c/interfaces/msg/detail/now__type_support.c.o[0m
[2.163s] [ 58%] [32mBuilding C object CMakeFiles/interfaces__rosidl_typesupport_introspection_c.dir/rosidl_typesupport_introspection_c/interfaces/srv/detail/money__type_support.c.o[0m
[2.165s] [ 60%] [32mBuilding C object CMakeFiles/interfaces__rosidl_typesupport_introspection_c.dir/rosidl_typesupport_introspection_c/interfaces/action/detail/boiling__type_support.c.o[0m
[2.190s] [ 61%] [32mBuilding C object CMakeFiles/interfaces__rosidl_typesupport_introspection_c.dir/rosidl_typesupport_introspection_c/interfaces/action/detail/fibonacci__type_support.c.o[0m
[2.214s] [ 63%] [32mBuilding CXX object CMakeFiles/interfaces__rosidl_typesupport_fastrtps_c.dir/rosidl_typesupport_fastrtps_c/interfaces/msg/detail/now__type_support_c.cpp.o[0m
[2.224s] [ 65%] [32mBuilding CXX object CMakeFiles/interfaces__rosidl_typesupport_fastrtps_c.dir/rosidl_typesupport_fastrtps_c/interfaces/action/detail/boiling__type_support_c.cpp.o[0m
[2.224s] [ 67%] [32mBuilding CXX object CMakeFiles/interfaces__rosidl_typesupport_fastrtps_c.dir/rosidl_typesupport_fastrtps_c/interfaces/srv/detail/money__type_support_c.cpp.o[0m
[2.226s] [ 69%] [32mBuilding CXX object CMakeFiles/interfaces__rosidl_typesupport_fastrtps_c.dir/rosidl_typesupport_fastrtps_c/interfaces/action/detail/fibonacci__type_support_c.cpp.o[0m
[2.250s] [ 70%] [32m[1mLinking CXX shared library libinterfaces__rosidl_typesupport_cpp.so[0m
[2.269s] [ 72%] [32m[1mLinking C shared library libinterfaces__rosidl_typesupport_introspection_c.so[0m
[2.298s] [ 72%] Built target interfaces__rosidl_typesupport_cpp
[2.310s] [ 72%] Built target interfaces__rosidl_typesupport_introspection_c
[2.493s] [ 74%] [32m[1mLinking CXX shared library libinterfaces__rosidl_typesupport_introspection_cpp.so[0m
[2.556s] [ 74%] Built target interfaces__rosidl_typesupport_introspection_cpp
[2.585s] [ 76%] [32m[1mLinking CXX shared library libinterfaces__rosidl_typesupport_fastrtps_c.so[0m
[2.605s] [ 78%] [32m[1mLinking CXX shared library libinterfaces__rosidl_typesupport_fastrtps_cpp.so[0m
[2.645s] [ 78%] Built target interfaces__rosidl_typesupport_fastrtps_c
[2.666s] [ 78%] Built target interfaces__rosidl_typesupport_fastrtps_cpp
[2.684s] [ 78%] Built target interfaces
[2.701s] [ 80%] [34m[1mGenerating Python code for ROS interfaces[0m
[3.419s] [ 80%] Built target interfaces__py
[3.436s] [ 87%] [32mBuilding C object CMakeFiles/interfaces__rosidl_generator_py.dir/rosidl_generator_py/interfaces/srv/_money_s.c.o[0m
[3.436s] [ 87%] [32mBuilding C object CMakeFiles/interfaces__rosidl_generator_py.dir/rosidl_generator_py/interfaces/msg/_now_s.c.o[0m
[3.436s] [ 87%] [32mBuilding C object CMakeFiles/interfaces__rosidl_generator_py.dir/rosidl_generator_py/interfaces/action/_boiling_s.c.o[0m
[3.436s] [ 87%] [32mBuilding C object CMakeFiles/interfaces__rosidl_generator_py.dir/rosidl_generator_py/interfaces/action/_fibonacci_s.c.o[0m
[3.527s] [ 89%] [32m[1mLinking C shared library rosidl_generator_py/interfaces/libinterfaces__rosidl_generator_py.so[0m
[3.559s] [ 89%] Built target interfaces__rosidl_generator_py
[3.575s] [ 92%] [32mBuilding C object CMakeFiles/interfaces__rosidl_typesupport_introspection_c__pyext.dir/rosidl_generator_py/interfaces/_interfaces_s.ep.rosidl_typesupport_introspection_c.c.o[0m
[3.575s] [ 92%] [32mBuilding C object CMakeFiles/interfaces__rosidl_typesupport_fastrtps_c__pyext.dir/rosidl_generator_py/interfaces/_interfaces_s.ep.rosidl_typesupport_fastrtps_c.c.o[0m
[3.575s] [ 94%] [32mBuilding C object CMakeFiles/interfaces__rosidl_typesupport_c__pyext.dir/rosidl_generator_py/interfaces/_interfaces_s.ep.rosidl_typesupport_c.c.o[0m
[3.672s] [100%] [32m[1mLinking C shared library rosidl_generator_py/interfaces/interfaces_s__rosidl_typesupport_c.cpython-310-x86_64-linux-gnu.so[0m
[3.672s] [100%] [32m[1mLinking C shared library rosidl_generator_py/interfaces/interfaces_s__rosidl_typesupport_introspection_c.cpython-310-x86_64-linux-gnu.so[0m
[3.672s] [100%] [32m[1mLinking C shared library rosidl_generator_py/interfaces/interfaces_s__rosidl_typesupport_fastrtps_c.cpython-310-x86_64-linux-gnu.so[0m
[3.700s] [100%] Built target interfaces__rosidl_typesupport_introspection_c__pyext
[3.700s] [100%] Built target interfaces__rosidl_typesupport_fastrtps_c__pyext
[3.700s] [100%] Built target interfaces__rosidl_typesupport_c__pyext
[3.710s] Invoked command in '/home/wu/SRC/Answers_to_JRAI/build/interfaces' returned '0': CMAKE_PREFIX_PATH=/opt/ros/humble /usr/bin/cmake --build /home/wu/SRC/Answers_to_JRAI/build/interfaces -- -j16 -l16
[3.831s] Invoking command in '/home/wu/SRC/Answers_to_JRAI/build/interfaces': CMAKE_PREFIX_PATH=/opt/ros/humble /usr/bin/cmake --install /home/wu/SRC/Answers_to_JRAI/build/interfaces
[3.837s] -- Install configuration: ""
[3.837s] -- Installing: /home/wu/SRC/Answers_to_JRAI/install/interfaces/share/ament_index/resource_index/rosidl_interfaces/interfaces
[3.837s] -- Installing: /home/wu/SRC/Answers_to_JRAI/install/interfaces/include/interfaces/interfaces
[3.837s] -- Installing: /home/wu/SRC/Answers_to_JRAI/install/interfaces/include/interfaces/interfaces/srv
[3.837s] -- Installing: /home/wu/SRC/Answers_to_JRAI/install/interfaces/include/interfaces/interfaces/srv/detail
[3.837s] -- Installing: /home/wu/SRC/Answers_to_JRAI/install/interfaces/include/interfaces/interfaces/srv/detail/money__type_support.h
[3.837s] -- Installing: /home/wu/SRC/Answers_to_JRAI/install/interfaces/include/interfaces/interfaces/srv/detail/money__struct.h
[3.837s] -- Installing: /home/wu/SRC/Answers_to_JRAI/install/interfaces/include/interfaces/interfaces/srv/detail/money__functions.c
[3.838s] -- Installing: /home/wu/SRC/Answers_to_JRAI/install/interfaces/include/interfaces/interfaces/srv/detail/money__functions.h
[3.838s] -- Installing: /home/wu/SRC/Answers_to_JRAI/install/interfaces/include/interfaces/interfaces/srv/money.h
[3.838s] -- Installing: /home/wu/SRC/Answers_to_JRAI/install/interfaces/include/interfaces/interfaces/msg
[3.838s] -- Installing: /home/wu/SRC/Answers_to_JRAI/install/interfaces/include/interfaces/interfaces/msg/rosidl_generator_c__visibility_control.h
[3.838s] -- Installing: /home/wu/SRC/Answers_to_JRAI/install/interfaces/include/interfaces/interfaces/msg/now.h
[3.838s] -- Installing: /home/wu/SRC/Answers_to_JRAI/install/interfaces/include/interfaces/interfaces/msg/detail
[3.838s] -- Installing: /home/wu/SRC/Answers_to_JRAI/install/interfaces/include/interfaces/interfaces/msg/detail/now__type_support.h
[3.838s] -- Installing: /home/wu/SRC/Answers_to_JRAI/install/interfaces/include/interfaces/interfaces/msg/detail/now__functions.h
[3.838s] -- Installing: /home/wu/SRC/Answers_to_JRAI/install/interfaces/include/interfaces/interfaces/msg/detail/now__struct.h
[3.838s] -- Installing: /home/wu/SRC/Answers_to_JRAI/install/interfaces/include/interfaces/interfaces/msg/detail/now__functions.c
[3.838s] -- Installing: /home/wu/SRC/Answers_to_JRAI/install/interfaces/include/interfaces/interfaces/action
[3.838s] -- Installing: /home/wu/SRC/Answers_to_JRAI/install/interfaces/include/interfaces/interfaces/action/boiling.h
[3.838s] -- Installing: /home/wu/SRC/Answers_to_JRAI/install/interfaces/include/interfaces/interfaces/action/fibonacci.h
[3.838s] -- Installing: /home/wu/SRC/Answers_to_JRAI/install/interfaces/include/interfaces/interfaces/action/detail
[3.838s] -- Installing: /home/wu/SRC/Answers_to_JRAI/install/interfaces/include/interfaces/interfaces/action/detail/boiling__struct.h
[3.839s] -- Installing: /home/wu/SRC/Answers_to_JRAI/install/interfaces/include/interfaces/interfaces/action/detail/fibonacci__functions.c
[3.839s] -- Installing: /home/wu/SRC/Answers_to_JRAI/install/interfaces/include/interfaces/interfaces/action/detail/fibonacci__type_support.h
[3.839s] -- Installing: /home/wu/SRC/Answers_to_JRAI/install/interfaces/include/interfaces/interfaces/action/detail/fibonacci__functions.h
[3.839s] -- Installing: /home/wu/SRC/Answers_to_JRAI/install/interfaces/include/interfaces/interfaces/action/detail/boiling__functions.c
[3.839s] -- Installing: /home/wu/SRC/Answers_to_JRAI/install/interfaces/include/interfaces/interfaces/action/detail/fibonacci__struct.h
[3.839s] -- Installing: /home/wu/SRC/Answers_to_JRAI/install/interfaces/include/interfaces/interfaces/action/detail/boiling__functions.h
[3.839s] -- Installing: /home/wu/SRC/Answers_to_JRAI/install/interfaces/include/interfaces/interfaces/action/detail/boiling__type_support.h
[3.839s] -- Installing: /home/wu/SRC/Answers_to_JRAI/install/interfaces/share/interfaces/environment/library_path.sh
[3.839s] -- Installing: /home/wu/SRC/Answers_to_JRAI/install/interfaces/share/interfaces/environment/library_path.dsv
[3.839s] -- Installing: /home/wu/SRC/Answers_to_JRAI/install/interfaces/lib/libinterfaces__rosidl_generator_c.so
[3.840s] -- Set runtime path of "/home/wu/SRC/Answers_to_JRAI/install/interfaces/lib/libinterfaces__rosidl_generator_c.so" to ""
[3.840s] -- Up-to-date: /home/wu/SRC/Answers_to_JRAI/install/interfaces/include/interfaces/interfaces
[3.840s] -- Up-to-date: /home/wu/SRC/Answers_to_JRAI/install/interfaces/include/interfaces/interfaces/srv
[3.840s] -- Up-to-date: /home/wu/SRC/Answers_to_JRAI/install/interfaces/include/interfaces/interfaces/srv/detail
[3.840s] -- Installing: /home/wu/SRC/Answers_to_JRAI/install/interfaces/include/interfaces/interfaces/srv/detail/money__rosidl_typesupport_fastrtps_c.h
[3.840s] -- Up-to-date: /home/wu/SRC/Answers_to_JRAI/install/interfaces/include/interfaces/interfaces/msg
[3.840s] -- Installing: /home/wu/SRC/Answers_to_JRAI/install/interfaces/include/interfaces/interfaces/msg/rosidl_typesupport_fastrtps_c__visibility_control.h
[3.840s] -- Up-to-date: /home/wu/SRC/Answers_to_JRAI/install/interfaces/include/interfaces/interfaces/msg/detail
[3.840s] -- Installing: /home/wu/SRC/Answers_to_JRAI/install/interfaces/include/interfaces/interfaces/msg/detail/now__rosidl_typesupport_fastrtps_c.h
[3.840s] -- Up-to-date: /home/wu/SRC/Answers_to_JRAI/install/interfaces/include/interfaces/interfaces/action
[3.840s] -- Up-to-date: /home/wu/SRC/Answers_to_JRAI/install/interfaces/include/interfaces/interfaces/action/detail
[3.840s] -- Installing: /home/wu/SRC/Answers_to_JRAI/install/interfaces/include/interfaces/interfaces/action/detail/fibonacci__rosidl_typesupport_fastrtps_c.h
[3.840s] -- Installing: /home/wu/SRC/Answers_to_JRAI/install/interfaces/include/interfaces/interfaces/action/detail/boiling__rosidl_typesupport_fastrtps_c.h
[3.840s] -- Installing: /home/wu/SRC/Answers_to_JRAI/install/interfaces/lib/libinterfaces__rosidl_typesupport_fastrtps_c.so
[3.841s] -- Set runtime path of "/home/wu/SRC/Answers_to_JRAI/install/interfaces/lib/libinterfaces__rosidl_typesupport_fastrtps_c.so" to ""
[3.841s] -- Up-to-date: /home/wu/SRC/Answers_to_JRAI/install/interfaces/include/interfaces/interfaces
[3.841s] -- Up-to-date: /home/wu/SRC/Answers_to_JRAI/install/interfaces/include/interfaces/interfaces/srv
[3.841s] -- Up-to-date: /home/wu/SRC/Answers_to_JRAI/install/interfaces/include/interfaces/interfaces/srv/detail
[3.841s] -- Installing: /home/wu/SRC/Answers_to_JRAI/install/interfaces/include/interfaces/interfaces/srv/detail/money__type_support.c
[3.841s] -- Installing: /home/wu/SRC/Answers_to_JRAI/install/interfaces/include/interfaces/interfaces/srv/detail/money__rosidl_typesupport_introspection_c.h
[3.841s] -- Up-to-date: /home/wu/SRC/Answers_to_JRAI/install/interfaces/include/interfaces/interfaces/msg
[3.841s] -- Up-to-date: /home/wu/SRC/Answers_to_JRAI/install/interfaces/include/interfaces/interfaces/msg/detail
[3.841s] -- Installing: /home/wu/SRC/Answers_to_JRAI/install/interfaces/include/interfaces/interfaces/msg/detail/now__type_support.c
[3.841s] -- Installing: /home/wu/SRC/Answers_to_JRAI/install/interfaces/include/interfaces/interfaces/msg/detail/now__rosidl_typesupport_introspection_c.h
[3.841s] -- Installing: /home/wu/SRC/Answers_to_JRAI/install/interfaces/include/interfaces/interfaces/msg/rosidl_typesupport_introspection_c__visibility_control.h
[3.841s] -- Up-to-date: /home/wu/SRC/Answers_to_JRAI/install/interfaces/include/interfaces/interfaces/action
[3.841s] -- Up-to-date: /home/wu/SRC/Answers_to_JRAI/install/interfaces/include/interfaces/interfaces/action/detail
[3.841s] -- Installing: /home/wu/SRC/Answers_to_JRAI/install/interfaces/include/interfaces/interfaces/action/detail/fibonacci__type_support.c
[3.841s] -- Installing: /home/wu/SRC/Answers_to_JRAI/install/interfaces/include/interfaces/interfaces/action/detail/boiling__type_support.c
[3.842s] -- Installing: /home/wu/SRC/Answers_to_JRAI/install/interfaces/include/interfaces/interfaces/action/detail/boiling__rosidl_typesupport_introspection_c.h
[3.842s] -- Installing: /home/wu/SRC/Answers_to_JRAI/install/interfaces/include/interfaces/interfaces/action/detail/fibonacci__rosidl_typesupport_introspection_c.h
[3.842s] -- Installing: /home/wu/SRC/Answers_to_JRAI/install/interfaces/lib/libinterfaces__rosidl_typesupport_introspection_c.so
[3.842s] -- Set runtime path of "/home/wu/SRC/Answers_to_JRAI/install/interfaces/lib/libinterfaces__rosidl_typesupport_introspection_c.so" to ""
[3.842s] -- Installing: /home/wu/SRC/Answers_to_JRAI/install/interfaces/lib/libinterfaces__rosidl_typesupport_c.so
[3.842s] -- Set runtime path of "/home/wu/SRC/Answers_to_JRAI/install/interfaces/lib/libinterfaces__rosidl_typesupport_c.so" to ""
[3.842s] -- Up-to-date: /home/wu/SRC/Answers_to_JRAI/install/interfaces/include/interfaces/interfaces
[3.842s] -- Up-to-date: /home/wu/SRC/Answers_to_JRAI/install/interfaces/include/interfaces/interfaces/srv
[3.842s] -- Up-to-date: /home/wu/SRC/Answers_to_JRAI/install/interfaces/include/interfaces/interfaces/srv/detail
[3.842s] -- Installing: /home/wu/SRC/Answers_to_JRAI/install/interfaces/include/interfaces/interfaces/srv/detail/money__struct.hpp
[3.842s] -- Installing: /home/wu/SRC/Answers_to_JRAI/install/interfaces/include/interfaces/interfaces/srv/detail/money__builder.hpp
[3.843s] -- Installing: /home/wu/SRC/Answers_to_JRAI/install/interfaces/include/interfaces/interfaces/srv/detail/money__traits.hpp
[3.843s] -- Installing: /home/wu/SRC/Answers_to_JRAI/install/interfaces/include/interfaces/interfaces/srv/money.hpp
[3.843s] -- Up-to-date: /home/wu/SRC/Answers_to_JRAI/install/interfaces/include/interfaces/interfaces/msg
[3.843s] -- Up-to-date: /home/wu/SRC/Answers_to_JRAI/install/interfaces/include/interfaces/interfaces/msg/detail
[3.843s] -- Installing: /home/wu/SRC/Answers_to_JRAI/install/interfaces/include/interfaces/interfaces/msg/detail/now__struct.hpp
[3.843s] -- Installing: /home/wu/SRC/Answers_to_JRAI/install/interfaces/include/interfaces/interfaces/msg/detail/now__builder.hpp
[3.843s] -- Installing: /home/wu/SRC/Answers_to_JRAI/install/interfaces/include/interfaces/interfaces/msg/detail/now__traits.hpp
[3.843s] -- Installing: /home/wu/SRC/Answers_to_JRAI/install/interfaces/include/interfaces/interfaces/msg/now.hpp
[3.843s] -- Up-to-date: /home/wu/SRC/Answers_to_JRAI/install/interfaces/include/interfaces/interfaces/action
[3.843s] -- Installing: /home/wu/SRC/Answers_to_JRAI/install/interfaces/include/interfaces/interfaces/action/fibonacci.hpp
[3.843s] -- Installing: /home/wu/SRC/Answers_to_JRAI/install/interfaces/include/interfaces/interfaces/action/boiling.hpp
[3.843s] -- Up-to-date: /home/wu/SRC/Answers_to_JRAI/install/interfaces/include/interfaces/interfaces/action/detail
[3.843s] -- Installing: /home/wu/SRC/Answers_to_JRAI/install/interfaces/include/interfaces/interfaces/action/detail/fibonacci__struct.hpp
[3.843s] -- Installing: /home/wu/SRC/Answers_to_JRAI/install/interfaces/include/interfaces/interfaces/action/detail/boiling__builder.hpp
[3.844s] -- Installing: /home/wu/SRC/Answers_to_JRAI/install/interfaces/include/interfaces/interfaces/action/detail/boiling__traits.hpp
[3.844s] -- Installing: /home/wu/SRC/Answers_to_JRAI/install/interfaces/include/interfaces/interfaces/action/detail/fibonacci__traits.hpp
[3.844s] -- Installing: /home/wu/SRC/Answers_to_JRAI/install/interfaces/include/interfaces/interfaces/action/detail/fibonacci__builder.hpp
[3.844s] -- Installing: /home/wu/SRC/Answers_to_JRAI/install/interfaces/include/interfaces/interfaces/action/detail/boiling__struct.hpp
[3.844s] -- Up-to-date: /home/wu/SRC/Answers_to_JRAI/install/interfaces/include/interfaces/interfaces
[3.844s] -- Up-to-date: /home/wu/SRC/Answers_to_JRAI/install/interfaces/include/interfaces/interfaces/srv
[3.844s] -- Up-to-date: /home/wu/SRC/Answers_to_JRAI/install/interfaces/include/interfaces/interfaces/srv/detail
[3.844s] -- Installing: /home/wu/SRC/Answers_to_JRAI/install/interfaces/include/interfaces/interfaces/srv/detail/dds_fastrtps
[3.844s] -- Installing: /home/wu/SRC/Answers_to_JRAI/install/interfaces/include/interfaces/interfaces/srv/detail/money__rosidl_typesupport_fastrtps_cpp.hpp
[3.844s] -- Up-to-date: /home/wu/SRC/Answers_to_JRAI/install/interfaces/include/interfaces/interfaces/msg
[3.844s] -- Installing: /home/wu/SRC/Answers_to_JRAI/install/interfaces/include/interfaces/interfaces/msg/rosidl_typesupport_fastrtps_cpp__visibility_control.h
[3.844s] -- Up-to-date: /home/wu/SRC/Answers_to_JRAI/install/interfaces/include/interfaces/interfaces/msg/detail
[3.844s] -- Installing: /home/wu/SRC/Answers_to_JRAI/install/interfaces/include/interfaces/interfaces/msg/detail/dds_fastrtps
[3.844s] -- Installing: /home/wu/SRC/Answers_to_JRAI/install/interfaces/include/interfaces/interfaces/msg/detail/now__rosidl_typesupport_fastrtps_cpp.hpp
[3.844s] -- Up-to-date: /home/wu/SRC/Answers_to_JRAI/install/interfaces/include/interfaces/interfaces/action
[3.844s] -- Up-to-date: /home/wu/SRC/Answers_to_JRAI/install/interfaces/include/interfaces/interfaces/action/detail
[3.844s] -- Installing: /home/wu/SRC/Answers_to_JRAI/install/interfaces/include/interfaces/interfaces/action/detail/dds_fastrtps
[3.845s] -- Installing: /home/wu/SRC/Answers_to_JRAI/install/interfaces/include/interfaces/interfaces/action/detail/boiling__rosidl_typesupport_fastrtps_cpp.hpp
[3.845s] -- Installing: /home/wu/SRC/Answers_to_JRAI/install/interfaces/include/interfaces/interfaces/action/detail/fibonacci__rosidl_typesupport_fastrtps_cpp.hpp
[3.845s] -- Installing: /home/wu/SRC/Answers_to_JRAI/install/interfaces/lib/libinterfaces__rosidl_typesupport_fastrtps_cpp.so
[3.845s] -- Set runtime path of "/home/wu/SRC/Answers_to_JRAI/install/interfaces/lib/libinterfaces__rosidl_typesupport_fastrtps_cpp.so" to ""
[3.845s] -- Up-to-date: /home/wu/SRC/Answers_to_JRAI/install/interfaces/include/interfaces/interfaces
[3.845s] -- Up-to-date: /home/wu/SRC/Answers_to_JRAI/install/interfaces/include/interfaces/interfaces/srv
[3.845s] -- Up-to-date: /home/wu/SRC/Answers_to_JRAI/install/interfaces/include/interfaces/interfaces/srv/detail
[3.845s] -- Installing: /home/wu/SRC/Answers_to_JRAI/install/interfaces/include/interfaces/interfaces/srv/detail/money__rosidl_typesupport_introspection_cpp.hpp
[3.845s] -- Installing: /home/wu/SRC/Answers_to_JRAI/install/interfaces/include/interfaces/interfaces/srv/detail/money__type_support.cpp
[3.845s] -- Up-to-date: /home/wu/SRC/Answers_to_JRAI/install/interfaces/include/interfaces/interfaces/msg
[3.845s] -- Up-to-date: /home/wu/SRC/Answers_to_JRAI/install/interfaces/include/interfaces/interfaces/msg/detail
[3.845s] -- Installing: /home/wu/SRC/Answers_to_JRAI/install/interfaces/include/interfaces/interfaces/msg/detail/now__rosidl_typesupport_introspection_cpp.hpp
[3.845s] -- Installing: /home/wu/SRC/Answers_to_JRAI/install/interfaces/include/interfaces/interfaces/msg/detail/now__type_support.cpp
[3.846s] -- Up-to-date: /home/wu/SRC/Answers_to_JRAI/install/interfaces/include/interfaces/interfaces/action
[3.846s] -- Up-to-date: /home/wu/SRC/Answers_to_JRAI/install/interfaces/include/interfaces/interfaces/action/detail
[3.846s] -- Installing: /home/wu/SRC/Answers_to_JRAI/install/interfaces/include/interfaces/interfaces/action/detail/boiling__type_support.cpp
[3.846s] -- Installing: /home/wu/SRC/Answers_to_JRAI/install/interfaces/include/interfaces/interfaces/action/detail/fibonacci__rosidl_typesupport_introspection_cpp.hpp
[3.846s] -- Installing: /home/wu/SRC/Answers_to_JRAI/install/interfaces/include/interfaces/interfaces/action/detail/fibonacci__type_support.cpp
[3.846s] -- Installing: /home/wu/SRC/Answers_to_JRAI/install/interfaces/include/interfaces/interfaces/action/detail/boiling__rosidl_typesupport_introspection_cpp.hpp
[3.846s] -- Installing: /home/wu/SRC/Answers_to_JRAI/install/interfaces/lib/libinterfaces__rosidl_typesupport_introspection_cpp.so
[3.846s] -- Set runtime path of "/home/wu/SRC/Answers_to_JRAI/install/interfaces/lib/libinterfaces__rosidl_typesupport_introspection_cpp.so" to ""
[3.846s] -- Installing: /home/wu/SRC/Answers_to_JRAI/install/interfaces/lib/libinterfaces__rosidl_typesupport_cpp.so
[3.847s] -- Set runtime path of "/home/wu/SRC/Answers_to_JRAI/install/interfaces/lib/libinterfaces__rosidl_typesupport_cpp.so" to ""
[3.847s] -- Installing: /home/wu/SRC/Answers_to_JRAI/install/interfaces/share/interfaces/environment/pythonpath.sh
[3.847s] -- Installing: /home/wu/SRC/Answers_to_JRAI/install/interfaces/share/interfaces/environment/pythonpath.dsv
[3.847s] -- Installing: /home/wu/SRC/Answers_to_JRAI/install/interfaces/local/lib/python3.10/dist-packages/interfaces-0.0.0-py3.10.egg-info
[3.847s] -- Installing: /home/wu/SRC/Answers_to_JRAI/install/interfaces/local/lib/python3.10/dist-packages/interfaces-0.0.0-py3.10.egg-info/PKG-INFO
[3.847s] -- Installing: /home/wu/SRC/Answers_to_JRAI/install/interfaces/local/lib/python3.10/dist-packages/interfaces-0.0.0-py3.10.egg-info/SOURCES.txt
[3.847s] -- Installing: /home/wu/SRC/Answers_to_JRAI/install/interfaces/local/lib/python3.10/dist-packages/interfaces-0.0.0-py3.10.egg-info/dependency_links.txt
[3.847s] -- Installing: /home/wu/SRC/Answers_to_JRAI/install/interfaces/local/lib/python3.10/dist-packages/interfaces-0.0.0-py3.10.egg-info/top_level.txt
[3.847s] -- Installing: /home/wu/SRC/Answers_to_JRAI/install/interfaces/local/lib/python3.10/dist-packages/interfaces
[3.847s] -- Installing: /home/wu/SRC/Answers_to_JRAI/install/interfaces/local/lib/python3.10/dist-packages/interfaces/srv
[3.847s] -- Installing: /home/wu/SRC/Answers_to_JRAI/install/interfaces/local/lib/python3.10/dist-packages/interfaces/srv/_money_s.c
[3.847s] -- Installing: /home/wu/SRC/Answers_to_JRAI/install/interfaces/local/lib/python3.10/dist-packages/interfaces/srv/_money.py
[3.848s] -- Installing: /home/wu/SRC/Answers_to_JRAI/install/interfaces/local/lib/python3.10/dist-packages/interfaces/srv/__init__.py
[3.848s] -- Installing: /home/wu/SRC/Answers_to_JRAI/install/interfaces/local/lib/python3.10/dist-packages/interfaces/_interfaces_s.ep.rosidl_typesupport_introspection_c.c
[3.848s] -- Installing: /home/wu/SRC/Answers_to_JRAI/install/interfaces/local/lib/python3.10/dist-packages/interfaces/interfaces_s__rosidl_typesupport_introspection_c.cpython-310-x86_64-linux-gnu.so
[3.848s] -- Installing: /home/wu/SRC/Answers_to_JRAI/install/interfaces/local/lib/python3.10/dist-packages/interfaces/msg
[3.848s] -- Installing: /home/wu/SRC/Answers_to_JRAI/install/interfaces/local/lib/python3.10/dist-packages/interfaces/msg/_now.py
[3.848s] -- Installing: /home/wu/SRC/Answers_to_JRAI/install/interfaces/local/lib/python3.10/dist-packages/interfaces/msg/_now_s.c
[3.848s] -- Installing: /home/wu/SRC/Answers_to_JRAI/install/interfaces/local/lib/python3.10/dist-packages/interfaces/msg/__init__.py
[3.848s] -- Installing: /home/wu/SRC/Answers_to_JRAI/install/interfaces/local/lib/python3.10/dist-packages/interfaces/_interfaces_s.ep.rosidl_typesupport_fastrtps_c.c
[3.848s] -- Installing: /home/wu/SRC/Answers_to_JRAI/install/interfaces/local/lib/python3.10/dist-packages/interfaces/libinterfaces__rosidl_generator_py.so
[3.848s] -- Installing: /home/wu/SRC/Answers_to_JRAI/install/interfaces/local/lib/python3.10/dist-packages/interfaces/interfaces_s__rosidl_typesupport_fastrtps_c.cpython-310-x86_64-linux-gnu.so
[3.849s] -- Installing: /home/wu/SRC/Answers_to_JRAI/install/interfaces/local/lib/python3.10/dist-packages/interfaces/_interfaces_s.ep.rosidl_typesupport_c.c
[3.849s] -- Installing: /home/wu/SRC/Answers_to_JRAI/install/interfaces/local/lib/python3.10/dist-packages/interfaces/interfaces_s__rosidl_typesupport_c.cpython-310-x86_64-linux-gnu.so
[3.849s] -- Installing: /home/wu/SRC/Answers_to_JRAI/install/interfaces/local/lib/python3.10/dist-packages/interfaces/__init__.py
[3.849s] -- Installing: /home/wu/SRC/Answers_to_JRAI/install/interfaces/local/lib/python3.10/dist-packages/interfaces/action
[3.849s] -- Installing: /home/wu/SRC/Answers_to_JRAI/install/interfaces/local/lib/python3.10/dist-packages/interfaces/action/_fibonacci.py
[3.849s] -- Installing: /home/wu/SRC/Answers_to_JRAI/install/interfaces/local/lib/python3.10/dist-packages/interfaces/action/_boiling.py
[3.849s] -- Installing: /home/wu/SRC/Answers_to_JRAI/install/interfaces/local/lib/python3.10/dist-packages/interfaces/action/_fibonacci_s.c
[3.849s] -- Installing: /home/wu/SRC/Answers_to_JRAI/install/interfaces/local/lib/python3.10/dist-packages/interfaces/action/_boiling_s.c
[3.849s] -- Installing: /home/wu/SRC/Answers_to_JRAI/install/interfaces/local/lib/python3.10/dist-packages/interfaces/action/__init__.py
[3.876s] Listing '/home/wu/SRC/Answers_to_JRAI/install/interfaces/local/lib/python3.10/dist-packages/interfaces'...
[3.876s] Compiling '/home/wu/SRC/Answers_to_JRAI/install/interfaces/local/lib/python3.10/dist-packages/interfaces/__init__.py'...
[3.876s] Listing '/home/wu/SRC/Answers_to_JRAI/install/interfaces/local/lib/python3.10/dist-packages/interfaces/action'...
[3.876s] Compiling '/home/wu/SRC/Answers_to_JRAI/install/interfaces/local/lib/python3.10/dist-packages/interfaces/action/__init__.py'...
[3.876s] Compiling '/home/wu/SRC/Answers_to_JRAI/install/interfaces/local/lib/python3.10/dist-packages/interfaces/action/_boiling.py'...
[3.876s] Compiling '/home/wu/SRC/Answers_to_JRAI/install/interfaces/local/lib/python3.10/dist-packages/interfaces/action/_fibonacci.py'...
[3.876s] Listing '/home/wu/SRC/Answers_to_JRAI/install/interfaces/local/lib/python3.10/dist-packages/interfaces/msg'...
[3.876s] Compiling '/home/wu/SRC/Answers_to_JRAI/install/interfaces/local/lib/python3.10/dist-packages/interfaces/msg/__init__.py'...
[3.876s] Compiling '/home/wu/SRC/Answers_to_JRAI/install/interfaces/local/lib/python3.10/dist-packages/interfaces/msg/_now.py'...
[3.876s] Listing '/home/wu/SRC/Answers_to_JRAI/install/interfaces/local/lib/python3.10/dist-packages/interfaces/srv'...
[3.877s] Compiling '/home/wu/SRC/Answers_to_JRAI/install/interfaces/local/lib/python3.10/dist-packages/interfaces/srv/__init__.py'...
[3.877s] Compiling '/home/wu/SRC/Answers_to_JRAI/install/interfaces/local/lib/python3.10/dist-packages/interfaces/srv/_money.py'...
[3.879s] -- Installing: /home/wu/SRC/Answers_to_JRAI/install/interfaces/local/lib/python3.10/dist-packages/interfaces/interfaces_s__rosidl_typesupport_fastrtps_c.cpython-310-x86_64-linux-gnu.so
[3.880s] -- Set runtime path of "/home/wu/SRC/Answers_to_JRAI/install/interfaces/local/lib/python3.10/dist-packages/interfaces/interfaces_s__rosidl_typesupport_fastrtps_c.cpython-310-x86_64-linux-gnu.so" to ""
[3.880s] -- Installing: /home/wu/SRC/Answers_to_JRAI/install/interfaces/local/lib/python3.10/dist-packages/interfaces/interfaces_s__rosidl_typesupport_introspection_c.cpython-310-x86_64-linux-gnu.so
[3.880s] -- Set runtime path of "/home/wu/SRC/Answers_to_JRAI/install/interfaces/local/lib/python3.10/dist-packages/interfaces/interfaces_s__rosidl_typesupport_introspection_c.cpython-310-x86_64-linux-gnu.so" to ""
[3.880s] -- Installing: /home/wu/SRC/Answers_to_JRAI/install/interfaces/local/lib/python3.10/dist-packages/interfaces/interfaces_s__rosidl_typesupport_c.cpython-310-x86_64-linux-gnu.so
[3.880s] -- Set runtime path of "/home/wu/SRC/Answers_to_JRAI/install/interfaces/local/lib/python3.10/dist-packages/interfaces/interfaces_s__rosidl_typesupport_c.cpython-310-x86_64-linux-gnu.so" to ""
[3.880s] -- Installing: /home/wu/SRC/Answers_to_JRAI/install/interfaces/lib/libinterfaces__rosidl_generator_py.so
[3.881s] -- Set runtime path of "/home/wu/SRC/Answers_to_JRAI/install/interfaces/lib/libinterfaces__rosidl_generator_py.so" to ""
[3.881s] -- Installing: /home/wu/SRC/Answers_to_JRAI/install/interfaces/share/interfaces/msg/Now.idl
[3.881s] -- Installing: /home/wu/SRC/Answers_to_JRAI/install/interfaces/share/interfaces/srv/Money.idl
[3.881s] -- Installing: /home/wu/SRC/Answers_to_JRAI/install/interfaces/share/interfaces/action/Boiling.idl
[3.881s] -- Installing: /home/wu/SRC/Answers_to_JRAI/install/interfaces/share/interfaces/action/Fibonacci.idl
[3.881s] -- Installing: /home/wu/SRC/Answers_to_JRAI/install/interfaces/share/interfaces/msg/Now.msg
[3.881s] -- Installing: /home/wu/SRC/Answers_to_JRAI/install/interfaces/share/interfaces/srv/Money.srv
[3.881s] -- Installing: /home/wu/SRC/Answers_to_JRAI/install/interfaces/share/interfaces/srv/Money_Request.msg
[3.881s] -- Installing: /home/wu/SRC/Answers_to_JRAI/install/interfaces/share/interfaces/srv/Money_Response.msg
[3.882s] -- Installing: /home/wu/SRC/Answers_to_JRAI/install/interfaces/share/interfaces/action/Boiling.action
[3.882s] -- Installing: /home/wu/SRC/Answers_to_JRAI/install/interfaces/share/interfaces/action/Fibonacci.action
[3.882s] -- Installing: /home/wu/SRC/Answers_to_JRAI/install/interfaces/share/ament_index/resource_index/package_run_dependencies/interfaces
[3.882s] -- Installing: /home/wu/SRC/Answers_to_JRAI/install/interfaces/share/ament_index/resource_index/parent_prefix_path/interfaces
[3.882s] -- Installing: /home/wu/SRC/Answers_to_JRAI/install/interfaces/share/interfaces/environment/ament_prefix_path.sh
[3.882s] -- Installing: /home/wu/SRC/Answers_to_JRAI/install/interfaces/share/interfaces/environment/ament_prefix_path.dsv
[3.882s] -- Installing: /home/wu/SRC/Answers_to_JRAI/install/interfaces/share/interfaces/environment/path.sh
[3.882s] -- Installing: /home/wu/SRC/Answers_to_JRAI/install/interfaces/share/interfaces/environment/path.dsv
[3.882s] -- Installing: /home/wu/SRC/Answers_to_JRAI/install/interfaces/share/interfaces/local_setup.bash
[3.882s] -- Installing: /home/wu/SRC/Answers_to_JRAI/install/interfaces/share/interfaces/local_setup.sh
[3.882s] -- Installing: /home/wu/SRC/Answers_to_JRAI/install/interfaces/share/interfaces/local_setup.zsh
[3.883s] -- Installing: /home/wu/SRC/Answers_to_JRAI/install/interfaces/share/interfaces/local_setup.dsv
[3.883s] -- Installing: /home/wu/SRC/Answers_to_JRAI/install/interfaces/share/interfaces/package.dsv
[3.883s] -- Installing: /home/wu/SRC/Answers_to_JRAI/install/interfaces/share/ament_index/resource_index/packages/interfaces
[3.883s] -- Installing: /home/wu/SRC/Answers_to_JRAI/install/interfaces/share/interfaces/cmake/export_interfaces__rosidl_generator_cExport.cmake
[3.883s] -- Installing: /home/wu/SRC/Answers_to_JRAI/install/interfaces/share/interfaces/cmake/export_interfaces__rosidl_generator_cExport-noconfig.cmake
[3.883s] -- Installing: /home/wu/SRC/Answers_to_JRAI/install/interfaces/share/interfaces/cmake/export_interfaces__rosidl_typesupport_fastrtps_cExport.cmake
[3.883s] -- Installing: /home/wu/SRC/Answers_to_JRAI/install/interfaces/share/interfaces/cmake/export_interfaces__rosidl_typesupport_fastrtps_cExport-noconfig.cmake
[3.883s] -- Installing: /home/wu/SRC/Answers_to_JRAI/install/interfaces/share/interfaces/cmake/interfaces__rosidl_typesupport_introspection_cExport.cmake
[3.883s] -- Installing: /home/wu/SRC/Answers_to_JRAI/install/interfaces/share/interfaces/cmake/interfaces__rosidl_typesupport_introspection_cExport-noconfig.cmake
[3.883s] -- Installing: /home/wu/SRC/Answers_to_JRAI/install/interfaces/share/interfaces/cmake/interfaces__rosidl_typesupport_cExport.cmake
[3.884s] -- Installing: /home/wu/SRC/Answers_to_JRAI/install/interfaces/share/interfaces/cmake/interfaces__rosidl_typesupport_cExport-noconfig.cmake
[3.884s] -- Installing: /home/wu/SRC/Answers_to_JRAI/install/interfaces/share/interfaces/cmake/export_interfaces__rosidl_generator_cppExport.cmake
[3.884s] -- Installing: /home/wu/SRC/Answers_to_JRAI/install/interfaces/share/interfaces/cmake/export_interfaces__rosidl_typesupport_fastrtps_cppExport.cmake
[3.884s] -- Installing: /home/wu/SRC/Answers_to_JRAI/install/interfaces/share/interfaces/cmake/export_interfaces__rosidl_typesupport_fastrtps_cppExport-noconfig.cmake
[3.884s] -- Installing: /home/wu/SRC/Answers_to_JRAI/install/interfaces/share/interfaces/cmake/interfaces__rosidl_typesupport_introspection_cppExport.cmake
[3.884s] -- Installing: /home/wu/SRC/Answers_to_JRAI/install/interfaces/share/interfaces/cmake/interfaces__rosidl_typesupport_introspection_cppExport-noconfig.cmake
[3.884s] -- Installing: /home/wu/SRC/Answers_to_JRAI/install/interfaces/share/interfaces/cmake/interfaces__rosidl_typesupport_cppExport.cmake
[3.884s] -- Installing: /home/wu/SRC/Answers_to_JRAI/install/interfaces/share/interfaces/cmake/interfaces__rosidl_typesupport_cppExport-noconfig.cmake
[3.884s] -- Installing: /home/wu/SRC/Answers_to_JRAI/install/interfaces/share/interfaces/cmake/export_interfaces__rosidl_generator_pyExport.cmake
[3.884s] -- Installing: /home/wu/SRC/Answers_to_JRAI/install/interfaces/share/interfaces/cmake/export_interfaces__rosidl_generator_pyExport-noconfig.cmake
[3.885s] -- Installing: /home/wu/SRC/Answers_to_JRAI/install/interfaces/share/interfaces/cmake/rosidl_cmake-extras.cmake
[3.885s] -- Installing: /home/wu/SRC/Answers_to_JRAI/install/interfaces/share/interfaces/cmake/ament_cmake_export_dependencies-extras.cmake
[3.885s] -- Installing: /home/wu/SRC/Answers_to_JRAI/install/interfaces/share/interfaces/cmake/ament_cmake_export_include_directories-extras.cmake
[3.885s] -- Installing: /home/wu/SRC/Answers_to_JRAI/install/interfaces/share/interfaces/cmake/ament_cmake_export_libraries-extras.cmake
[3.885s] -- Installing: /home/wu/SRC/Answers_to_JRAI/install/interfaces/share/interfaces/cmake/ament_cmake_export_targets-extras.cmake
[3.885s] -- Installing: /home/wu/SRC/Answers_to_JRAI/install/interfaces/share/interfaces/cmake/rosidl_cmake_export_typesupport_targets-extras.cmake
[3.885s] -- Installing: /home/wu/SRC/Answers_to_JRAI/install/interfaces/share/interfaces/cmake/rosidl_cmake_export_typesupport_libraries-extras.cmake
[3.885s] -- Installing: /home/wu/SRC/Answers_to_JRAI/install/interfaces/share/interfaces/cmake/interfacesConfig.cmake
[3.885s] -- Installing: /home/wu/SRC/Answers_to_JRAI/install/interfaces/share/interfaces/cmake/interfacesConfig-version.cmake
[3.885s] -- Installing: /home/wu/SRC/Answers_to_JRAI/install/interfaces/share/interfaces/package.xml
[3.888s] Invoked command in '/home/wu/SRC/Answers_to_JRAI/build/interfaces' returned '0': CMAKE_PREFIX_PATH=/opt/ros/humble /usr/bin/cmake --install /home/wu/SRC/Answers_to_JRAI/build/interfaces
