[0.009s] Invoking command in '/home/wu/SRC/Answers_to_JRAI/build/part_one': CMAKE_PREFIX_PATH=${CMAKE_PREFIX_PATH}:/opt/ros/humble /usr/bin/cmake /home/wu/SRC/Answers_to_JRAI/src/part_one -DCMAKE_INSTALL_PREFIX=/home/wu/SRC/Answers_to_JRAI/install/part_one
[0.020s] -- Found ament_cmake: 1.3.9 (/opt/ros/humble/share/ament_cmake/cmake)
[0.099s] -- Found rclcpp: 16.0.9 (/opt/ros/humble/share/rclcpp/cmake)
[0.117s] -- Found rosidl_generator_c: 3.1.5 (/opt/ros/humble/share/rosidl_generator_c/cmake)
[0.118s] -- Found rosidl_adapter: 3.1.5 (/opt/ros/humble/share/rosidl_adapter/cmake)
[0.121s] -- Found rosidl_generator_cpp: 3.1.5 (/opt/ros/humble/share/rosidl_generator_cpp/cmake)
[0.128s] -- Using all available rosidl_typesupport_c: rosidl_typesupport_fastrtps_c;rosidl_typesupport_introspection_c
[0.136s] -- Using all available rosidl_typesupport_cpp: rosidl_typesupport_fastrtps_cpp;rosidl_typesupport_introspection_cpp
[0.169s] -- Found rmw_implementation_cmake: 6.1.2 (/opt/ros/humble/share/rmw_implementation_cmake/cmake)
[0.170s] -- Found rmw_fastrtps_cpp: 6.2.6 (/opt/ros/humble/share/rmw_fastrtps_cpp/cmake)
[0.253s] -- Using RMW implementation 'rmw_fastrtps_cpp' as default
[0.342s] -- Found rclcpp_action: 16.0.9 (/opt/ros/humble/share/rclcpp_action/cmake)
[0.394s] -- Found interfaces: 0.0.0 (/home/wu/SRC/Answers_to_JRAI/install/interfaces/share/interfaces/cmake)
[0.402s] -- Found ament_lint_auto: 0.12.11 (/opt/ros/humble/share/ament_lint_auto/cmake)
[0.416s] Traceback (most recent call last):
[0.416s]   File "/opt/ros/humble/share/ament_cmake_core/cmake/core/package_xml_2_cmake.py", line 22, in <module>
[0.416s]     from catkin_pkg.package import parse_package_string
[0.416s] ModuleNotFoundError: No module named 'catkin_pkg'
[0.419s] [31mCMake Error at /opt/ros/humble/share/ament_cmake_core/cmake/core/ament_package_xml.cmake:95 (message):
[0.419s]   execute_process(/home/wu/miniconda3/envs/ros2/bin/python3
[0.419s]   /opt/ros/humble/share/ament_cmake_core/cmake/core/package_xml_2_cmake.py
[0.419s]   /home/wu/SRC/Answers_to_JRAI/src/part_one/package.xml
[0.419s]   /home/wu/SRC/Answers_to_JRAI/build/part_one/ament_cmake_core/package.cmake)
[0.419s]   returned error code 1
[0.420s] Call Stack (most recent call first):
[0.420s]   /opt/ros/humble/share/ament_cmake_core/cmake/core/ament_package_xml.cmake:49 (_ament_package_xml)
[0.420s]   /opt/ros/humble/share/ament_lint_auto/cmake/ament_lint_auto_find_test_dependencies.cmake:31 (ament_package_xml)
[0.420s]   CMakeLists.txt:32 (ament_lint_auto_find_test_dependencies)
[0.420s] 
[0.420s] [0m
[0.420s] -- Configuring incomplete, errors occurred!
[0.420s] See also "/home/wu/SRC/Answers_to_JRAI/build/part_one/CMakeFiles/CMakeOutput.log".
[0.427s] Invoked command in '/home/wu/SRC/Answers_to_JRAI/build/part_one' returned '1': CMAKE_PREFIX_PATH=${CMAKE_PREFIX_PATH}:/opt/ros/humble /usr/bin/cmake /home/wu/SRC/Answers_to_JRAI/src/part_one -DCMAKE_INSTALL_PREFIX=/home/wu/SRC/Answers_to_JRAI/install/part_one
