[0.059s] DEBUG:colcon:Command line arguments: ['/usr/bin/colcon', 'build', '--packages-select', 'bt_cpp']
[0.059s] DEBUG:colcon:Parsed command line arguments: Namespace(log_base=None, log_level=None, verb_name='build', build_base='build', install_base='install', merge_install=False, symlink_install=False, test_result_base=None, continue_on_error=False, executor='parallel', parallel_workers=16, event_handlers=None, ignore_user_meta=False, metas=['./colcon.meta'], base_paths=['.'], packages_ignore=None, packages_ignore_regex=None, paths=None, packages_up_to=None, packages_up_to_regex=None, packages_above=None, packages_above_and_dependencies=None, packages_above_depth=None, packages_select_by_dep=None, packages_skip_by_dep=None, packages_skip_up_to=None, packages_select_build_failed=False, packages_skip_build_finished=False, packages_select_test_failures=False, packages_skip_test_passed=False, packages_select=['bt_cpp'], packages_skip=None, packages_select_regex=None, packages_skip_regex=None, packages_start=None, packages_end=None, allow_overriding=[], cmake_args=None, cmake_target=None, cmake_target_skip_unavailable=False, cmake_clean_cache=False, cmake_clean_first=False, cmake_force_configure=False, ament_cmake_args=None, catkin_cmake_args=None, catkin_skip_building_tests=False, mixin_files=None, mixin=None, verb_parser=<colcon_mixin.mixin.mixin_argument.MixinArgumentDecorator object at 0x7501e7a426e0>, verb_extension=<colcon_core.verb.build.BuildVerb object at 0x7501e7a42020>, main=<bound method BuildVerb.main of <colcon_core.verb.build.BuildVerb object at 0x7501e7a42020>>, mixin_verb=('build',))
[0.138s] Level 1:colcon.colcon_core.package_discovery:discover_packages(colcon_meta) check parameters
[0.138s] Level 1:colcon.colcon_core.package_discovery:discover_packages(recursive) check parameters
[0.138s] Level 1:colcon.colcon_core.package_discovery:discover_packages(ignore) check parameters
[0.138s] Level 1:colcon.colcon_core.package_discovery:discover_packages(path) check parameters
[0.138s] Level 1:colcon.colcon_core.package_discovery:discover_packages(colcon_meta) discover
[0.138s] Level 1:colcon.colcon_core.package_discovery:discover_packages(recursive) discover
[0.138s] INFO:colcon.colcon_core.package_discovery:Crawling recursively for packages in '/home/wu/SRC/Answers_to_JRAI'
[0.138s] Level 1:colcon.colcon_core.package_identification:_identify(.) by extensions ['ignore', 'ignore_ament_install']
[0.138s] Level 1:colcon.colcon_core.package_identification:_identify(.) by extension 'ignore'
[0.138s] Level 1:colcon.colcon_core.package_identification:_identify(.) by extension 'ignore_ament_install'
[0.138s] Level 1:colcon.colcon_core.package_identification:_identify(.) by extensions ['colcon_pkg']
[0.138s] Level 1:colcon.colcon_core.package_identification:_identify(.) by extension 'colcon_pkg'
[0.138s] Level 1:colcon.colcon_core.package_identification:_identify(.) by extensions ['colcon_meta']
[0.138s] Level 1:colcon.colcon_core.package_identification:_identify(.) by extension 'colcon_meta'
[0.138s] Level 1:colcon.colcon_core.package_identification:_identify(.) by extensions ['ros']
[0.138s] Level 1:colcon.colcon_core.package_identification:_identify(.) by extension 'ros'
[0.145s] Level 1:colcon.colcon_core.package_identification:_identify(.) by extensions ['cmake', 'python']
[0.145s] Level 1:colcon.colcon_core.package_identification:_identify(.) by extension 'cmake'
[0.145s] Level 1:colcon.colcon_core.package_identification:_identify(.) by extension 'python'
[0.145s] Level 1:colcon.colcon_core.package_identification:_identify(.) by extensions ['python_setup_py']
[0.145s] Level 1:colcon.colcon_core.package_identification:_identify(.) by extension 'python_setup_py'
[0.145s] Level 1:colcon.colcon_core.package_identification:_identify(build) by extensions ['ignore', 'ignore_ament_install']
[0.145s] Level 1:colcon.colcon_core.package_identification:_identify(build) by extension 'ignore'
[0.145s] Level 1:colcon.colcon_core.package_identification:_identify(build) ignored
[0.145s] Level 1:colcon.colcon_core.package_identification:_identify(install) by extensions ['ignore', 'ignore_ament_install']
[0.145s] Level 1:colcon.colcon_core.package_identification:_identify(install) by extension 'ignore'
[0.145s] Level 1:colcon.colcon_core.package_identification:_identify(install) ignored
[0.146s] Level 1:colcon.colcon_core.package_identification:_identify(log) by extensions ['ignore', 'ignore_ament_install']
[0.146s] Level 1:colcon.colcon_core.package_identification:_identify(log) by extension 'ignore'
[0.146s] Level 1:colcon.colcon_core.package_identification:_identify(log) ignored
[0.146s] Level 1:colcon.colcon_core.package_identification:_identify(public) by extensions ['ignore', 'ignore_ament_install']
[0.146s] Level 1:colcon.colcon_core.package_identification:_identify(public) by extension 'ignore'
[0.146s] Level 1:colcon.colcon_core.package_identification:_identify(public) by extension 'ignore_ament_install'
[0.146s] Level 1:colcon.colcon_core.package_identification:_identify(public) by extensions ['colcon_pkg']
[0.146s] Level 1:colcon.colcon_core.package_identification:_identify(public) by extension 'colcon_pkg'
[0.146s] Level 1:colcon.colcon_core.package_identification:_identify(public) by extensions ['colcon_meta']
[0.146s] Level 1:colcon.colcon_core.package_identification:_identify(public) by extension 'colcon_meta'
[0.146s] Level 1:colcon.colcon_core.package_identification:_identify(public) by extensions ['ros']
[0.146s] Level 1:colcon.colcon_core.package_identification:_identify(public) by extension 'ros'
[0.146s] Level 1:colcon.colcon_core.package_identification:_identify(public) by extensions ['cmake', 'python']
[0.146s] Level 1:colcon.colcon_core.package_identification:_identify(public) by extension 'cmake'
[0.146s] Level 1:colcon.colcon_core.package_identification:_identify(public) by extension 'python'
[0.146s] Level 1:colcon.colcon_core.package_identification:_identify(public) by extensions ['python_setup_py']
[0.146s] Level 1:colcon.colcon_core.package_identification:_identify(public) by extension 'python_setup_py'
[0.146s] Level 1:colcon.colcon_core.package_identification:_identify(public/img) by extensions ['ignore', 'ignore_ament_install']
[0.146s] Level 1:colcon.colcon_core.package_identification:_identify(public/img) by extension 'ignore'
[0.146s] Level 1:colcon.colcon_core.package_identification:_identify(public/img) by extension 'ignore_ament_install'
[0.146s] Level 1:colcon.colcon_core.package_identification:_identify(public/img) by extensions ['colcon_pkg']
[0.146s] Level 1:colcon.colcon_core.package_identification:_identify(public/img) by extension 'colcon_pkg'
[0.146s] Level 1:colcon.colcon_core.package_identification:_identify(public/img) by extensions ['colcon_meta']
[0.146s] Level 1:colcon.colcon_core.package_identification:_identify(public/img) by extension 'colcon_meta'
[0.146s] Level 1:colcon.colcon_core.package_identification:_identify(public/img) by extensions ['ros']
[0.146s] Level 1:colcon.colcon_core.package_identification:_identify(public/img) by extension 'ros'
[0.146s] Level 1:colcon.colcon_core.package_identification:_identify(public/img) by extensions ['cmake', 'python']
[0.146s] Level 1:colcon.colcon_core.package_identification:_identify(public/img) by extension 'cmake'
[0.146s] Level 1:colcon.colcon_core.package_identification:_identify(public/img) by extension 'python'
[0.146s] Level 1:colcon.colcon_core.package_identification:_identify(public/img) by extensions ['python_setup_py']
[0.146s] Level 1:colcon.colcon_core.package_identification:_identify(public/img) by extension 'python_setup_py'
[0.146s] Level 1:colcon.colcon_core.package_identification:_identify(src) by extensions ['ignore', 'ignore_ament_install']
[0.146s] Level 1:colcon.colcon_core.package_identification:_identify(src) by extension 'ignore'
[0.146s] Level 1:colcon.colcon_core.package_identification:_identify(src) by extension 'ignore_ament_install'
[0.146s] Level 1:colcon.colcon_core.package_identification:_identify(src) by extensions ['colcon_pkg']
[0.146s] Level 1:colcon.colcon_core.package_identification:_identify(src) by extension 'colcon_pkg'
[0.146s] Level 1:colcon.colcon_core.package_identification:_identify(src) by extensions ['colcon_meta']
[0.146s] Level 1:colcon.colcon_core.package_identification:_identify(src) by extension 'colcon_meta'
[0.146s] Level 1:colcon.colcon_core.package_identification:_identify(src) by extensions ['ros']
[0.146s] Level 1:colcon.colcon_core.package_identification:_identify(src) by extension 'ros'
[0.146s] Level 1:colcon.colcon_core.package_identification:_identify(src) by extensions ['cmake', 'python']
[0.146s] Level 1:colcon.colcon_core.package_identification:_identify(src) by extension 'cmake'
[0.146s] Level 1:colcon.colcon_core.package_identification:_identify(src) by extension 'python'
[0.146s] Level 1:colcon.colcon_core.package_identification:_identify(src) by extensions ['python_setup_py']
[0.146s] Level 1:colcon.colcon_core.package_identification:_identify(src) by extension 'python_setup_py'
[0.146s] Level 1:colcon.colcon_core.package_identification:_identify(src/AStar) by extensions ['ignore', 'ignore_ament_install']
[0.146s] Level 1:colcon.colcon_core.package_identification:_identify(src/AStar) by extension 'ignore'
[0.146s] Level 1:colcon.colcon_core.package_identification:_identify(src/AStar) by extension 'ignore_ament_install'
[0.146s] Level 1:colcon.colcon_core.package_identification:_identify(src/AStar) by extensions ['colcon_pkg']
[0.146s] Level 1:colcon.colcon_core.package_identification:_identify(src/AStar) by extension 'colcon_pkg'
[0.146s] Level 1:colcon.colcon_core.package_identification:_identify(src/AStar) by extensions ['colcon_meta']
[0.146s] Level 1:colcon.colcon_core.package_identification:_identify(src/AStar) by extension 'colcon_meta'
[0.146s] Level 1:colcon.colcon_core.package_identification:_identify(src/AStar) by extensions ['ros']
[0.147s] Level 1:colcon.colcon_core.package_identification:_identify(src/AStar) by extension 'ros'
[0.147s] Level 1:colcon.colcon_core.package_identification:_identify(src/AStar) by extensions ['cmake', 'python']
[0.147s] Level 1:colcon.colcon_core.package_identification:_identify(src/AStar) by extension 'cmake'
[0.148s] Level 1:colcon.colcon_core.package_identification:_identify(src/AStar) by extension 'python'
[0.148s] DEBUG:colcon.colcon_core.package_identification:Package 'src/AStar' with type 'cmake' and name 'AStar'
[0.148s] Level 1:colcon.colcon_core.package_identification:_identify(src/bt_cpp) by extensions ['ignore', 'ignore_ament_install']
[0.148s] Level 1:colcon.colcon_core.package_identification:_identify(src/bt_cpp) by extension 'ignore'
[0.148s] Level 1:colcon.colcon_core.package_identification:_identify(src/bt_cpp) by extension 'ignore_ament_install'
[0.148s] Level 1:colcon.colcon_core.package_identification:_identify(src/bt_cpp) by extensions ['colcon_pkg']
[0.148s] Level 1:colcon.colcon_core.package_identification:_identify(src/bt_cpp) by extension 'colcon_pkg'
[0.148s] Level 1:colcon.colcon_core.package_identification:_identify(src/bt_cpp) by extensions ['colcon_meta']
[0.148s] Level 1:colcon.colcon_core.package_identification:_identify(src/bt_cpp) by extension 'colcon_meta'
[0.148s] Level 1:colcon.colcon_core.package_identification:_identify(src/bt_cpp) by extensions ['ros']
[0.148s] Level 1:colcon.colcon_core.package_identification:_identify(src/bt_cpp) by extension 'ros'
[0.150s] DEBUG:colcon.colcon_core.package_identification:Package 'src/bt_cpp' with type 'ros.ament_cmake' and name 'bt_cpp'
[0.150s] Level 1:colcon.colcon_core.package_identification:_identify(src/bt_ros2) by extensions ['ignore', 'ignore_ament_install']
[0.150s] Level 1:colcon.colcon_core.package_identification:_identify(src/bt_ros2) by extension 'ignore'
[0.150s] Level 1:colcon.colcon_core.package_identification:_identify(src/bt_ros2) by extension 'ignore_ament_install'
[0.150s] Level 1:colcon.colcon_core.package_identification:_identify(src/bt_ros2) by extensions ['colcon_pkg']
[0.150s] Level 1:colcon.colcon_core.package_identification:_identify(src/bt_ros2) by extension 'colcon_pkg'
[0.150s] Level 1:colcon.colcon_core.package_identification:_identify(src/bt_ros2) by extensions ['colcon_meta']
[0.150s] Level 1:colcon.colcon_core.package_identification:_identify(src/bt_ros2) by extension 'colcon_meta'
[0.150s] Level 1:colcon.colcon_core.package_identification:_identify(src/bt_ros2) by extensions ['ros']
[0.150s] Level 1:colcon.colcon_core.package_identification:_identify(src/bt_ros2) by extension 'ros'
[0.150s] DEBUG:colcon.colcon_core.package_identification:Package 'src/bt_ros2' with type 'ros.ament_cmake' and name 'bt_ros2'
[0.150s] Level 1:colcon.colcon_core.package_identification:_identify(src/bt_sample) by extensions ['ignore', 'ignore_ament_install']
[0.150s] Level 1:colcon.colcon_core.package_identification:_identify(src/bt_sample) by extension 'ignore'
[0.151s] Level 1:colcon.colcon_core.package_identification:_identify(src/bt_sample) by extension 'ignore_ament_install'
[0.151s] Level 1:colcon.colcon_core.package_identification:_identify(src/bt_sample) by extensions ['colcon_pkg']
[0.151s] Level 1:colcon.colcon_core.package_identification:_identify(src/bt_sample) by extension 'colcon_pkg'
[0.151s] Level 1:colcon.colcon_core.package_identification:_identify(src/bt_sample) by extensions ['colcon_meta']
[0.151s] Level 1:colcon.colcon_core.package_identification:_identify(src/bt_sample) by extension 'colcon_meta'
[0.151s] Level 1:colcon.colcon_core.package_identification:_identify(src/bt_sample) by extensions ['ros']
[0.151s] Level 1:colcon.colcon_core.package_identification:_identify(src/bt_sample) by extension 'ros'
[0.151s] Level 1:colcon.colcon_core.package_identification:_identify(src/bt_sample) by extensions ['cmake', 'python']
[0.151s] Level 1:colcon.colcon_core.package_identification:_identify(src/bt_sample) by extension 'cmake'
[0.151s] Level 1:colcon.colcon_core.package_identification:_identify(src/bt_sample) by extension 'python'
[0.151s] DEBUG:colcon.colcon_core.package_identification:Package 'src/bt_sample' with type 'cmake' and name 'bt_sample'
[0.151s] Level 1:colcon.colcon_core.package_identification:_identify(src/interfaces) by extensions ['ignore', 'ignore_ament_install']
[0.151s] Level 1:colcon.colcon_core.package_identification:_identify(src/interfaces) by extension 'ignore'
[0.151s] Level 1:colcon.colcon_core.package_identification:_identify(src/interfaces) by extension 'ignore_ament_install'
[0.151s] Level 1:colcon.colcon_core.package_identification:_identify(src/interfaces) by extensions ['colcon_pkg']
[0.151s] Level 1:colcon.colcon_core.package_identification:_identify(src/interfaces) by extension 'colcon_pkg'
[0.151s] Level 1:colcon.colcon_core.package_identification:_identify(src/interfaces) by extensions ['colcon_meta']
[0.151s] Level 1:colcon.colcon_core.package_identification:_identify(src/interfaces) by extension 'colcon_meta'
[0.151s] Level 1:colcon.colcon_core.package_identification:_identify(src/interfaces) by extensions ['ros']
[0.151s] Level 1:colcon.colcon_core.package_identification:_identify(src/interfaces) by extension 'ros'
[0.151s] DEBUG:colcon.colcon_core.package_identification:Package 'src/interfaces' with type 'ros.ament_cmake' and name 'interfaces'
[0.151s] Level 1:colcon.colcon_core.package_identification:_identify(src/part_one) by extensions ['ignore', 'ignore_ament_install']
[0.151s] Level 1:colcon.colcon_core.package_identification:_identify(src/part_one) by extension 'ignore'
[0.151s] Level 1:colcon.colcon_core.package_identification:_identify(src/part_one) by extension 'ignore_ament_install'
[0.151s] Level 1:colcon.colcon_core.package_identification:_identify(src/part_one) by extensions ['colcon_pkg']
[0.151s] Level 1:colcon.colcon_core.package_identification:_identify(src/part_one) by extension 'colcon_pkg'
[0.151s] Level 1:colcon.colcon_core.package_identification:_identify(src/part_one) by extensions ['colcon_meta']
[0.151s] Level 1:colcon.colcon_core.package_identification:_identify(src/part_one) by extension 'colcon_meta'
[0.152s] Level 1:colcon.colcon_core.package_identification:_identify(src/part_one) by extensions ['ros']
[0.152s] Level 1:colcon.colcon_core.package_identification:_identify(src/part_one) by extension 'ros'
[0.152s] DEBUG:colcon.colcon_core.package_identification:Package 'src/part_one' with type 'ros.ament_cmake' and name 'part_one'
[0.152s] Level 1:colcon.colcon_core.package_discovery:discover_packages(recursive) using defaults
[0.152s] Level 1:colcon.colcon_core.package_discovery:discover_packages(ignore) discover
[0.152s] Level 1:colcon.colcon_core.package_discovery:discover_packages(ignore) using defaults
[0.152s] Level 1:colcon.colcon_core.package_discovery:discover_packages(path) discover
[0.152s] Level 1:colcon.colcon_core.package_discovery:discover_packages(path) using defaults
[0.164s] INFO:colcon.colcon_core.package_selection:Skipping not selected package 'AStar' in 'src/AStar'
[0.164s] INFO:colcon.colcon_core.package_selection:Skipping not selected package 'bt_ros2' in 'src/bt_ros2'
[0.165s] INFO:colcon.colcon_core.package_selection:Skipping not selected package 'bt_sample' in 'src/bt_sample'
[0.165s] INFO:colcon.colcon_core.package_selection:Skipping not selected package 'interfaces' in 'src/interfaces'
[0.165s] INFO:colcon.colcon_core.package_selection:Skipping not selected package 'part_one' in 'src/part_one'
[0.165s] Level 1:colcon.colcon_core.package_discovery:discover_packages(prefix_path) check parameters
[0.165s] Level 1:colcon.colcon_core.package_discovery:discover_packages(prefix_path) discover
[0.166s] DEBUG:colcon.colcon_installed_package_information.package_discovery:Found 5 installed packages in /home/wu/SRC/Answers_to_JRAI/install
[0.167s] DEBUG:colcon.colcon_installed_package_information.package_discovery:Found 272 installed packages in /opt/ros/humble
[0.177s] Level 1:colcon.colcon_core.package_discovery:discover_packages(prefix_path) using defaults
[0.197s] Level 5:colcon.colcon_core.verb:set package 'bt_cpp' build argument 'cmake_args' from command line to 'None'
[0.197s] Level 5:colcon.colcon_core.verb:set package 'bt_cpp' build argument 'cmake_target' from command line to 'None'
[0.197s] Level 5:colcon.colcon_core.verb:set package 'bt_cpp' build argument 'cmake_target_skip_unavailable' from command line to 'False'
[0.197s] Level 5:colcon.colcon_core.verb:set package 'bt_cpp' build argument 'cmake_clean_cache' from command line to 'False'
[0.197s] Level 5:colcon.colcon_core.verb:set package 'bt_cpp' build argument 'cmake_clean_first' from command line to 'False'
[0.197s] Level 5:colcon.colcon_core.verb:set package 'bt_cpp' build argument 'cmake_force_configure' from command line to 'False'
[0.197s] Level 5:colcon.colcon_core.verb:set package 'bt_cpp' build argument 'ament_cmake_args' from command line to 'None'
[0.197s] Level 5:colcon.colcon_core.verb:set package 'bt_cpp' build argument 'catkin_cmake_args' from command line to 'None'
[0.197s] Level 5:colcon.colcon_core.verb:set package 'bt_cpp' build argument 'catkin_skip_building_tests' from command line to 'False'
[0.197s] DEBUG:colcon.colcon_core.verb:Building package 'bt_cpp' with the following arguments: {'ament_cmake_args': None, 'build_base': '/home/wu/SRC/Answers_to_JRAI/build/bt_cpp', 'catkin_cmake_args': None, 'catkin_skip_building_tests': False, 'cmake_args': None, 'cmake_clean_cache': False, 'cmake_clean_first': False, 'cmake_force_configure': False, 'cmake_target': None, 'cmake_target_skip_unavailable': False, 'install_base': '/home/wu/SRC/Answers_to_JRAI/install/bt_cpp', 'merge_install': False, 'path': '/home/wu/SRC/Answers_to_JRAI/src/bt_cpp', 'symlink_install': False, 'test_result_base': None}
[0.198s] INFO:colcon.colcon_core.executor:Executing jobs using 'parallel' executor
[0.198s] DEBUG:colcon.colcon_parallel_executor.executor.parallel:run_until_complete
[0.198s] INFO:colcon.colcon_ros.task.ament_cmake.build:Building ROS package in '/home/wu/SRC/Answers_to_JRAI/src/bt_cpp' with build type 'ament_cmake'
[0.198s] INFO:colcon.colcon_cmake.task.cmake.build:Building CMake package in '/home/wu/SRC/Answers_to_JRAI/src/bt_cpp'
[0.200s] INFO:colcon.colcon_core.plugin_system:Skipping extension 'colcon_core.shell.bat': Not used on non-Windows systems
[0.200s] INFO:colcon.colcon_core.shell:Skip shell extension 'powershell' for command environment: Not usable outside of PowerShell
[0.200s] DEBUG:colcon.colcon_core.shell:Skip shell extension 'dsv' for command environment
[0.207s] DEBUG:colcon.colcon_core.event_handler.log_command:Invoking command in '/home/wu/SRC/Answers_to_JRAI/build/bt_cpp': CMAKE_PREFIX_PATH=${CMAKE_PREFIX_PATH}:/opt/ros/humble /usr/bin/cmake --build /home/wu/SRC/Answers_to_JRAI/build/bt_cpp -- -j16 -l16
[0.381s] DEBUG:colcon.colcon_core.event_handler.log_command:Invoked command in '/home/wu/SRC/Answers_to_JRAI/build/bt_cpp' returned '0': CMAKE_PREFIX_PATH=${CMAKE_PREFIX_PATH}:/opt/ros/humble /usr/bin/cmake --build /home/wu/SRC/Answers_to_JRAI/build/bt_cpp -- -j16 -l16
[0.416s] DEBUG:colcon.colcon_core.event_handler.log_command:Invoking command in '/home/wu/SRC/Answers_to_JRAI/build/bt_cpp': CMAKE_PREFIX_PATH=${CMAKE_PREFIX_PATH}:/opt/ros/humble /usr/bin/cmake --install /home/wu/SRC/Answers_to_JRAI/build/bt_cpp
[0.423s] Level 1:colcon.colcon_core.environment:create_environment_scripts_only(bt_cpp)
[0.423s] DEBUG:colcon.colcon_core.event_handler.log_command:Invoked command in '/home/wu/SRC/Answers_to_JRAI/build/bt_cpp' returned '0': CMAKE_PREFIX_PATH=${CMAKE_PREFIX_PATH}:/opt/ros/humble /usr/bin/cmake --install /home/wu/SRC/Answers_to_JRAI/build/bt_cpp
[0.425s] Level 1:colcon.colcon_core.environment:checking '/home/wu/SRC/Answers_to_JRAI/install/bt_cpp' for CMake module files
[0.425s] Level 1:colcon.colcon_core.environment:checking '/home/wu/SRC/Answers_to_JRAI/install/bt_cpp' for CMake config files
[0.425s] Level 1:colcon.colcon_core.shell:create_environment_hook('bt_cpp', 'cmake_prefix_path')
[0.426s] INFO:colcon.colcon_core.shell:Creating environment hook '/home/wu/SRC/Answers_to_JRAI/install/bt_cpp/share/bt_cpp/hook/cmake_prefix_path.ps1'
[0.426s] INFO:colcon.colcon_core.shell:Creating environment descriptor '/home/wu/SRC/Answers_to_JRAI/install/bt_cpp/share/bt_cpp/hook/cmake_prefix_path.dsv'
[0.426s] INFO:colcon.colcon_core.shell:Creating environment hook '/home/wu/SRC/Answers_to_JRAI/install/bt_cpp/share/bt_cpp/hook/cmake_prefix_path.sh'
[0.427s] Level 1:colcon.colcon_core.environment:checking '/home/wu/SRC/Answers_to_JRAI/install/bt_cpp/bin'
[0.427s] Level 1:colcon.colcon_core.environment:checking '/home/wu/SRC/Answers_to_JRAI/install/bt_cpp/lib/pkgconfig/bt_cpp.pc'
[0.427s] Level 1:colcon.colcon_core.environment:checking '/home/wu/SRC/Answers_to_JRAI/install/bt_cpp/lib/python3.10/site-packages'
[0.427s] Level 1:colcon.colcon_core.environment:checking '/home/wu/SRC/Answers_to_JRAI/install/bt_cpp/bin'
[0.427s] INFO:colcon.colcon_core.shell:Creating package script '/home/wu/SRC/Answers_to_JRAI/install/bt_cpp/share/bt_cpp/package.ps1'
[0.427s] INFO:colcon.colcon_core.shell:Creating package descriptor '/home/wu/SRC/Answers_to_JRAI/install/bt_cpp/share/bt_cpp/package.dsv'
[0.428s] INFO:colcon.colcon_core.shell:Creating package script '/home/wu/SRC/Answers_to_JRAI/install/bt_cpp/share/bt_cpp/package.sh'
[0.428s] INFO:colcon.colcon_core.shell:Creating package script '/home/wu/SRC/Answers_to_JRAI/install/bt_cpp/share/bt_cpp/package.bash'
[0.428s] INFO:colcon.colcon_core.shell:Creating package script '/home/wu/SRC/Answers_to_JRAI/install/bt_cpp/share/bt_cpp/package.zsh'
[0.429s] Level 1:colcon.colcon_core.environment:create_file_with_runtime_dependencies(/home/wu/SRC/Answers_to_JRAI/install/bt_cpp/share/colcon-core/packages/bt_cpp)
[0.452s] Level 1:colcon.colcon_core.environment:create_environment_scripts_only(bt_cpp)
[0.452s] Level 1:colcon.colcon_core.environment:checking '/home/wu/SRC/Answers_to_JRAI/install/bt_cpp' for CMake module files
[0.452s] Level 1:colcon.colcon_core.environment:checking '/home/wu/SRC/Answers_to_JRAI/install/bt_cpp' for CMake config files
[0.453s] Level 1:colcon.colcon_core.shell:create_environment_hook('bt_cpp', 'cmake_prefix_path')
[0.453s] INFO:colcon.colcon_core.shell:Creating environment hook '/home/wu/SRC/Answers_to_JRAI/install/bt_cpp/share/bt_cpp/hook/cmake_prefix_path.ps1'
[0.453s] INFO:colcon.colcon_core.shell:Creating environment descriptor '/home/wu/SRC/Answers_to_JRAI/install/bt_cpp/share/bt_cpp/hook/cmake_prefix_path.dsv'
[0.453s] INFO:colcon.colcon_core.shell:Creating environment hook '/home/wu/SRC/Answers_to_JRAI/install/bt_cpp/share/bt_cpp/hook/cmake_prefix_path.sh'
[0.453s] Level 1:colcon.colcon_core.environment:checking '/home/wu/SRC/Answers_to_JRAI/install/bt_cpp/bin'
[0.453s] Level 1:colcon.colcon_core.environment:checking '/home/wu/SRC/Answers_to_JRAI/install/bt_cpp/lib/pkgconfig/bt_cpp.pc'
[0.454s] Level 1:colcon.colcon_core.environment:checking '/home/wu/SRC/Answers_to_JRAI/install/bt_cpp/lib/python3.10/site-packages'
[0.454s] Level 1:colcon.colcon_core.environment:checking '/home/wu/SRC/Answers_to_JRAI/install/bt_cpp/bin'
[0.454s] INFO:colcon.colcon_core.shell:Creating package script '/home/wu/SRC/Answers_to_JRAI/install/bt_cpp/share/bt_cpp/package.ps1'
[0.454s] INFO:colcon.colcon_core.shell:Creating package descriptor '/home/wu/SRC/Answers_to_JRAI/install/bt_cpp/share/bt_cpp/package.dsv'
[0.454s] INFO:colcon.colcon_core.shell:Creating package script '/home/wu/SRC/Answers_to_JRAI/install/bt_cpp/share/bt_cpp/package.sh'
[0.455s] INFO:colcon.colcon_core.shell:Creating package script '/home/wu/SRC/Answers_to_JRAI/install/bt_cpp/share/bt_cpp/package.bash'
[0.455s] INFO:colcon.colcon_core.shell:Creating package script '/home/wu/SRC/Answers_to_JRAI/install/bt_cpp/share/bt_cpp/package.zsh'
[0.455s] Level 1:colcon.colcon_core.environment:create_file_with_runtime_dependencies(/home/wu/SRC/Answers_to_JRAI/install/bt_cpp/share/colcon-core/packages/bt_cpp)
[0.455s] DEBUG:colcon.colcon_parallel_executor.executor.parallel:closing loop
[0.455s] DEBUG:colcon.colcon_parallel_executor.executor.parallel:loop closed
[0.455s] DEBUG:colcon.colcon_parallel_executor.executor.parallel:run_until_complete finished with '0'
[0.455s] DEBUG:colcon.colcon_core.event_reactor:joining thread
[0.463s] INFO:colcon.colcon_core.plugin_system:Skipping extension 'colcon_notification.desktop_notification.terminal_notifier': Not used on non-Darwin systems
[0.463s] INFO:colcon.colcon_core.plugin_system:Skipping extension 'colcon_notification.desktop_notification.win32': Not used on non-Windows systems
[0.463s] INFO:colcon.colcon_notification.desktop_notification:Sending desktop notification using 'notify2'
[0.474s] DEBUG:colcon.colcon_core.event_reactor:joined thread
[0.475s] INFO:colcon.colcon_core.shell:Creating prefix script '/home/wu/SRC/Answers_to_JRAI/install/local_setup.ps1'
[0.477s] INFO:colcon.colcon_core.shell:Creating prefix util module '/home/wu/SRC/Answers_to_JRAI/install/_local_setup_util_ps1.py'
[0.479s] INFO:colcon.colcon_core.shell:Creating prefix chain script '/home/wu/SRC/Answers_to_JRAI/install/setup.ps1'
[0.481s] INFO:colcon.colcon_core.shell:Creating prefix script '/home/wu/SRC/Answers_to_JRAI/install/local_setup.sh'
[0.481s] INFO:colcon.colcon_core.shell:Creating prefix util module '/home/wu/SRC/Answers_to_JRAI/install/_local_setup_util_sh.py'
[0.482s] INFO:colcon.colcon_core.shell:Creating prefix chain script '/home/wu/SRC/Answers_to_JRAI/install/setup.sh'
[0.484s] INFO:colcon.colcon_core.shell:Creating prefix script '/home/wu/SRC/Answers_to_JRAI/install/local_setup.bash'
[0.485s] INFO:colcon.colcon_core.shell:Creating prefix chain script '/home/wu/SRC/Answers_to_JRAI/install/setup.bash'
[0.486s] INFO:colcon.colcon_core.shell:Creating prefix script '/home/wu/SRC/Answers_to_JRAI/install/local_setup.zsh'
[0.487s] INFO:colcon.colcon_core.shell:Creating prefix chain script '/home/wu/SRC/Answers_to_JRAI/install/setup.zsh'
