[0.008s] Invoking command in '/home/wu/SRC/Answers_to_JRAI/build/bt_cpp': CMAKE_PREFIX_PATH=/opt/ros/humble /usr/bin/cmake --build /home/wu/SRC/Answers_to_JRAI/build/bt_cpp -- -j16 -l16
[0.032s] -- Found ament_cmake: 1.3.9 (/opt/ros/humble/share/ament_cmake/cmake)
[0.102s] -- Found behaviortree_cpp: 4.6.2 (/usr/local/share/behaviortree_cpp/cmake)
[0.103s] -- Found ament_lint_auto: 0.12.11 (/opt/ros/humble/share/ament_lint_auto/cmake)
[0.152s] -- Added test 'cppcheck' to perform static code analysis on C / C++ code
[0.152s] -- Configured cppcheck include dirs: 
[0.152s] -- Configured cppcheck exclude dirs and/or files: 
[0.153s] -- Added test 'lint_cmake' to check CMake code style
[0.155s] -- Added test 'uncrustify' to check C / C++ code style
[0.155s] -- Configured uncrustify additional arguments: 
[0.155s] -- Added test 'xmllint' to check XML markup files
[0.156s] -- Configuring done
[0.157s] [31mCMake Error at CMakeLists.txt:14 (add_executable):
[0.157s]   Cannot find source file:
[0.157s] 
[0.157s]     behaviortree_cpp
[0.157s] 
[0.157s]   Tried extensions .c .C .c++ .cc .cpp .cxx .cu .mpp .m .M .mm .ixx .cppm .h
[0.157s]   .hh .h++ .hm .hpp .hxx .in .txx .f .F .for .f77 .f90 .f95 .f03 .hip .ispc
[0.157s] 
[0.157s] [0m
[0.157s] [31mCMake Error at CMakeLists.txt:14 (add_executable):
[0.157s]   No SOURCES given to target: ft
[0.157s] 
[0.158s] [0m
[0.158s] [0mCMake Generate step failed.  Build files cannot be regenerated correctly.[0m
[0.161s] gmake: *** [Makefile:294: cmake_check_build_system] Error 1
[0.164s] Invoked command in '/home/wu/SRC/Answers_to_JRAI/build/bt_cpp' returned '2': CMAKE_PREFIX_PATH=/opt/ros/humble /usr/bin/cmake --build /home/wu/SRC/Answers_to_JRAI/build/bt_cpp -- -j16 -l16
