[0.008s] Invoking command in '/home/wu/SRC/Answers_to_JRAI/build/AStar': /usr/bin/cmake /home/wu/SRC/Answers_to_JRAI/src/AStar -DCMAKE_INSTALL_PREFIX=/home/wu/SRC/Answers_to_JRAI/install/AStar
[0.077s] -- The C compiler identification is GNU 11.4.0
[0.137s] -- The CXX compiler identification is GNU 11.4.0
[0.145s] -- Detecting C compiler ABI info
[0.203s] -- Detecting C compiler ABI info - done
[0.215s] -- Check for working C compiler: /usr/bin/cc - skipped
[0.216s] -- Detecting C compile features
[0.217s] -- Detecting C compile features - done
[0.222s] -- Detecting CXX compiler ABI info
[0.287s] -- Detecting CXX compiler ABI info - done
[0.298s] -- Check for working CXX compiler: /usr/bin/c++ - skipped
[0.299s] -- Detecting CXX compile features
[0.300s] -- Detecting CXX compile features - done
[0.301s] -- Configuring done
[0.304s] -- Generating done
[0.305s] -- Build files have been written to: /home/wu/SRC/Answers_to_JRAI/build/AStar
[0.314s] Invoked command in '/home/wu/SRC/Answers_to_JRAI/build/AStar' returned '0': /usr/bin/cmake /home/wu/SRC/Answers_to_JRAI/src/AStar -DCMAKE_INSTALL_PREFIX=/home/wu/SRC/Answers_to_JRAI/install/AStar
[0.315s] Invoking command in '/home/wu/SRC/Answers_to_JRAI/build/AStar': /usr/bin/cmake --build /home/wu/SRC/Answers_to_JRAI/build/AStar -- -j16 -l16
[0.353s] [ 66%] [32mBuilding CXX object CMakeFiles/Astar.dir/main.cpp.o[0m
[0.353s] [ 66%] [32mBuilding CXX object CMakeFiles/Astar.dir/A_star.cpp.o[0m
[0.575s] [100%] [32m[1mLinking CXX executable Astar[0m
[0.634s] [100%] Built target Astar
[0.643s] Invoked command in '/home/wu/SRC/Answers_to_JRAI/build/AStar' returned '0': /usr/bin/cmake --build /home/wu/SRC/Answers_to_JRAI/build/AStar -- -j16 -l16
