[0.008s] Invoking command in '/home/wu/SRC/Answers_to_JRAI/build/bt_cpp': CMAKE_PREFIX_PATH=${CMAKE_PREFIX_PATH}:/opt/ros/humble /usr/bin/cmake --build /home/wu/SRC/Answers_to_JRAI/build/bt_cpp -- -j16 -l16
[0.033s] -- Found ament_cmake: 1.3.9 (/opt/ros/humble/share/ament_cmake/cmake)
[0.113s] -- Found behaviortree_cpp: 4.6.2 (/usr/local/share/behaviortree_cpp/cmake)
[0.115s] -- Found ament_lint_auto: 0.12.11 (/opt/ros/humble/share/ament_lint_auto/cmake)
[0.157s] -- Added test 'lint_cmake' to check CMake code style
[0.158s] -- Added test 'xmllint' to check XML markup files
[0.158s] -- Configuring done
[0.160s] -- Generating done
[0.161s] -- Build files have been written to: /home/wu/SRC/Answers_to_JRAI/build/bt_cpp
[0.182s] Invoked command in '/home/wu/SRC/Answers_to_JRAI/build/bt_cpp' returned '0': CMAKE_PREFIX_PATH=${CMAKE_PREFIX_PATH}:/opt/ros/humble /usr/bin/cmake --build /home/wu/SRC/Answers_to_JRAI/build/bt_cpp -- -j16 -l16
[0.217s] Invoking command in '/home/wu/SRC/Answers_to_JRAI/build/bt_cpp': CMAKE_PREFIX_PATH=${CMAKE_PREFIX_PATH}:/opt/ros/humble /usr/bin/cmake --install /home/wu/SRC/Answers_to_JRAI/build/bt_cpp
[0.222s] -- Install configuration: ""
[0.222s] -- Up-to-date: /home/wu/SRC/Answers_to_JRAI/install/bt_cpp/share/ament_index/resource_index/package_run_dependencies/bt_cpp
[0.222s] -- Installing: /home/wu/SRC/Answers_to_JRAI/install/bt_cpp/share/ament_index/resource_index/parent_prefix_path/bt_cpp
[0.222s] -- Up-to-date: /home/wu/SRC/Answers_to_JRAI/install/bt_cpp/share/bt_cpp/environment/ament_prefix_path.sh
[0.222s] -- Installing: /home/wu/SRC/Answers_to_JRAI/install/bt_cpp/share/bt_cpp/environment/ament_prefix_path.dsv
[0.222s] -- Up-to-date: /home/wu/SRC/Answers_to_JRAI/install/bt_cpp/share/bt_cpp/environment/path.sh
[0.222s] -- Installing: /home/wu/SRC/Answers_to_JRAI/install/bt_cpp/share/bt_cpp/environment/path.dsv
[0.222s] -- Up-to-date: /home/wu/SRC/Answers_to_JRAI/install/bt_cpp/share/bt_cpp/local_setup.bash
[0.222s] -- Up-to-date: /home/wu/SRC/Answers_to_JRAI/install/bt_cpp/share/bt_cpp/local_setup.sh
[0.222s] -- Up-to-date: /home/wu/SRC/Answers_to_JRAI/install/bt_cpp/share/bt_cpp/local_setup.zsh
[0.222s] -- Installing: /home/wu/SRC/Answers_to_JRAI/install/bt_cpp/share/bt_cpp/local_setup.dsv
[0.223s] -- Installing: /home/wu/SRC/Answers_to_JRAI/install/bt_cpp/share/bt_cpp/package.dsv
[0.223s] -- Up-to-date: /home/wu/SRC/Answers_to_JRAI/install/bt_cpp/share/ament_index/resource_index/packages/bt_cpp
[0.223s] -- Up-to-date: /home/wu/SRC/Answers_to_JRAI/install/bt_cpp/share/bt_cpp/cmake/bt_cppConfig.cmake
[0.223s] -- Up-to-date: /home/wu/SRC/Answers_to_JRAI/install/bt_cpp/share/bt_cpp/cmake/bt_cppConfig-version.cmake
[0.223s] -- Up-to-date: /home/wu/SRC/Answers_to_JRAI/install/bt_cpp/share/bt_cpp/package.xml
[0.224s] Invoked command in '/home/wu/SRC/Answers_to_JRAI/build/bt_cpp' returned '0': CMAKE_PREFIX_PATH=${CMAKE_PREFIX_PATH}:/opt/ros/humble /usr/bin/cmake --install /home/wu/SRC/Answers_to_JRAI/build/bt_cpp
