[0.057s] DEBUG:colcon:Command line arguments: ['/usr/bin/colcon', 'build', '--packages-select', 'interfaces']
[0.057s] DEBUG:colcon:Parsed command line arguments: Namespace(log_base=None, log_level=None, verb_name='build', build_base='build', install_base='install', merge_install=False, symlink_install=False, test_result_base=None, continue_on_error=False, executor='parallel', parallel_workers=16, event_handlers=None, ignore_user_meta=False, metas=['./colcon.meta'], base_paths=['.'], packages_ignore=None, packages_ignore_regex=None, paths=None, packages_up_to=None, packages_up_to_regex=None, packages_above=None, packages_above_and_dependencies=None, packages_above_depth=None, packages_select_by_dep=None, packages_skip_by_dep=None, packages_skip_up_to=None, packages_select_build_failed=False, packages_skip_build_finished=False, packages_select_test_failures=False, packages_skip_test_passed=False, packages_select=['interfaces'], packages_skip=None, packages_select_regex=None, packages_skip_regex=None, packages_start=None, packages_end=None, allow_overriding=[], cmake_args=None, cmake_target=None, cmake_target_skip_unavailable=False, cmake_clean_cache=False, cmake_clean_first=False, cmake_force_configure=False, ament_cmake_args=None, catkin_cmake_args=None, catkin_skip_building_tests=False, mixin_files=None, mixin=None, verb_parser=<colcon_mixin.mixin.mixin_argument.MixinArgumentDecorator object at 0x7a8f3d4463b0>, verb_extension=<colcon_core.verb.build.BuildVerb object at 0x7a8f3d445d80>, main=<bound method BuildVerb.main of <colcon_core.verb.build.BuildVerb object at 0x7a8f3d445d80>>, mixin_verb=('build',))
[0.135s] Level 1:colcon.colcon_core.package_discovery:discover_packages(colcon_meta) check parameters
[0.135s] Level 1:colcon.colcon_core.package_discovery:discover_packages(recursive) check parameters
[0.135s] Level 1:colcon.colcon_core.package_discovery:discover_packages(ignore) check parameters
[0.135s] Level 1:colcon.colcon_core.package_discovery:discover_packages(path) check parameters
[0.135s] Level 1:colcon.colcon_core.package_discovery:discover_packages(colcon_meta) discover
[0.135s] Level 1:colcon.colcon_core.package_discovery:discover_packages(recursive) discover
[0.135s] INFO:colcon.colcon_core.package_discovery:Crawling recursively for packages in '/home/wu/SRC/Answers_to_JRAI'
[0.135s] Level 1:colcon.colcon_core.package_identification:_identify(.) by extensions ['ignore', 'ignore_ament_install']
[0.136s] Level 1:colcon.colcon_core.package_identification:_identify(.) by extension 'ignore'
[0.136s] Level 1:colcon.colcon_core.package_identification:_identify(.) by extension 'ignore_ament_install'
[0.136s] Level 1:colcon.colcon_core.package_identification:_identify(.) by extensions ['colcon_pkg']
[0.136s] Level 1:colcon.colcon_core.package_identification:_identify(.) by extension 'colcon_pkg'
[0.136s] Level 1:colcon.colcon_core.package_identification:_identify(.) by extensions ['colcon_meta']
[0.136s] Level 1:colcon.colcon_core.package_identification:_identify(.) by extension 'colcon_meta'
[0.136s] Level 1:colcon.colcon_core.package_identification:_identify(.) by extensions ['ros']
[0.136s] Level 1:colcon.colcon_core.package_identification:_identify(.) by extension 'ros'
[0.142s] Level 1:colcon.colcon_core.package_identification:_identify(.) by extensions ['cmake', 'python']
[0.142s] Level 1:colcon.colcon_core.package_identification:_identify(.) by extension 'cmake'
[0.142s] Level 1:colcon.colcon_core.package_identification:_identify(.) by extension 'python'
[0.142s] Level 1:colcon.colcon_core.package_identification:_identify(.) by extensions ['python_setup_py']
[0.142s] Level 1:colcon.colcon_core.package_identification:_identify(.) by extension 'python_setup_py'
[0.142s] Level 1:colcon.colcon_core.package_identification:_identify(build) by extensions ['ignore', 'ignore_ament_install']
[0.142s] Level 1:colcon.colcon_core.package_identification:_identify(build) by extension 'ignore'
[0.142s] Level 1:colcon.colcon_core.package_identification:_identify(build) ignored
[0.142s] Level 1:colcon.colcon_core.package_identification:_identify(install) by extensions ['ignore', 'ignore_ament_install']
[0.142s] Level 1:colcon.colcon_core.package_identification:_identify(install) by extension 'ignore'
[0.142s] Level 1:colcon.colcon_core.package_identification:_identify(install) ignored
[0.142s] Level 1:colcon.colcon_core.package_identification:_identify(log) by extensions ['ignore', 'ignore_ament_install']
[0.142s] Level 1:colcon.colcon_core.package_identification:_identify(log) by extension 'ignore'
[0.142s] Level 1:colcon.colcon_core.package_identification:_identify(log) ignored
[0.142s] Level 1:colcon.colcon_core.package_identification:_identify(public) by extensions ['ignore', 'ignore_ament_install']
[0.142s] Level 1:colcon.colcon_core.package_identification:_identify(public) by extension 'ignore'
[0.142s] Level 1:colcon.colcon_core.package_identification:_identify(public) by extension 'ignore_ament_install'
[0.142s] Level 1:colcon.colcon_core.package_identification:_identify(public) by extensions ['colcon_pkg']
[0.143s] Level 1:colcon.colcon_core.package_identification:_identify(public) by extension 'colcon_pkg'
[0.143s] Level 1:colcon.colcon_core.package_identification:_identify(public) by extensions ['colcon_meta']
[0.143s] Level 1:colcon.colcon_core.package_identification:_identify(public) by extension 'colcon_meta'
[0.143s] Level 1:colcon.colcon_core.package_identification:_identify(public) by extensions ['ros']
[0.143s] Level 1:colcon.colcon_core.package_identification:_identify(public) by extension 'ros'
[0.143s] Level 1:colcon.colcon_core.package_identification:_identify(public) by extensions ['cmake', 'python']
[0.143s] Level 1:colcon.colcon_core.package_identification:_identify(public) by extension 'cmake'
[0.143s] Level 1:colcon.colcon_core.package_identification:_identify(public) by extension 'python'
[0.143s] Level 1:colcon.colcon_core.package_identification:_identify(public) by extensions ['python_setup_py']
[0.143s] Level 1:colcon.colcon_core.package_identification:_identify(public) by extension 'python_setup_py'
[0.143s] Level 1:colcon.colcon_core.package_identification:_identify(public/img) by extensions ['ignore', 'ignore_ament_install']
[0.143s] Level 1:colcon.colcon_core.package_identification:_identify(public/img) by extension 'ignore'
[0.143s] Level 1:colcon.colcon_core.package_identification:_identify(public/img) by extension 'ignore_ament_install'
[0.143s] Level 1:colcon.colcon_core.package_identification:_identify(public/img) by extensions ['colcon_pkg']
[0.143s] Level 1:colcon.colcon_core.package_identification:_identify(public/img) by extension 'colcon_pkg'
[0.143s] Level 1:colcon.colcon_core.package_identification:_identify(public/img) by extensions ['colcon_meta']
[0.143s] Level 1:colcon.colcon_core.package_identification:_identify(public/img) by extension 'colcon_meta'
[0.143s] Level 1:colcon.colcon_core.package_identification:_identify(public/img) by extensions ['ros']
[0.143s] Level 1:colcon.colcon_core.package_identification:_identify(public/img) by extension 'ros'
[0.143s] Level 1:colcon.colcon_core.package_identification:_identify(public/img) by extensions ['cmake', 'python']
[0.143s] Level 1:colcon.colcon_core.package_identification:_identify(public/img) by extension 'cmake'
[0.143s] Level 1:colcon.colcon_core.package_identification:_identify(public/img) by extension 'python'
[0.143s] Level 1:colcon.colcon_core.package_identification:_identify(public/img) by extensions ['python_setup_py']
[0.143s] Level 1:colcon.colcon_core.package_identification:_identify(public/img) by extension 'python_setup_py'
[0.143s] Level 1:colcon.colcon_core.package_identification:_identify(src) by extensions ['ignore', 'ignore_ament_install']
[0.143s] Level 1:colcon.colcon_core.package_identification:_identify(src) by extension 'ignore'
[0.143s] Level 1:colcon.colcon_core.package_identification:_identify(src) by extension 'ignore_ament_install'
[0.143s] Level 1:colcon.colcon_core.package_identification:_identify(src) by extensions ['colcon_pkg']
[0.143s] Level 1:colcon.colcon_core.package_identification:_identify(src) by extension 'colcon_pkg'
[0.143s] Level 1:colcon.colcon_core.package_identification:_identify(src) by extensions ['colcon_meta']
[0.143s] Level 1:colcon.colcon_core.package_identification:_identify(src) by extension 'colcon_meta'
[0.143s] Level 1:colcon.colcon_core.package_identification:_identify(src) by extensions ['ros']
[0.143s] Level 1:colcon.colcon_core.package_identification:_identify(src) by extension 'ros'
[0.143s] Level 1:colcon.colcon_core.package_identification:_identify(src) by extensions ['cmake', 'python']
[0.143s] Level 1:colcon.colcon_core.package_identification:_identify(src) by extension 'cmake'
[0.143s] Level 1:colcon.colcon_core.package_identification:_identify(src) by extension 'python'
[0.143s] Level 1:colcon.colcon_core.package_identification:_identify(src) by extensions ['python_setup_py']
[0.143s] Level 1:colcon.colcon_core.package_identification:_identify(src) by extension 'python_setup_py'
[0.143s] Level 1:colcon.colcon_core.package_identification:_identify(src/interfaces) by extensions ['ignore', 'ignore_ament_install']
[0.144s] Level 1:colcon.colcon_core.package_identification:_identify(src/interfaces) by extension 'ignore'
[0.144s] Level 1:colcon.colcon_core.package_identification:_identify(src/interfaces) by extension 'ignore_ament_install'
[0.144s] Level 1:colcon.colcon_core.package_identification:_identify(src/interfaces) by extensions ['colcon_pkg']
[0.144s] Level 1:colcon.colcon_core.package_identification:_identify(src/interfaces) by extension 'colcon_pkg'
[0.144s] Level 1:colcon.colcon_core.package_identification:_identify(src/interfaces) by extensions ['colcon_meta']
[0.144s] Level 1:colcon.colcon_core.package_identification:_identify(src/interfaces) by extension 'colcon_meta'
[0.144s] Level 1:colcon.colcon_core.package_identification:_identify(src/interfaces) by extensions ['ros']
[0.144s] Level 1:colcon.colcon_core.package_identification:_identify(src/interfaces) by extension 'ros'
[0.145s] DEBUG:colcon.colcon_core.package_identification:Package 'src/interfaces' with type 'ros.ament_cmake' and name 'interfaces'
[0.145s] Level 1:colcon.colcon_core.package_identification:_identify(src/part_one) by extensions ['ignore', 'ignore_ament_install']
[0.145s] Level 1:colcon.colcon_core.package_identification:_identify(src/part_one) by extension 'ignore'
[0.145s] Level 1:colcon.colcon_core.package_identification:_identify(src/part_one) by extension 'ignore_ament_install'
[0.145s] Level 1:colcon.colcon_core.package_identification:_identify(src/part_one) by extensions ['colcon_pkg']
[0.145s] Level 1:colcon.colcon_core.package_identification:_identify(src/part_one) by extension 'colcon_pkg'
[0.145s] Level 1:colcon.colcon_core.package_identification:_identify(src/part_one) by extensions ['colcon_meta']
[0.145s] Level 1:colcon.colcon_core.package_identification:_identify(src/part_one) by extension 'colcon_meta'
[0.145s] Level 1:colcon.colcon_core.package_identification:_identify(src/part_one) by extensions ['ros']
[0.145s] Level 1:colcon.colcon_core.package_identification:_identify(src/part_one) by extension 'ros'
[0.146s] DEBUG:colcon.colcon_core.package_identification:Package 'src/part_one' with type 'ros.ament_cmake' and name 'part_one'
[0.146s] Level 1:colcon.colcon_core.package_discovery:discover_packages(recursive) using defaults
[0.146s] Level 1:colcon.colcon_core.package_discovery:discover_packages(ignore) discover
[0.146s] Level 1:colcon.colcon_core.package_discovery:discover_packages(ignore) using defaults
[0.146s] Level 1:colcon.colcon_core.package_discovery:discover_packages(path) discover
[0.146s] Level 1:colcon.colcon_core.package_discovery:discover_packages(path) using defaults
[0.158s] INFO:colcon.colcon_core.package_selection:Skipping not selected package 'part_one' in 'src/part_one'
[0.158s] Level 1:colcon.colcon_core.package_discovery:discover_packages(prefix_path) check parameters
[0.158s] Level 1:colcon.colcon_core.package_discovery:discover_packages(prefix_path) discover
[0.160s] DEBUG:colcon.colcon_installed_package_information.package_discovery:Found 272 installed packages in /opt/ros/humble
[0.176s] Level 1:colcon.colcon_core.package_discovery:discover_packages(prefix_path) using defaults
[0.194s] Level 5:colcon.colcon_core.verb:set package 'interfaces' build argument 'cmake_args' from command line to 'None'
[0.194s] Level 5:colcon.colcon_core.verb:set package 'interfaces' build argument 'cmake_target' from command line to 'None'
[0.194s] Level 5:colcon.colcon_core.verb:set package 'interfaces' build argument 'cmake_target_skip_unavailable' from command line to 'False'
[0.194s] Level 5:colcon.colcon_core.verb:set package 'interfaces' build argument 'cmake_clean_cache' from command line to 'False'
[0.195s] Level 5:colcon.colcon_core.verb:set package 'interfaces' build argument 'cmake_clean_first' from command line to 'False'
[0.195s] Level 5:colcon.colcon_core.verb:set package 'interfaces' build argument 'cmake_force_configure' from command line to 'False'
[0.195s] Level 5:colcon.colcon_core.verb:set package 'interfaces' build argument 'ament_cmake_args' from command line to 'None'
[0.195s] Level 5:colcon.colcon_core.verb:set package 'interfaces' build argument 'catkin_cmake_args' from command line to 'None'
[0.195s] Level 5:colcon.colcon_core.verb:set package 'interfaces' build argument 'catkin_skip_building_tests' from command line to 'False'
[0.195s] DEBUG:colcon.colcon_core.verb:Building package 'interfaces' with the following arguments: {'ament_cmake_args': None, 'build_base': '/home/wu/SRC/Answers_to_JRAI/build/interfaces', 'catkin_cmake_args': None, 'catkin_skip_building_tests': False, 'cmake_args': None, 'cmake_clean_cache': False, 'cmake_clean_first': False, 'cmake_force_configure': False, 'cmake_target': None, 'cmake_target_skip_unavailable': False, 'install_base': '/home/wu/SRC/Answers_to_JRAI/install/interfaces', 'merge_install': False, 'path': '/home/wu/SRC/Answers_to_JRAI/src/interfaces', 'symlink_install': False, 'test_result_base': None}
[0.195s] INFO:colcon.colcon_core.executor:Executing jobs using 'parallel' executor
[0.196s] DEBUG:colcon.colcon_parallel_executor.executor.parallel:run_until_complete
[0.196s] INFO:colcon.colcon_ros.task.ament_cmake.build:Building ROS package in '/home/wu/SRC/Answers_to_JRAI/src/interfaces' with build type 'ament_cmake'
[0.196s] INFO:colcon.colcon_cmake.task.cmake.build:Building CMake package in '/home/wu/SRC/Answers_to_JRAI/src/interfaces'
[0.197s] INFO:colcon.colcon_core.plugin_system:Skipping extension 'colcon_core.shell.bat': Not used on non-Windows systems
[0.197s] INFO:colcon.colcon_core.shell:Skip shell extension 'powershell' for command environment: Not usable outside of PowerShell
[0.197s] DEBUG:colcon.colcon_core.shell:Skip shell extension 'dsv' for command environment
[0.206s] DEBUG:colcon.colcon_core.event_handler.log_command:Invoking command in '/home/wu/SRC/Answers_to_JRAI/build/interfaces': CMAKE_PREFIX_PATH=/opt/ros/humble CONDA_PROMPT_MODIFIER=(base) /usr/bin/cmake --build /home/wu/SRC/Answers_to_JRAI/build/interfaces -- -j16 -l16
[0.438s] DEBUG:colcon.colcon_core.event_handler.log_command:Invoked command in '/home/wu/SRC/Answers_to_JRAI/build/interfaces' returned '0': CMAKE_PREFIX_PATH=/opt/ros/humble CONDA_PROMPT_MODIFIER=(base) /usr/bin/cmake --build /home/wu/SRC/Answers_to_JRAI/build/interfaces -- -j16 -l16
[0.504s] DEBUG:colcon.colcon_core.event_handler.log_command:Invoking command in '/home/wu/SRC/Answers_to_JRAI/build/interfaces': CMAKE_PREFIX_PATH=/opt/ros/humble CONDA_PROMPT_MODIFIER=(base) /usr/bin/cmake --install /home/wu/SRC/Answers_to_JRAI/build/interfaces
[0.540s] Level 1:colcon.colcon_core.environment:create_environment_scripts_only(interfaces)
[0.541s] DEBUG:colcon.colcon_core.event_handler.log_command:Invoked command in '/home/wu/SRC/Answers_to_JRAI/build/interfaces' returned '0': CMAKE_PREFIX_PATH=/opt/ros/humble CONDA_PROMPT_MODIFIER=(base) /usr/bin/cmake --install /home/wu/SRC/Answers_to_JRAI/build/interfaces
[0.542s] Level 1:colcon.colcon_core.environment:checking '/home/wu/SRC/Answers_to_JRAI/install/interfaces' for CMake module files
[0.542s] Level 1:colcon.colcon_core.environment:checking '/home/wu/SRC/Answers_to_JRAI/install/interfaces' for CMake config files
[0.543s] Level 1:colcon.colcon_core.shell:create_environment_hook('interfaces', 'cmake_prefix_path')
[0.543s] INFO:colcon.colcon_core.shell:Creating environment hook '/home/wu/SRC/Answers_to_JRAI/install/interfaces/share/interfaces/hook/cmake_prefix_path.ps1'
[0.543s] INFO:colcon.colcon_core.shell:Creating environment descriptor '/home/wu/SRC/Answers_to_JRAI/install/interfaces/share/interfaces/hook/cmake_prefix_path.dsv'
[0.543s] INFO:colcon.colcon_core.shell:Creating environment hook '/home/wu/SRC/Answers_to_JRAI/install/interfaces/share/interfaces/hook/cmake_prefix_path.sh'
[0.544s] Level 1:colcon.colcon_core.environment:checking '/home/wu/SRC/Answers_to_JRAI/install/interfaces/lib'
[0.544s] Level 1:colcon.colcon_core.shell:create_environment_hook('interfaces', 'ld_library_path_lib')
[0.544s] INFO:colcon.colcon_core.shell:Creating environment hook '/home/wu/SRC/Answers_to_JRAI/install/interfaces/share/interfaces/hook/ld_library_path_lib.ps1'
[0.544s] INFO:colcon.colcon_core.shell:Creating environment descriptor '/home/wu/SRC/Answers_to_JRAI/install/interfaces/share/interfaces/hook/ld_library_path_lib.dsv'
[0.544s] INFO:colcon.colcon_core.shell:Creating environment hook '/home/wu/SRC/Answers_to_JRAI/install/interfaces/share/interfaces/hook/ld_library_path_lib.sh'
[0.545s] Level 1:colcon.colcon_core.environment:checking '/home/wu/SRC/Answers_to_JRAI/install/interfaces/bin'
[0.545s] Level 1:colcon.colcon_core.environment:checking '/home/wu/SRC/Answers_to_JRAI/install/interfaces/lib/pkgconfig/interfaces.pc'
[0.545s] Level 1:colcon.colcon_core.environment:checking '/home/wu/SRC/Answers_to_JRAI/install/interfaces/lib/python3.10/site-packages'
[0.545s] Level 1:colcon.colcon_core.environment:checking '/home/wu/SRC/Answers_to_JRAI/install/interfaces/bin'
[0.545s] INFO:colcon.colcon_core.shell:Creating package script '/home/wu/SRC/Answers_to_JRAI/install/interfaces/share/interfaces/package.ps1'
[0.545s] INFO:colcon.colcon_core.shell:Creating package descriptor '/home/wu/SRC/Answers_to_JRAI/install/interfaces/share/interfaces/package.dsv'
[0.546s] INFO:colcon.colcon_core.shell:Creating package script '/home/wu/SRC/Answers_to_JRAI/install/interfaces/share/interfaces/package.sh'
[0.546s] INFO:colcon.colcon_core.shell:Creating package script '/home/wu/SRC/Answers_to_JRAI/install/interfaces/share/interfaces/package.bash'
[0.546s] INFO:colcon.colcon_core.shell:Creating package script '/home/wu/SRC/Answers_to_JRAI/install/interfaces/share/interfaces/package.zsh'
[0.547s] Level 1:colcon.colcon_core.environment:create_file_with_runtime_dependencies(/home/wu/SRC/Answers_to_JRAI/install/interfaces/share/colcon-core/packages/interfaces)
[0.607s] Level 1:colcon.colcon_core.environment:create_environment_scripts_only(interfaces)
[0.607s] Level 1:colcon.colcon_core.environment:checking '/home/wu/SRC/Answers_to_JRAI/install/interfaces' for CMake module files
[0.607s] Level 1:colcon.colcon_core.environment:checking '/home/wu/SRC/Answers_to_JRAI/install/interfaces' for CMake config files
[0.608s] Level 1:colcon.colcon_core.shell:create_environment_hook('interfaces', 'cmake_prefix_path')
[0.608s] INFO:colcon.colcon_core.shell:Creating environment hook '/home/wu/SRC/Answers_to_JRAI/install/interfaces/share/interfaces/hook/cmake_prefix_path.ps1'
[0.608s] INFO:colcon.colcon_core.shell:Creating environment descriptor '/home/wu/SRC/Answers_to_JRAI/install/interfaces/share/interfaces/hook/cmake_prefix_path.dsv'
[0.608s] INFO:colcon.colcon_core.shell:Creating environment hook '/home/wu/SRC/Answers_to_JRAI/install/interfaces/share/interfaces/hook/cmake_prefix_path.sh'
[0.608s] Level 1:colcon.colcon_core.environment:checking '/home/wu/SRC/Answers_to_JRAI/install/interfaces/lib'
[0.608s] Level 1:colcon.colcon_core.shell:create_environment_hook('interfaces', 'ld_library_path_lib')
[0.609s] INFO:colcon.colcon_core.shell:Creating environment hook '/home/wu/SRC/Answers_to_JRAI/install/interfaces/share/interfaces/hook/ld_library_path_lib.ps1'
[0.609s] INFO:colcon.colcon_core.shell:Creating environment descriptor '/home/wu/SRC/Answers_to_JRAI/install/interfaces/share/interfaces/hook/ld_library_path_lib.dsv'
[0.609s] INFO:colcon.colcon_core.shell:Creating environment hook '/home/wu/SRC/Answers_to_JRAI/install/interfaces/share/interfaces/hook/ld_library_path_lib.sh'
[0.609s] Level 1:colcon.colcon_core.environment:checking '/home/wu/SRC/Answers_to_JRAI/install/interfaces/bin'
[0.609s] Level 1:colcon.colcon_core.environment:checking '/home/wu/SRC/Answers_to_JRAI/install/interfaces/lib/pkgconfig/interfaces.pc'
[0.610s] Level 1:colcon.colcon_core.environment:checking '/home/wu/SRC/Answers_to_JRAI/install/interfaces/lib/python3.10/site-packages'
[0.610s] Level 1:colcon.colcon_core.environment:checking '/home/wu/SRC/Answers_to_JRAI/install/interfaces/bin'
[0.610s] INFO:colcon.colcon_core.shell:Creating package script '/home/wu/SRC/Answers_to_JRAI/install/interfaces/share/interfaces/package.ps1'
[0.610s] INFO:colcon.colcon_core.shell:Creating package descriptor '/home/wu/SRC/Answers_to_JRAI/install/interfaces/share/interfaces/package.dsv'
[0.610s] INFO:colcon.colcon_core.shell:Creating package script '/home/wu/SRC/Answers_to_JRAI/install/interfaces/share/interfaces/package.sh'
[0.611s] INFO:colcon.colcon_core.shell:Creating package script '/home/wu/SRC/Answers_to_JRAI/install/interfaces/share/interfaces/package.bash'
[0.611s] INFO:colcon.colcon_core.shell:Creating package script '/home/wu/SRC/Answers_to_JRAI/install/interfaces/share/interfaces/package.zsh'
[0.611s] Level 1:colcon.colcon_core.environment:create_file_with_runtime_dependencies(/home/wu/SRC/Answers_to_JRAI/install/interfaces/share/colcon-core/packages/interfaces)
[0.611s] DEBUG:colcon.colcon_parallel_executor.executor.parallel:closing loop
[0.612s] DEBUG:colcon.colcon_parallel_executor.executor.parallel:loop closed
[0.612s] DEBUG:colcon.colcon_parallel_executor.executor.parallel:run_until_complete finished with '0'
[0.612s] DEBUG:colcon.colcon_core.event_reactor:joining thread
[0.616s] INFO:colcon.colcon_core.plugin_system:Skipping extension 'colcon_notification.desktop_notification.terminal_notifier': Not used on non-Darwin systems
[0.616s] INFO:colcon.colcon_core.plugin_system:Skipping extension 'colcon_notification.desktop_notification.win32': Not used on non-Windows systems
[0.616s] INFO:colcon.colcon_notification.desktop_notification:Sending desktop notification using 'notify2'
[0.628s] DEBUG:colcon.colcon_core.event_reactor:joined thread
[0.628s] INFO:colcon.colcon_core.shell:Creating prefix script '/home/wu/SRC/Answers_to_JRAI/install/local_setup.ps1'
[0.629s] INFO:colcon.colcon_core.shell:Creating prefix util module '/home/wu/SRC/Answers_to_JRAI/install/_local_setup_util_ps1.py'
[0.630s] INFO:colcon.colcon_core.shell:Creating prefix chain script '/home/wu/SRC/Answers_to_JRAI/install/setup.ps1'
[0.631s] INFO:colcon.colcon_core.shell:Creating prefix script '/home/wu/SRC/Answers_to_JRAI/install/local_setup.sh'
[0.631s] INFO:colcon.colcon_core.shell:Creating prefix util module '/home/wu/SRC/Answers_to_JRAI/install/_local_setup_util_sh.py'
[0.631s] INFO:colcon.colcon_core.shell:Creating prefix chain script '/home/wu/SRC/Answers_to_JRAI/install/setup.sh'
[0.632s] INFO:colcon.colcon_core.shell:Creating prefix script '/home/wu/SRC/Answers_to_JRAI/install/local_setup.bash'
[0.633s] INFO:colcon.colcon_core.shell:Creating prefix chain script '/home/wu/SRC/Answers_to_JRAI/install/setup.bash'
[0.633s] INFO:colcon.colcon_core.shell:Creating prefix script '/home/wu/SRC/Answers_to_JRAI/install/local_setup.zsh'
[0.633s] INFO:colcon.colcon_core.shell:Creating prefix chain script '/home/wu/SRC/Answers_to_JRAI/install/setup.zsh'
