[35m[1mConsolidate compiler generated dependencies of target node_2_02[0m
[35m[1mConsolidate compiler generated dependencies of target node_2_01[0m
[ 60%] Built target node_1_publisher
[ 60%] Built target node_1_subscriber
[ 60%] Built target node_2_03
[ 70%] [32mBuilding CXX object CMakeFiles/node_2_01.dir/src/node_2_01.cpp.o[0m
[ 90%] Built target node_2_02
In file included from [01m[K/opt/ros/humble/include/rclcpp/rclcpp/logging.hpp:24[m[K,
                 from [01m[K/opt/ros/humble/include/rclcpp/rclcpp/client.hpp:40[m[K,
                 from [01m[K/opt/ros/humble/include/rclcpp/rclcpp/callback_group.hpp:24[m[K,
                 from [01m[K/opt/ros/humble/include/rclcpp/rclcpp/any_executable.hpp:20[m[K,
                 from [01m[K/opt/ros/humble/include/rclcpp/rclcpp/memory_strategy.hpp:25[m[K,
                 from [01m[K/opt/ros/humble/include/rclcpp/rclcpp/memory_strategies.hpp:18[m[K,
                 from [01m[K/opt/ros/humble/include/rclcpp/rclcpp/executor_options.hpp:20[m[K,
                 from [01m[K/opt/ros/humble/include/rclcpp/rclcpp/executor.hpp:37[m[K,
                 from [01m[K/opt/ros/humble/include/rclcpp/rclcpp/executors/multi_threaded_executor.hpp:25[m[K,
                 from [01m[K/opt/ros/humble/include/rclcpp/rclcpp/executors.hpp:21[m[K,
                 from [01m[K/opt/ros/humble/include/rclcpp/rclcpp/rclcpp.hpp:155[m[K,
                 from [01m[K/home/wu/SRC/Answers_to_JRAI/src/part_one/src/node_2_01.cpp:1[m[K:
[01m[K/home/wu/SRC/Answers_to_JRAI/src/part_one/src/node_2_01.cpp:[m[K In member function ‘[01m[Kvoid Node01::fibo_callback(const String&) const[m[K’:
[01m[K/home/wu/SRC/Answers_to_JRAI/src/part_one/src/node_2_01.cpp:23:41:[m[K [01;35m[Kwarning: [m[Kformat ‘[01m[K%d[m[K’ expects argument of type ‘[01m[Kint[m[K’, but argument 5 has type ‘[01m[Kconst _data_type[m[K’ {aka ‘[01m[Kconst std::__cxx11::basic_string<char>[m[K’} [[01;35m[K]8;;https://gcc.gnu.org/onlinedocs/gcc/Warning-Options.html#index-Wformat=-Wformat=]8;;[m[K]
   23 |         RCLCPP_INFO(this->get_logger(), [01;35m[K"If %d is even: %s"[m[K, msg.data, if_even.data ? "True" : "Flase");
      |                                         [01;35m[K^~~~~~~~~~~~~~~~~~~[m[K
[01m[K/home/wu/SRC/Answers_to_JRAI/src/part_one/src/node_2_01.cpp:23:46:[m[K [01;36m[Knote: [m[Kformat string is defined here
   23 |         RCLCPP_INFO(this->get_logger(), "If [01;36m[K%d[m[K is even: %s", msg.data, if_even.data ? "True" : "Flase");
      |                                             [01;36m[K~^[m[K
      |                                              [01;36m[K|[m[K
      |                                              [01;36m[Kint[m[K
[100%] [32m[1mLinking CXX executable node_2_01[0m
[100%] Built target node_2_01
-- Install configuration: ""
-- Up-to-date: /home/wu/SRC/Answers_to_JRAI/install/part_one/lib/part_one/node_1_publisher
-- Up-to-date: /home/wu/SRC/Answers_to_JRAI/install/part_one/lib/part_one/node_1_subscriber
-- Installing: /home/wu/SRC/Answers_to_JRAI/install/part_one/lib/part_one/node_2_01
-- Set runtime path of "/home/wu/SRC/Answers_to_JRAI/install/part_one/lib/part_one/node_2_01" to ""
-- Up-to-date: /home/wu/SRC/Answers_to_JRAI/install/part_one/lib/part_one/node_2_02
-- Up-to-date: /home/wu/SRC/Answers_to_JRAI/install/part_one/lib/part_one/node_2_03
-- Up-to-date: /home/wu/SRC/Answers_to_JRAI/install/part_one/share/ament_index/resource_index/package_run_dependencies/part_one
-- Up-to-date: /home/wu/SRC/Answers_to_JRAI/install/part_one/share/ament_index/resource_index/parent_prefix_path/part_one
-- Up-to-date: /home/wu/SRC/Answers_to_JRAI/install/part_one/share/part_one/environment/ament_prefix_path.sh
-- Up-to-date: /home/wu/SRC/Answers_to_JRAI/install/part_one/share/part_one/environment/ament_prefix_path.dsv
-- Up-to-date: /home/wu/SRC/Answers_to_JRAI/install/part_one/share/part_one/environment/path.sh
-- Up-to-date: /home/wu/SRC/Answers_to_JRAI/install/part_one/share/part_one/environment/path.dsv
-- Up-to-date: /home/wu/SRC/Answers_to_JRAI/install/part_one/share/part_one/local_setup.bash
-- Up-to-date: /home/wu/SRC/Answers_to_JRAI/install/part_one/share/part_one/local_setup.sh
-- Up-to-date: /home/wu/SRC/Answers_to_JRAI/install/part_one/share/part_one/local_setup.zsh
-- Up-to-date: /home/wu/SRC/Answers_to_JRAI/install/part_one/share/part_one/local_setup.dsv
-- Installing: /home/wu/SRC/Answers_to_JRAI/install/part_one/share/part_one/package.dsv
-- Up-to-date: /home/wu/SRC/Answers_to_JRAI/install/part_one/share/ament_index/resource_index/packages/part_one
-- Up-to-date: /home/wu/SRC/Answers_to_JRAI/install/part_one/share/part_one/cmake/part_oneConfig.cmake
-- Up-to-date: /home/wu/SRC/Answers_to_JRAI/install/part_one/share/part_one/cmake/part_oneConfig-version.cmake
-- Up-to-date: /home/wu/SRC/Answers_to_JRAI/install/part_one/share/part_one/package.xml
