[0.007s] Invoking command in '/home/wu/SRC/Answers_to_JRAI/build/btcpp_ros2_samples': CMAKE_PREFIX_PATH=/opt/ros/humble /usr/bin/cmake /home/wu/SRC/Answers_to_JRAI/src/btcpp_ros2_samples -DCMAKE_INSTALL_PREFIX=/home/wu/SRC/Answers_to_JRAI/install/btcpp_ros2_samples
[0.050s] -- The C compiler identification is GNU 11.4.0
[0.091s] -- The CXX compiler identification is GNU 11.4.0
[0.096s] -- Detecting C compiler ABI info
[0.150s] -- Detecting C compiler ABI info - done
[0.154s] -- Check for working C compiler: /usr/bin/cc - skipped
[0.154s] -- Detecting C compile features
[0.154s] -- Detecting C compile features - done
[0.156s] -- Detecting CXX compiler ABI info
[0.222s] -- Detecting CXX compiler ABI info - done
[0.234s] -- Check for working CXX compiler: /usr/bin/c++ - skipped
[0.234s] -- Detecting CXX compile features
[0.235s] -- Detecting CXX compile features - done
[0.238s] -- Found ament_cmake: 1.3.9 (/opt/ros/humble/share/ament_cmake/cmake)
[0.341s] -- Found Python3: /usr/bin/python3 (found version "3.10.12") found components: Interpreter 
[0.418s] -- Found behaviortree_ros2: 0.2.0 (/usr/local/share/behaviortree_ros2/cmake)
[0.453s] -- Found rosidl_generator_c: 3.1.5 (/opt/ros/humble/share/rosidl_generator_c/cmake)
[0.455s] -- Found rosidl_adapter: 3.1.5 (/opt/ros/humble/share/rosidl_adapter/cmake)
[0.460s] -- Found rosidl_generator_cpp: 3.1.5 (/opt/ros/humble/share/rosidl_generator_cpp/cmake)
[0.469s] -- Using all available rosidl_typesupport_c: rosidl_typesupport_fastrtps_c;rosidl_typesupport_introspection_c
[0.480s] -- Using all available rosidl_typesupport_cpp: rosidl_typesupport_fastrtps_cpp;rosidl_typesupport_introspection_cpp
[0.518s] -- Found rmw_implementation_cmake: 6.1.2 (/opt/ros/humble/share/rmw_implementation_cmake/cmake)
[0.519s] -- Found rmw_fastrtps_cpp: 6.2.6 (/opt/ros/humble/share/rmw_fastrtps_cpp/cmake)
[0.591s] -- Found OpenSSL: /usr/lib/x86_64-linux-gnu/libcrypto.so (found version "3.0.2")  
[0.611s] -- Found FastRTPS: /opt/ros/humble/include  
[0.646s] -- Using RMW implementation 'rmw_fastrtps_cpp' as default
[0.653s] -- Looking for pthread.h
[0.715s] -- Looking for pthread.h - found
[0.715s] -- Performing Test CMAKE_HAVE_LIBC_PTHREAD
[0.773s] -- Performing Test CMAKE_HAVE_LIBC_PTHREAD - Success
[0.774s] -- Found Threads: TRUE  
[0.963s] -- Found parameter_traits: 0.3.8 (/usr/local/share/parameter_traits/cmake)
[0.976s] -- Found rclcpp_lifecycle: 16.0.9 (/opt/ros/humble/share/rclcpp_lifecycle/cmake)
[1.000s] -- Found std_srvs: 4.2.4 (/opt/ros/humble/share/std_srvs/cmake)
[1.057s] -- Configuring done
[1.081s] -- Generating done
[1.082s] -- Build files have been written to: /home/wu/SRC/Answers_to_JRAI/build/btcpp_ros2_samples
[1.090s] Invoked command in '/home/wu/SRC/Answers_to_JRAI/build/btcpp_ros2_samples' returned '0': CMAKE_PREFIX_PATH=/opt/ros/humble /usr/bin/cmake /home/wu/SRC/Answers_to_JRAI/src/btcpp_ros2_samples -DCMAKE_INSTALL_PREFIX=/home/wu/SRC/Answers_to_JRAI/install/btcpp_ros2_samples
[1.092s] Invoking command in '/home/wu/SRC/Answers_to_JRAI/build/btcpp_ros2_samples': CMAKE_PREFIX_PATH=/opt/ros/humble /usr/bin/cmake --build /home/wu/SRC/Answers_to_JRAI/build/btcpp_ros2_samples -- -j16 -l16
[1.135s] [ 44%] [32mBuilding CXX object CMakeFiles/sleep_client.dir/src/sleep_client.cpp.o[0m
[1.135s] [ 44%] [32mBuilding CXX object CMakeFiles/sleep_server.dir/src/sleep_server.cpp.o[0m
[1.135s] [ 44%] [32mBuilding CXX object CMakeFiles/bool_client.dir/src/set_bool_node.cpp.o[0m
[1.135s] [ 44%] [32mBuilding CXX object CMakeFiles/bool_client.dir/src/bool_client.cpp.o[0m
[1.135s] [ 44%] [32mBuilding CXX object CMakeFiles/sample_bt_executor.dir/src/sample_bt_executor.cpp.o[0m
[1.135s] [ 44%] [32mBuilding CXX object CMakeFiles/bool_server.dir/src/bool_server.cpp.o[0m
[1.135s] [ 44%] [32mBuilding CXX object CMakeFiles/sleep_plugin.dir/src/sleep_action.cpp.o[0m
[1.135s] [ 44%] [32mBuilding CXX object CMakeFiles/sleep_client.dir/src/sleep_action.cpp.o[0m
[1.135s] [ 50%] [32mBuilding CXX object CMakeFiles/subscriber_test.dir/src/subscriber_test.cpp.o[0m
[3.769s] [ 55%] [32m[1mLinking CXX executable bool_server[0m
[3.920s] [ 55%] Built target bool_server
[5.569s] [ 61%] [32m[1mLinking CXX executable sleep_server[0m
[5.716s] [ 61%] Built target sleep_server
[6.017s] [ 66%] [32m[1mLinking CXX executable sleep_client[0m
[6.116s] [ 72%] [32m[1mLinking CXX shared library libsleep_plugin.so[0m
[6.239s] [ 77%] [32m[1mLinking CXX executable bool_client[0m
[6.244s] [ 77%] Built target sleep_client
[6.276s] [ 77%] Built target sleep_plugin
[6.295s] [ 83%] [32mBuilding CXX object CMakeFiles/sleep_client_dyn.dir/src/sleep_client.cpp.o[0m
[6.405s] [ 83%] Built target bool_client
[8.843s] [ 88%] [32m[1mLinking CXX executable sample_bt_executor[0m
[9.214s] [ 88%] Built target sample_bt_executor
[9.719s] [ 94%] [32m[1mLinking CXX executable sleep_client_dyn[0m
[9.841s] [ 94%] Built target sleep_client_dyn
[10.438s] [100%] [32m[1mLinking CXX executable subscriber_test[0m
[10.737s] [100%] Built target subscriber_test
[10.751s] Invoked command in '/home/wu/SRC/Answers_to_JRAI/build/btcpp_ros2_samples' returned '0': CMAKE_PREFIX_PATH=/opt/ros/humble /usr/bin/cmake --build /home/wu/SRC/Answers_to_JRAI/build/btcpp_ros2_samples -- -j16 -l16
[10.808s] Invoking command in '/home/wu/SRC/Answers_to_JRAI/build/btcpp_ros2_samples': CMAKE_PREFIX_PATH=/opt/ros/humble /usr/bin/cmake --install /home/wu/SRC/Answers_to_JRAI/build/btcpp_ros2_samples
[10.813s] -- Install configuration: ""
[10.813s] -- Installing: /home/wu/SRC/Answers_to_JRAI/install/btcpp_ros2_samples/lib/btcpp_ros2_samples/sleep_client
[10.814s] -- Set runtime path of "/home/wu/SRC/Answers_to_JRAI/install/btcpp_ros2_samples/lib/btcpp_ros2_samples/sleep_client" to ""
[10.814s] -- Installing: /home/wu/SRC/Answers_to_JRAI/install/btcpp_ros2_samples/lib/btcpp_ros2_samples/sleep_client_dyn
[10.815s] -- Set runtime path of "/home/wu/SRC/Answers_to_JRAI/install/btcpp_ros2_samples/lib/btcpp_ros2_samples/sleep_client_dyn" to ""
[10.815s] -- Installing: /home/wu/SRC/Answers_to_JRAI/install/btcpp_ros2_samples/lib/btcpp_ros2_samples/sleep_server
[10.816s] -- Set runtime path of "/home/wu/SRC/Answers_to_JRAI/install/btcpp_ros2_samples/lib/btcpp_ros2_samples/sleep_server" to ""
[10.816s] -- Installing: /home/wu/SRC/Answers_to_JRAI/install/btcpp_ros2_samples/lib/btcpp_ros2_samples/libsleep_plugin.so
[10.817s] -- Set runtime path of "/home/wu/SRC/Answers_to_JRAI/install/btcpp_ros2_samples/lib/btcpp_ros2_samples/libsleep_plugin.so" to ""
[10.817s] -- Installing: /home/wu/SRC/Answers_to_JRAI/install/btcpp_ros2_samples/lib/btcpp_ros2_samples/subscriber_test
[10.820s] -- Set runtime path of "/home/wu/SRC/Answers_to_JRAI/install/btcpp_ros2_samples/lib/btcpp_ros2_samples/subscriber_test" to ""
[10.820s] -- Installing: /home/wu/SRC/Answers_to_JRAI/install/btcpp_ros2_samples/lib/btcpp_ros2_samples/sample_bt_executor
[10.824s] -- Set runtime path of "/home/wu/SRC/Answers_to_JRAI/install/btcpp_ros2_samples/lib/btcpp_ros2_samples/sample_bt_executor" to ""
[10.824s] -- Installing: /home/wu/SRC/Answers_to_JRAI/install/btcpp_ros2_samples/lib/btcpp_ros2_samples/bool_client
[10.825s] -- Set runtime path of "/home/wu/SRC/Answers_to_JRAI/install/btcpp_ros2_samples/lib/btcpp_ros2_samples/bool_client" to ""
[10.825s] -- Installing: /home/wu/SRC/Answers_to_JRAI/install/btcpp_ros2_samples/lib/btcpp_ros2_samples/bool_server
[10.825s] -- Set runtime path of "/home/wu/SRC/Answers_to_JRAI/install/btcpp_ros2_samples/lib/btcpp_ros2_samples/bool_server" to ""
[10.825s] -- Installing: /home/wu/SRC/Answers_to_JRAI/install/btcpp_ros2_samples/share/btcpp_ros2_samples/bt_plugins/libsleep_plugin.so
[10.827s] -- Set runtime path of "/home/wu/SRC/Answers_to_JRAI/install/btcpp_ros2_samples/share/btcpp_ros2_samples/bt_plugins/libsleep_plugin.so" to ""
[10.827s] -- Installing: /home/wu/SRC/Answers_to_JRAI/install/btcpp_ros2_samples/share/btcpp_ros2_samples//behavior_trees
[10.827s] -- Installing: /home/wu/SRC/Answers_to_JRAI/install/btcpp_ros2_samples/share/btcpp_ros2_samples//behavior_trees/door_closed.xml
[10.827s] -- Installing: /home/wu/SRC/Answers_to_JRAI/install/btcpp_ros2_samples/share/btcpp_ros2_samples//behavior_trees/cross_door.xml
[10.827s] -- Installing: /home/wu/SRC/Answers_to_JRAI/install/btcpp_ros2_samples/share/btcpp_ros2_samples//behavior_trees/sleep_action.xml
[10.827s] -- Installing: /home/wu/SRC/Answers_to_JRAI/install/btcpp_ros2_samples/share/btcpp_ros2_samples//config
[10.828s] -- Installing: /home/wu/SRC/Answers_to_JRAI/install/btcpp_ros2_samples/share/btcpp_ros2_samples//config/sample_bt_executor.yaml
[10.828s] -- Installing: /home/wu/SRC/Answers_to_JRAI/install/btcpp_ros2_samples/share/btcpp_ros2_samples//launch
[10.828s] -- Installing: /home/wu/SRC/Answers_to_JRAI/install/btcpp_ros2_samples/share/btcpp_ros2_samples//launch/sample_bt_executor.launch.xml
[10.828s] -- Installing: /home/wu/SRC/Answers_to_JRAI/install/btcpp_ros2_samples/share/ament_index/resource_index/package_run_dependencies/btcpp_ros2_samples
[10.828s] -- Installing: /home/wu/SRC/Answers_to_JRAI/install/btcpp_ros2_samples/share/ament_index/resource_index/parent_prefix_path/btcpp_ros2_samples
[10.828s] -- Installing: /home/wu/SRC/Answers_to_JRAI/install/btcpp_ros2_samples/share/btcpp_ros2_samples/environment/ament_prefix_path.sh
[10.828s] -- Installing: /home/wu/SRC/Answers_to_JRAI/install/btcpp_ros2_samples/share/btcpp_ros2_samples/environment/ament_prefix_path.dsv
[10.828s] -- Installing: /home/wu/SRC/Answers_to_JRAI/install/btcpp_ros2_samples/share/btcpp_ros2_samples/environment/path.sh
[10.828s] -- Installing: /home/wu/SRC/Answers_to_JRAI/install/btcpp_ros2_samples/share/btcpp_ros2_samples/environment/path.dsv
[10.828s] -- Installing: /home/wu/SRC/Answers_to_JRAI/install/btcpp_ros2_samples/share/btcpp_ros2_samples/local_setup.bash
[10.828s] -- Installing: /home/wu/SRC/Answers_to_JRAI/install/btcpp_ros2_samples/share/btcpp_ros2_samples/local_setup.sh
[10.828s] -- Installing: /home/wu/SRC/Answers_to_JRAI/install/btcpp_ros2_samples/share/btcpp_ros2_samples/local_setup.zsh
[10.828s] -- Installing: /home/wu/SRC/Answers_to_JRAI/install/btcpp_ros2_samples/share/btcpp_ros2_samples/local_setup.dsv
[10.829s] -- Installing: /home/wu/SRC/Answers_to_JRAI/install/btcpp_ros2_samples/share/btcpp_ros2_samples/package.dsv
[10.829s] -- Installing: /home/wu/SRC/Answers_to_JRAI/install/btcpp_ros2_samples/share/ament_index/resource_index/packages/btcpp_ros2_samples
[10.829s] -- Installing: /home/wu/SRC/Answers_to_JRAI/install/btcpp_ros2_samples/share/btcpp_ros2_samples/cmake/ament_cmake_export_dependencies-extras.cmake
[10.829s] -- Installing: /home/wu/SRC/Answers_to_JRAI/install/btcpp_ros2_samples/share/btcpp_ros2_samples/cmake/btcpp_ros2_samplesConfig.cmake
[10.829s] -- Installing: /home/wu/SRC/Answers_to_JRAI/install/btcpp_ros2_samples/share/btcpp_ros2_samples/cmake/btcpp_ros2_samplesConfig-version.cmake
[10.829s] -- Installing: /home/wu/SRC/Answers_to_JRAI/install/btcpp_ros2_samples/share/btcpp_ros2_samples/package.xml
[10.831s] Invoked command in '/home/wu/SRC/Answers_to_JRAI/build/btcpp_ros2_samples' returned '0': CMAKE_PREFIX_PATH=/opt/ros/humble /usr/bin/cmake --install /home/wu/SRC/Answers_to_JRAI/build/btcpp_ros2_samples
