[0.012s] Invoking command in '/home/wu/SRC/Answers_to_JRAI/build/bt_ros2': CMAKE_PREFIX_PATH=/home/wu/SRC/Answers_to_JRAI/install/interfaces:/home/wu/SRC/Answers_to_JRAI/install/part_one:/home/wu/SRC/Answers_to_JRAI/install/btcpp_ros2_samples:/home/wu/SRC/Answers_to_JRAI/install/bt_ros2:/home/wu/SRC/Answers_to_JRAI/install/bt_cpp:/opt/ros/humble /usr/bin/cmake --build /home/wu/SRC/Answers_to_JRAI/build/bt_ros2 -- -j16 -l16
[0.034s] -- Found ament_cmake: 1.3.9 (/opt/ros/humble/share/ament_cmake/cmake)
[0.109s] -- Found rclcpp: 16.0.9 (/opt/ros/humble/share/rclcpp/cmake)
[0.129s] -- Found rosidl_generator_c: 3.1.5 (/opt/ros/humble/share/rosidl_generator_c/cmake)
[0.130s] -- Found rosidl_adapter: 3.1.5 (/opt/ros/humble/share/rosidl_adapter/cmake)
[0.134s] -- Found rosidl_generator_cpp: 3.1.5 (/opt/ros/humble/share/rosidl_generator_cpp/cmake)
[0.140s] -- Using all available rosidl_typesupport_c: rosidl_typesupport_fastrtps_c;rosidl_typesupport_introspection_c
[0.148s] -- Using all available rosidl_typesupport_cpp: rosidl_typesupport_fastrtps_cpp;rosidl_typesupport_introspection_cpp
[0.188s] -- Found rmw_implementation_cmake: 6.1.2 (/opt/ros/humble/share/rmw_implementation_cmake/cmake)
[0.188s] -- Found rmw_fastrtps_cpp: 6.2.6 (/opt/ros/humble/share/rmw_fastrtps_cpp/cmake)
[0.277s] -- Using RMW implementation 'rmw_fastrtps_cpp' as default
[0.365s] -- Found rclcpp_action: 16.0.9 (/opt/ros/humble/share/rclcpp_action/cmake)
[0.416s] -- Found behaviortree_ros2: 0.2.0 (/usr/local/share/behaviortree_ros2/cmake)
[0.457s] -- Found parameter_traits: 0.3.8 (/usr/local/share/parameter_traits/cmake)
[0.464s] -- Found rclcpp_lifecycle: 16.0.9 (/opt/ros/humble/share/rclcpp_lifecycle/cmake)
[0.489s] -- Found interfaces: 0.0.0 (/home/wu/SRC/Answers_to_JRAI/install/interfaces/share/interfaces/cmake)
[0.519s] -- Found ament_lint_auto: 0.12.11 (/opt/ros/humble/share/ament_lint_auto/cmake)
[0.567s] -- Added test 'cppcheck' to perform static code analysis on C / C++ code
[0.567s] -- Configured cppcheck include dirs: 
[0.567s] -- Configured cppcheck exclude dirs and/or files: 
[0.567s] -- Added test 'lint_cmake' to check CMake code style
[0.569s] -- Added test 'uncrustify' to check C / C++ code style
[0.569s] -- Configured uncrustify additional arguments: 
[0.570s] -- Added test 'xmllint' to check XML markup files
[0.571s] -- Configuring done
[0.582s] -- Generating done
[0.583s] -- Build files have been written to: /home/wu/SRC/Answers_to_JRAI/build/bt_ros2
[0.610s] [35m[1mConsolidate compiler generated dependencies of target sample_server[0m
[0.610s] [35m[1mConsolidate compiler generated dependencies of target sample_client[0m
[0.628s] [ 40%] [32m[1mLinking CXX executable sample_server[0m
[0.629s] [ 40%] [32m[1mLinking CXX executable sample_client[0m
[0.772s] [ 60%] Built target sample_server
[0.842s] [100%] Built target sample_client
[0.850s] Invoked command in '/home/wu/SRC/Answers_to_JRAI/build/bt_ros2' returned '0': CMAKE_PREFIX_PATH=/home/wu/SRC/Answers_to_JRAI/install/interfaces:/home/wu/SRC/Answers_to_JRAI/install/part_one:/home/wu/SRC/Answers_to_JRAI/install/btcpp_ros2_samples:/home/wu/SRC/Answers_to_JRAI/install/bt_ros2:/home/wu/SRC/Answers_to_JRAI/install/bt_cpp:/opt/ros/humble /usr/bin/cmake --build /home/wu/SRC/Answers_to_JRAI/build/bt_ros2 -- -j16 -l16
[0.891s] Invoking command in '/home/wu/SRC/Answers_to_JRAI/build/bt_ros2': CMAKE_PREFIX_PATH=/home/wu/SRC/Answers_to_JRAI/install/interfaces:/home/wu/SRC/Answers_to_JRAI/install/part_one:/home/wu/SRC/Answers_to_JRAI/install/btcpp_ros2_samples:/home/wu/SRC/Answers_to_JRAI/install/bt_ros2:/home/wu/SRC/Answers_to_JRAI/install/bt_cpp:/opt/ros/humble /usr/bin/cmake --install /home/wu/SRC/Answers_to_JRAI/build/bt_ros2
[0.895s] -- Install configuration: ""
[0.895s] -- Installing: /home/wu/SRC/Answers_to_JRAI/install/bt_ros2/lib/bt_ros2/sample_server
[0.895s] -- Set runtime path of "/home/wu/SRC/Answers_to_JRAI/install/bt_ros2/lib/bt_ros2/sample_server" to ""
[0.896s] -- Installing: /home/wu/SRC/Answers_to_JRAI/install/bt_ros2/lib/bt_ros2/sample_client
[0.897s] -- Set runtime path of "/home/wu/SRC/Answers_to_JRAI/install/bt_ros2/lib/bt_ros2/sample_client" to ""
[0.897s] -- Up-to-date: /home/wu/SRC/Answers_to_JRAI/install/bt_ros2/share/ament_index/resource_index/package_run_dependencies/bt_ros2
[0.897s] -- Up-to-date: /home/wu/SRC/Answers_to_JRAI/install/bt_ros2/share/ament_index/resource_index/parent_prefix_path/bt_ros2
[0.897s] -- Up-to-date: /home/wu/SRC/Answers_to_JRAI/install/bt_ros2/share/bt_ros2/environment/ament_prefix_path.sh
[0.897s] -- Installing: /home/wu/SRC/Answers_to_JRAI/install/bt_ros2/share/bt_ros2/environment/ament_prefix_path.dsv
[0.897s] -- Up-to-date: /home/wu/SRC/Answers_to_JRAI/install/bt_ros2/share/bt_ros2/environment/path.sh
[0.897s] -- Installing: /home/wu/SRC/Answers_to_JRAI/install/bt_ros2/share/bt_ros2/environment/path.dsv
[0.897s] -- Up-to-date: /home/wu/SRC/Answers_to_JRAI/install/bt_ros2/share/bt_ros2/local_setup.bash
[0.897s] -- Up-to-date: /home/wu/SRC/Answers_to_JRAI/install/bt_ros2/share/bt_ros2/local_setup.sh
[0.897s] -- Up-to-date: /home/wu/SRC/Answers_to_JRAI/install/bt_ros2/share/bt_ros2/local_setup.zsh
[0.897s] -- Installing: /home/wu/SRC/Answers_to_JRAI/install/bt_ros2/share/bt_ros2/local_setup.dsv
[0.897s] -- Installing: /home/wu/SRC/Answers_to_JRAI/install/bt_ros2/share/bt_ros2/package.dsv
[0.898s] -- Up-to-date: /home/wu/SRC/Answers_to_JRAI/install/bt_ros2/share/ament_index/resource_index/packages/bt_ros2
[0.898s] -- Up-to-date: /home/wu/SRC/Answers_to_JRAI/install/bt_ros2/share/bt_ros2/cmake/bt_ros2Config.cmake
[0.898s] -- Up-to-date: /home/wu/SRC/Answers_to_JRAI/install/bt_ros2/share/bt_ros2/cmake/bt_ros2Config-version.cmake
[0.898s] -- Up-to-date: /home/wu/SRC/Answers_to_JRAI/install/bt_ros2/share/bt_ros2/package.xml
[0.899s] Invoked command in '/home/wu/SRC/Answers_to_JRAI/build/bt_ros2' returned '0': CMAKE_PREFIX_PATH=/home/wu/SRC/Answers_to_JRAI/install/interfaces:/home/wu/SRC/Answers_to_JRAI/install/part_one:/home/wu/SRC/Answers_to_JRAI/install/btcpp_ros2_samples:/home/wu/SRC/Answers_to_JRAI/install/bt_ros2:/home/wu/SRC/Answers_to_JRAI/install/bt_cpp:/opt/ros/humble /usr/bin/cmake --install /home/wu/SRC/Answers_to_JRAI/build/bt_ros2
