[0.007s] Invoking command in '/home/wu/SRC/Answers_to_JRAI/build/interfaces': CMAKE_PREFIX_PATH=/opt/ros/humble /usr/bin/cmake /home/wu/SRC/Answers_to_JRAI/src/interfaces -DCMAKE_INSTALL_PREFIX=/home/wu/SRC/Answers_to_JRAI/install/interfaces
[0.055s] -- The C compiler identification is GNU 11.4.0
[0.091s] -- The CXX compiler identification is GNU 11.4.0
[0.096s] -- Detecting C compiler ABI info
[0.156s] -- Detecting C compiler ABI info - done
[0.168s] -- Check for working C compiler: /usr/bin/cc - skipped
[0.168s] -- Detecting C compile features
[0.169s] -- Detecting C compile features - done
[0.173s] -- Detecting CXX compiler ABI info
[0.247s] -- Detecting CXX compiler ABI info - done
[0.261s] -- Check for working CXX compiler: /usr/bin/c++ - skipped
[0.262s] -- Detecting CXX compile features
[0.262s] -- Detecting CXX compile features - done
[0.266s] -- Found ament_cmake: 1.3.9 (/opt/ros/humble/share/ament_cmake/cmake)
[0.368s] -- Found Python3: /usr/bin/python3 (found version "3.10.12") found components: Interpreter 
[0.442s] -- Found rosidl_default_generators: 1.2.0 (/opt/ros/humble/share/rosidl_default_generators/cmake)
[0.445s] -- Using all available rosidl_typesupport_c: rosidl_typesupport_fastrtps_c;rosidl_typesupport_introspection_c
[0.452s] -- Found rosidl_adapter: 3.1.5 (/opt/ros/humble/share/rosidl_adapter/cmake)
[0.477s] -- Using all available rosidl_typesupport_cpp: rosidl_typesupport_fastrtps_cpp;rosidl_typesupport_introspection_cpp
[0.702s] -- Found ament_cmake_ros: 0.10.0 (/opt/ros/humble/share/ament_cmake_ros/cmake)
[0.828s] -- Using all available rosidl_typesupport_c: rosidl_typesupport_fastrtps_c;rosidl_typesupport_introspection_c
[0.998s] -- Using all available rosidl_typesupport_cpp: rosidl_typesupport_fastrtps_cpp;rosidl_typesupport_introspection_cpp
[1.017s] -- Found PythonInterp: /usr/bin/python3 (found suitable version "3.10.12", minimum required is "3.6") 
[1.018s] -- Found python_cmake_module: 0.10.0 (/opt/ros/humble/share/python_cmake_module/cmake)
[1.040s] -- Found PythonLibs: /usr/lib/x86_64-linux-gnu/libpython3.10.so (found suitable version "3.10.12", minimum required is "3.5") 
[1.040s] -- Using PYTHON_EXECUTABLE: /usr/bin/python3
[1.040s] -- Using PYTHON_INCLUDE_DIRS: /usr/include/python3.10
[1.040s] -- Using PYTHON_LIBRARIES: /usr/lib/x86_64-linux-gnu/libpython3.10.so
[1.054s] -- Found PythonExtra: .so  
[1.095s] -- Found ament_lint_auto: 0.12.11 (/opt/ros/humble/share/ament_lint_auto/cmake)
[1.108s] -- Added test 'lint_cmake' to check CMake code style
[1.109s] -- Added test 'xmllint' to check XML markup files
[1.111s] -- Configuring done
[1.136s] -- Generating done
[1.138s] -- Build files have been written to: /home/wu/SRC/Answers_to_JRAI/build/interfaces
[1.143s] Invoked command in '/home/wu/SRC/Answers_to_JRAI/build/interfaces' returned '0': CMAKE_PREFIX_PATH=/opt/ros/humble /usr/bin/cmake /home/wu/SRC/Answers_to_JRAI/src/interfaces -DCMAKE_INSTALL_PREFIX=/home/wu/SRC/Answers_to_JRAI/install/interfaces
[1.146s] Invoking command in '/home/wu/SRC/Answers_to_JRAI/build/interfaces': CMAKE_PREFIX_PATH=/opt/ros/humble /usr/bin/cmake --build /home/wu/SRC/Answers_to_JRAI/build/interfaces -- -j16 -l16
[1.175s] [  2%] [34m[1mGenerating C code for ROS interfaces[0m
[1.182s] [  4%] [34m[1mGenerating C++ code for ROS interfaces[0m
[1.189s] [  4%] Built target ament_cmake_python_copy_interfaces
[1.325s] running egg_info
[1.325s] creating interfaces.egg-info
[1.326s] writing interfaces.egg-info/PKG-INFO
[1.326s] writing dependency_links to interfaces.egg-info/dependency_links.txt
[1.326s] writing top-level names to interfaces.egg-info/top_level.txt
[1.326s] writing manifest file 'interfaces.egg-info/SOURCES.txt'
[1.327s] reading manifest file 'interfaces.egg-info/SOURCES.txt'
[1.328s] writing manifest file 'interfaces.egg-info/SOURCES.txt'
[1.349s] [  4%] Built target ament_cmake_python_build_interfaces_egg
[1.468s] [  4%] Built target interfaces__cpp
[1.475s] [ 10%] [34m[1mGenerating C++ introspection for ROS interfaces[0m
[1.475s] [ 10%] [34m[1mGenerating C++ type support for eProsima Fast-RTPS[0m
[1.475s] [ 10%] [34m[1mGenerating C++ type support dispatch for ROS interfaces[0m
[1.476s] [ 12%] [32mBuilding C object CMakeFiles/interfaces__rosidl_generator_c.dir/rosidl_generator_c/interfaces/msg/detail/now__functions.c.o[0m
[1.476s] [ 14%] [32mBuilding C object CMakeFiles/interfaces__rosidl_generator_c.dir/rosidl_generator_c/interfaces/srv/detail/money__functions.c.o[0m
[1.476s] [ 17%] [32mBuilding C object CMakeFiles/interfaces__rosidl_generator_c.dir/rosidl_generator_c/interfaces/action/detail/boiling__functions.c.o[0m
[1.555s] [ 19%] [32m[1mLinking C shared library libinterfaces__rosidl_generator_c.so[0m
[1.586s] [ 19%] Built target interfaces__rosidl_generator_c
[1.594s] [ 25%] [34m[1mGenerating C type support for eProsima Fast-RTPS[0m
[1.594s] [ 25%] [34m[1mGenerating C type support dispatch for ROS interfaces[0m
[1.594s] [ 25%] [34m[1mGenerating C introspection for ROS interfaces[0m
[1.666s] [ 31%] [32mBuilding CXX object CMakeFiles/interfaces__rosidl_typesupport_cpp.dir/rosidl_typesupport_cpp/interfaces/srv/money__type_support.cpp.o[0m
[1.667s] [ 31%] [32mBuilding CXX object CMakeFiles/interfaces__rosidl_typesupport_cpp.dir/rosidl_typesupport_cpp/interfaces/action/boiling__type_support.cpp.o[0m
[1.667s] [ 31%] [32mBuilding CXX object CMakeFiles/interfaces__rosidl_typesupport_cpp.dir/rosidl_typesupport_cpp/interfaces/msg/now__type_support.cpp.o[0m
[1.699s] [ 34%] [32mBuilding CXX object CMakeFiles/interfaces__rosidl_typesupport_introspection_cpp.dir/rosidl_typesupport_introspection_cpp/interfaces/msg/detail/now__type_support.cpp.o[0m
[1.700s] [ 38%] [32mBuilding CXX object CMakeFiles/interfaces__rosidl_typesupport_introspection_cpp.dir/rosidl_typesupport_introspection_cpp/interfaces/action/detail/boiling__type_support.cpp.o[0m
[1.700s] [ 38%] [32mBuilding CXX object CMakeFiles/interfaces__rosidl_typesupport_introspection_cpp.dir/rosidl_typesupport_introspection_cpp/interfaces/srv/detail/money__type_support.cpp.o[0m
[1.747s] [ 44%] [32mBuilding CXX object CMakeFiles/interfaces__rosidl_typesupport_fastrtps_cpp.dir/rosidl_typesupport_fastrtps_cpp/interfaces/action/detail/dds_fastrtps/boiling__type_support.cpp.o[0m
[1.747s] [ 44%] [32mBuilding CXX object CMakeFiles/interfaces__rosidl_typesupport_fastrtps_cpp.dir/rosidl_typesupport_fastrtps_cpp/interfaces/msg/detail/dds_fastrtps/now__type_support.cpp.o[0m
[1.747s] [ 44%] [32mBuilding CXX object CMakeFiles/interfaces__rosidl_typesupport_fastrtps_cpp.dir/rosidl_typesupport_fastrtps_cpp/interfaces/srv/detail/dds_fastrtps/money__type_support.cpp.o[0m
[1.798s] [ 51%] [32mBuilding CXX object CMakeFiles/interfaces__rosidl_typesupport_c.dir/rosidl_typesupport_c/interfaces/srv/money__type_support.cpp.o[0m
[1.799s] [ 51%] [32mBuilding CXX object CMakeFiles/interfaces__rosidl_typesupport_c.dir/rosidl_typesupport_c/interfaces/msg/now__type_support.cpp.o[0m
[1.799s] [ 51%] [32mBuilding CXX object CMakeFiles/interfaces__rosidl_typesupport_c.dir/rosidl_typesupport_c/interfaces/action/boiling__type_support.cpp.o[0m
[1.846s] [ 53%] [32m[1mLinking CXX shared library libinterfaces__rosidl_typesupport_c.so[0m
[1.880s] [ 53%] Built target interfaces__rosidl_typesupport_c
[1.917s] [ 59%] [32mBuilding C object CMakeFiles/interfaces__rosidl_typesupport_introspection_c.dir/rosidl_typesupport_introspection_c/interfaces/srv/detail/money__type_support.c.o[0m
[1.917s] [ 59%] [32mBuilding C object CMakeFiles/interfaces__rosidl_typesupport_introspection_c.dir/rosidl_typesupport_introspection_c/interfaces/msg/detail/now__type_support.c.o[0m
[1.917s] [ 59%] [32mBuilding C object CMakeFiles/interfaces__rosidl_typesupport_introspection_c.dir/rosidl_typesupport_introspection_c/interfaces/action/detail/boiling__type_support.c.o[0m
[1.951s] [ 61%] [32m[1mLinking C shared library libinterfaces__rosidl_typesupport_introspection_c.so[0m
[1.964s] [ 63%] [32mBuilding CXX object CMakeFiles/interfaces__rosidl_typesupport_fastrtps_c.dir/rosidl_typesupport_fastrtps_c/interfaces/msg/detail/now__type_support_c.cpp.o[0m
[1.964s] [ 68%] [32mBuilding CXX object CMakeFiles/interfaces__rosidl_typesupport_fastrtps_c.dir/rosidl_typesupport_fastrtps_c/interfaces/action/detail/boiling__type_support_c.cpp.o[0m
[1.965s] [ 68%] [32mBuilding CXX object CMakeFiles/interfaces__rosidl_typesupport_fastrtps_c.dir/rosidl_typesupport_fastrtps_c/interfaces/srv/detail/money__type_support_c.cpp.o[0m
[1.970s] [ 70%] [32m[1mLinking CXX shared library libinterfaces__rosidl_typesupport_cpp.so[0m
[1.976s] [ 70%] Built target interfaces__rosidl_typesupport_introspection_c
[2.003s] [ 70%] Built target interfaces__rosidl_typesupport_cpp
[2.145s] [ 72%] [32m[1mLinking CXX shared library libinterfaces__rosidl_typesupport_fastrtps_cpp.so[0m
[2.158s] [ 74%] [32m[1mLinking CXX shared library libinterfaces__rosidl_typesupport_introspection_cpp.so[0m
[2.196s] [ 76%] [32m[1mLinking CXX shared library libinterfaces__rosidl_typesupport_fastrtps_c.so[0m
[2.202s] [ 76%] Built target interfaces__rosidl_typesupport_fastrtps_cpp
[2.216s] [ 76%] Built target interfaces__rosidl_typesupport_introspection_cpp
[2.250s] [ 76%] Built target interfaces__rosidl_typesupport_fastrtps_c
[2.267s] [ 76%] Built target interfaces
[2.283s] [ 78%] [34m[1mGenerating Python code for ROS interfaces[0m
[2.754s] [ 78%] Built target interfaces__py
[2.771s] [ 82%] [32mBuilding C object CMakeFiles/interfaces__rosidl_generator_py.dir/rosidl_generator_py/interfaces/msg/_now_s.c.o[0m
[2.772s] [ 82%] [32mBuilding C object CMakeFiles/interfaces__rosidl_generator_py.dir/rosidl_generator_py/interfaces/srv/_money_s.c.o[0m
[2.772s] [ 85%] [32mBuilding C object CMakeFiles/interfaces__rosidl_generator_py.dir/rosidl_generator_py/interfaces/action/_boiling_s.c.o[0m
[2.858s] [ 87%] [32m[1mLinking C shared library rosidl_generator_py/interfaces/libinterfaces__rosidl_generator_py.so[0m
[2.889s] [ 87%] Built target interfaces__rosidl_generator_py
[2.904s] [ 93%] [32mBuilding C object CMakeFiles/interfaces__rosidl_typesupport_c__pyext.dir/rosidl_generator_py/interfaces/_interfaces_s.ep.rosidl_typesupport_c.c.o[0m
[2.904s] [ 93%] [32mBuilding C object CMakeFiles/interfaces__rosidl_typesupport_fastrtps_c__pyext.dir/rosidl_generator_py/interfaces/_interfaces_s.ep.rosidl_typesupport_fastrtps_c.c.o[0m
[2.904s] [ 93%] [32mBuilding C object CMakeFiles/interfaces__rosidl_typesupport_introspection_c__pyext.dir/rosidl_generator_py/interfaces/_interfaces_s.ep.rosidl_typesupport_introspection_c.c.o[0m
[2.986s] [ 97%] [32m[1mLinking C shared library rosidl_generator_py/interfaces/interfaces_s__rosidl_typesupport_introspection_c.cpython-310-x86_64-linux-gnu.so[0m
[2.986s] [ 97%] [32m[1mLinking C shared library rosidl_generator_py/interfaces/interfaces_s__rosidl_typesupport_fastrtps_c.cpython-310-x86_64-linux-gnu.so[0m
[2.986s] [100%] [32m[1mLinking C shared library rosidl_generator_py/interfaces/interfaces_s__rosidl_typesupport_c.cpython-310-x86_64-linux-gnu.so[0m
[3.015s] [100%] Built target interfaces__rosidl_typesupport_fastrtps_c__pyext
[3.015s] [100%] Built target interfaces__rosidl_typesupport_c__pyext
[3.015s] [100%] Built target interfaces__rosidl_typesupport_introspection_c__pyext
[3.025s] Invoked command in '/home/wu/SRC/Answers_to_JRAI/build/interfaces' returned '0': CMAKE_PREFIX_PATH=/opt/ros/humble /usr/bin/cmake --build /home/wu/SRC/Answers_to_JRAI/build/interfaces -- -j16 -l16
[3.136s] Invoking command in '/home/wu/SRC/Answers_to_JRAI/build/interfaces': CMAKE_PREFIX_PATH=/opt/ros/humble /usr/bin/cmake --install /home/wu/SRC/Answers_to_JRAI/build/interfaces
[3.142s] -- Install configuration: ""
[3.142s] -- Installing: /home/wu/SRC/Answers_to_JRAI/install/interfaces/share/ament_index/resource_index/rosidl_interfaces/interfaces
[3.142s] -- Installing: /home/wu/SRC/Answers_to_JRAI/install/interfaces/include/interfaces/interfaces
[3.142s] -- Installing: /home/wu/SRC/Answers_to_JRAI/install/interfaces/include/interfaces/interfaces/srv
[3.142s] -- Installing: /home/wu/SRC/Answers_to_JRAI/install/interfaces/include/interfaces/interfaces/srv/detail
[3.142s] -- Installing: /home/wu/SRC/Answers_to_JRAI/install/interfaces/include/interfaces/interfaces/srv/detail/money__type_support.h
[3.142s] -- Installing: /home/wu/SRC/Answers_to_JRAI/install/interfaces/include/interfaces/interfaces/srv/detail/money__struct.h
[3.142s] -- Installing: /home/wu/SRC/Answers_to_JRAI/install/interfaces/include/interfaces/interfaces/srv/detail/money__functions.c
[3.142s] -- Installing: /home/wu/SRC/Answers_to_JRAI/install/interfaces/include/interfaces/interfaces/srv/detail/money__functions.h
[3.142s] -- Installing: /home/wu/SRC/Answers_to_JRAI/install/interfaces/include/interfaces/interfaces/srv/money.h
[3.143s] -- Installing: /home/wu/SRC/Answers_to_JRAI/install/interfaces/include/interfaces/interfaces/msg
[3.143s] -- Installing: /home/wu/SRC/Answers_to_JRAI/install/interfaces/include/interfaces/interfaces/msg/rosidl_generator_c__visibility_control.h
[3.143s] -- Installing: /home/wu/SRC/Answers_to_JRAI/install/interfaces/include/interfaces/interfaces/msg/now.h
[3.143s] -- Installing: /home/wu/SRC/Answers_to_JRAI/install/interfaces/include/interfaces/interfaces/msg/detail
[3.143s] -- Installing: /home/wu/SRC/Answers_to_JRAI/install/interfaces/include/interfaces/interfaces/msg/detail/now__type_support.h
[3.143s] -- Installing: /home/wu/SRC/Answers_to_JRAI/install/interfaces/include/interfaces/interfaces/msg/detail/now__functions.h
[3.143s] -- Installing: /home/wu/SRC/Answers_to_JRAI/install/interfaces/include/interfaces/interfaces/msg/detail/now__struct.h
[3.143s] -- Installing: /home/wu/SRC/Answers_to_JRAI/install/interfaces/include/interfaces/interfaces/msg/detail/now__functions.c
[3.143s] -- Installing: /home/wu/SRC/Answers_to_JRAI/install/interfaces/include/interfaces/interfaces/action
[3.143s] -- Installing: /home/wu/SRC/Answers_to_JRAI/install/interfaces/include/interfaces/interfaces/action/boiling.h
[3.143s] -- Installing: /home/wu/SRC/Answers_to_JRAI/install/interfaces/include/interfaces/interfaces/action/detail
[3.143s] -- Installing: /home/wu/SRC/Answers_to_JRAI/install/interfaces/include/interfaces/interfaces/action/detail/boiling__struct.h
[3.143s] -- Installing: /home/wu/SRC/Answers_to_JRAI/install/interfaces/include/interfaces/interfaces/action/detail/boiling__functions.c
[3.143s] -- Installing: /home/wu/SRC/Answers_to_JRAI/install/interfaces/include/interfaces/interfaces/action/detail/boiling__functions.h
[3.143s] -- Installing: /home/wu/SRC/Answers_to_JRAI/install/interfaces/include/interfaces/interfaces/action/detail/boiling__type_support.h
[3.144s] -- Installing: /home/wu/SRC/Answers_to_JRAI/install/interfaces/share/interfaces/environment/library_path.sh
[3.144s] -- Installing: /home/wu/SRC/Answers_to_JRAI/install/interfaces/share/interfaces/environment/library_path.dsv
[3.144s] -- Installing: /home/wu/SRC/Answers_to_JRAI/install/interfaces/lib/libinterfaces__rosidl_generator_c.so
[3.144s] -- Set runtime path of "/home/wu/SRC/Answers_to_JRAI/install/interfaces/lib/libinterfaces__rosidl_generator_c.so" to ""
[3.144s] -- Up-to-date: /home/wu/SRC/Answers_to_JRAI/install/interfaces/include/interfaces/interfaces
[3.144s] -- Up-to-date: /home/wu/SRC/Answers_to_JRAI/install/interfaces/include/interfaces/interfaces/srv
[3.144s] -- Up-to-date: /home/wu/SRC/Answers_to_JRAI/install/interfaces/include/interfaces/interfaces/srv/detail
[3.144s] -- Installing: /home/wu/SRC/Answers_to_JRAI/install/interfaces/include/interfaces/interfaces/srv/detail/money__rosidl_typesupport_fastrtps_c.h
[3.144s] -- Up-to-date: /home/wu/SRC/Answers_to_JRAI/install/interfaces/include/interfaces/interfaces/msg
[3.144s] -- Installing: /home/wu/SRC/Answers_to_JRAI/install/interfaces/include/interfaces/interfaces/msg/rosidl_typesupport_fastrtps_c__visibility_control.h
[3.144s] -- Up-to-date: /home/wu/SRC/Answers_to_JRAI/install/interfaces/include/interfaces/interfaces/msg/detail
[3.144s] -- Installing: /home/wu/SRC/Answers_to_JRAI/install/interfaces/include/interfaces/interfaces/msg/detail/now__rosidl_typesupport_fastrtps_c.h
[3.144s] -- Up-to-date: /home/wu/SRC/Answers_to_JRAI/install/interfaces/include/interfaces/interfaces/action
[3.145s] -- Up-to-date: /home/wu/SRC/Answers_to_JRAI/install/interfaces/include/interfaces/interfaces/action/detail
[3.145s] -- Installing: /home/wu/SRC/Answers_to_JRAI/install/interfaces/include/interfaces/interfaces/action/detail/boiling__rosidl_typesupport_fastrtps_c.h
[3.145s] -- Installing: /home/wu/SRC/Answers_to_JRAI/install/interfaces/lib/libinterfaces__rosidl_typesupport_fastrtps_c.so
[3.145s] -- Set runtime path of "/home/wu/SRC/Answers_to_JRAI/install/interfaces/lib/libinterfaces__rosidl_typesupport_fastrtps_c.so" to ""
[3.145s] -- Up-to-date: /home/wu/SRC/Answers_to_JRAI/install/interfaces/include/interfaces/interfaces
[3.145s] -- Up-to-date: /home/wu/SRC/Answers_to_JRAI/install/interfaces/include/interfaces/interfaces/srv
[3.145s] -- Up-to-date: /home/wu/SRC/Answers_to_JRAI/install/interfaces/include/interfaces/interfaces/srv/detail
[3.145s] -- Installing: /home/wu/SRC/Answers_to_JRAI/install/interfaces/include/interfaces/interfaces/srv/detail/money__type_support.c
[3.145s] -- Installing: /home/wu/SRC/Answers_to_JRAI/install/interfaces/include/interfaces/interfaces/srv/detail/money__rosidl_typesupport_introspection_c.h
[3.145s] -- Up-to-date: /home/wu/SRC/Answers_to_JRAI/install/interfaces/include/interfaces/interfaces/msg
[3.145s] -- Up-to-date: /home/wu/SRC/Answers_to_JRAI/install/interfaces/include/interfaces/interfaces/msg/detail
[3.145s] -- Installing: /home/wu/SRC/Answers_to_JRAI/install/interfaces/include/interfaces/interfaces/msg/detail/now__type_support.c
[3.145s] -- Installing: /home/wu/SRC/Answers_to_JRAI/install/interfaces/include/interfaces/interfaces/msg/detail/now__rosidl_typesupport_introspection_c.h
[3.145s] -- Installing: /home/wu/SRC/Answers_to_JRAI/install/interfaces/include/interfaces/interfaces/msg/rosidl_typesupport_introspection_c__visibility_control.h
[3.145s] -- Up-to-date: /home/wu/SRC/Answers_to_JRAI/install/interfaces/include/interfaces/interfaces/action
[3.145s] -- Up-to-date: /home/wu/SRC/Answers_to_JRAI/install/interfaces/include/interfaces/interfaces/action/detail
[3.146s] -- Installing: /home/wu/SRC/Answers_to_JRAI/install/interfaces/include/interfaces/interfaces/action/detail/boiling__type_support.c
[3.146s] -- Installing: /home/wu/SRC/Answers_to_JRAI/install/interfaces/include/interfaces/interfaces/action/detail/boiling__rosidl_typesupport_introspection_c.h
[3.146s] -- Installing: /home/wu/SRC/Answers_to_JRAI/install/interfaces/lib/libinterfaces__rosidl_typesupport_introspection_c.so
[3.146s] -- Set runtime path of "/home/wu/SRC/Answers_to_JRAI/install/interfaces/lib/libinterfaces__rosidl_typesupport_introspection_c.so" to ""
[3.146s] -- Installing: /home/wu/SRC/Answers_to_JRAI/install/interfaces/lib/libinterfaces__rosidl_typesupport_c.so
[3.146s] -- Set runtime path of "/home/wu/SRC/Answers_to_JRAI/install/interfaces/lib/libinterfaces__rosidl_typesupport_c.so" to ""
[3.146s] -- Up-to-date: /home/wu/SRC/Answers_to_JRAI/install/interfaces/include/interfaces/interfaces
[3.146s] -- Up-to-date: /home/wu/SRC/Answers_to_JRAI/install/interfaces/include/interfaces/interfaces/srv
[3.146s] -- Up-to-date: /home/wu/SRC/Answers_to_JRAI/install/interfaces/include/interfaces/interfaces/srv/detail
[3.146s] -- Installing: /home/wu/SRC/Answers_to_JRAI/install/interfaces/include/interfaces/interfaces/srv/detail/money__struct.hpp
[3.146s] -- Installing: /home/wu/SRC/Answers_to_JRAI/install/interfaces/include/interfaces/interfaces/srv/detail/money__builder.hpp
[3.147s] -- Installing: /home/wu/SRC/Answers_to_JRAI/install/interfaces/include/interfaces/interfaces/srv/detail/money__traits.hpp
[3.147s] -- Installing: /home/wu/SRC/Answers_to_JRAI/install/interfaces/include/interfaces/interfaces/srv/money.hpp
[3.147s] -- Up-to-date: /home/wu/SRC/Answers_to_JRAI/install/interfaces/include/interfaces/interfaces/msg
[3.147s] -- Up-to-date: /home/wu/SRC/Answers_to_JRAI/install/interfaces/include/interfaces/interfaces/msg/detail
[3.147s] -- Installing: /home/wu/SRC/Answers_to_JRAI/install/interfaces/include/interfaces/interfaces/msg/detail/now__struct.hpp
[3.147s] -- Installing: /home/wu/SRC/Answers_to_JRAI/install/interfaces/include/interfaces/interfaces/msg/detail/now__builder.hpp
[3.147s] -- Installing: /home/wu/SRC/Answers_to_JRAI/install/interfaces/include/interfaces/interfaces/msg/detail/now__traits.hpp
[3.147s] -- Installing: /home/wu/SRC/Answers_to_JRAI/install/interfaces/include/interfaces/interfaces/msg/now.hpp
[3.147s] -- Up-to-date: /home/wu/SRC/Answers_to_JRAI/install/interfaces/include/interfaces/interfaces/action
[3.147s] -- Installing: /home/wu/SRC/Answers_to_JRAI/install/interfaces/include/interfaces/interfaces/action/boiling.hpp
[3.147s] -- Up-to-date: /home/wu/SRC/Answers_to_JRAI/install/interfaces/include/interfaces/interfaces/action/detail
[3.147s] -- Installing: /home/wu/SRC/Answers_to_JRAI/install/interfaces/include/interfaces/interfaces/action/detail/boiling__builder.hpp
[3.147s] -- Installing: /home/wu/SRC/Answers_to_JRAI/install/interfaces/include/interfaces/interfaces/action/detail/boiling__traits.hpp
[3.147s] -- Installing: /home/wu/SRC/Answers_to_JRAI/install/interfaces/include/interfaces/interfaces/action/detail/boiling__struct.hpp
[3.147s] -- Up-to-date: /home/wu/SRC/Answers_to_JRAI/install/interfaces/include/interfaces/interfaces
[3.147s] -- Up-to-date: /home/wu/SRC/Answers_to_JRAI/install/interfaces/include/interfaces/interfaces/srv
[3.147s] -- Up-to-date: /home/wu/SRC/Answers_to_JRAI/install/interfaces/include/interfaces/interfaces/srv/detail
[3.148s] -- Installing: /home/wu/SRC/Answers_to_JRAI/install/interfaces/include/interfaces/interfaces/srv/detail/dds_fastrtps
[3.148s] -- Installing: /home/wu/SRC/Answers_to_JRAI/install/interfaces/include/interfaces/interfaces/srv/detail/money__rosidl_typesupport_fastrtps_cpp.hpp
[3.148s] -- Up-to-date: /home/wu/SRC/Answers_to_JRAI/install/interfaces/include/interfaces/interfaces/msg
[3.148s] -- Installing: /home/wu/SRC/Answers_to_JRAI/install/interfaces/include/interfaces/interfaces/msg/rosidl_typesupport_fastrtps_cpp__visibility_control.h
[3.148s] -- Up-to-date: /home/wu/SRC/Answers_to_JRAI/install/interfaces/include/interfaces/interfaces/msg/detail
[3.148s] -- Installing: /home/wu/SRC/Answers_to_JRAI/install/interfaces/include/interfaces/interfaces/msg/detail/dds_fastrtps
[3.148s] -- Installing: /home/wu/SRC/Answers_to_JRAI/install/interfaces/include/interfaces/interfaces/msg/detail/now__rosidl_typesupport_fastrtps_cpp.hpp
[3.148s] -- Up-to-date: /home/wu/SRC/Answers_to_JRAI/install/interfaces/include/interfaces/interfaces/action
[3.148s] -- Up-to-date: /home/wu/SRC/Answers_to_JRAI/install/interfaces/include/interfaces/interfaces/action/detail
[3.148s] -- Installing: /home/wu/SRC/Answers_to_JRAI/install/interfaces/include/interfaces/interfaces/action/detail/dds_fastrtps
[3.148s] -- Installing: /home/wu/SRC/Answers_to_JRAI/install/interfaces/include/interfaces/interfaces/action/detail/boiling__rosidl_typesupport_fastrtps_cpp.hpp
[3.148s] -- Installing: /home/wu/SRC/Answers_to_JRAI/install/interfaces/lib/libinterfaces__rosidl_typesupport_fastrtps_cpp.so
[3.148s] -- Set runtime path of "/home/wu/SRC/Answers_to_JRAI/install/interfaces/lib/libinterfaces__rosidl_typesupport_fastrtps_cpp.so" to ""
[3.149s] -- Up-to-date: /home/wu/SRC/Answers_to_JRAI/install/interfaces/include/interfaces/interfaces
[3.149s] -- Up-to-date: /home/wu/SRC/Answers_to_JRAI/install/interfaces/include/interfaces/interfaces/srv
[3.149s] -- Up-to-date: /home/wu/SRC/Answers_to_JRAI/install/interfaces/include/interfaces/interfaces/srv/detail
[3.149s] -- Installing: /home/wu/SRC/Answers_to_JRAI/install/interfaces/include/interfaces/interfaces/srv/detail/money__rosidl_typesupport_introspection_cpp.hpp
[3.149s] -- Installing: /home/wu/SRC/Answers_to_JRAI/install/interfaces/include/interfaces/interfaces/srv/detail/money__type_support.cpp
[3.149s] -- Up-to-date: /home/wu/SRC/Answers_to_JRAI/install/interfaces/include/interfaces/interfaces/msg
[3.149s] -- Up-to-date: /home/wu/SRC/Answers_to_JRAI/install/interfaces/include/interfaces/interfaces/msg/detail
[3.149s] -- Installing: /home/wu/SRC/Answers_to_JRAI/install/interfaces/include/interfaces/interfaces/msg/detail/now__rosidl_typesupport_introspection_cpp.hpp
[3.149s] -- Installing: /home/wu/SRC/Answers_to_JRAI/install/interfaces/include/interfaces/interfaces/msg/detail/now__type_support.cpp
[3.149s] -- Up-to-date: /home/wu/SRC/Answers_to_JRAI/install/interfaces/include/interfaces/interfaces/action
[3.149s] -- Up-to-date: /home/wu/SRC/Answers_to_JRAI/install/interfaces/include/interfaces/interfaces/action/detail
[3.149s] -- Installing: /home/wu/SRC/Answers_to_JRAI/install/interfaces/include/interfaces/interfaces/action/detail/boiling__type_support.cpp
[3.149s] -- Installing: /home/wu/SRC/Answers_to_JRAI/install/interfaces/include/interfaces/interfaces/action/detail/boiling__rosidl_typesupport_introspection_cpp.hpp
[3.149s] -- Installing: /home/wu/SRC/Answers_to_JRAI/install/interfaces/lib/libinterfaces__rosidl_typesupport_introspection_cpp.so
[3.149s] -- Set runtime path of "/home/wu/SRC/Answers_to_JRAI/install/interfaces/lib/libinterfaces__rosidl_typesupport_introspection_cpp.so" to ""
[3.150s] -- Installing: /home/wu/SRC/Answers_to_JRAI/install/interfaces/lib/libinterfaces__rosidl_typesupport_cpp.so
[3.150s] -- Set runtime path of "/home/wu/SRC/Answers_to_JRAI/install/interfaces/lib/libinterfaces__rosidl_typesupport_cpp.so" to ""
[3.150s] -- Installing: /home/wu/SRC/Answers_to_JRAI/install/interfaces/share/interfaces/environment/pythonpath.sh
[3.150s] -- Installing: /home/wu/SRC/Answers_to_JRAI/install/interfaces/share/interfaces/environment/pythonpath.dsv
[3.150s] -- Installing: /home/wu/SRC/Answers_to_JRAI/install/interfaces/local/lib/python3.10/dist-packages/interfaces-0.0.0-py3.10.egg-info
[3.150s] -- Installing: /home/wu/SRC/Answers_to_JRAI/install/interfaces/local/lib/python3.10/dist-packages/interfaces-0.0.0-py3.10.egg-info/PKG-INFO
[3.150s] -- Installing: /home/wu/SRC/Answers_to_JRAI/install/interfaces/local/lib/python3.10/dist-packages/interfaces-0.0.0-py3.10.egg-info/SOURCES.txt
[3.150s] -- Installing: /home/wu/SRC/Answers_to_JRAI/install/interfaces/local/lib/python3.10/dist-packages/interfaces-0.0.0-py3.10.egg-info/dependency_links.txt
[3.150s] -- Installing: /home/wu/SRC/Answers_to_JRAI/install/interfaces/local/lib/python3.10/dist-packages/interfaces-0.0.0-py3.10.egg-info/top_level.txt
[3.150s] -- Installing: /home/wu/SRC/Answers_to_JRAI/install/interfaces/local/lib/python3.10/dist-packages/interfaces
[3.150s] -- Installing: /home/wu/SRC/Answers_to_JRAI/install/interfaces/local/lib/python3.10/dist-packages/interfaces/srv
[3.150s] -- Installing: /home/wu/SRC/Answers_to_JRAI/install/interfaces/local/lib/python3.10/dist-packages/interfaces/srv/_money_s.c
[3.151s] -- Installing: /home/wu/SRC/Answers_to_JRAI/install/interfaces/local/lib/python3.10/dist-packages/interfaces/srv/_money.py
[3.151s] -- Installing: /home/wu/SRC/Answers_to_JRAI/install/interfaces/local/lib/python3.10/dist-packages/interfaces/srv/__init__.py
[3.151s] -- Installing: /home/wu/SRC/Answers_to_JRAI/install/interfaces/local/lib/python3.10/dist-packages/interfaces/_interfaces_s.ep.rosidl_typesupport_introspection_c.c
[3.151s] -- Installing: /home/wu/SRC/Answers_to_JRAI/install/interfaces/local/lib/python3.10/dist-packages/interfaces/interfaces_s__rosidl_typesupport_introspection_c.cpython-310-x86_64-linux-gnu.so
[3.151s] -- Installing: /home/wu/SRC/Answers_to_JRAI/install/interfaces/local/lib/python3.10/dist-packages/interfaces/msg
[3.151s] -- Installing: /home/wu/SRC/Answers_to_JRAI/install/interfaces/local/lib/python3.10/dist-packages/interfaces/msg/_now.py
[3.151s] -- Installing: /home/wu/SRC/Answers_to_JRAI/install/interfaces/local/lib/python3.10/dist-packages/interfaces/msg/_now_s.c
[3.151s] -- Installing: /home/wu/SRC/Answers_to_JRAI/install/interfaces/local/lib/python3.10/dist-packages/interfaces/msg/__init__.py
[3.151s] -- Installing: /home/wu/SRC/Answers_to_JRAI/install/interfaces/local/lib/python3.10/dist-packages/interfaces/_interfaces_s.ep.rosidl_typesupport_fastrtps_c.c
[3.151s] -- Installing: /home/wu/SRC/Answers_to_JRAI/install/interfaces/local/lib/python3.10/dist-packages/interfaces/libinterfaces__rosidl_generator_py.so
[3.151s] -- Installing: /home/wu/SRC/Answers_to_JRAI/install/interfaces/local/lib/python3.10/dist-packages/interfaces/interfaces_s__rosidl_typesupport_fastrtps_c.cpython-310-x86_64-linux-gnu.so
[3.152s] -- Installing: /home/wu/SRC/Answers_to_JRAI/install/interfaces/local/lib/python3.10/dist-packages/interfaces/_interfaces_s.ep.rosidl_typesupport_c.c
[3.152s] -- Installing: /home/wu/SRC/Answers_to_JRAI/install/interfaces/local/lib/python3.10/dist-packages/interfaces/interfaces_s__rosidl_typesupport_c.cpython-310-x86_64-linux-gnu.so
[3.152s] -- Installing: /home/wu/SRC/Answers_to_JRAI/install/interfaces/local/lib/python3.10/dist-packages/interfaces/__init__.py
[3.152s] -- Installing: /home/wu/SRC/Answers_to_JRAI/install/interfaces/local/lib/python3.10/dist-packages/interfaces/action
[3.152s] -- Installing: /home/wu/SRC/Answers_to_JRAI/install/interfaces/local/lib/python3.10/dist-packages/interfaces/action/_boiling.py
[3.152s] -- Installing: /home/wu/SRC/Answers_to_JRAI/install/interfaces/local/lib/python3.10/dist-packages/interfaces/action/_boiling_s.c
[3.152s] -- Installing: /home/wu/SRC/Answers_to_JRAI/install/interfaces/local/lib/python3.10/dist-packages/interfaces/action/__init__.py
[3.177s] Listing '/home/wu/SRC/Answers_to_JRAI/install/interfaces/local/lib/python3.10/dist-packages/interfaces'...
[3.177s] Compiling '/home/wu/SRC/Answers_to_JRAI/install/interfaces/local/lib/python3.10/dist-packages/interfaces/__init__.py'...
[3.177s] Listing '/home/wu/SRC/Answers_to_JRAI/install/interfaces/local/lib/python3.10/dist-packages/interfaces/action'...
[3.177s] Compiling '/home/wu/SRC/Answers_to_JRAI/install/interfaces/local/lib/python3.10/dist-packages/interfaces/action/__init__.py'...
[3.177s] Compiling '/home/wu/SRC/Answers_to_JRAI/install/interfaces/local/lib/python3.10/dist-packages/interfaces/action/_boiling.py'...
[3.177s] Listing '/home/wu/SRC/Answers_to_JRAI/install/interfaces/local/lib/python3.10/dist-packages/interfaces/msg'...
[3.177s] Compiling '/home/wu/SRC/Answers_to_JRAI/install/interfaces/local/lib/python3.10/dist-packages/interfaces/msg/__init__.py'...
[3.177s] Compiling '/home/wu/SRC/Answers_to_JRAI/install/interfaces/local/lib/python3.10/dist-packages/interfaces/msg/_now.py'...
[3.177s] Listing '/home/wu/SRC/Answers_to_JRAI/install/interfaces/local/lib/python3.10/dist-packages/interfaces/srv'...
[3.177s] Compiling '/home/wu/SRC/Answers_to_JRAI/install/interfaces/local/lib/python3.10/dist-packages/interfaces/srv/__init__.py'...
[3.178s] Compiling '/home/wu/SRC/Answers_to_JRAI/install/interfaces/local/lib/python3.10/dist-packages/interfaces/srv/_money.py'...
[3.180s] -- Installing: /home/wu/SRC/Answers_to_JRAI/install/interfaces/local/lib/python3.10/dist-packages/interfaces/interfaces_s__rosidl_typesupport_fastrtps_c.cpython-310-x86_64-linux-gnu.so
[3.180s] -- Set runtime path of "/home/wu/SRC/Answers_to_JRAI/install/interfaces/local/lib/python3.10/dist-packages/interfaces/interfaces_s__rosidl_typesupport_fastrtps_c.cpython-310-x86_64-linux-gnu.so" to ""
[3.181s] -- Installing: /home/wu/SRC/Answers_to_JRAI/install/interfaces/local/lib/python3.10/dist-packages/interfaces/interfaces_s__rosidl_typesupport_introspection_c.cpython-310-x86_64-linux-gnu.so
[3.181s] -- Set runtime path of "/home/wu/SRC/Answers_to_JRAI/install/interfaces/local/lib/python3.10/dist-packages/interfaces/interfaces_s__rosidl_typesupport_introspection_c.cpython-310-x86_64-linux-gnu.so" to ""
[3.181s] -- Installing: /home/wu/SRC/Answers_to_JRAI/install/interfaces/local/lib/python3.10/dist-packages/interfaces/interfaces_s__rosidl_typesupport_c.cpython-310-x86_64-linux-gnu.so
[3.182s] -- Set runtime path of "/home/wu/SRC/Answers_to_JRAI/install/interfaces/local/lib/python3.10/dist-packages/interfaces/interfaces_s__rosidl_typesupport_c.cpython-310-x86_64-linux-gnu.so" to ""
[3.182s] -- Installing: /home/wu/SRC/Answers_to_JRAI/install/interfaces/lib/libinterfaces__rosidl_generator_py.so
[3.182s] -- Set runtime path of "/home/wu/SRC/Answers_to_JRAI/install/interfaces/lib/libinterfaces__rosidl_generator_py.so" to ""
[3.182s] -- Installing: /home/wu/SRC/Answers_to_JRAI/install/interfaces/share/interfaces/msg/Now.idl
[3.182s] -- Installing: /home/wu/SRC/Answers_to_JRAI/install/interfaces/share/interfaces/srv/Money.idl
[3.182s] -- Installing: /home/wu/SRC/Answers_to_JRAI/install/interfaces/share/interfaces/action/Boiling.idl
[3.182s] -- Installing: /home/wu/SRC/Answers_to_JRAI/install/interfaces/share/interfaces/msg/Now.msg
[3.182s] -- Installing: /home/wu/SRC/Answers_to_JRAI/install/interfaces/share/interfaces/srv/Money.srv
[3.182s] -- Installing: /home/wu/SRC/Answers_to_JRAI/install/interfaces/share/interfaces/srv/Money_Request.msg
[3.182s] -- Installing: /home/wu/SRC/Answers_to_JRAI/install/interfaces/share/interfaces/srv/Money_Response.msg
[3.182s] -- Installing: /home/wu/SRC/Answers_to_JRAI/install/interfaces/share/interfaces/action/Boiling.action
[3.183s] -- Installing: /home/wu/SRC/Answers_to_JRAI/install/interfaces/share/ament_index/resource_index/package_run_dependencies/interfaces
[3.183s] -- Installing: /home/wu/SRC/Answers_to_JRAI/install/interfaces/share/ament_index/resource_index/parent_prefix_path/interfaces
[3.183s] -- Installing: /home/wu/SRC/Answers_to_JRAI/install/interfaces/share/interfaces/environment/ament_prefix_path.sh
[3.183s] -- Installing: /home/wu/SRC/Answers_to_JRAI/install/interfaces/share/interfaces/environment/ament_prefix_path.dsv
[3.183s] -- Installing: /home/wu/SRC/Answers_to_JRAI/install/interfaces/share/interfaces/environment/path.sh
[3.183s] -- Installing: /home/wu/SRC/Answers_to_JRAI/install/interfaces/share/interfaces/environment/path.dsv
[3.183s] -- Installing: /home/wu/SRC/Answers_to_JRAI/install/interfaces/share/interfaces/local_setup.bash
[3.183s] -- Installing: /home/wu/SRC/Answers_to_JRAI/install/interfaces/share/interfaces/local_setup.sh
[3.183s] -- Installing: /home/wu/SRC/Answers_to_JRAI/install/interfaces/share/interfaces/local_setup.zsh
[3.183s] -- Installing: /home/wu/SRC/Answers_to_JRAI/install/interfaces/share/interfaces/local_setup.dsv
[3.183s] -- Installing: /home/wu/SRC/Answers_to_JRAI/install/interfaces/share/interfaces/package.dsv
[3.184s] -- Installing: /home/wu/SRC/Answers_to_JRAI/install/interfaces/share/ament_index/resource_index/packages/interfaces
[3.184s] -- Installing: /home/wu/SRC/Answers_to_JRAI/install/interfaces/share/interfaces/cmake/export_interfaces__rosidl_generator_cExport.cmake
[3.184s] -- Installing: /home/wu/SRC/Answers_to_JRAI/install/interfaces/share/interfaces/cmake/export_interfaces__rosidl_generator_cExport-noconfig.cmake
[3.184s] -- Installing: /home/wu/SRC/Answers_to_JRAI/install/interfaces/share/interfaces/cmake/export_interfaces__rosidl_typesupport_fastrtps_cExport.cmake
[3.184s] -- Installing: /home/wu/SRC/Answers_to_JRAI/install/interfaces/share/interfaces/cmake/export_interfaces__rosidl_typesupport_fastrtps_cExport-noconfig.cmake
[3.184s] -- Installing: /home/wu/SRC/Answers_to_JRAI/install/interfaces/share/interfaces/cmake/interfaces__rosidl_typesupport_introspection_cExport.cmake
[3.184s] -- Installing: /home/wu/SRC/Answers_to_JRAI/install/interfaces/share/interfaces/cmake/interfaces__rosidl_typesupport_introspection_cExport-noconfig.cmake
[3.184s] -- Installing: /home/wu/SRC/Answers_to_JRAI/install/interfaces/share/interfaces/cmake/interfaces__rosidl_typesupport_cExport.cmake
[3.184s] -- Installing: /home/wu/SRC/Answers_to_JRAI/install/interfaces/share/interfaces/cmake/interfaces__rosidl_typesupport_cExport-noconfig.cmake
[3.185s] -- Installing: /home/wu/SRC/Answers_to_JRAI/install/interfaces/share/interfaces/cmake/export_interfaces__rosidl_generator_cppExport.cmake
[3.185s] -- Installing: /home/wu/SRC/Answers_to_JRAI/install/interfaces/share/interfaces/cmake/export_interfaces__rosidl_typesupport_fastrtps_cppExport.cmake
[3.185s] -- Installing: /home/wu/SRC/Answers_to_JRAI/install/interfaces/share/interfaces/cmake/export_interfaces__rosidl_typesupport_fastrtps_cppExport-noconfig.cmake
[3.185s] -- Installing: /home/wu/SRC/Answers_to_JRAI/install/interfaces/share/interfaces/cmake/interfaces__rosidl_typesupport_introspection_cppExport.cmake
[3.185s] -- Installing: /home/wu/SRC/Answers_to_JRAI/install/interfaces/share/interfaces/cmake/interfaces__rosidl_typesupport_introspection_cppExport-noconfig.cmake
[3.185s] -- Installing: /home/wu/SRC/Answers_to_JRAI/install/interfaces/share/interfaces/cmake/interfaces__rosidl_typesupport_cppExport.cmake
[3.185s] -- Installing: /home/wu/SRC/Answers_to_JRAI/install/interfaces/share/interfaces/cmake/interfaces__rosidl_typesupport_cppExport-noconfig.cmake
[3.185s] -- Installing: /home/wu/SRC/Answers_to_JRAI/install/interfaces/share/interfaces/cmake/export_interfaces__rosidl_generator_pyExport.cmake
[3.185s] -- Installing: /home/wu/SRC/Answers_to_JRAI/install/interfaces/share/interfaces/cmake/export_interfaces__rosidl_generator_pyExport-noconfig.cmake
[3.185s] -- Installing: /home/wu/SRC/Answers_to_JRAI/install/interfaces/share/interfaces/cmake/rosidl_cmake-extras.cmake
[3.185s] -- Installing: /home/wu/SRC/Answers_to_JRAI/install/interfaces/share/interfaces/cmake/ament_cmake_export_dependencies-extras.cmake
[3.186s] -- Installing: /home/wu/SRC/Answers_to_JRAI/install/interfaces/share/interfaces/cmake/ament_cmake_export_include_directories-extras.cmake
[3.186s] -- Installing: /home/wu/SRC/Answers_to_JRAI/install/interfaces/share/interfaces/cmake/ament_cmake_export_libraries-extras.cmake
[3.186s] -- Installing: /home/wu/SRC/Answers_to_JRAI/install/interfaces/share/interfaces/cmake/ament_cmake_export_targets-extras.cmake
[3.186s] -- Installing: /home/wu/SRC/Answers_to_JRAI/install/interfaces/share/interfaces/cmake/rosidl_cmake_export_typesupport_targets-extras.cmake
[3.186s] -- Installing: /home/wu/SRC/Answers_to_JRAI/install/interfaces/share/interfaces/cmake/rosidl_cmake_export_typesupport_libraries-extras.cmake
[3.186s] -- Installing: /home/wu/SRC/Answers_to_JRAI/install/interfaces/share/interfaces/cmake/interfacesConfig.cmake
[3.186s] -- Installing: /home/wu/SRC/Answers_to_JRAI/install/interfaces/share/interfaces/cmake/interfacesConfig-version.cmake
[3.186s] -- Installing: /home/wu/SRC/Answers_to_JRAI/install/interfaces/share/interfaces/package.xml
[3.189s] Invoked command in '/home/wu/SRC/Answers_to_JRAI/build/interfaces' returned '0': CMAKE_PREFIX_PATH=/opt/ros/humble /usr/bin/cmake --install /home/wu/SRC/Answers_to_JRAI/build/interfaces
