[0.010s] Invoking command in '/home/wu/SRC/Answers_to_JRAI/build/part_one': AMENT_PREFIX_PATH=/home/wu/SRC/Answers_to_JRAI/install/interfaces:${AMENT_PREFIX_PATH} CMAKE_PREFIX_PATH=/home/wu/SRC/Answers_to_JRAI/install/interfaces:/opt/ros/humble CONDA_PROMPT_MODIFIER=(ros2) LD_LIBRARY_PATH=/home/wu/SRC/Answers_to_JRAI/install/interfaces/lib:${LD_LIBRARY_PATH} PYTHONPATH=/home/wu/SRC/Answers_to_JRAI/install/interfaces/local/lib/python3.10/dist-packages:${PYTHONPATH} /usr/bin/cmake --build /home/wu/SRC/Answers_to_JRAI/build/part_one -- -j16 -l16
[0.054s] [100%] Built target node_1_publisher
[0.054s] [100%] Built target node_2_03
[0.054s] [100%] Built target node_2_02
[0.054s] [100%] Built target node_1_subscriber
[0.062s] Invoked command in '/home/wu/SRC/Answers_to_JRAI/build/part_one' returned '0': AMENT_PREFIX_PATH=/home/wu/SRC/Answers_to_JRAI/install/interfaces:${AMENT_PREFIX_PATH} CMAKE_PREFIX_PATH=/home/wu/SRC/Answers_to_JRAI/install/interfaces:/opt/ros/humble CONDA_PROMPT_MODIFIER=(ros2) LD_LIBRARY_PATH=/home/wu/SRC/Answers_to_JRAI/install/interfaces/lib:${LD_LIBRARY_PATH} PYTHONPATH=/home/wu/SRC/Answers_to_JRAI/install/interfaces/local/lib/python3.10/dist-packages:${PYTHONPATH} /usr/bin/cmake --build /home/wu/SRC/Answers_to_JRAI/build/part_one -- -j16 -l16
[0.105s] Invoking command in '/home/wu/SRC/Answers_to_JRAI/build/part_one': AMENT_PREFIX_PATH=/home/wu/SRC/Answers_to_JRAI/install/interfaces:${AMENT_PREFIX_PATH} CMAKE_PREFIX_PATH=/home/wu/SRC/Answers_to_JRAI/install/interfaces:/opt/ros/humble CONDA_PROMPT_MODIFIER=(ros2) LD_LIBRARY_PATH=/home/wu/SRC/Answers_to_JRAI/install/interfaces/lib:${LD_LIBRARY_PATH} PYTHONPATH=/home/wu/SRC/Answers_to_JRAI/install/interfaces/local/lib/python3.10/dist-packages:${PYTHONPATH} /usr/bin/cmake --install /home/wu/SRC/Answers_to_JRAI/build/part_one
[0.109s] -- Install configuration: ""
[0.109s] -- Up-to-date: /home/wu/SRC/Answers_to_JRAI/install/part_one/lib/part_one/node_1_publisher
[0.110s] -- Up-to-date: /home/wu/SRC/Answers_to_JRAI/install/part_one/lib/part_one/node_1_subscriber
[0.110s] -- Up-to-date: /home/wu/SRC/Answers_to_JRAI/install/part_one/lib/part_one/node_2_02
[0.110s] -- Up-to-date: /home/wu/SRC/Answers_to_JRAI/install/part_one/lib/part_one/node_2_03
[0.110s] -- Up-to-date: /home/wu/SRC/Answers_to_JRAI/install/part_one/share/ament_index/resource_index/package_run_dependencies/part_one
[0.110s] -- Up-to-date: /home/wu/SRC/Answers_to_JRAI/install/part_one/share/ament_index/resource_index/parent_prefix_path/part_one
[0.110s] -- Up-to-date: /home/wu/SRC/Answers_to_JRAI/install/part_one/share/part_one/environment/ament_prefix_path.sh
[0.110s] -- Up-to-date: /home/wu/SRC/Answers_to_JRAI/install/part_one/share/part_one/environment/ament_prefix_path.dsv
[0.111s] -- Up-to-date: /home/wu/SRC/Answers_to_JRAI/install/part_one/share/part_one/environment/path.sh
[0.111s] -- Up-to-date: /home/wu/SRC/Answers_to_JRAI/install/part_one/share/part_one/environment/path.dsv
[0.111s] -- Up-to-date: /home/wu/SRC/Answers_to_JRAI/install/part_one/share/part_one/local_setup.bash
[0.111s] -- Up-to-date: /home/wu/SRC/Answers_to_JRAI/install/part_one/share/part_one/local_setup.sh
[0.111s] -- Up-to-date: /home/wu/SRC/Answers_to_JRAI/install/part_one/share/part_one/local_setup.zsh
[0.111s] -- Up-to-date: /home/wu/SRC/Answers_to_JRAI/install/part_one/share/part_one/local_setup.dsv
[0.111s] -- Installing: /home/wu/SRC/Answers_to_JRAI/install/part_one/share/part_one/package.dsv
[0.111s] -- Up-to-date: /home/wu/SRC/Answers_to_JRAI/install/part_one/share/ament_index/resource_index/packages/part_one
[0.111s] -- Up-to-date: /home/wu/SRC/Answers_to_JRAI/install/part_one/share/part_one/cmake/part_oneConfig.cmake
[0.111s] -- Up-to-date: /home/wu/SRC/Answers_to_JRAI/install/part_one/share/part_one/cmake/part_oneConfig-version.cmake
[0.111s] -- Up-to-date: /home/wu/SRC/Answers_to_JRAI/install/part_one/share/part_one/package.xml
[0.113s] Invoked command in '/home/wu/SRC/Answers_to_JRAI/build/part_one' returned '0': AMENT_PREFIX_PATH=/home/wu/SRC/Answers_to_JRAI/install/interfaces:${AMENT_PREFIX_PATH} CMAKE_PREFIX_PATH=/home/wu/SRC/Answers_to_JRAI/install/interfaces:/opt/ros/humble CONDA_PROMPT_MODIFIER=(ros2) LD_LIBRARY_PATH=/home/wu/SRC/Answers_to_JRAI/install/interfaces/lib:${LD_LIBRARY_PATH} PYTHONPATH=/home/wu/SRC/Answers_to_JRAI/install/interfaces/local/lib/python3.10/dist-packages:${PYTHONPATH} /usr/bin/cmake --install /home/wu/SRC/Answers_to_JRAI/build/part_one
