[0.015s] Invoking command in '/home/wu/SRC/Answers_to_JRAI/build/part_one': CMAKE_PREFIX_PATH=/home/wu/SRC/Answers_to_JRAI/install/interfaces:/home/wu/SRC/Answers_to_JRAI/install/part_one:/opt/ros/humble /usr/bin/cmake --build /home/wu/SRC/Answers_to_JRAI/build/part_one -- -j16 -l16
[0.051s] [35m[1mConsolidate compiler generated dependencies of target node_4_server[0m
[0.062s] [ 50%] Built target node_2_02
[0.062s] [ 50%] Built target node_2_03
[0.062s] [ 50%] Built target node_1_publisher
[0.062s] [ 55%] Built target node_4_client
[0.062s] [ 55%] Built target node_3_server
[0.062s] [ 72%] Built target node_2_01
[0.062s] [ 77%] Built target node_1_subscriber
[0.063s] [ 88%] Built target node_3_client
[0.067s] [ 94%] [32mBuilding CXX object CMakeFiles/node_4_server.dir/src/node_4_server.cpp.o[0m
[2.699s] [100%] [32m[1mLinking CXX executable node_4_server[0m
[2.836s] [100%] Built target node_4_server
[2.849s] Invoked command in '/home/wu/SRC/Answers_to_JRAI/build/part_one' returned '0': CMAKE_PREFIX_PATH=/home/wu/SRC/Answers_to_JRAI/install/interfaces:/home/wu/SRC/Answers_to_JRAI/install/part_one:/opt/ros/humble /usr/bin/cmake --build /home/wu/SRC/Answers_to_JRAI/build/part_one -- -j16 -l16
[2.916s] Invoking command in '/home/wu/SRC/Answers_to_JRAI/build/part_one': CMAKE_PREFIX_PATH=/home/wu/SRC/Answers_to_JRAI/install/interfaces:/home/wu/SRC/Answers_to_JRAI/install/part_one:/opt/ros/humble /usr/bin/cmake --install /home/wu/SRC/Answers_to_JRAI/build/part_one
[2.922s] -- Install configuration: ""
[2.922s] -- Up-to-date: /home/wu/SRC/Answers_to_JRAI/install/part_one/lib/part_one/node_1_publisher
[2.922s] -- Up-to-date: /home/wu/SRC/Answers_to_JRAI/install/part_one/lib/part_one/node_1_subscriber
[2.922s] -- Up-to-date: /home/wu/SRC/Answers_to_JRAI/install/part_one/lib/part_one/node_2_01
[2.922s] -- Up-to-date: /home/wu/SRC/Answers_to_JRAI/install/part_one/lib/part_one/node_2_02
[2.922s] -- Up-to-date: /home/wu/SRC/Answers_to_JRAI/install/part_one/lib/part_one/node_2_03
[2.923s] -- Up-to-date: /home/wu/SRC/Answers_to_JRAI/install/part_one/lib/part_one/node_3_server
[2.923s] -- Up-to-date: /home/wu/SRC/Answers_to_JRAI/install/part_one/lib/part_one/node_3_client
[2.923s] -- Installing: /home/wu/SRC/Answers_to_JRAI/install/part_one/lib/part_one/node_4_server
[2.924s] -- Set runtime path of "/home/wu/SRC/Answers_to_JRAI/install/part_one/lib/part_one/node_4_server" to ""
[2.924s] -- Up-to-date: /home/wu/SRC/Answers_to_JRAI/install/part_one/lib/part_one/node_4_client
[2.924s] -- Up-to-date: /home/wu/SRC/Answers_to_JRAI/install/part_one/share/ament_index/resource_index/package_run_dependencies/part_one
[2.924s] -- Up-to-date: /home/wu/SRC/Answers_to_JRAI/install/part_one/share/ament_index/resource_index/parent_prefix_path/part_one
[2.924s] -- Up-to-date: /home/wu/SRC/Answers_to_JRAI/install/part_one/share/part_one/environment/ament_prefix_path.sh
[2.924s] -- Up-to-date: /home/wu/SRC/Answers_to_JRAI/install/part_one/share/part_one/environment/ament_prefix_path.dsv
[2.924s] -- Up-to-date: /home/wu/SRC/Answers_to_JRAI/install/part_one/share/part_one/environment/path.sh
[2.925s] -- Up-to-date: /home/wu/SRC/Answers_to_JRAI/install/part_one/share/part_one/environment/path.dsv
[2.925s] -- Up-to-date: /home/wu/SRC/Answers_to_JRAI/install/part_one/share/part_one/local_setup.bash
[2.925s] -- Up-to-date: /home/wu/SRC/Answers_to_JRAI/install/part_one/share/part_one/local_setup.sh
[2.925s] -- Up-to-date: /home/wu/SRC/Answers_to_JRAI/install/part_one/share/part_one/local_setup.zsh
[2.925s] -- Up-to-date: /home/wu/SRC/Answers_to_JRAI/install/part_one/share/part_one/local_setup.dsv
[2.925s] -- Installing: /home/wu/SRC/Answers_to_JRAI/install/part_one/share/part_one/package.dsv
[2.925s] -- Up-to-date: /home/wu/SRC/Answers_to_JRAI/install/part_one/share/ament_index/resource_index/packages/part_one
[2.925s] -- Up-to-date: /home/wu/SRC/Answers_to_JRAI/install/part_one/share/part_one/cmake/part_oneConfig.cmake
[2.925s] -- Up-to-date: /home/wu/SRC/Answers_to_JRAI/install/part_one/share/part_one/cmake/part_oneConfig-version.cmake
[2.925s] -- Up-to-date: /home/wu/SRC/Answers_to_JRAI/install/part_one/share/part_one/package.xml
[2.928s] Invoked command in '/home/wu/SRC/Answers_to_JRAI/build/part_one' returned '0': CMAKE_PREFIX_PATH=/home/wu/SRC/Answers_to_JRAI/install/interfaces:/home/wu/SRC/Answers_to_JRAI/install/part_one:/opt/ros/humble /usr/bin/cmake --install /home/wu/SRC/Answers_to_JRAI/build/part_one
