-- Found ament_cmake: 1.3.9 (/opt/ros/humble/share/ament_cmake/cmake)
-- Found behaviortree_cpp: 4.6.2 (/usr/local/share/behaviortree_cpp/cmake)
-- Found ament_lint_auto: 0.12.11 (/opt/ros/humble/share/ament_lint_auto/cmake)
-- Added test 'cppcheck' to perform static code analysis on C / C++ code
-- Configured cppcheck include dirs: /home/wu/SRC/Answers_to_JRAI/src/bt_cpp/./include/sample_nodes
-- Configured cppcheck exclude dirs and/or files: 
-- Added test 'lint_cmake' to check CMake code style
-- Added test 'uncrustify' to check C / C++ code style
-- Configured uncrustify additional arguments: 
-- Added test 'xmllint' to check XML markup files
-- Configuring done
-- Generating done
-- Build files have been written to: /home/wu/SRC/Answers_to_JRAI/build/bt_cpp
[35m[1mConsolidate compiler generated dependencies of target first_tree[0m
[ 50%] [32mBuilding CXX object CMakeFiles/first_tree.dir/src/first_tree.cpp.o[0m
[100%] [32m[1mLinking CXX executable first_tree[0m
/usr/bin/ld: /usr/lib/gcc/x86_64-linux-gnu/11/../../../x86_64-linux-gnu/Scrt1.o: in function `_start':
(.text+0x1b): undefined reference to `main'
collect2: error: ld returned 1 exit status
gmake[2]: *** [CMakeFiles/first_tree.dir/build.make:98: first_tree] Error 1
gmake[1]: *** [CMakeFiles/Makefile2:137: CMakeFiles/first_tree.dir/all] Error 2
gmake: *** [Makefile:146: all] Error 2
