[0.009s] Invoking command in '/home/wu/SRC/Answers_to_JRAI/build/interfaces': CMAKE_PREFIX_PATH=${CMAKE_PREFIX_PATH}:/opt/ros/humble CONDA_PROMPT_MODIFIER=(ros2) /usr/bin/cmake --build /home/wu/SRC/Answers_to_JRAI/build/interfaces -- -j16 -l16
[0.052s] [  3%] Built target interfaces__cpp
[0.052s] [ 12%] Built target interfaces__rosidl_generator_c
[0.059s] [ 12%] Built target ament_cmake_python_copy_interfaces
[0.068s] [ 32%] Built target interfaces__rosidl_typesupport_introspection_cpp
[0.068s] [ 32%] Built target interfaces__rosidl_typesupport_cpp
[0.068s] [ 41%] Built target interfaces__rosidl_typesupport_fastrtps_cpp
[0.075s] [ 61%] Built target interfaces__rosidl_typesupport_c
[0.075s] [ 61%] Built target interfaces__rosidl_typesupport_introspection_c
[0.076s] [ 70%] Built target interfaces__rosidl_typesupport_fastrtps_c
[0.091s] [ 70%] Built target interfaces
[0.110s] [ 74%] Built target interfaces__py
[0.129s] [ 80%] Built target interfaces__rosidl_generator_py
[0.145s] [100%] Built target interfaces__rosidl_typesupport_introspection_c__pyext
[0.145s] [100%] Built target interfaces__rosidl_typesupport_c__pyext
[0.145s] [100%] Built target interfaces__rosidl_typesupport_fastrtps_c__pyext
[0.186s] running egg_info
[0.186s] writing interfaces.egg-info/PKG-INFO
[0.187s] writing dependency_links to interfaces.egg-info/dependency_links.txt
[0.187s] writing top-level names to interfaces.egg-info/top_level.txt
[0.188s] reading manifest file 'interfaces.egg-info/SOURCES.txt'
[0.188s] writing manifest file 'interfaces.egg-info/SOURCES.txt'
[0.215s] [100%] Built target ament_cmake_python_build_interfaces_egg
[0.225s] Invoked command in '/home/wu/SRC/Answers_to_JRAI/build/interfaces' returned '0': CMAKE_PREFIX_PATH=${CMAKE_PREFIX_PATH}:/opt/ros/humble CONDA_PROMPT_MODIFIER=(ros2) /usr/bin/cmake --build /home/wu/SRC/Answers_to_JRAI/build/interfaces -- -j16 -l16
[0.287s] Invoking command in '/home/wu/SRC/Answers_to_JRAI/build/interfaces': CMAKE_PREFIX_PATH=${CMAKE_PREFIX_PATH}:/opt/ros/humble CONDA_PROMPT_MODIFIER=(ros2) /usr/bin/cmake --install /home/wu/SRC/Answers_to_JRAI/build/interfaces
[0.293s] -- Install configuration: ""
[0.293s] -- Up-to-date: /home/wu/SRC/Answers_to_JRAI/install/interfaces/share/ament_index/resource_index/rosidl_interfaces/interfaces
[0.293s] -- Up-to-date: /home/wu/SRC/Answers_to_JRAI/install/interfaces/include/interfaces/interfaces
[0.293s] -- Up-to-date: /home/wu/SRC/Answers_to_JRAI/install/interfaces/include/interfaces/interfaces/msg
[0.293s] -- Up-to-date: /home/wu/SRC/Answers_to_JRAI/install/interfaces/include/interfaces/interfaces/msg/rosidl_generator_c__visibility_control.h
[0.293s] -- Up-to-date: /home/wu/SRC/Answers_to_JRAI/install/interfaces/include/interfaces/interfaces/msg/now.h
[0.293s] -- Up-to-date: /home/wu/SRC/Answers_to_JRAI/install/interfaces/include/interfaces/interfaces/msg/detail
[0.293s] -- Up-to-date: /home/wu/SRC/Answers_to_JRAI/install/interfaces/include/interfaces/interfaces/msg/detail/now__type_support.h
[0.293s] -- Up-to-date: /home/wu/SRC/Answers_to_JRAI/install/interfaces/include/interfaces/interfaces/msg/detail/now__functions.h
[0.293s] -- Up-to-date: /home/wu/SRC/Answers_to_JRAI/install/interfaces/include/interfaces/interfaces/msg/detail/now__struct.h
[0.293s] -- Up-to-date: /home/wu/SRC/Answers_to_JRAI/install/interfaces/include/interfaces/interfaces/msg/detail/now__functions.c
[0.294s] -- Up-to-date: /home/wu/SRC/Answers_to_JRAI/install/interfaces/share/interfaces/environment/library_path.sh
[0.294s] -- Up-to-date: /home/wu/SRC/Answers_to_JRAI/install/interfaces/share/interfaces/environment/library_path.dsv
[0.294s] -- Up-to-date: /home/wu/SRC/Answers_to_JRAI/install/interfaces/lib/libinterfaces__rosidl_generator_c.so
[0.294s] -- Up-to-date: /home/wu/SRC/Answers_to_JRAI/install/interfaces/include/interfaces/interfaces
[0.294s] -- Up-to-date: /home/wu/SRC/Answers_to_JRAI/install/interfaces/include/interfaces/interfaces/msg
[0.294s] -- Up-to-date: /home/wu/SRC/Answers_to_JRAI/install/interfaces/include/interfaces/interfaces/msg/rosidl_typesupport_fastrtps_c__visibility_control.h
[0.294s] -- Up-to-date: /home/wu/SRC/Answers_to_JRAI/install/interfaces/include/interfaces/interfaces/msg/detail
[0.294s] -- Up-to-date: /home/wu/SRC/Answers_to_JRAI/install/interfaces/include/interfaces/interfaces/msg/detail/now__rosidl_typesupport_fastrtps_c.h
[0.294s] -- Up-to-date: /home/wu/SRC/Answers_to_JRAI/install/interfaces/lib/libinterfaces__rosidl_typesupport_fastrtps_c.so
[0.294s] -- Up-to-date: /home/wu/SRC/Answers_to_JRAI/install/interfaces/include/interfaces/interfaces
[0.294s] -- Up-to-date: /home/wu/SRC/Answers_to_JRAI/install/interfaces/include/interfaces/interfaces/msg
[0.294s] -- Up-to-date: /home/wu/SRC/Answers_to_JRAI/install/interfaces/include/interfaces/interfaces/msg/detail
[0.294s] -- Up-to-date: /home/wu/SRC/Answers_to_JRAI/install/interfaces/include/interfaces/interfaces/msg/detail/now__type_support.c
[0.294s] -- Up-to-date: /home/wu/SRC/Answers_to_JRAI/install/interfaces/include/interfaces/interfaces/msg/detail/now__rosidl_typesupport_introspection_c.h
[0.295s] -- Up-to-date: /home/wu/SRC/Answers_to_JRAI/install/interfaces/include/interfaces/interfaces/msg/rosidl_typesupport_introspection_c__visibility_control.h
[0.295s] -- Up-to-date: /home/wu/SRC/Answers_to_JRAI/install/interfaces/lib/libinterfaces__rosidl_typesupport_introspection_c.so
[0.295s] -- Up-to-date: /home/wu/SRC/Answers_to_JRAI/install/interfaces/lib/libinterfaces__rosidl_typesupport_c.so
[0.295s] -- Up-to-date: /home/wu/SRC/Answers_to_JRAI/install/interfaces/include/interfaces/interfaces
[0.295s] -- Up-to-date: /home/wu/SRC/Answers_to_JRAI/install/interfaces/include/interfaces/interfaces/msg
[0.295s] -- Up-to-date: /home/wu/SRC/Answers_to_JRAI/install/interfaces/include/interfaces/interfaces/msg/detail
[0.295s] -- Up-to-date: /home/wu/SRC/Answers_to_JRAI/install/interfaces/include/interfaces/interfaces/msg/detail/now__struct.hpp
[0.295s] -- Up-to-date: /home/wu/SRC/Answers_to_JRAI/install/interfaces/include/interfaces/interfaces/msg/detail/now__builder.hpp
[0.295s] -- Up-to-date: /home/wu/SRC/Answers_to_JRAI/install/interfaces/include/interfaces/interfaces/msg/detail/now__traits.hpp
[0.295s] -- Up-to-date: /home/wu/SRC/Answers_to_JRAI/install/interfaces/include/interfaces/interfaces/msg/now.hpp
[0.295s] -- Up-to-date: /home/wu/SRC/Answers_to_JRAI/install/interfaces/include/interfaces/interfaces
[0.295s] -- Up-to-date: /home/wu/SRC/Answers_to_JRAI/install/interfaces/include/interfaces/interfaces/msg
[0.295s] -- Up-to-date: /home/wu/SRC/Answers_to_JRAI/install/interfaces/include/interfaces/interfaces/msg/rosidl_typesupport_fastrtps_cpp__visibility_control.h
[0.296s] -- Up-to-date: /home/wu/SRC/Answers_to_JRAI/install/interfaces/include/interfaces/interfaces/msg/detail
[0.296s] -- Up-to-date: /home/wu/SRC/Answers_to_JRAI/install/interfaces/include/interfaces/interfaces/msg/detail/dds_fastrtps
[0.296s] -- Up-to-date: /home/wu/SRC/Answers_to_JRAI/install/interfaces/include/interfaces/interfaces/msg/detail/now__rosidl_typesupport_fastrtps_cpp.hpp
[0.296s] -- Up-to-date: /home/wu/SRC/Answers_to_JRAI/install/interfaces/lib/libinterfaces__rosidl_typesupport_fastrtps_cpp.so
[0.296s] -- Up-to-date: /home/wu/SRC/Answers_to_JRAI/install/interfaces/include/interfaces/interfaces
[0.296s] -- Up-to-date: /home/wu/SRC/Answers_to_JRAI/install/interfaces/include/interfaces/interfaces/msg
[0.296s] -- Up-to-date: /home/wu/SRC/Answers_to_JRAI/install/interfaces/include/interfaces/interfaces/msg/detail
[0.296s] -- Up-to-date: /home/wu/SRC/Answers_to_JRAI/install/interfaces/include/interfaces/interfaces/msg/detail/now__rosidl_typesupport_introspection_cpp.hpp
[0.296s] -- Up-to-date: /home/wu/SRC/Answers_to_JRAI/install/interfaces/include/interfaces/interfaces/msg/detail/now__type_support.cpp
[0.296s] -- Up-to-date: /home/wu/SRC/Answers_to_JRAI/install/interfaces/lib/libinterfaces__rosidl_typesupport_introspection_cpp.so
[0.296s] -- Up-to-date: /home/wu/SRC/Answers_to_JRAI/install/interfaces/lib/libinterfaces__rosidl_typesupport_cpp.so
[0.296s] -- Up-to-date: /home/wu/SRC/Answers_to_JRAI/install/interfaces/share/interfaces/environment/pythonpath.sh
[0.296s] -- Up-to-date: /home/wu/SRC/Answers_to_JRAI/install/interfaces/share/interfaces/environment/pythonpath.dsv
[0.296s] -- Up-to-date: /home/wu/SRC/Answers_to_JRAI/install/interfaces/local/lib/python3.10/dist-packages/interfaces-0.0.0-py3.10.egg-info
[0.296s] -- Installing: /home/wu/SRC/Answers_to_JRAI/install/interfaces/local/lib/python3.10/dist-packages/interfaces-0.0.0-py3.10.egg-info/PKG-INFO
[0.296s] -- Installing: /home/wu/SRC/Answers_to_JRAI/install/interfaces/local/lib/python3.10/dist-packages/interfaces-0.0.0-py3.10.egg-info/SOURCES.txt
[0.297s] -- Installing: /home/wu/SRC/Answers_to_JRAI/install/interfaces/local/lib/python3.10/dist-packages/interfaces-0.0.0-py3.10.egg-info/dependency_links.txt
[0.297s] -- Installing: /home/wu/SRC/Answers_to_JRAI/install/interfaces/local/lib/python3.10/dist-packages/interfaces-0.0.0-py3.10.egg-info/top_level.txt
[0.297s] -- Up-to-date: /home/wu/SRC/Answers_to_JRAI/install/interfaces/local/lib/python3.10/dist-packages/interfaces
[0.297s] -- Up-to-date: /home/wu/SRC/Answers_to_JRAI/install/interfaces/local/lib/python3.10/dist-packages/interfaces/_interfaces_s.ep.rosidl_typesupport_introspection_c.c
[0.297s] -- Up-to-date: /home/wu/SRC/Answers_to_JRAI/install/interfaces/local/lib/python3.10/dist-packages/interfaces/interfaces_s__rosidl_typesupport_introspection_c.cpython-310-x86_64-linux-gnu.so
[0.297s] -- Up-to-date: /home/wu/SRC/Answers_to_JRAI/install/interfaces/local/lib/python3.10/dist-packages/interfaces/msg
[0.297s] -- Up-to-date: /home/wu/SRC/Answers_to_JRAI/install/interfaces/local/lib/python3.10/dist-packages/interfaces/msg/_now.py
[0.297s] -- Up-to-date: /home/wu/SRC/Answers_to_JRAI/install/interfaces/local/lib/python3.10/dist-packages/interfaces/msg/_now_s.c
[0.297s] -- Up-to-date: /home/wu/SRC/Answers_to_JRAI/install/interfaces/local/lib/python3.10/dist-packages/interfaces/msg/__init__.py
[0.297s] -- Up-to-date: /home/wu/SRC/Answers_to_JRAI/install/interfaces/local/lib/python3.10/dist-packages/interfaces/_interfaces_s.ep.rosidl_typesupport_fastrtps_c.c
[0.297s] -- Up-to-date: /home/wu/SRC/Answers_to_JRAI/install/interfaces/local/lib/python3.10/dist-packages/interfaces/libinterfaces__rosidl_generator_py.so
[0.297s] -- Up-to-date: /home/wu/SRC/Answers_to_JRAI/install/interfaces/local/lib/python3.10/dist-packages/interfaces/interfaces_s__rosidl_typesupport_fastrtps_c.cpython-310-x86_64-linux-gnu.so
[0.297s] -- Up-to-date: /home/wu/SRC/Answers_to_JRAI/install/interfaces/local/lib/python3.10/dist-packages/interfaces/_interfaces_s.ep.rosidl_typesupport_c.c
[0.297s] -- Up-to-date: /home/wu/SRC/Answers_to_JRAI/install/interfaces/local/lib/python3.10/dist-packages/interfaces/interfaces_s__rosidl_typesupport_c.cpython-310-x86_64-linux-gnu.so
[0.297s] -- Up-to-date: /home/wu/SRC/Answers_to_JRAI/install/interfaces/local/lib/python3.10/dist-packages/interfaces/__init__.py
[0.317s] Listing '/home/wu/SRC/Answers_to_JRAI/install/interfaces/local/lib/python3.10/dist-packages/interfaces'...
[0.317s] Listing '/home/wu/SRC/Answers_to_JRAI/install/interfaces/local/lib/python3.10/dist-packages/interfaces/msg'...
[0.319s] -- Up-to-date: /home/wu/SRC/Answers_to_JRAI/install/interfaces/local/lib/python3.10/dist-packages/interfaces/interfaces_s__rosidl_typesupport_fastrtps_c.cpython-310-x86_64-linux-gnu.so
[0.320s] -- Up-to-date: /home/wu/SRC/Answers_to_JRAI/install/interfaces/local/lib/python3.10/dist-packages/interfaces/interfaces_s__rosidl_typesupport_introspection_c.cpython-310-x86_64-linux-gnu.so
[0.320s] -- Up-to-date: /home/wu/SRC/Answers_to_JRAI/install/interfaces/local/lib/python3.10/dist-packages/interfaces/interfaces_s__rosidl_typesupport_c.cpython-310-x86_64-linux-gnu.so
[0.320s] -- Up-to-date: /home/wu/SRC/Answers_to_JRAI/install/interfaces/lib/libinterfaces__rosidl_generator_py.so
[0.320s] -- Up-to-date: /home/wu/SRC/Answers_to_JRAI/install/interfaces/share/interfaces/msg/Now.idl
[0.320s] -- Up-to-date: /home/wu/SRC/Answers_to_JRAI/install/interfaces/share/interfaces/msg/Now.msg
[0.320s] -- Up-to-date: /home/wu/SRC/Answers_to_JRAI/install/interfaces/share/ament_index/resource_index/package_run_dependencies/interfaces
[0.320s] -- Up-to-date: /home/wu/SRC/Answers_to_JRAI/install/interfaces/share/ament_index/resource_index/parent_prefix_path/interfaces
[0.320s] -- Up-to-date: /home/wu/SRC/Answers_to_JRAI/install/interfaces/share/interfaces/environment/ament_prefix_path.sh
[0.321s] -- Up-to-date: /home/wu/SRC/Answers_to_JRAI/install/interfaces/share/interfaces/environment/ament_prefix_path.dsv
[0.321s] -- Up-to-date: /home/wu/SRC/Answers_to_JRAI/install/interfaces/share/interfaces/environment/path.sh
[0.321s] -- Up-to-date: /home/wu/SRC/Answers_to_JRAI/install/interfaces/share/interfaces/environment/path.dsv
[0.321s] -- Up-to-date: /home/wu/SRC/Answers_to_JRAI/install/interfaces/share/interfaces/local_setup.bash
[0.321s] -- Up-to-date: /home/wu/SRC/Answers_to_JRAI/install/interfaces/share/interfaces/local_setup.sh
[0.321s] -- Up-to-date: /home/wu/SRC/Answers_to_JRAI/install/interfaces/share/interfaces/local_setup.zsh
[0.321s] -- Up-to-date: /home/wu/SRC/Answers_to_JRAI/install/interfaces/share/interfaces/local_setup.dsv
[0.321s] -- Installing: /home/wu/SRC/Answers_to_JRAI/install/interfaces/share/interfaces/package.dsv
[0.321s] -- Up-to-date: /home/wu/SRC/Answers_to_JRAI/install/interfaces/share/ament_index/resource_index/packages/interfaces
[0.321s] -- Up-to-date: /home/wu/SRC/Answers_to_JRAI/install/interfaces/share/interfaces/cmake/export_interfaces__rosidl_generator_cExport.cmake
[0.321s] -- Up-to-date: /home/wu/SRC/Answers_to_JRAI/install/interfaces/share/interfaces/cmake/export_interfaces__rosidl_generator_cExport-noconfig.cmake
[0.321s] -- Up-to-date: /home/wu/SRC/Answers_to_JRAI/install/interfaces/share/interfaces/cmake/export_interfaces__rosidl_typesupport_fastrtps_cExport.cmake
[0.322s] -- Up-to-date: /home/wu/SRC/Answers_to_JRAI/install/interfaces/share/interfaces/cmake/export_interfaces__rosidl_typesupport_fastrtps_cExport-noconfig.cmake
[0.322s] -- Up-to-date: /home/wu/SRC/Answers_to_JRAI/install/interfaces/share/interfaces/cmake/interfaces__rosidl_typesupport_introspection_cExport.cmake
[0.322s] -- Up-to-date: /home/wu/SRC/Answers_to_JRAI/install/interfaces/share/interfaces/cmake/interfaces__rosidl_typesupport_introspection_cExport-noconfig.cmake
[0.322s] -- Up-to-date: /home/wu/SRC/Answers_to_JRAI/install/interfaces/share/interfaces/cmake/interfaces__rosidl_typesupport_cExport.cmake
[0.322s] -- Up-to-date: /home/wu/SRC/Answers_to_JRAI/install/interfaces/share/interfaces/cmake/interfaces__rosidl_typesupport_cExport-noconfig.cmake
[0.322s] -- Up-to-date: /home/wu/SRC/Answers_to_JRAI/install/interfaces/share/interfaces/cmake/export_interfaces__rosidl_generator_cppExport.cmake
[0.322s] -- Up-to-date: /home/wu/SRC/Answers_to_JRAI/install/interfaces/share/interfaces/cmake/export_interfaces__rosidl_typesupport_fastrtps_cppExport.cmake
[0.322s] -- Up-to-date: /home/wu/SRC/Answers_to_JRAI/install/interfaces/share/interfaces/cmake/export_interfaces__rosidl_typesupport_fastrtps_cppExport-noconfig.cmake
[0.322s] -- Up-to-date: /home/wu/SRC/Answers_to_JRAI/install/interfaces/share/interfaces/cmake/interfaces__rosidl_typesupport_introspection_cppExport.cmake
[0.322s] -- Up-to-date: /home/wu/SRC/Answers_to_JRAI/install/interfaces/share/interfaces/cmake/interfaces__rosidl_typesupport_introspection_cppExport-noconfig.cmake
[0.322s] -- Up-to-date: /home/wu/SRC/Answers_to_JRAI/install/interfaces/share/interfaces/cmake/interfaces__rosidl_typesupport_cppExport.cmake
[0.322s] -- Up-to-date: /home/wu/SRC/Answers_to_JRAI/install/interfaces/share/interfaces/cmake/interfaces__rosidl_typesupport_cppExport-noconfig.cmake
[0.322s] -- Up-to-date: /home/wu/SRC/Answers_to_JRAI/install/interfaces/share/interfaces/cmake/export_interfaces__rosidl_generator_pyExport.cmake
[0.322s] -- Up-to-date: /home/wu/SRC/Answers_to_JRAI/install/interfaces/share/interfaces/cmake/export_interfaces__rosidl_generator_pyExport-noconfig.cmake
[0.322s] -- Up-to-date: /home/wu/SRC/Answers_to_JRAI/install/interfaces/share/interfaces/cmake/rosidl_cmake-extras.cmake
[0.323s] -- Up-to-date: /home/wu/SRC/Answers_to_JRAI/install/interfaces/share/interfaces/cmake/ament_cmake_export_include_directories-extras.cmake
[0.323s] -- Up-to-date: /home/wu/SRC/Answers_to_JRAI/install/interfaces/share/interfaces/cmake/ament_cmake_export_libraries-extras.cmake
[0.323s] -- Up-to-date: /home/wu/SRC/Answers_to_JRAI/install/interfaces/share/interfaces/cmake/ament_cmake_export_targets-extras.cmake
[0.323s] -- Up-to-date: /home/wu/SRC/Answers_to_JRAI/install/interfaces/share/interfaces/cmake/rosidl_cmake_export_typesupport_targets-extras.cmake
[0.323s] -- Up-to-date: /home/wu/SRC/Answers_to_JRAI/install/interfaces/share/interfaces/cmake/ament_cmake_export_dependencies-extras.cmake
[0.323s] -- Up-to-date: /home/wu/SRC/Answers_to_JRAI/install/interfaces/share/interfaces/cmake/rosidl_cmake_export_typesupport_libraries-extras.cmake
[0.323s] -- Up-to-date: /home/wu/SRC/Answers_to_JRAI/install/interfaces/share/interfaces/cmake/interfacesConfig.cmake
[0.323s] -- Up-to-date: /home/wu/SRC/Answers_to_JRAI/install/interfaces/share/interfaces/cmake/interfacesConfig-version.cmake
[0.323s] -- Up-to-date: /home/wu/SRC/Answers_to_JRAI/install/interfaces/share/interfaces/package.xml
[0.325s] Invoked command in '/home/wu/SRC/Answers_to_JRAI/build/interfaces' returned '0': CMAKE_PREFIX_PATH=${CMAKE_PREFIX_PATH}:/opt/ros/humble CONDA_PROMPT_MODIFIER=(ros2) /usr/bin/cmake --install /home/wu/SRC/Answers_to_JRAI/build/interfaces
