In file included from [01m[K/opt/ros/humble/include/rclcpp/rclcpp/logging.hpp:24[m[K,
                 from [01m[K/opt/ros/humble/include/rclcpp/rclcpp/client.hpp:40[m[K,
                 from [01m[K/opt/ros/humble/include/rclcpp/rclcpp/callback_group.hpp:24[m[K,
                 from [01m[K/opt/ros/humble/include/rclcpp/rclcpp/any_executable.hpp:20[m[K,
                 from [01m[K/opt/ros/humble/include/rclcpp/rclcpp/memory_strategy.hpp:25[m[K,
                 from [01m[K/opt/ros/humble/include/rclcpp/rclcpp/memory_strategies.hpp:18[m[K,
                 from [01m[K/opt/ros/humble/include/rclcpp/rclcpp/executor_options.hpp:20[m[K,
                 from [01m[K/opt/ros/humble/include/rclcpp/rclcpp/executor.hpp:37[m[K,
                 from [01m[K/opt/ros/humble/include/rclcpp/rclcpp/executors/multi_threaded_executor.hpp:25[m[K,
                 from [01m[K/opt/ros/humble/include/rclcpp/rclcpp/executors.hpp:21[m[K,
                 from [01m[K/opt/ros/humble/include/rclcpp/rclcpp/rclcpp.hpp:155[m[K,
                 from [01m[K/home/wu/SRC/Answers_to_JRAI/src/part_one/src/node_2_03.cpp:1[m[K:
[01m[K/home/wu/SRC/Answers_to_JRAI/src/part_one/src/node_2_03.cpp:[m[K In member function ‘[01m[Kvoid Subscriber03::fibo_callback(const Int32&)[m[K’:
[01m[K/home/wu/SRC/Answers_to_JRAI/src/part_one/src/node_2_03.cpp:19:41:[m[K [01;35m[Kwarning: [m[Kformat ‘[01m[K%c[m[K’ expects argument of type ‘[01m[Kint[m[K’, but argument 5 has type ‘[01m[Kstd::string[m[K’ {aka ‘[01m[Kstd::__cxx11::basic_string<char>[m[K’} [[01;35m[K]8;;https://gcc.gnu.org/onlinedocs/gcc/Warning-Options.html#index-Wformat=-Wformat=]8;;[m[K]
   19 |         RCLCPP_INFO(this->get_logger(), [01;35m[K"fibonacci: %c"[m[K, fibo);
      |                                         [01;35m[K^~~~~~~~~~~~~~~[m[K
[01m[K/home/wu/SRC/Answers_to_JRAI/src/part_one/src/node_2_03.cpp:19:54:[m[K [01;36m[Knote: [m[Kformat string is defined here
   19 |         RCLCPP_INFO(this->get_logger(), "fibonacci: [01;36m[K%c[m[K", fibo);
      |                                                     [01;36m[K~^[m[K
      |                                                      [01;36m[K|[m[K
      |                                                      [01;36m[Kint[m[K
