[0.009s] Invoking command in '/home/wu/SRC/Answers_to_JRAI/build/bt_cpp': CMAKE_PREFIX_PATH=/opt/ros/humble CONDA_PROMPT_MODIFIER=(base) /usr/bin/cmake --build /home/wu/SRC/Answers_to_JRAI/build/bt_cpp -- -j16 -l16
[0.031s] -- Found ament_cmake: 1.3.9 (/opt/ros/humble/share/ament_cmake/cmake)
[0.103s] -- Found behaviortree_cpp: 4.6.2 (/usr/local/share/behaviortree_cpp/cmake)
[0.105s] -- Found ament_lint_auto: 0.12.11 (/opt/ros/humble/share/ament_lint_auto/cmake)
[0.157s] -- Added test 'cppcheck' to perform static code analysis on C / C++ code
[0.157s] -- Configured cppcheck include dirs: 
[0.157s] -- Configured cppcheck exclude dirs and/or files: 
[0.160s] -- Added test 'lint_cmake' to check CMake code style
[0.162s] -- Added test 'uncrustify' to check C / C++ code style
[0.162s] -- Configured uncrustify additional arguments: 
[0.162s] -- Added test 'xmllint' to check XML markup files
[0.164s] -- Configuring done
[0.168s] -- Generating done
[0.168s] -- Build files have been written to: /home/wu/SRC/Answers_to_JRAI/build/bt_cpp
[0.193s] [ 33%] [32mBuilding CXX object CMakeFiles/breakfast_tree.dir/src/breakfast_tree.cpp.o[0m
[0.194s] [ 66%] [32mBuilding CXX object CMakeFiles/breakfast_tree.dir/src/breakfast.cpp.o[0m
[0.221s] [100%] [32m[1mLinking CXX executable breakfast_tree[0m
[0.251s] /usr/bin/ld: /usr/lib/gcc/x86_64-linux-gnu/11/../../../x86_64-linux-gnu/Scrt1.o: in function `_start':
[0.251s] (.text+0x1b): undefined reference to `main'
[0.252s] collect2: error: ld returned 1 exit status
[0.254s] gmake[2]: *** [CMakeFiles/breakfast_tree.dir/build.make:114: breakfast_tree] Error 1
[0.255s] gmake[1]: *** [CMakeFiles/Makefile2:137: CMakeFiles/breakfast_tree.dir/all] Error 2
[0.255s] gmake: *** [Makefile:146: all] Error 2
[0.257s] Invoked command in '/home/wu/SRC/Answers_to_JRAI/build/bt_cpp' returned '2': CMAKE_PREFIX_PATH=/opt/ros/humble CONDA_PROMPT_MODIFIER=(base) /usr/bin/cmake --build /home/wu/SRC/Answers_to_JRAI/build/bt_cpp -- -j16 -l16
