[35m[1mConsolidate compiler generated dependencies of target node_2_03[0m
[ 62%] Built target node_1_subscriber
[ 75%] Built target node_1_publisher
[ 75%] Built target node_2_02
[ 87%] [32mBuilding CXX object CMakeFiles/node_2_03.dir/src/node_2_03.cpp.o[0m
In file included from [01m[K/opt/ros/humble/include/rclcpp/rclcpp/logging.hpp:24[m[K,
                 from [01m[K/opt/ros/humble/include/rclcpp/rclcpp/client.hpp:40[m[K,
                 from [01m[K/opt/ros/humble/include/rclcpp/rclcpp/callback_group.hpp:24[m[K,
                 from [01m[K/opt/ros/humble/include/rclcpp/rclcpp/any_executable.hpp:20[m[K,
                 from [01m[K/opt/ros/humble/include/rclcpp/rclcpp/memory_strategy.hpp:25[m[K,
                 from [01m[K/opt/ros/humble/include/rclcpp/rclcpp/memory_strategies.hpp:18[m[K,
                 from [01m[K/opt/ros/humble/include/rclcpp/rclcpp/executor_options.hpp:20[m[K,
                 from [01m[K/opt/ros/humble/include/rclcpp/rclcpp/executor.hpp:37[m[K,
                 from [01m[K/opt/ros/humble/include/rclcpp/rclcpp/executors/multi_threaded_executor.hpp:25[m[K,
                 from [01m[K/opt/ros/humble/include/rclcpp/rclcpp/executors.hpp:21[m[K,
                 from [01m[K/opt/ros/humble/include/rclcpp/rclcpp/rclcpp.hpp:155[m[K,
                 from [01m[K/home/wu/SRC/Answers_to_JRAI/src/part_one/src/node_2_03.cpp:1[m[K:
[01m[K/home/wu/SRC/Answers_to_JRAI/src/part_one/src/node_2_03.cpp:[m[K In member function ‘[01m[Kvoid Subscriber03::fibo_callback(const Int32&)[m[K’:
[01m[K/home/wu/SRC/Answers_to_JRAI/src/part_one/src/node_2_03.cpp:22:41:[m[K [01;35m[Kwarning: [m[Kformat ‘[01m[K%s[m[K’ expects argument of type ‘[01m[Kchar*[m[K’, but argument 5 has type ‘[01m[Kstd_msgs::msg::String_<std::allocator<void> >::_data_type[m[K’ {aka ‘[01m[Kstd::__cxx11::basic_string<char>[m[K’} [[01;35m[K]8;;https://gcc.gnu.org/onlinedocs/gcc/Warning-Options.html#index-Wformat=-Wformat=]8;;[m[K]
   22 |         RCLCPP_INFO(this->get_logger(), [01;35m[K"fibonacci: %s"[m[K, fibo.data);
      |                                         [01;35m[K^~~~~~~~~~~~~~~[m[K
[01m[K/home/wu/SRC/Answers_to_JRAI/src/part_one/src/node_2_03.cpp:22:54:[m[K [01;36m[Knote: [m[Kformat string is defined here
   22 |         RCLCPP_INFO(this->get_logger(), "fibonacci: [01;36m[K%s[m[K", fibo.data);
      |                                                     [01;36m[K~^[m[K
      |                                                      [01;36m[K|[m[K
      |                                                      [01;36m[Kchar*[m[K
[100%] [32m[1mLinking CXX executable node_2_03[0m
[100%] Built target node_2_03
-- Install configuration: ""
-- Up-to-date: /home/wu/SRC/Answers_to_JRAI/install/part_one/lib/part_one/node_1_publisher
-- Up-to-date: /home/wu/SRC/Answers_to_JRAI/install/part_one/lib/part_one/node_1_subscriber
-- Up-to-date: /home/wu/SRC/Answers_to_JRAI/install/part_one/lib/part_one/node_2_02
-- Installing: /home/wu/SRC/Answers_to_JRAI/install/part_one/lib/part_one/node_2_03
-- Set runtime path of "/home/wu/SRC/Answers_to_JRAI/install/part_one/lib/part_one/node_2_03" to ""
-- Up-to-date: /home/wu/SRC/Answers_to_JRAI/install/part_one/share/ament_index/resource_index/package_run_dependencies/part_one
-- Up-to-date: /home/wu/SRC/Answers_to_JRAI/install/part_one/share/ament_index/resource_index/parent_prefix_path/part_one
-- Up-to-date: /home/wu/SRC/Answers_to_JRAI/install/part_one/share/part_one/environment/ament_prefix_path.sh
-- Up-to-date: /home/wu/SRC/Answers_to_JRAI/install/part_one/share/part_one/environment/ament_prefix_path.dsv
-- Up-to-date: /home/wu/SRC/Answers_to_JRAI/install/part_one/share/part_one/environment/path.sh
-- Up-to-date: /home/wu/SRC/Answers_to_JRAI/install/part_one/share/part_one/environment/path.dsv
-- Up-to-date: /home/wu/SRC/Answers_to_JRAI/install/part_one/share/part_one/local_setup.bash
-- Up-to-date: /home/wu/SRC/Answers_to_JRAI/install/part_one/share/part_one/local_setup.sh
-- Up-to-date: /home/wu/SRC/Answers_to_JRAI/install/part_one/share/part_one/local_setup.zsh
-- Up-to-date: /home/wu/SRC/Answers_to_JRAI/install/part_one/share/part_one/local_setup.dsv
-- Installing: /home/wu/SRC/Answers_to_JRAI/install/part_one/share/part_one/package.dsv
-- Up-to-date: /home/wu/SRC/Answers_to_JRAI/install/part_one/share/ament_index/resource_index/packages/part_one
-- Up-to-date: /home/wu/SRC/Answers_to_JRAI/install/part_one/share/part_one/cmake/part_oneConfig.cmake
-- Up-to-date: /home/wu/SRC/Answers_to_JRAI/install/part_one/share/part_one/cmake/part_oneConfig-version.cmake
-- Up-to-date: /home/wu/SRC/Answers_to_JRAI/install/part_one/share/part_one/package.xml
