[0.011s] Invoking command in '/home/wu/SRC/Answers_to_JRAI/build/part_one': AMENT_PREFIX_PATH=/home/wu/SRC/Answers_to_JRAI/install/interfaces:${AMENT_PREFIX_PATH} CMAKE_PREFIX_PATH=/home/wu/SRC/Answers_to_JRAI/install/interfaces:/opt/ros/humble CONDA_PROMPT_MODIFIER=(ros2) LD_LIBRARY_PATH=/home/wu/SRC/Answers_to_JRAI/install/interfaces/lib:${LD_LIBRARY_PATH} PYTHONPATH=/home/wu/SRC/Answers_to_JRAI/install/interfaces/local/lib/python3.10/dist-packages:${PYTHONPATH} /usr/bin/cmake --build /home/wu/SRC/Answers_to_JRAI/build/part_one -- -j16 -l16
[0.031s] -- Found ament_cmake: 1.3.9 (/opt/ros/humble/share/ament_cmake/cmake)
[0.102s] -- Found rclcpp: 16.0.9 (/opt/ros/humble/share/rclcpp/cmake)
[0.122s] -- Found rosidl_generator_c: 3.1.5 (/opt/ros/humble/share/rosidl_generator_c/cmake)
[0.123s] -- Found rosidl_adapter: 3.1.5 (/opt/ros/humble/share/rosidl_adapter/cmake)
[0.127s] -- Found rosidl_generator_cpp: 3.1.5 (/opt/ros/humble/share/rosidl_generator_cpp/cmake)
[0.132s] -- Using all available rosidl_typesupport_c: rosidl_typesupport_fastrtps_c;rosidl_typesupport_introspection_c
[0.141s] -- Using all available rosidl_typesupport_cpp: rosidl_typesupport_fastrtps_cpp;rosidl_typesupport_introspection_cpp
[0.171s] -- Found rmw_implementation_cmake: 6.1.2 (/opt/ros/humble/share/rmw_implementation_cmake/cmake)
[0.172s] -- Found rmw_fastrtps_cpp: 6.2.6 (/opt/ros/humble/share/rmw_fastrtps_cpp/cmake)
[0.255s] -- Using RMW implementation 'rmw_fastrtps_cpp' as default
[0.340s] -- Found rclcpp_action: 16.0.9 (/opt/ros/humble/share/rclcpp_action/cmake)
[0.389s] -- Found interfaces: 0.0.0 (/home/wu/SRC/Answers_to_JRAI/install/interfaces/share/interfaces/cmake)
[0.397s] -- Found ament_lint_auto: 0.12.11 (/opt/ros/humble/share/ament_lint_auto/cmake)
[0.450s] -- Added test 'cppcheck' to perform static code analysis on C / C++ code
[0.450s] -- Configured cppcheck include dirs: 
[0.450s] -- Configured cppcheck exclude dirs and/or files: 
[0.450s] -- Added test 'lint_cmake' to check CMake code style
[0.450s] -- Added test 'uncrustify' to check C / C++ code style
[0.451s] -- Configured uncrustify additional arguments: 
[0.451s] -- Added test 'xmllint' to check XML markup files
[0.451s] -- Configuring done
[0.458s] -- Generating done
[0.459s] -- Build files have been written to: /home/wu/SRC/Answers_to_JRAI/build/part_one
[0.483s] [35m[1mConsolidate compiler generated dependencies of target node_1_publisher[0m
[0.484s] [35m[1mConsolidate compiler generated dependencies of target node_1_subscriber[0m
[0.495s] [ 50%] Built target node_1_publisher
[0.496s] [ 75%] [32m[1mLinking CXX executable node_1_subscriber[0m
[0.712s] [100%] Built target node_1_subscriber
[0.726s] Invoked command in '/home/wu/SRC/Answers_to_JRAI/build/part_one' returned '0': AMENT_PREFIX_PATH=/home/wu/SRC/Answers_to_JRAI/install/interfaces:${AMENT_PREFIX_PATH} CMAKE_PREFIX_PATH=/home/wu/SRC/Answers_to_JRAI/install/interfaces:/opt/ros/humble CONDA_PROMPT_MODIFIER=(ros2) LD_LIBRARY_PATH=/home/wu/SRC/Answers_to_JRAI/install/interfaces/lib:${LD_LIBRARY_PATH} PYTHONPATH=/home/wu/SRC/Answers_to_JRAI/install/interfaces/local/lib/python3.10/dist-packages:${PYTHONPATH} /usr/bin/cmake --build /home/wu/SRC/Answers_to_JRAI/build/part_one -- -j16 -l16
[0.761s] Invoking command in '/home/wu/SRC/Answers_to_JRAI/build/part_one': AMENT_PREFIX_PATH=/home/wu/SRC/Answers_to_JRAI/install/interfaces:${AMENT_PREFIX_PATH} CMAKE_PREFIX_PATH=/home/wu/SRC/Answers_to_JRAI/install/interfaces:/opt/ros/humble CONDA_PROMPT_MODIFIER=(ros2) LD_LIBRARY_PATH=/home/wu/SRC/Answers_to_JRAI/install/interfaces/lib:${LD_LIBRARY_PATH} PYTHONPATH=/home/wu/SRC/Answers_to_JRAI/install/interfaces/local/lib/python3.10/dist-packages:${PYTHONPATH} /usr/bin/cmake --install /home/wu/SRC/Answers_to_JRAI/build/part_one
[0.765s] -- Install configuration: ""
[0.765s] -- Up-to-date: /home/wu/SRC/Answers_to_JRAI/install/part_one/lib/part_one/node_1_publisher
[0.765s] -- Installing: /home/wu/SRC/Answers_to_JRAI/install/part_one/lib/part_one/node_1_subscriber
[0.768s] -- Set runtime path of "/home/wu/SRC/Answers_to_JRAI/install/part_one/lib/part_one/node_1_subscriber" to ""
[0.768s] -- Up-to-date: /home/wu/SRC/Answers_to_JRAI/install/part_one/share/ament_index/resource_index/package_run_dependencies/part_one
[0.769s] -- Up-to-date: /home/wu/SRC/Answers_to_JRAI/install/part_one/share/ament_index/resource_index/parent_prefix_path/part_one
[0.769s] -- Up-to-date: /home/wu/SRC/Answers_to_JRAI/install/part_one/share/part_one/environment/ament_prefix_path.sh
[0.769s] -- Installing: /home/wu/SRC/Answers_to_JRAI/install/part_one/share/part_one/environment/ament_prefix_path.dsv
[0.769s] -- Up-to-date: /home/wu/SRC/Answers_to_JRAI/install/part_one/share/part_one/environment/path.sh
[0.769s] -- Installing: /home/wu/SRC/Answers_to_JRAI/install/part_one/share/part_one/environment/path.dsv
[0.769s] -- Up-to-date: /home/wu/SRC/Answers_to_JRAI/install/part_one/share/part_one/local_setup.bash
[0.769s] -- Up-to-date: /home/wu/SRC/Answers_to_JRAI/install/part_one/share/part_one/local_setup.sh
[0.769s] -- Up-to-date: /home/wu/SRC/Answers_to_JRAI/install/part_one/share/part_one/local_setup.zsh
[0.769s] -- Installing: /home/wu/SRC/Answers_to_JRAI/install/part_one/share/part_one/local_setup.dsv
[0.769s] -- Installing: /home/wu/SRC/Answers_to_JRAI/install/part_one/share/part_one/package.dsv
[0.769s] -- Up-to-date: /home/wu/SRC/Answers_to_JRAI/install/part_one/share/ament_index/resource_index/packages/part_one
[0.769s] -- Up-to-date: /home/wu/SRC/Answers_to_JRAI/install/part_one/share/part_one/cmake/part_oneConfig.cmake
[0.769s] -- Up-to-date: /home/wu/SRC/Answers_to_JRAI/install/part_one/share/part_one/cmake/part_oneConfig-version.cmake
[0.769s] -- Up-to-date: /home/wu/SRC/Answers_to_JRAI/install/part_one/share/part_one/package.xml
[0.771s] Invoked command in '/home/wu/SRC/Answers_to_JRAI/build/part_one' returned '0': AMENT_PREFIX_PATH=/home/wu/SRC/Answers_to_JRAI/install/interfaces:${AMENT_PREFIX_PATH} CMAKE_PREFIX_PATH=/home/wu/SRC/Answers_to_JRAI/install/interfaces:/opt/ros/humble CONDA_PROMPT_MODIFIER=(ros2) LD_LIBRARY_PATH=/home/wu/SRC/Answers_to_JRAI/install/interfaces/lib:${LD_LIBRARY_PATH} PYTHONPATH=/home/wu/SRC/Answers_to_JRAI/install/interfaces/local/lib/python3.10/dist-packages:${PYTHONPATH} /usr/bin/cmake --install /home/wu/SRC/Answers_to_JRAI/build/part_one
