[0.014s] Invoking command in '/home/wu/SRC/Answers_to_JRAI/build/part_one': AMENT_PREFIX_PATH=/home/wu/SRC/Answers_to_JRAI/install/interfaces:${AMENT_PREFIX_PATH} CMAKE_PREFIX_PATH=/home/wu/SRC/Answers_to_JRAI/install/interfaces:/opt/ros/humble LD_LIBRARY_PATH=/home/wu/SRC/Answers_to_JRAI/install/interfaces/lib:${LD_LIBRARY_PATH} PYTHONPATH=/home/wu/SRC/Answers_to_JRAI/install/interfaces/local/lib/python3.10/dist-packages:${PYTHONPATH} /usr/bin/cmake --build /home/wu/SRC/Answers_to_JRAI/build/part_one -- -j16 -l16
[0.047s] [35m[1mConsolidate compiler generated dependencies of target node_3_client[0m
[0.047s] [35m[1mConsolidate compiler generated dependencies of target node_1_subscriber[0m
[0.047s] [35m[1mConsolidate compiler generated dependencies of target node_1_publisher[0m
[0.047s] [35m[1mConsolidate compiler generated dependencies of target node_2_01[0m
[0.047s] [35m[1mConsolidate compiler generated dependencies of target node_2_03[0m
[0.047s] [35m[1mConsolidate compiler generated dependencies of target node_3_server[0m
[0.047s] [35m[1mConsolidate compiler generated dependencies of target node_4_server[0m
[0.048s] [35m[1mConsolidate compiler generated dependencies of target node_2_02[0m
[0.048s] [35m[1mConsolidate compiler generated dependencies of target node_4_client[0m
[0.061s] [ 44%] Built target node_2_03
[0.061s] [ 44%] Built target node_3_client
[0.061s] [ 44%] Built target node_1_publisher
[0.061s] [ 44%] Built target node_1_subscriber
[0.061s] [ 55%] Built target node_2_01
[0.062s] [ 72%] Built target node_4_server
[0.062s] [ 77%] Built target node_4_client
[0.062s] [100%] Built target node_3_server
[0.062s] [100%] Built target node_2_02
[0.072s] Invoked command in '/home/wu/SRC/Answers_to_JRAI/build/part_one' returned '0': AMENT_PREFIX_PATH=/home/wu/SRC/Answers_to_JRAI/install/interfaces:${AMENT_PREFIX_PATH} CMAKE_PREFIX_PATH=/home/wu/SRC/Answers_to_JRAI/install/interfaces:/opt/ros/humble LD_LIBRARY_PATH=/home/wu/SRC/Answers_to_JRAI/install/interfaces/lib:${LD_LIBRARY_PATH} PYTHONPATH=/home/wu/SRC/Answers_to_JRAI/install/interfaces/local/lib/python3.10/dist-packages:${PYTHONPATH} /usr/bin/cmake --build /home/wu/SRC/Answers_to_JRAI/build/part_one -- -j16 -l16
[0.129s] Invoking command in '/home/wu/SRC/Answers_to_JRAI/build/part_one': AMENT_PREFIX_PATH=/home/wu/SRC/Answers_to_JRAI/install/interfaces:${AMENT_PREFIX_PATH} CMAKE_PREFIX_PATH=/home/wu/SRC/Answers_to_JRAI/install/interfaces:/opt/ros/humble LD_LIBRARY_PATH=/home/wu/SRC/Answers_to_JRAI/install/interfaces/lib:${LD_LIBRARY_PATH} PYTHONPATH=/home/wu/SRC/Answers_to_JRAI/install/interfaces/local/lib/python3.10/dist-packages:${PYTHONPATH} /usr/bin/cmake --install /home/wu/SRC/Answers_to_JRAI/build/part_one
[0.134s] -- Install configuration: ""
[0.134s] -- Up-to-date: /home/wu/SRC/Answers_to_JRAI/install/part_one/lib/part_one/node_1_publisher
[0.134s] -- Up-to-date: /home/wu/SRC/Answers_to_JRAI/install/part_one/lib/part_one/node_1_subscriber
[0.134s] -- Up-to-date: /home/wu/SRC/Answers_to_JRAI/install/part_one/lib/part_one/node_2_01
[0.134s] -- Up-to-date: /home/wu/SRC/Answers_to_JRAI/install/part_one/lib/part_one/node_2_02
[0.135s] -- Up-to-date: /home/wu/SRC/Answers_to_JRAI/install/part_one/lib/part_one/node_2_03
[0.135s] -- Up-to-date: /home/wu/SRC/Answers_to_JRAI/install/part_one/lib/part_one/node_3_server
[0.135s] -- Up-to-date: /home/wu/SRC/Answers_to_JRAI/install/part_one/lib/part_one/node_3_client
[0.135s] -- Up-to-date: /home/wu/SRC/Answers_to_JRAI/install/part_one/lib/part_one/node_4_server
[0.135s] -- Up-to-date: /home/wu/SRC/Answers_to_JRAI/install/part_one/lib/part_one/node_4_client
[0.135s] -- Up-to-date: /home/wu/SRC/Answers_to_JRAI/install/part_one/share/part_one/launch
[0.135s] -- Installing: /home/wu/SRC/Answers_to_JRAI/install/part_one/share/part_one/launch/part_one.launch.py
[0.135s] -- Up-to-date: /home/wu/SRC/Answers_to_JRAI/install/part_one/share/ament_index/resource_index/package_run_dependencies/part_one
[0.136s] -- Up-to-date: /home/wu/SRC/Answers_to_JRAI/install/part_one/share/ament_index/resource_index/parent_prefix_path/part_one
[0.136s] -- Up-to-date: /home/wu/SRC/Answers_to_JRAI/install/part_one/share/part_one/environment/ament_prefix_path.sh
[0.136s] -- Up-to-date: /home/wu/SRC/Answers_to_JRAI/install/part_one/share/part_one/environment/ament_prefix_path.dsv
[0.136s] -- Up-to-date: /home/wu/SRC/Answers_to_JRAI/install/part_one/share/part_one/environment/path.sh
[0.136s] -- Up-to-date: /home/wu/SRC/Answers_to_JRAI/install/part_one/share/part_one/environment/path.dsv
[0.136s] -- Up-to-date: /home/wu/SRC/Answers_to_JRAI/install/part_one/share/part_one/local_setup.bash
[0.136s] -- Up-to-date: /home/wu/SRC/Answers_to_JRAI/install/part_one/share/part_one/local_setup.sh
[0.136s] -- Up-to-date: /home/wu/SRC/Answers_to_JRAI/install/part_one/share/part_one/local_setup.zsh
[0.136s] -- Up-to-date: /home/wu/SRC/Answers_to_JRAI/install/part_one/share/part_one/local_setup.dsv
[0.136s] -- Installing: /home/wu/SRC/Answers_to_JRAI/install/part_one/share/part_one/package.dsv
[0.136s] -- Up-to-date: /home/wu/SRC/Answers_to_JRAI/install/part_one/share/ament_index/resource_index/packages/part_one
[0.136s] -- Up-to-date: /home/wu/SRC/Answers_to_JRAI/install/part_one/share/part_one/cmake/part_oneConfig.cmake
[0.136s] -- Up-to-date: /home/wu/SRC/Answers_to_JRAI/install/part_one/share/part_one/cmake/part_oneConfig-version.cmake
[0.136s] -- Up-to-date: /home/wu/SRC/Answers_to_JRAI/install/part_one/share/part_one/package.xml
[0.137s] Invoked command in '/home/wu/SRC/Answers_to_JRAI/build/part_one' returned '0': AMENT_PREFIX_PATH=/home/wu/SRC/Answers_to_JRAI/install/interfaces:${AMENT_PREFIX_PATH} CMAKE_PREFIX_PATH=/home/wu/SRC/Answers_to_JRAI/install/interfaces:/opt/ros/humble LD_LIBRARY_PATH=/home/wu/SRC/Answers_to_JRAI/install/interfaces/lib:${LD_LIBRARY_PATH} PYTHONPATH=/home/wu/SRC/Answers_to_JRAI/install/interfaces/local/lib/python3.10/dist-packages:${PYTHONPATH} /usr/bin/cmake --install /home/wu/SRC/Answers_to_JRAI/build/part_one
