[0.009s] Invoking command in '/home/wu/SRC/Answers_to_JRAI/build/bt_cpp': CMAKE_PREFIX_PATH=/opt/ros/humble /usr/bin/cmake --build /home/wu/SRC/Answers_to_JRAI/build/bt_cpp -- -j16 -l16
[0.032s] -- Found ament_cmake: 1.3.9 (/opt/ros/humble/share/ament_cmake/cmake)
[0.103s] -- Found behaviortree_cpp: 4.6.2 (/usr/local/share/behaviortree_cpp/cmake)
[0.105s] -- Found ament_lint_auto: 0.12.11 (/opt/ros/humble/share/ament_lint_auto/cmake)
[0.151s] -- Added test 'cppcheck' to perform static code analysis on C / C++ code
[0.151s] -- Configured cppcheck include dirs: 
[0.151s] -- Configured cppcheck exclude dirs and/or files: 
[0.151s] -- Added test 'lint_cmake' to check CMake code style
[0.153s] -- Added test 'uncrustify' to check C / C++ code style
[0.153s] -- Configured uncrustify additional arguments: 
[0.154s] -- Added test 'xmllint' to check XML markup files
[0.154s] -- Configuring done
[0.158s] -- Generating done
[0.159s] -- Build files have been written to: /home/wu/SRC/Answers_to_JRAI/build/bt_cpp
[0.180s] [35m[1mConsolidate compiler generated dependencies of target ft[0m
[0.187s] [ 33%] [32mBuilding CXX object CMakeFiles/simple_tree.dir/src/main.cpp.o[0m
[0.188s] [ 33%] [32mBuilding CXX object CMakeFiles/simple_tree.dir/src/put_in_the_fridge.cpp.o[0m
[0.191s] [ 83%] Built target ft
[1.974s] [100%] [32m[1mLinking CXX executable simple_tree[0m
[2.066s] [100%] Built target simple_tree
[2.075s] Invoked command in '/home/wu/SRC/Answers_to_JRAI/build/bt_cpp' returned '0': CMAKE_PREFIX_PATH=/opt/ros/humble /usr/bin/cmake --build /home/wu/SRC/Answers_to_JRAI/build/bt_cpp -- -j16 -l16
[2.122s] Invoking command in '/home/wu/SRC/Answers_to_JRAI/build/bt_cpp': CMAKE_PREFIX_PATH=/opt/ros/humble /usr/bin/cmake --install /home/wu/SRC/Answers_to_JRAI/build/bt_cpp
[2.128s] -- Install configuration: ""
[2.129s] -- Up-to-date: /home/wu/SRC/Answers_to_JRAI/install/bt_cpp/share/ament_index/resource_index/package_run_dependencies/bt_cpp
[2.129s] -- Up-to-date: /home/wu/SRC/Answers_to_JRAI/install/bt_cpp/share/ament_index/resource_index/parent_prefix_path/bt_cpp
[2.129s] -- Up-to-date: /home/wu/SRC/Answers_to_JRAI/install/bt_cpp/share/bt_cpp/environment/ament_prefix_path.sh
[2.129s] -- Installing: /home/wu/SRC/Answers_to_JRAI/install/bt_cpp/share/bt_cpp/environment/ament_prefix_path.dsv
[2.129s] -- Up-to-date: /home/wu/SRC/Answers_to_JRAI/install/bt_cpp/share/bt_cpp/environment/path.sh
[2.129s] -- Installing: /home/wu/SRC/Answers_to_JRAI/install/bt_cpp/share/bt_cpp/environment/path.dsv
[2.129s] -- Up-to-date: /home/wu/SRC/Answers_to_JRAI/install/bt_cpp/share/bt_cpp/local_setup.bash
[2.129s] -- Up-to-date: /home/wu/SRC/Answers_to_JRAI/install/bt_cpp/share/bt_cpp/local_setup.sh
[2.129s] -- Up-to-date: /home/wu/SRC/Answers_to_JRAI/install/bt_cpp/share/bt_cpp/local_setup.zsh
[2.129s] -- Installing: /home/wu/SRC/Answers_to_JRAI/install/bt_cpp/share/bt_cpp/local_setup.dsv
[2.129s] -- Installing: /home/wu/SRC/Answers_to_JRAI/install/bt_cpp/share/bt_cpp/package.dsv
[2.129s] -- Up-to-date: /home/wu/SRC/Answers_to_JRAI/install/bt_cpp/share/ament_index/resource_index/packages/bt_cpp
[2.129s] -- Up-to-date: /home/wu/SRC/Answers_to_JRAI/install/bt_cpp/share/bt_cpp/cmake/bt_cppConfig.cmake
[2.129s] -- Up-to-date: /home/wu/SRC/Answers_to_JRAI/install/bt_cpp/share/bt_cpp/cmake/bt_cppConfig-version.cmake
[2.129s] -- Up-to-date: /home/wu/SRC/Answers_to_JRAI/install/bt_cpp/share/bt_cpp/package.xml
[2.131s] Invoked command in '/home/wu/SRC/Answers_to_JRAI/build/bt_cpp' returned '0': CMAKE_PREFIX_PATH=/opt/ros/humble /usr/bin/cmake --install /home/wu/SRC/Answers_to_JRAI/build/bt_cpp
