[0.008s] Invoking command in '/home/wu/SRC/Answers_to_JRAI/build/bt_cpp': CMAKE_PREFIX_PATH=/opt/ros/humble /usr/bin/cmake /home/wu/SRC/Answers_to_JRAI/src/bt_cpp -DCMAKE_INSTALL_PREFIX=/home/wu/SRC/Answers_to_JRAI/install/bt_cpp
[0.055s] -- The C compiler identification is GNU 11.4.0
[0.095s] -- The CXX compiler identification is GNU 11.4.0
[0.100s] -- Detecting C compiler ABI info
[0.163s] -- Detecting C compiler ABI info - done
[0.175s] -- Check for working C compiler: /usr/bin/cc - skipped
[0.176s] -- Detecting C compile features
[0.176s] -- Detecting C compile features - done
[0.180s] -- Detecting CXX compiler ABI info
[0.252s] -- Detecting CXX compiler ABI info - done
[0.256s] -- Check for working CXX compiler: /usr/bin/c++ - skipped
[0.256s] -- Detecting CXX compile features
[0.256s] -- Detecting CXX compile features - done
[0.257s] -- Found ament_cmake: 1.3.9 (/opt/ros/humble/share/ament_cmake/cmake)
[0.353s] -- Found Python3: /usr/bin/python3 (found version "3.10.12") found components: Interpreter 
[0.402s] -- Found behaviortree_cpp: 4.6.2 (/usr/local/share/behaviortree_cpp/cmake)
[0.404s] -- Found ament_lint_auto: 0.12.11 (/opt/ros/humble/share/ament_lint_auto/cmake)
[0.456s] -- Added test 'cppcheck' to perform static code analysis on C / C++ code
[0.457s] -- Configured cppcheck include dirs: 
[0.457s] -- Configured cppcheck exclude dirs and/or files: 
[0.457s] -- Added test 'lint_cmake' to check CMake code style
[0.459s] -- Added test 'uncrustify' to check C / C++ code style
[0.459s] -- Configured uncrustify additional arguments: 
[0.459s] -- Added test 'xmllint' to check XML markup files
[0.460s] -- Configuring done
[0.465s] -- Generating done
[0.466s] -- Build files have been written to: /home/wu/SRC/Answers_to_JRAI/build/bt_cpp
[0.475s] Invoked command in '/home/wu/SRC/Answers_to_JRAI/build/bt_cpp' returned '0': CMAKE_PREFIX_PATH=/opt/ros/humble /usr/bin/cmake /home/wu/SRC/Answers_to_JRAI/src/bt_cpp -DCMAKE_INSTALL_PREFIX=/home/wu/SRC/Answers_to_JRAI/install/bt_cpp
[0.478s] Invoking command in '/home/wu/SRC/Answers_to_JRAI/build/bt_cpp': CMAKE_PREFIX_PATH=/opt/ros/humble /usr/bin/cmake --build /home/wu/SRC/Answers_to_JRAI/build/bt_cpp -- -j16 -l16
[0.528s] [ 50%] [32mBuilding CXX object CMakeFiles/first_tree.dir/src/first_tree.cpp.o[0m
[2.358s] [100%] [32m[1mLinking CXX executable first_tree[0m
[2.440s] [100%] Built target first_tree
[2.449s] Invoked command in '/home/wu/SRC/Answers_to_JRAI/build/bt_cpp' returned '0': CMAKE_PREFIX_PATH=/opt/ros/humble /usr/bin/cmake --build /home/wu/SRC/Answers_to_JRAI/build/bt_cpp -- -j16 -l16
[2.481s] Invoking command in '/home/wu/SRC/Answers_to_JRAI/build/bt_cpp': CMAKE_PREFIX_PATH=/opt/ros/humble /usr/bin/cmake --install /home/wu/SRC/Answers_to_JRAI/build/bt_cpp
[2.486s] -- Install configuration: ""
[2.486s] -- Installing: /home/wu/SRC/Answers_to_JRAI/install/bt_cpp/lib/bt_cpp/first_tree
[2.486s] -- Set runtime path of "/home/wu/SRC/Answers_to_JRAI/install/bt_cpp/lib/bt_cpp/first_tree" to ""
[2.487s] -- Installing: /home/wu/SRC/Answers_to_JRAI/install/bt_cpp/share/ament_index/resource_index/package_run_dependencies/bt_cpp
[2.487s] -- Installing: /home/wu/SRC/Answers_to_JRAI/install/bt_cpp/share/ament_index/resource_index/parent_prefix_path/bt_cpp
[2.487s] -- Installing: /home/wu/SRC/Answers_to_JRAI/install/bt_cpp/share/bt_cpp/environment/ament_prefix_path.sh
[2.487s] -- Installing: /home/wu/SRC/Answers_to_JRAI/install/bt_cpp/share/bt_cpp/environment/ament_prefix_path.dsv
[2.487s] -- Installing: /home/wu/SRC/Answers_to_JRAI/install/bt_cpp/share/bt_cpp/environment/path.sh
[2.487s] -- Installing: /home/wu/SRC/Answers_to_JRAI/install/bt_cpp/share/bt_cpp/environment/path.dsv
[2.487s] -- Installing: /home/wu/SRC/Answers_to_JRAI/install/bt_cpp/share/bt_cpp/local_setup.bash
[2.487s] -- Installing: /home/wu/SRC/Answers_to_JRAI/install/bt_cpp/share/bt_cpp/local_setup.sh
[2.487s] -- Installing: /home/wu/SRC/Answers_to_JRAI/install/bt_cpp/share/bt_cpp/local_setup.zsh
[2.488s] -- Installing: /home/wu/SRC/Answers_to_JRAI/install/bt_cpp/share/bt_cpp/local_setup.dsv
[2.488s] -- Installing: /home/wu/SRC/Answers_to_JRAI/install/bt_cpp/share/bt_cpp/package.dsv
[2.488s] -- Installing: /home/wu/SRC/Answers_to_JRAI/install/bt_cpp/share/ament_index/resource_index/packages/bt_cpp
[2.488s] -- Installing: /home/wu/SRC/Answers_to_JRAI/install/bt_cpp/share/bt_cpp/cmake/bt_cppConfig.cmake
[2.488s] -- Installing: /home/wu/SRC/Answers_to_JRAI/install/bt_cpp/share/bt_cpp/cmake/bt_cppConfig-version.cmake
[2.488s] -- Installing: /home/wu/SRC/Answers_to_JRAI/install/bt_cpp/share/bt_cpp/package.xml
[2.489s] Invoked command in '/home/wu/SRC/Answers_to_JRAI/build/bt_cpp' returned '0': CMAKE_PREFIX_PATH=/opt/ros/humble /usr/bin/cmake --install /home/wu/SRC/Answers_to_JRAI/build/bt_cpp
