[0.014s] Invoking command in '/home/wu/SRC/Answers_to_JRAI/build/part_one': CMAKE_PREFIX_PATH=/home/wu/SRC/Answers_to_JRAI/install/interfaces:/home/wu/SRC/Answers_to_JRAI/install/part_one:/opt/ros/humble /usr/bin/cmake --build /home/wu/SRC/Answers_to_JRAI/build/part_one -- -j16 -l16
[0.049s] [35m[1mConsolidate compiler generated dependencies of target node_4_server[0m
[0.049s] [35m[1mConsolidate compiler generated dependencies of target node_4_client[0m
[0.061s] [ 50%] Built target node_2_02
[0.061s] [ 50%] Built target node_2_03
[0.061s] [ 50%] Built target node_1_subscriber
[0.061s] [ 55%] Built target node_1_publisher
[0.061s] [ 61%] Built target node_3_client
[0.061s] [ 66%] Built target node_2_01
[0.061s] [ 77%] Built target node_3_server
[0.064s] [ 88%] [32mBuilding CXX object CMakeFiles/node_4_server.dir/src/node_4_server.cpp.o[0m
[0.064s] [ 94%] Built target node_4_client
[2.758s] [100%] [32m[1mLinking CXX executable node_4_server[0m
[2.885s] [100%] Built target node_4_server
[2.897s] Invoked command in '/home/wu/SRC/Answers_to_JRAI/build/part_one' returned '0': CMAKE_PREFIX_PATH=/home/wu/SRC/Answers_to_JRAI/install/interfaces:/home/wu/SRC/Answers_to_JRAI/install/part_one:/opt/ros/humble /usr/bin/cmake --build /home/wu/SRC/Answers_to_JRAI/build/part_one -- -j16 -l16
[2.962s] Invoking command in '/home/wu/SRC/Answers_to_JRAI/build/part_one': CMAKE_PREFIX_PATH=/home/wu/SRC/Answers_to_JRAI/install/interfaces:/home/wu/SRC/Answers_to_JRAI/install/part_one:/opt/ros/humble /usr/bin/cmake --install /home/wu/SRC/Answers_to_JRAI/build/part_one
[2.969s] -- Install configuration: ""
[2.969s] -- Up-to-date: /home/wu/SRC/Answers_to_JRAI/install/part_one/lib/part_one/node_1_publisher
[2.969s] -- Up-to-date: /home/wu/SRC/Answers_to_JRAI/install/part_one/lib/part_one/node_1_subscriber
[2.969s] -- Up-to-date: /home/wu/SRC/Answers_to_JRAI/install/part_one/lib/part_one/node_2_01
[2.970s] -- Up-to-date: /home/wu/SRC/Answers_to_JRAI/install/part_one/lib/part_one/node_2_02
[2.970s] -- Up-to-date: /home/wu/SRC/Answers_to_JRAI/install/part_one/lib/part_one/node_2_03
[2.970s] -- Up-to-date: /home/wu/SRC/Answers_to_JRAI/install/part_one/lib/part_one/node_3_server
[2.970s] -- Up-to-date: /home/wu/SRC/Answers_to_JRAI/install/part_one/lib/part_one/node_3_client
[2.970s] -- Installing: /home/wu/SRC/Answers_to_JRAI/install/part_one/lib/part_one/node_4_server
[2.971s] -- Set runtime path of "/home/wu/SRC/Answers_to_JRAI/install/part_one/lib/part_one/node_4_server" to ""
[2.971s] -- Up-to-date: /home/wu/SRC/Answers_to_JRAI/install/part_one/lib/part_one/node_4_client
[2.971s] -- Up-to-date: /home/wu/SRC/Answers_to_JRAI/install/part_one/share/ament_index/resource_index/package_run_dependencies/part_one
[2.972s] -- Up-to-date: /home/wu/SRC/Answers_to_JRAI/install/part_one/share/ament_index/resource_index/parent_prefix_path/part_one
[2.972s] -- Up-to-date: /home/wu/SRC/Answers_to_JRAI/install/part_one/share/part_one/environment/ament_prefix_path.sh
[2.972s] -- Up-to-date: /home/wu/SRC/Answers_to_JRAI/install/part_one/share/part_one/environment/ament_prefix_path.dsv
[2.972s] -- Up-to-date: /home/wu/SRC/Answers_to_JRAI/install/part_one/share/part_one/environment/path.sh
[2.972s] -- Up-to-date: /home/wu/SRC/Answers_to_JRAI/install/part_one/share/part_one/environment/path.dsv
[2.972s] -- Up-to-date: /home/wu/SRC/Answers_to_JRAI/install/part_one/share/part_one/local_setup.bash
[2.972s] -- Up-to-date: /home/wu/SRC/Answers_to_JRAI/install/part_one/share/part_one/local_setup.sh
[2.972s] -- Up-to-date: /home/wu/SRC/Answers_to_JRAI/install/part_one/share/part_one/local_setup.zsh
[2.972s] -- Up-to-date: /home/wu/SRC/Answers_to_JRAI/install/part_one/share/part_one/local_setup.dsv
[2.972s] -- Installing: /home/wu/SRC/Answers_to_JRAI/install/part_one/share/part_one/package.dsv
[2.972s] -- Up-to-date: /home/wu/SRC/Answers_to_JRAI/install/part_one/share/ament_index/resource_index/packages/part_one
[2.972s] -- Up-to-date: /home/wu/SRC/Answers_to_JRAI/install/part_one/share/part_one/cmake/part_oneConfig.cmake
[2.972s] -- Up-to-date: /home/wu/SRC/Answers_to_JRAI/install/part_one/share/part_one/cmake/part_oneConfig-version.cmake
[2.972s] -- Up-to-date: /home/wu/SRC/Answers_to_JRAI/install/part_one/share/part_one/package.xml
[2.975s] Invoked command in '/home/wu/SRC/Answers_to_JRAI/build/part_one' returned '0': CMAKE_PREFIX_PATH=/home/wu/SRC/Answers_to_JRAI/install/interfaces:/home/wu/SRC/Answers_to_JRAI/install/part_one:/opt/ros/humble /usr/bin/cmake --install /home/wu/SRC/Answers_to_JRAI/build/part_one
