[0.007s] Invoking command in '/home/wu/SRC/Answers_to_JRAI/build/bt_ros2': CMAKE_PREFIX_PATH=/opt/ros/humble /usr/bin/cmake /home/wu/SRC/Answers_to_JRAI/src/bt_ros2 -DCMAKE_INSTALL_PREFIX=/home/wu/SRC/Answers_to_JRAI/install/bt_ros2
[0.050s] -- The C compiler identification is GNU 11.4.0
[0.087s] -- The CXX compiler identification is GNU 11.4.0
[0.092s] -- Detecting C compiler ABI info
[0.153s] -- Detecting C compiler ABI info - done
[0.165s] -- Check for working C compiler: /usr/bin/cc - skipped
[0.166s] -- Detecting C compile features
[0.166s] -- Detecting C compile features - done
[0.171s] -- Detecting CXX compiler ABI info
[0.239s] -- Detecting CXX compiler ABI info - done
[0.243s] -- Check for working CXX compiler: /usr/bin/c++ - skipped
[0.243s] -- Detecting CXX compile features
[0.243s] -- Detecting CXX compile features - done
[0.244s] -- Found ament_cmake: 1.3.9 (/opt/ros/humble/share/ament_cmake/cmake)
[0.335s] -- Found Python3: /usr/bin/python3 (found version "3.10.12") found components: Interpreter 
[0.389s] -- Found behaviortree_ros2: 0.2.0 (/usr/local/share/behaviortree_ros2/cmake)
[0.428s] -- Found rosidl_generator_c: 3.1.5 (/opt/ros/humble/share/rosidl_generator_c/cmake)
[0.431s] -- Found rosidl_adapter: 3.1.5 (/opt/ros/humble/share/rosidl_adapter/cmake)
[0.437s] -- Found rosidl_generator_cpp: 3.1.5 (/opt/ros/humble/share/rosidl_generator_cpp/cmake)
[0.448s] -- Using all available rosidl_typesupport_c: rosidl_typesupport_fastrtps_c;rosidl_typesupport_introspection_c
[0.461s] -- Using all available rosidl_typesupport_cpp: rosidl_typesupport_fastrtps_cpp;rosidl_typesupport_introspection_cpp
[0.505s] -- Found rmw_implementation_cmake: 6.1.2 (/opt/ros/humble/share/rmw_implementation_cmake/cmake)
[0.507s] -- Found rmw_fastrtps_cpp: 6.2.6 (/opt/ros/humble/share/rmw_fastrtps_cpp/cmake)
[0.594s] -- Found OpenSSL: /usr/lib/x86_64-linux-gnu/libcrypto.so (found version "3.0.2")  
[0.617s] -- Found FastRTPS: /opt/ros/humble/include  
[0.653s] -- Using RMW implementation 'rmw_fastrtps_cpp' as default
[0.661s] -- Looking for pthread.h
[0.722s] -- Looking for pthread.h - found
[0.723s] -- Performing Test CMAKE_HAVE_LIBC_PTHREAD
[0.777s] -- Performing Test CMAKE_HAVE_LIBC_PTHREAD - Success
[0.778s] -- Found Threads: TRUE  
[0.980s] -- Found parameter_traits: 0.3.8 (/usr/local/share/parameter_traits/cmake)
[0.996s] -- Found rclcpp_lifecycle: 16.0.9 (/opt/ros/humble/share/rclcpp_lifecycle/cmake)
[1.027s] -- Found std_srvs: 4.2.4 (/opt/ros/humble/share/std_srvs/cmake)
[1.039s] -- Found ament_lint_auto: 0.12.11 (/opt/ros/humble/share/ament_lint_auto/cmake)
[1.082s] -- Added test 'lint_cmake' to check CMake code style
[1.083s] -- Added test 'xmllint' to check XML markup files
[1.084s] -- Configuring done
[1.087s] -- Generating done
[1.088s] -- Build files have been written to: /home/wu/SRC/Answers_to_JRAI/build/bt_ros2
[1.095s] Invoked command in '/home/wu/SRC/Answers_to_JRAI/build/bt_ros2' returned '0': CMAKE_PREFIX_PATH=/opt/ros/humble /usr/bin/cmake /home/wu/SRC/Answers_to_JRAI/src/bt_ros2 -DCMAKE_INSTALL_PREFIX=/home/wu/SRC/Answers_to_JRAI/install/bt_ros2
[1.097s] Invoking command in '/home/wu/SRC/Answers_to_JRAI/build/bt_ros2': CMAKE_PREFIX_PATH=/opt/ros/humble /usr/bin/cmake --build /home/wu/SRC/Answers_to_JRAI/build/bt_ros2 -- -j16 -l16
[1.139s] Invoked command in '/home/wu/SRC/Answers_to_JRAI/build/bt_ros2' returned '0': CMAKE_PREFIX_PATH=/opt/ros/humble /usr/bin/cmake --build /home/wu/SRC/Answers_to_JRAI/build/bt_ros2 -- -j16 -l16
[1.169s] Invoking command in '/home/wu/SRC/Answers_to_JRAI/build/bt_ros2': CMAKE_PREFIX_PATH=/opt/ros/humble /usr/bin/cmake --install /home/wu/SRC/Answers_to_JRAI/build/bt_ros2
[1.174s] -- Install configuration: ""
[1.174s] -- Installing: /home/wu/SRC/Answers_to_JRAI/install/bt_ros2/share/ament_index/resource_index/package_run_dependencies/bt_ros2
[1.174s] -- Installing: /home/wu/SRC/Answers_to_JRAI/install/bt_ros2/share/ament_index/resource_index/parent_prefix_path/bt_ros2
[1.174s] -- Installing: /home/wu/SRC/Answers_to_JRAI/install/bt_ros2/share/bt_ros2/environment/ament_prefix_path.sh
[1.174s] -- Installing: /home/wu/SRC/Answers_to_JRAI/install/bt_ros2/share/bt_ros2/environment/ament_prefix_path.dsv
[1.174s] -- Installing: /home/wu/SRC/Answers_to_JRAI/install/bt_ros2/share/bt_ros2/environment/path.sh
[1.175s] -- Installing: /home/wu/SRC/Answers_to_JRAI/install/bt_ros2/share/bt_ros2/environment/path.dsv
[1.175s] -- Installing: /home/wu/SRC/Answers_to_JRAI/install/bt_ros2/share/bt_ros2/local_setup.bash
[1.175s] -- Installing: /home/wu/SRC/Answers_to_JRAI/install/bt_ros2/share/bt_ros2/local_setup.sh
[1.175s] -- Installing: /home/wu/SRC/Answers_to_JRAI/install/bt_ros2/share/bt_ros2/local_setup.zsh
[1.175s] -- Installing: /home/wu/SRC/Answers_to_JRAI/install/bt_ros2/share/bt_ros2/local_setup.dsv
[1.175s] -- Installing: /home/wu/SRC/Answers_to_JRAI/install/bt_ros2/share/bt_ros2/package.dsv
[1.175s] -- Installing: /home/wu/SRC/Answers_to_JRAI/install/bt_ros2/share/ament_index/resource_index/packages/bt_ros2
[1.175s] -- Installing: /home/wu/SRC/Answers_to_JRAI/install/bt_ros2/share/bt_ros2/cmake/bt_ros2Config.cmake
[1.175s] -- Installing: /home/wu/SRC/Answers_to_JRAI/install/bt_ros2/share/bt_ros2/cmake/bt_ros2Config-version.cmake
[1.176s] -- Installing: /home/wu/SRC/Answers_to_JRAI/install/bt_ros2/share/bt_ros2/package.xml
[1.177s] Invoked command in '/home/wu/SRC/Answers_to_JRAI/build/bt_ros2' returned '0': CMAKE_PREFIX_PATH=/opt/ros/humble /usr/bin/cmake --install /home/wu/SRC/Answers_to_JRAI/build/bt_ros2
