[0.010s] Invoking command in '/home/wu/SRC/Answers_to_JRAI/build/part_one': CMAKE_PREFIX_PATH=${CMAKE_PREFIX_PATH}:/opt/ros/humble CONDA_PROMPT_MODIFIER=(ros2) /usr/bin/cmake /home/wu/SRC/Answers_to_JRAI/src/part_one -DCMAKE_INSTALL_PREFIX=/home/wu/SRC/Answers_to_JRAI/install/part_one
[0.077s] -- The C compiler identification is GNU 11.4.0
[0.136s] -- The CXX compiler identification is GNU 11.4.0
[0.144s] -- Detecting C compiler ABI info
[0.203s] -- Detecting C compiler ABI info - done
[0.212s] -- Check for working C compiler: /usr/bin/cc - skipped
[0.212s] -- Detecting C compile features
[0.213s] -- Detecting C compile features - done
[0.217s] -- Detecting CXX compiler ABI info
[0.287s] -- Detecting CXX compiler ABI info - done
[0.300s] -- Check for working CXX compiler: /usr/bin/c++ - skipped
[0.300s] -- Detecting CXX compile features
[0.302s] -- Detecting CXX compile features - done
[0.306s] -- Found ament_cmake: 1.3.9 (/opt/ros/humble/share/ament_cmake/cmake)
[0.576s] -- Found Python3: /home/wu/miniconda3/envs/ros2/bin/python3 (found version "3.10.12") found components: Interpreter 
[0.646s] -- Found rclcpp: 16.0.9 (/opt/ros/humble/share/rclcpp/cmake)
[0.677s] -- Found rosidl_generator_c: 3.1.5 (/opt/ros/humble/share/rosidl_generator_c/cmake)
[0.681s] -- Found rosidl_adapter: 3.1.5 (/opt/ros/humble/share/rosidl_adapter/cmake)
[0.687s] -- Found rosidl_generator_cpp: 3.1.5 (/opt/ros/humble/share/rosidl_generator_cpp/cmake)
[0.697s] -- Using all available rosidl_typesupport_c: rosidl_typesupport_fastrtps_c;rosidl_typesupport_introspection_c
[0.711s] -- Using all available rosidl_typesupport_cpp: rosidl_typesupport_fastrtps_cpp;rosidl_typesupport_introspection_cpp
[0.760s] -- Found rmw_implementation_cmake: 6.1.2 (/opt/ros/humble/share/rmw_implementation_cmake/cmake)
[0.762s] -- Found rmw_fastrtps_cpp: 6.2.6 (/opt/ros/humble/share/rmw_fastrtps_cpp/cmake)
[0.856s] -- Found OpenSSL: /usr/lib/x86_64-linux-gnu/libcrypto.so (found version "3.0.2")  
[0.883s] -- Found FastRTPS: /opt/ros/humble/include  
[0.930s] -- Using RMW implementation 'rmw_fastrtps_cpp' as default
[0.938s] -- Looking for pthread.h
[1.001s] -- Looking for pthread.h - found
[1.002s] -- Performing Test CMAKE_HAVE_LIBC_PTHREAD
[1.059s] -- Performing Test CMAKE_HAVE_LIBC_PTHREAD - Success
[1.060s] -- Found Threads: TRUE  
[1.160s] -- Found rclcpp_action: 16.0.9 (/opt/ros/humble/share/rclcpp_action/cmake)
[1.222s] -- Found interfaces: 0.0.0 (/home/wu/SRC/Answers_to_JRAI/install/interfaces/share/interfaces/cmake)
[1.232s] -- Found ament_lint_auto: 0.12.11 (/opt/ros/humble/share/ament_lint_auto/cmake)
[1.245s] Traceback (most recent call last):
[1.245s]   File "/opt/ros/humble/share/ament_cmake_core/cmake/core/package_xml_2_cmake.py", line 22, in <module>
[1.245s]     from catkin_pkg.package import parse_package_string
[1.245s] ModuleNotFoundError: No module named 'catkin_pkg'
[1.247s] [31mCMake Error at /opt/ros/humble/share/ament_cmake_core/cmake/core/ament_package_xml.cmake:95 (message):
[1.247s]   execute_process(/home/wu/miniconda3/envs/ros2/bin/python3
[1.247s]   /opt/ros/humble/share/ament_cmake_core/cmake/core/package_xml_2_cmake.py
[1.247s]   /home/wu/SRC/Answers_to_JRAI/src/part_one/package.xml
[1.247s]   /home/wu/SRC/Answers_to_JRAI/build/part_one/ament_cmake_core/package.cmake)
[1.247s]   returned error code 1
[1.247s] Call Stack (most recent call first):
[1.247s]   /opt/ros/humble/share/ament_cmake_core/cmake/core/ament_package_xml.cmake:49 (_ament_package_xml)
[1.247s]   /opt/ros/humble/share/ament_lint_auto/cmake/ament_lint_auto_find_test_dependencies.cmake:31 (ament_package_xml)
[1.247s]   CMakeLists.txt:32 (ament_lint_auto_find_test_dependencies)
[1.247s] 
[1.247s] [0m
[1.247s] -- Configuring incomplete, errors occurred!
[1.247s] See also "/home/wu/SRC/Answers_to_JRAI/build/part_one/CMakeFiles/CMakeOutput.log".
[1.257s] Invoked command in '/home/wu/SRC/Answers_to_JRAI/build/part_one' returned '1': CMAKE_PREFIX_PATH=${CMAKE_PREFIX_PATH}:/opt/ros/humble CONDA_PROMPT_MODIFIER=(ros2) /usr/bin/cmake /home/wu/SRC/Answers_to_JRAI/src/part_one -DCMAKE_INSTALL_PREFIX=/home/wu/SRC/Answers_to_JRAI/install/part_one
