[0.071s] DEBUG:colcon:Command line arguments: ['/usr/bin/colcon', 'list', '-p', '--base-paths', '/home/wu/SRC/Answers_to_JRAI']
[0.071s] DEBUG:colcon:Parsed command line arguments: Namespace(log_base=None, log_level=None, verb_name='list', build_base='build', ignore_user_meta=False, metas=['./colcon.meta'], base_paths=['/home/wu/SRC/Answers_to_JRAI'], packages_ignore=None, packages_ignore_regex=None, paths=None, packages_up_to=None, packages_up_to_regex=None, packages_above=None, packages_above_and_dependencies=None, packages_above_depth=None, packages_select_by_dep=None, packages_skip_by_dep=None, packages_skip_up_to=None, packages_select_build_failed=False, packages_skip_build_finished=False, packages_select_test_failures=False, packages_skip_test_passed=False, packages_select=None, packages_skip=None, packages_select_regex=None, packages_skip_regex=None, packages_start=None, packages_end=None, allow_overriding=[], topological_order=False, names_only=False, paths_only=True, topological_graph=False, topological_graph_dot=False, topological_graph_density=False, topological_graph_legend=False, topological_graph_dot_cluster=False, topological_graph_dot_include_skipped=False, mixin_files=None, mixin=None, verb_parser=<colcon_mixin.mixin.mixin_argument.MixinArgumentDecorator object at 0x70cbb5c46cb0>, verb_extension=<colcon_package_information.verb.list.ListVerb object at 0x70cbb5c45d20>, main=<bound method ListVerb.main of <colcon_package_information.verb.list.ListVerb object at 0x70cbb5c45d20>>, mixin_verb=('list',))
[0.170s] Level 1:colcon.colcon_core.package_discovery:discover_packages(colcon_meta) check parameters
[0.170s] Level 1:colcon.colcon_core.package_discovery:discover_packages(recursive) check parameters
[0.170s] Level 1:colcon.colcon_core.package_discovery:discover_packages(ignore) check parameters
[0.170s] Level 1:colcon.colcon_core.package_discovery:discover_packages(path) check parameters
[0.170s] Level 1:colcon.colcon_core.package_discovery:discover_packages(recursive) discover
[0.170s] INFO:colcon.colcon_core.package_discovery:Crawling recursively for packages in '/home/wu/SRC/Answers_to_JRAI'
[0.171s] Level 1:colcon.colcon_core.package_identification:_identify(/home/wu/SRC/Answers_to_JRAI) by extensions ['ignore', 'ignore_ament_install']
[0.171s] Level 1:colcon.colcon_core.package_identification:_identify(/home/wu/SRC/Answers_to_JRAI) by extension 'ignore'
[0.171s] Level 1:colcon.colcon_core.package_identification:_identify(/home/wu/SRC/Answers_to_JRAI) by extension 'ignore_ament_install'
[0.171s] Level 1:colcon.colcon_core.package_identification:_identify(/home/wu/SRC/Answers_to_JRAI) by extensions ['colcon_pkg']
[0.171s] Level 1:colcon.colcon_core.package_identification:_identify(/home/wu/SRC/Answers_to_JRAI) by extension 'colcon_pkg'
[0.171s] Level 1:colcon.colcon_core.package_identification:_identify(/home/wu/SRC/Answers_to_JRAI) by extensions ['colcon_meta']
[0.171s] Level 1:colcon.colcon_core.package_identification:_identify(/home/wu/SRC/Answers_to_JRAI) by extension 'colcon_meta'
[0.171s] Level 1:colcon.colcon_core.package_identification:_identify(/home/wu/SRC/Answers_to_JRAI) by extensions ['ros']
[0.171s] Level 1:colcon.colcon_core.package_identification:_identify(/home/wu/SRC/Answers_to_JRAI) by extension 'ros'
[0.178s] Level 1:colcon.colcon_core.package_identification:_identify(/home/wu/SRC/Answers_to_JRAI) by extensions ['cmake', 'python']
[0.178s] Level 1:colcon.colcon_core.package_identification:_identify(/home/wu/SRC/Answers_to_JRAI) by extension 'cmake'
[0.178s] Level 1:colcon.colcon_core.package_identification:_identify(/home/wu/SRC/Answers_to_JRAI) by extension 'python'
[0.179s] Level 1:colcon.colcon_core.package_identification:_identify(/home/wu/SRC/Answers_to_JRAI) by extensions ['python_setup_py']
[0.179s] Level 1:colcon.colcon_core.package_identification:_identify(/home/wu/SRC/Answers_to_JRAI) by extension 'python_setup_py'
[0.179s] Level 1:colcon.colcon_core.package_identification:_identify(/home/wu/SRC/Answers_to_JRAI/build) by extensions ['ignore', 'ignore_ament_install']
[0.179s] Level 1:colcon.colcon_core.package_identification:_identify(/home/wu/SRC/Answers_to_JRAI/build) by extension 'ignore'
[0.179s] Level 1:colcon.colcon_core.package_identification:_identify(/home/wu/SRC/Answers_to_JRAI/build) by extension 'ignore_ament_install'
[0.179s] Level 1:colcon.colcon_core.package_identification:_identify(/home/wu/SRC/Answers_to_JRAI/build) by extensions ['colcon_pkg']
[0.179s] Level 1:colcon.colcon_core.package_identification:_identify(/home/wu/SRC/Answers_to_JRAI/build) by extension 'colcon_pkg'
[0.179s] Level 1:colcon.colcon_core.package_identification:_identify(/home/wu/SRC/Answers_to_JRAI/build) by extensions ['colcon_meta']
[0.179s] Level 1:colcon.colcon_core.package_identification:_identify(/home/wu/SRC/Answers_to_JRAI/build) by extension 'colcon_meta'
[0.179s] Level 1:colcon.colcon_core.package_identification:_identify(/home/wu/SRC/Answers_to_JRAI/build) by extensions ['ros']
[0.179s] Level 1:colcon.colcon_core.package_identification:_identify(/home/wu/SRC/Answers_to_JRAI/build) by extension 'ros'
[0.179s] Level 1:colcon.colcon_core.package_identification:_identify(/home/wu/SRC/Answers_to_JRAI/build) by extensions ['cmake', 'python']
[0.179s] Level 1:colcon.colcon_core.package_identification:_identify(/home/wu/SRC/Answers_to_JRAI/build) by extension 'cmake'
[0.179s] Level 1:colcon.colcon_core.package_identification:_identify(/home/wu/SRC/Answers_to_JRAI/build) by extension 'python'
[0.179s] Level 1:colcon.colcon_core.package_identification:_identify(/home/wu/SRC/Answers_to_JRAI/build) by extensions ['python_setup_py']
[0.179s] Level 1:colcon.colcon_core.package_identification:_identify(/home/wu/SRC/Answers_to_JRAI/build) by extension 'python_setup_py'
[0.179s] Level 1:colcon.colcon_core.package_identification:_identify(/home/wu/SRC/Answers_to_JRAI/build/interfaces) by extensions ['ignore', 'ignore_ament_install']
[0.179s] Level 1:colcon.colcon_core.package_identification:_identify(/home/wu/SRC/Answers_to_JRAI/build/interfaces) by extension 'ignore'
[0.179s] Level 1:colcon.colcon_core.package_identification:_identify(/home/wu/SRC/Answers_to_JRAI/build/interfaces) by extension 'ignore_ament_install'
[0.179s] Level 1:colcon.colcon_core.package_identification:_identify(/home/wu/SRC/Answers_to_JRAI/build/interfaces) by extensions ['colcon_pkg']
[0.179s] Level 1:colcon.colcon_core.package_identification:_identify(/home/wu/SRC/Answers_to_JRAI/build/interfaces) by extension 'colcon_pkg'
[0.179s] Level 1:colcon.colcon_core.package_identification:_identify(/home/wu/SRC/Answers_to_JRAI/build/interfaces) by extensions ['colcon_meta']
[0.179s] Level 1:colcon.colcon_core.package_identification:_identify(/home/wu/SRC/Answers_to_JRAI/build/interfaces) by extension 'colcon_meta'
[0.179s] Level 1:colcon.colcon_core.package_identification:_identify(/home/wu/SRC/Answers_to_JRAI/build/interfaces) by extensions ['ros']
[0.179s] Level 1:colcon.colcon_core.package_identification:_identify(/home/wu/SRC/Answers_to_JRAI/build/interfaces) by extension 'ros'
[0.179s] Level 1:colcon.colcon_core.package_identification:_identify(/home/wu/SRC/Answers_to_JRAI/build/interfaces) by extensions ['cmake', 'python']
[0.179s] Level 1:colcon.colcon_core.package_identification:_identify(/home/wu/SRC/Answers_to_JRAI/build/interfaces) by extension 'cmake'
[0.179s] Level 1:colcon.colcon_core.package_identification:_identify(/home/wu/SRC/Answers_to_JRAI/build/interfaces) by extension 'python'
[0.179s] Level 1:colcon.colcon_core.package_identification:_identify(/home/wu/SRC/Answers_to_JRAI/build/interfaces) by extensions ['python_setup_py']
[0.179s] Level 1:colcon.colcon_core.package_identification:_identify(/home/wu/SRC/Answers_to_JRAI/build/interfaces) by extension 'python_setup_py'
[0.179s] Level 1:colcon.colcon_core.package_identification:_identify(/home/wu/SRC/Answers_to_JRAI/build/interfaces/CMakeFiles) by extensions ['ignore', 'ignore_ament_install']
[0.179s] Level 1:colcon.colcon_core.package_identification:_identify(/home/wu/SRC/Answers_to_JRAI/build/interfaces/CMakeFiles) by extension 'ignore'
[0.179s] Level 1:colcon.colcon_core.package_identification:_identify(/home/wu/SRC/Answers_to_JRAI/build/interfaces/CMakeFiles) by extension 'ignore_ament_install'
[0.179s] Level 1:colcon.colcon_core.package_identification:_identify(/home/wu/SRC/Answers_to_JRAI/build/interfaces/CMakeFiles) by extensions ['colcon_pkg']
[0.179s] Level 1:colcon.colcon_core.package_identification:_identify(/home/wu/SRC/Answers_to_JRAI/build/interfaces/CMakeFiles) by extension 'colcon_pkg'
[0.179s] Level 1:colcon.colcon_core.package_identification:_identify(/home/wu/SRC/Answers_to_JRAI/build/interfaces/CMakeFiles) by extensions ['colcon_meta']
[0.179s] Level 1:colcon.colcon_core.package_identification:_identify(/home/wu/SRC/Answers_to_JRAI/build/interfaces/CMakeFiles) by extension 'colcon_meta'
[0.179s] Level 1:colcon.colcon_core.package_identification:_identify(/home/wu/SRC/Answers_to_JRAI/build/interfaces/CMakeFiles) by extensions ['ros']
[0.180s] Level 1:colcon.colcon_core.package_identification:_identify(/home/wu/SRC/Answers_to_JRAI/build/interfaces/CMakeFiles) by extension 'ros'
[0.180s] Level 1:colcon.colcon_core.package_identification:_identify(/home/wu/SRC/Answers_to_JRAI/build/interfaces/CMakeFiles) by extensions ['cmake', 'python']
[0.180s] Level 1:colcon.colcon_core.package_identification:_identify(/home/wu/SRC/Answers_to_JRAI/build/interfaces/CMakeFiles) by extension 'cmake'
[0.180s] Level 1:colcon.colcon_core.package_identification:_identify(/home/wu/SRC/Answers_to_JRAI/build/interfaces/CMakeFiles) by extension 'python'
[0.180s] Level 1:colcon.colcon_core.package_identification:_identify(/home/wu/SRC/Answers_to_JRAI/build/interfaces/CMakeFiles) by extensions ['python_setup_py']
[0.180s] Level 1:colcon.colcon_core.package_identification:_identify(/home/wu/SRC/Answers_to_JRAI/build/interfaces/CMakeFiles) by extension 'python_setup_py'
[0.180s] Level 1:colcon.colcon_core.package_identification:_identify(/home/wu/SRC/Answers_to_JRAI/build/interfaces/CMakeFiles/3.22.1) by extensions ['ignore', 'ignore_ament_install']
[0.180s] Level 1:colcon.colcon_core.package_identification:_identify(/home/wu/SRC/Answers_to_JRAI/build/interfaces/CMakeFiles/3.22.1) by extension 'ignore'
[0.180s] Level 1:colcon.colcon_core.package_identification:_identify(/home/wu/SRC/Answers_to_JRAI/build/interfaces/CMakeFiles/3.22.1) by extension 'ignore_ament_install'
[0.180s] Level 1:colcon.colcon_core.package_identification:_identify(/home/wu/SRC/Answers_to_JRAI/build/interfaces/CMakeFiles/3.22.1) by extensions ['colcon_pkg']
[0.180s] Level 1:colcon.colcon_core.package_identification:_identify(/home/wu/SRC/Answers_to_JRAI/build/interfaces/CMakeFiles/3.22.1) by extension 'colcon_pkg'
[0.180s] Level 1:colcon.colcon_core.package_identification:_identify(/home/wu/SRC/Answers_to_JRAI/build/interfaces/CMakeFiles/3.22.1) by extensions ['colcon_meta']
[0.180s] Level 1:colcon.colcon_core.package_identification:_identify(/home/wu/SRC/Answers_to_JRAI/build/interfaces/CMakeFiles/3.22.1) by extension 'colcon_meta'
[0.180s] Level 1:colcon.colcon_core.package_identification:_identify(/home/wu/SRC/Answers_to_JRAI/build/interfaces/CMakeFiles/3.22.1) by extensions ['ros']
[0.180s] Level 1:colcon.colcon_core.package_identification:_identify(/home/wu/SRC/Answers_to_JRAI/build/interfaces/CMakeFiles/3.22.1) by extension 'ros'
[0.180s] Level 1:colcon.colcon_core.package_identification:_identify(/home/wu/SRC/Answers_to_JRAI/build/interfaces/CMakeFiles/3.22.1) by extensions ['cmake', 'python']
[0.180s] Level 1:colcon.colcon_core.package_identification:_identify(/home/wu/SRC/Answers_to_JRAI/build/interfaces/CMakeFiles/3.22.1) by extension 'cmake'
[0.180s] Level 1:colcon.colcon_core.package_identification:_identify(/home/wu/SRC/Answers_to_JRAI/build/interfaces/CMakeFiles/3.22.1) by extension 'python'
[0.180s] Level 1:colcon.colcon_core.package_identification:_identify(/home/wu/SRC/Answers_to_JRAI/build/interfaces/CMakeFiles/3.22.1) by extensions ['python_setup_py']
[0.180s] Level 1:colcon.colcon_core.package_identification:_identify(/home/wu/SRC/Answers_to_JRAI/build/interfaces/CMakeFiles/3.22.1) by extension 'python_setup_py'
[0.180s] Level 1:colcon.colcon_core.package_identification:_identify(/home/wu/SRC/Answers_to_JRAI/build/interfaces/CMakeFiles/3.22.1/CompilerIdC) by extensions ['ignore', 'ignore_ament_install']
[0.180s] Level 1:colcon.colcon_core.package_identification:_identify(/home/wu/SRC/Answers_to_JRAI/build/interfaces/CMakeFiles/3.22.1/CompilerIdC) by extension 'ignore'
[0.180s] Level 1:colcon.colcon_core.package_identification:_identify(/home/wu/SRC/Answers_to_JRAI/build/interfaces/CMakeFiles/3.22.1/CompilerIdC) by extension 'ignore_ament_install'
[0.180s] Level 1:colcon.colcon_core.package_identification:_identify(/home/wu/SRC/Answers_to_JRAI/build/interfaces/CMakeFiles/3.22.1/CompilerIdC) by extensions ['colcon_pkg']
[0.180s] Level 1:colcon.colcon_core.package_identification:_identify(/home/wu/SRC/Answers_to_JRAI/build/interfaces/CMakeFiles/3.22.1/CompilerIdC) by extension 'colcon_pkg'
[0.180s] Level 1:colcon.colcon_core.package_identification:_identify(/home/wu/SRC/Answers_to_JRAI/build/interfaces/CMakeFiles/3.22.1/CompilerIdC) by extensions ['colcon_meta']
[0.180s] Level 1:colcon.colcon_core.package_identification:_identify(/home/wu/SRC/Answers_to_JRAI/build/interfaces/CMakeFiles/3.22.1/CompilerIdC) by extension 'colcon_meta'
[0.180s] Level 1:colcon.colcon_core.package_identification:_identify(/home/wu/SRC/Answers_to_JRAI/build/interfaces/CMakeFiles/3.22.1/CompilerIdC) by extensions ['ros']
[0.180s] Level 1:colcon.colcon_core.package_identification:_identify(/home/wu/SRC/Answers_to_JRAI/build/interfaces/CMakeFiles/3.22.1/CompilerIdC) by extension 'ros'
[0.180s] Level 1:colcon.colcon_core.package_identification:_identify(/home/wu/SRC/Answers_to_JRAI/build/interfaces/CMakeFiles/3.22.1/CompilerIdC) by extensions ['cmake', 'python']
[0.180s] Level 1:colcon.colcon_core.package_identification:_identify(/home/wu/SRC/Answers_to_JRAI/build/interfaces/CMakeFiles/3.22.1/CompilerIdC) by extension 'cmake'
[0.180s] Level 1:colcon.colcon_core.package_identification:_identify(/home/wu/SRC/Answers_to_JRAI/build/interfaces/CMakeFiles/3.22.1/CompilerIdC) by extension 'python'
[0.180s] Level 1:colcon.colcon_core.package_identification:_identify(/home/wu/SRC/Answers_to_JRAI/build/interfaces/CMakeFiles/3.22.1/CompilerIdC) by extensions ['python_setup_py']
[0.180s] Level 1:colcon.colcon_core.package_identification:_identify(/home/wu/SRC/Answers_to_JRAI/build/interfaces/CMakeFiles/3.22.1/CompilerIdC) by extension 'python_setup_py'
[0.180s] Level 1:colcon.colcon_core.package_identification:_identify(/home/wu/SRC/Answers_to_JRAI/build/interfaces/CMakeFiles/3.22.1/CompilerIdC/tmp) by extensions ['ignore', 'ignore_ament_install']
[0.180s] Level 1:colcon.colcon_core.package_identification:_identify(/home/wu/SRC/Answers_to_JRAI/build/interfaces/CMakeFiles/3.22.1/CompilerIdC/tmp) by extension 'ignore'
[0.180s] Level 1:colcon.colcon_core.package_identification:_identify(/home/wu/SRC/Answers_to_JRAI/build/interfaces/CMakeFiles/3.22.1/CompilerIdC/tmp) by extension 'ignore_ament_install'
[0.180s] Level 1:colcon.colcon_core.package_identification:_identify(/home/wu/SRC/Answers_to_JRAI/build/interfaces/CMakeFiles/3.22.1/CompilerIdC/tmp) by extensions ['colcon_pkg']
[0.180s] Level 1:colcon.colcon_core.package_identification:_identify(/home/wu/SRC/Answers_to_JRAI/build/interfaces/CMakeFiles/3.22.1/CompilerIdC/tmp) by extension 'colcon_pkg'
[0.180s] Level 1:colcon.colcon_core.package_identification:_identify(/home/wu/SRC/Answers_to_JRAI/build/interfaces/CMakeFiles/3.22.1/CompilerIdC/tmp) by extensions ['colcon_meta']
[0.180s] Level 1:colcon.colcon_core.package_identification:_identify(/home/wu/SRC/Answers_to_JRAI/build/interfaces/CMakeFiles/3.22.1/CompilerIdC/tmp) by extension 'colcon_meta'
[0.180s] Level 1:colcon.colcon_core.package_identification:_identify(/home/wu/SRC/Answers_to_JRAI/build/interfaces/CMakeFiles/3.22.1/CompilerIdC/tmp) by extensions ['ros']
[0.180s] Level 1:colcon.colcon_core.package_identification:_identify(/home/wu/SRC/Answers_to_JRAI/build/interfaces/CMakeFiles/3.22.1/CompilerIdC/tmp) by extension 'ros'
[0.181s] Level 1:colcon.colcon_core.package_identification:_identify(/home/wu/SRC/Answers_to_JRAI/build/interfaces/CMakeFiles/3.22.1/CompilerIdC/tmp) by extensions ['cmake', 'python']
[0.181s] Level 1:colcon.colcon_core.package_identification:_identify(/home/wu/SRC/Answers_to_JRAI/build/interfaces/CMakeFiles/3.22.1/CompilerIdC/tmp) by extension 'cmake'
[0.181s] Level 1:colcon.colcon_core.package_identification:_identify(/home/wu/SRC/Answers_to_JRAI/build/interfaces/CMakeFiles/3.22.1/CompilerIdC/tmp) by extension 'python'
[0.181s] Level 1:colcon.colcon_core.package_identification:_identify(/home/wu/SRC/Answers_to_JRAI/build/interfaces/CMakeFiles/3.22.1/CompilerIdC/tmp) by extensions ['python_setup_py']
[0.181s] Level 1:colcon.colcon_core.package_identification:_identify(/home/wu/SRC/Answers_to_JRAI/build/interfaces/CMakeFiles/3.22.1/CompilerIdC/tmp) by extension 'python_setup_py'
[0.181s] Level 1:colcon.colcon_core.package_identification:_identify(/home/wu/SRC/Answers_to_JRAI/build/interfaces/CMakeFiles/3.22.1/CompilerIdCXX) by extensions ['ignore', 'ignore_ament_install']
[0.181s] Level 1:colcon.colcon_core.package_identification:_identify(/home/wu/SRC/Answers_to_JRAI/build/interfaces/CMakeFiles/3.22.1/CompilerIdCXX) by extension 'ignore'
[0.181s] Level 1:colcon.colcon_core.package_identification:_identify(/home/wu/SRC/Answers_to_JRAI/build/interfaces/CMakeFiles/3.22.1/CompilerIdCXX) by extension 'ignore_ament_install'
[0.181s] Level 1:colcon.colcon_core.package_identification:_identify(/home/wu/SRC/Answers_to_JRAI/build/interfaces/CMakeFiles/3.22.1/CompilerIdCXX) by extensions ['colcon_pkg']
[0.181s] Level 1:colcon.colcon_core.package_identification:_identify(/home/wu/SRC/Answers_to_JRAI/build/interfaces/CMakeFiles/3.22.1/CompilerIdCXX) by extension 'colcon_pkg'
[0.181s] Level 1:colcon.colcon_core.package_identification:_identify(/home/wu/SRC/Answers_to_JRAI/build/interfaces/CMakeFiles/3.22.1/CompilerIdCXX) by extensions ['colcon_meta']
[0.181s] Level 1:colcon.colcon_core.package_identification:_identify(/home/wu/SRC/Answers_to_JRAI/build/interfaces/CMakeFiles/3.22.1/CompilerIdCXX) by extension 'colcon_meta'
[0.181s] Level 1:colcon.colcon_core.package_identification:_identify(/home/wu/SRC/Answers_to_JRAI/build/interfaces/CMakeFiles/3.22.1/CompilerIdCXX) by extensions ['ros']
[0.181s] Level 1:colcon.colcon_core.package_identification:_identify(/home/wu/SRC/Answers_to_JRAI/build/interfaces/CMakeFiles/3.22.1/CompilerIdCXX) by extension 'ros'
[0.181s] Level 1:colcon.colcon_core.package_identification:_identify(/home/wu/SRC/Answers_to_JRAI/build/interfaces/CMakeFiles/3.22.1/CompilerIdCXX) by extensions ['cmake', 'python']
[0.181s] Level 1:colcon.colcon_core.package_identification:_identify(/home/wu/SRC/Answers_to_JRAI/build/interfaces/CMakeFiles/3.22.1/CompilerIdCXX) by extension 'cmake'
[0.181s] Level 1:colcon.colcon_core.package_identification:_identify(/home/wu/SRC/Answers_to_JRAI/build/interfaces/CMakeFiles/3.22.1/CompilerIdCXX) by extension 'python'
[0.181s] Level 1:colcon.colcon_core.package_identification:_identify(/home/wu/SRC/Answers_to_JRAI/build/interfaces/CMakeFiles/3.22.1/CompilerIdCXX) by extensions ['python_setup_py']
[0.181s] Level 1:colcon.colcon_core.package_identification:_identify(/home/wu/SRC/Answers_to_JRAI/build/interfaces/CMakeFiles/3.22.1/CompilerIdCXX) by extension 'python_setup_py'
[0.181s] Level 1:colcon.colcon_core.package_identification:_identify(/home/wu/SRC/Answers_to_JRAI/build/interfaces/CMakeFiles/3.22.1/CompilerIdCXX/tmp) by extensions ['ignore', 'ignore_ament_install']
[0.181s] Level 1:colcon.colcon_core.package_identification:_identify(/home/wu/SRC/Answers_to_JRAI/build/interfaces/CMakeFiles/3.22.1/CompilerIdCXX/tmp) by extension 'ignore'
[0.181s] Level 1:colcon.colcon_core.package_identification:_identify(/home/wu/SRC/Answers_to_JRAI/build/interfaces/CMakeFiles/3.22.1/CompilerIdCXX/tmp) by extension 'ignore_ament_install'
[0.181s] Level 1:colcon.colcon_core.package_identification:_identify(/home/wu/SRC/Answers_to_JRAI/build/interfaces/CMakeFiles/3.22.1/CompilerIdCXX/tmp) by extensions ['colcon_pkg']
[0.181s] Level 1:colcon.colcon_core.package_identification:_identify(/home/wu/SRC/Answers_to_JRAI/build/interfaces/CMakeFiles/3.22.1/CompilerIdCXX/tmp) by extension 'colcon_pkg'
[0.181s] Level 1:colcon.colcon_core.package_identification:_identify(/home/wu/SRC/Answers_to_JRAI/build/interfaces/CMakeFiles/3.22.1/CompilerIdCXX/tmp) by extensions ['colcon_meta']
[0.181s] Level 1:colcon.colcon_core.package_identification:_identify(/home/wu/SRC/Answers_to_JRAI/build/interfaces/CMakeFiles/3.22.1/CompilerIdCXX/tmp) by extension 'colcon_meta'
[0.181s] Level 1:colcon.colcon_core.package_identification:_identify(/home/wu/SRC/Answers_to_JRAI/build/interfaces/CMakeFiles/3.22.1/CompilerIdCXX/tmp) by extensions ['ros']
[0.181s] Level 1:colcon.colcon_core.package_identification:_identify(/home/wu/SRC/Answers_to_JRAI/build/interfaces/CMakeFiles/3.22.1/CompilerIdCXX/tmp) by extension 'ros'
[0.181s] Level 1:colcon.colcon_core.package_identification:_identify(/home/wu/SRC/Answers_to_JRAI/build/interfaces/CMakeFiles/3.22.1/CompilerIdCXX/tmp) by extensions ['cmake', 'python']
[0.181s] Level 1:colcon.colcon_core.package_identification:_identify(/home/wu/SRC/Answers_to_JRAI/build/interfaces/CMakeFiles/3.22.1/CompilerIdCXX/tmp) by extension 'cmake'
[0.181s] Level 1:colcon.colcon_core.package_identification:_identify(/home/wu/SRC/Answers_to_JRAI/build/interfaces/CMakeFiles/3.22.1/CompilerIdCXX/tmp) by extension 'python'
[0.181s] Level 1:colcon.colcon_core.package_identification:_identify(/home/wu/SRC/Answers_to_JRAI/build/interfaces/CMakeFiles/3.22.1/CompilerIdCXX/tmp) by extensions ['python_setup_py']
[0.181s] Level 1:colcon.colcon_core.package_identification:_identify(/home/wu/SRC/Answers_to_JRAI/build/interfaces/CMakeFiles/3.22.1/CompilerIdCXX/tmp) by extension 'python_setup_py'
[0.181s] Level 1:colcon.colcon_core.package_identification:_identify(/home/wu/SRC/Answers_to_JRAI/build/interfaces/CMakeFiles/CMakeTmp) by extensions ['ignore', 'ignore_ament_install']
[0.181s] Level 1:colcon.colcon_core.package_identification:_identify(/home/wu/SRC/Answers_to_JRAI/build/interfaces/CMakeFiles/CMakeTmp) by extension 'ignore'
[0.181s] Level 1:colcon.colcon_core.package_identification:_identify(/home/wu/SRC/Answers_to_JRAI/build/interfaces/CMakeFiles/CMakeTmp) by extension 'ignore_ament_install'
[0.181s] Level 1:colcon.colcon_core.package_identification:_identify(/home/wu/SRC/Answers_to_JRAI/build/interfaces/CMakeFiles/CMakeTmp) by extensions ['colcon_pkg']
[0.181s] Level 1:colcon.colcon_core.package_identification:_identify(/home/wu/SRC/Answers_to_JRAI/build/interfaces/CMakeFiles/CMakeTmp) by extension 'colcon_pkg'
[0.181s] Level 1:colcon.colcon_core.package_identification:_identify(/home/wu/SRC/Answers_to_JRAI/build/interfaces/CMakeFiles/CMakeTmp) by extensions ['colcon_meta']
[0.181s] Level 1:colcon.colcon_core.package_identification:_identify(/home/wu/SRC/Answers_to_JRAI/build/interfaces/CMakeFiles/CMakeTmp) by extension 'colcon_meta'
[0.181s] Level 1:colcon.colcon_core.package_identification:_identify(/home/wu/SRC/Answers_to_JRAI/build/interfaces/CMakeFiles/CMakeTmp) by extensions ['ros']
[0.181s] Level 1:colcon.colcon_core.package_identification:_identify(/home/wu/SRC/Answers_to_JRAI/build/interfaces/CMakeFiles/CMakeTmp) by extension 'ros'
[0.182s] Level 1:colcon.colcon_core.package_identification:_identify(/home/wu/SRC/Answers_to_JRAI/build/interfaces/CMakeFiles/CMakeTmp) by extensions ['cmake', 'python']
[0.182s] Level 1:colcon.colcon_core.package_identification:_identify(/home/wu/SRC/Answers_to_JRAI/build/interfaces/CMakeFiles/CMakeTmp) by extension 'cmake'
[0.182s] Level 1:colcon.colcon_core.package_identification:_identify(/home/wu/SRC/Answers_to_JRAI/build/interfaces/CMakeFiles/CMakeTmp) by extension 'python'
[0.182s] Level 1:colcon.colcon_core.package_identification:_identify(/home/wu/SRC/Answers_to_JRAI/build/interfaces/CMakeFiles/CMakeTmp) by extensions ['python_setup_py']
[0.182s] Level 1:colcon.colcon_core.package_identification:_identify(/home/wu/SRC/Answers_to_JRAI/build/interfaces/CMakeFiles/CMakeTmp) by extension 'python_setup_py'
[0.182s] Level 1:colcon.colcon_core.package_identification:_identify(/home/wu/SRC/Answers_to_JRAI/build/interfaces/ament_cmake_core) by extensions ['ignore', 'ignore_ament_install']
[0.182s] Level 1:colcon.colcon_core.package_identification:_identify(/home/wu/SRC/Answers_to_JRAI/build/interfaces/ament_cmake_core) by extension 'ignore'
[0.182s] Level 1:colcon.colcon_core.package_identification:_identify(/home/wu/SRC/Answers_to_JRAI/build/interfaces/ament_cmake_core) by extension 'ignore_ament_install'
[0.182s] Level 1:colcon.colcon_core.package_identification:_identify(/home/wu/SRC/Answers_to_JRAI/build/interfaces/ament_cmake_core) by extensions ['colcon_pkg']
[0.182s] Level 1:colcon.colcon_core.package_identification:_identify(/home/wu/SRC/Answers_to_JRAI/build/interfaces/ament_cmake_core) by extension 'colcon_pkg'
[0.182s] Level 1:colcon.colcon_core.package_identification:_identify(/home/wu/SRC/Answers_to_JRAI/build/interfaces/ament_cmake_core) by extensions ['colcon_meta']
[0.182s] Level 1:colcon.colcon_core.package_identification:_identify(/home/wu/SRC/Answers_to_JRAI/build/interfaces/ament_cmake_core) by extension 'colcon_meta'
[0.182s] Level 1:colcon.colcon_core.package_identification:_identify(/home/wu/SRC/Answers_to_JRAI/build/interfaces/ament_cmake_core) by extensions ['ros']
[0.182s] Level 1:colcon.colcon_core.package_identification:_identify(/home/wu/SRC/Answers_to_JRAI/build/interfaces/ament_cmake_core) by extension 'ros'
[0.182s] Level 1:colcon.colcon_core.package_identification:_identify(/home/wu/SRC/Answers_to_JRAI/build/interfaces/ament_cmake_core) by extensions ['cmake', 'python']
[0.182s] Level 1:colcon.colcon_core.package_identification:_identify(/home/wu/SRC/Answers_to_JRAI/build/interfaces/ament_cmake_core) by extension 'cmake'
[0.182s] Level 1:colcon.colcon_core.package_identification:_identify(/home/wu/SRC/Answers_to_JRAI/build/interfaces/ament_cmake_core) by extension 'python'
[0.182s] Level 1:colcon.colcon_core.package_identification:_identify(/home/wu/SRC/Answers_to_JRAI/build/interfaces/ament_cmake_core) by extensions ['python_setup_py']
[0.182s] Level 1:colcon.colcon_core.package_identification:_identify(/home/wu/SRC/Answers_to_JRAI/build/interfaces/ament_cmake_core) by extension 'python_setup_py'
[0.182s] Level 1:colcon.colcon_core.package_identification:_identify(/home/wu/SRC/Answers_to_JRAI/build/interfaces/ament_cmake_core/stamps) by extensions ['ignore', 'ignore_ament_install']
[0.182s] Level 1:colcon.colcon_core.package_identification:_identify(/home/wu/SRC/Answers_to_JRAI/build/interfaces/ament_cmake_core/stamps) by extension 'ignore'
[0.182s] Level 1:colcon.colcon_core.package_identification:_identify(/home/wu/SRC/Answers_to_JRAI/build/interfaces/ament_cmake_core/stamps) by extension 'ignore_ament_install'
[0.182s] Level 1:colcon.colcon_core.package_identification:_identify(/home/wu/SRC/Answers_to_JRAI/build/interfaces/ament_cmake_core/stamps) by extensions ['colcon_pkg']
[0.182s] Level 1:colcon.colcon_core.package_identification:_identify(/home/wu/SRC/Answers_to_JRAI/build/interfaces/ament_cmake_core/stamps) by extension 'colcon_pkg'
[0.182s] Level 1:colcon.colcon_core.package_identification:_identify(/home/wu/SRC/Answers_to_JRAI/build/interfaces/ament_cmake_core/stamps) by extensions ['colcon_meta']
[0.182s] Level 1:colcon.colcon_core.package_identification:_identify(/home/wu/SRC/Answers_to_JRAI/build/interfaces/ament_cmake_core/stamps) by extension 'colcon_meta'
[0.182s] Level 1:colcon.colcon_core.package_identification:_identify(/home/wu/SRC/Answers_to_JRAI/build/interfaces/ament_cmake_core/stamps) by extensions ['ros']
[0.182s] Level 1:colcon.colcon_core.package_identification:_identify(/home/wu/SRC/Answers_to_JRAI/build/interfaces/ament_cmake_core/stamps) by extension 'ros'
[0.182s] Level 1:colcon.colcon_core.package_identification:_identify(/home/wu/SRC/Answers_to_JRAI/build/interfaces/ament_cmake_core/stamps) by extensions ['cmake', 'python']
[0.182s] Level 1:colcon.colcon_core.package_identification:_identify(/home/wu/SRC/Answers_to_JRAI/build/interfaces/ament_cmake_core/stamps) by extension 'cmake'
[0.182s] Level 1:colcon.colcon_core.package_identification:_identify(/home/wu/SRC/Answers_to_JRAI/build/interfaces/ament_cmake_core/stamps) by extension 'python'
[0.182s] Level 1:colcon.colcon_core.package_identification:_identify(/home/wu/SRC/Answers_to_JRAI/build/interfaces/ament_cmake_core/stamps) by extensions ['python_setup_py']
[0.182s] Level 1:colcon.colcon_core.package_identification:_identify(/home/wu/SRC/Answers_to_JRAI/build/interfaces/ament_cmake_core/stamps) by extension 'python_setup_py'
[0.182s] Level 1:colcon.colcon_core.package_identification:_identify(/home/wu/SRC/Answers_to_JRAI/build/interfaces/ament_cmake_package_templates) by extensions ['ignore', 'ignore_ament_install']
[0.182s] Level 1:colcon.colcon_core.package_identification:_identify(/home/wu/SRC/Answers_to_JRAI/build/interfaces/ament_cmake_package_templates) by extension 'ignore'
[0.182s] Level 1:colcon.colcon_core.package_identification:_identify(/home/wu/SRC/Answers_to_JRAI/build/interfaces/ament_cmake_package_templates) by extension 'ignore_ament_install'
[0.182s] Level 1:colcon.colcon_core.package_identification:_identify(/home/wu/SRC/Answers_to_JRAI/build/interfaces/ament_cmake_package_templates) by extensions ['colcon_pkg']
[0.182s] Level 1:colcon.colcon_core.package_identification:_identify(/home/wu/SRC/Answers_to_JRAI/build/interfaces/ament_cmake_package_templates) by extension 'colcon_pkg'
[0.182s] Level 1:colcon.colcon_core.package_identification:_identify(/home/wu/SRC/Answers_to_JRAI/build/interfaces/ament_cmake_package_templates) by extensions ['colcon_meta']
[0.182s] Level 1:colcon.colcon_core.package_identification:_identify(/home/wu/SRC/Answers_to_JRAI/build/interfaces/ament_cmake_package_templates) by extension 'colcon_meta'
[0.182s] Level 1:colcon.colcon_core.package_identification:_identify(/home/wu/SRC/Answers_to_JRAI/build/interfaces/ament_cmake_package_templates) by extensions ['ros']
[0.182s] Level 1:colcon.colcon_core.package_identification:_identify(/home/wu/SRC/Answers_to_JRAI/build/interfaces/ament_cmake_package_templates) by extension 'ros'
[0.182s] Level 1:colcon.colcon_core.package_identification:_identify(/home/wu/SRC/Answers_to_JRAI/build/interfaces/ament_cmake_package_templates) by extensions ['cmake', 'python']
[0.182s] Level 1:colcon.colcon_core.package_identification:_identify(/home/wu/SRC/Answers_to_JRAI/build/interfaces/ament_cmake_package_templates) by extension 'cmake'
[0.182s] Level 1:colcon.colcon_core.package_identification:_identify(/home/wu/SRC/Answers_to_JRAI/build/interfaces/ament_cmake_package_templates) by extension 'python'
[0.183s] Level 1:colcon.colcon_core.package_identification:_identify(/home/wu/SRC/Answers_to_JRAI/build/interfaces/ament_cmake_package_templates) by extensions ['python_setup_py']
[0.183s] Level 1:colcon.colcon_core.package_identification:_identify(/home/wu/SRC/Answers_to_JRAI/build/interfaces/ament_cmake_package_templates) by extension 'python_setup_py'
[0.183s] Level 1:colcon.colcon_core.package_identification:_identify(/home/wu/SRC/Answers_to_JRAI/build/interfaces/ament_cmake_uninstall_target) by extensions ['ignore', 'ignore_ament_install']
[0.183s] Level 1:colcon.colcon_core.package_identification:_identify(/home/wu/SRC/Answers_to_JRAI/build/interfaces/ament_cmake_uninstall_target) by extension 'ignore'
[0.183s] Level 1:colcon.colcon_core.package_identification:_identify(/home/wu/SRC/Answers_to_JRAI/build/interfaces/ament_cmake_uninstall_target) by extension 'ignore_ament_install'
[0.183s] Level 1:colcon.colcon_core.package_identification:_identify(/home/wu/SRC/Answers_to_JRAI/build/interfaces/ament_cmake_uninstall_target) by extensions ['colcon_pkg']
[0.183s] Level 1:colcon.colcon_core.package_identification:_identify(/home/wu/SRC/Answers_to_JRAI/build/interfaces/ament_cmake_uninstall_target) by extension 'colcon_pkg'
[0.183s] Level 1:colcon.colcon_core.package_identification:_identify(/home/wu/SRC/Answers_to_JRAI/build/interfaces/ament_cmake_uninstall_target) by extensions ['colcon_meta']
[0.183s] Level 1:colcon.colcon_core.package_identification:_identify(/home/wu/SRC/Answers_to_JRAI/build/interfaces/ament_cmake_uninstall_target) by extension 'colcon_meta'
[0.183s] Level 1:colcon.colcon_core.package_identification:_identify(/home/wu/SRC/Answers_to_JRAI/build/interfaces/ament_cmake_uninstall_target) by extensions ['ros']
[0.183s] Level 1:colcon.colcon_core.package_identification:_identify(/home/wu/SRC/Answers_to_JRAI/build/interfaces/ament_cmake_uninstall_target) by extension 'ros'
[0.183s] Level 1:colcon.colcon_core.package_identification:_identify(/home/wu/SRC/Answers_to_JRAI/build/interfaces/ament_cmake_uninstall_target) by extensions ['cmake', 'python']
[0.183s] Level 1:colcon.colcon_core.package_identification:_identify(/home/wu/SRC/Answers_to_JRAI/build/interfaces/ament_cmake_uninstall_target) by extension 'cmake'
[0.183s] Level 1:colcon.colcon_core.package_identification:_identify(/home/wu/SRC/Answers_to_JRAI/build/interfaces/ament_cmake_uninstall_target) by extension 'python'
[0.183s] Level 1:colcon.colcon_core.package_identification:_identify(/home/wu/SRC/Answers_to_JRAI/build/interfaces/ament_cmake_uninstall_target) by extensions ['python_setup_py']
[0.183s] Level 1:colcon.colcon_core.package_identification:_identify(/home/wu/SRC/Answers_to_JRAI/build/interfaces/ament_cmake_uninstall_target) by extension 'python_setup_py'
[0.183s] Level 1:colcon.colcon_core.package_identification:_identify(/home/wu/SRC/Answers_to_JRAI/install) by extensions ['ignore', 'ignore_ament_install']
[0.183s] Level 1:colcon.colcon_core.package_identification:_identify(/home/wu/SRC/Answers_to_JRAI/install) by extension 'ignore'
[0.183s] Level 1:colcon.colcon_core.package_identification:_identify(/home/wu/SRC/Answers_to_JRAI/install) by extension 'ignore_ament_install'
[0.183s] Level 1:colcon.colcon_core.package_identification:_identify(/home/wu/SRC/Answers_to_JRAI/install) by extensions ['colcon_pkg']
[0.183s] Level 1:colcon.colcon_core.package_identification:_identify(/home/wu/SRC/Answers_to_JRAI/install) by extension 'colcon_pkg'
[0.183s] Level 1:colcon.colcon_core.package_identification:_identify(/home/wu/SRC/Answers_to_JRAI/install) by extensions ['colcon_meta']
[0.183s] Level 1:colcon.colcon_core.package_identification:_identify(/home/wu/SRC/Answers_to_JRAI/install) by extension 'colcon_meta'
[0.183s] Level 1:colcon.colcon_core.package_identification:_identify(/home/wu/SRC/Answers_to_JRAI/install) by extensions ['ros']
[0.183s] Level 1:colcon.colcon_core.package_identification:_identify(/home/wu/SRC/Answers_to_JRAI/install) by extension 'ros'
[0.183s] Level 1:colcon.colcon_core.package_identification:_identify(/home/wu/SRC/Answers_to_JRAI/install) by extensions ['cmake', 'python']
[0.183s] Level 1:colcon.colcon_core.package_identification:_identify(/home/wu/SRC/Answers_to_JRAI/install) by extension 'cmake'
[0.183s] Level 1:colcon.colcon_core.package_identification:_identify(/home/wu/SRC/Answers_to_JRAI/install) by extension 'python'
[0.183s] Level 1:colcon.colcon_core.package_identification:_identify(/home/wu/SRC/Answers_to_JRAI/install) by extensions ['python_setup_py']
[0.183s] Level 1:colcon.colcon_core.package_identification:_identify(/home/wu/SRC/Answers_to_JRAI/install) by extension 'python_setup_py'
[0.183s] Level 1:colcon.colcon_core.package_identification:_identify(/home/wu/SRC/Answers_to_JRAI/install/interfaces) by extensions ['ignore', 'ignore_ament_install']
[0.183s] Level 1:colcon.colcon_core.package_identification:_identify(/home/wu/SRC/Answers_to_JRAI/install/interfaces) by extension 'ignore'
[0.183s] Level 1:colcon.colcon_core.package_identification:_identify(/home/wu/SRC/Answers_to_JRAI/install/interfaces) by extension 'ignore_ament_install'
[0.183s] Level 1:colcon.colcon_core.package_identification:_identify(/home/wu/SRC/Answers_to_JRAI/install/interfaces) by extensions ['colcon_pkg']
[0.183s] Level 1:colcon.colcon_core.package_identification:_identify(/home/wu/SRC/Answers_to_JRAI/install/interfaces) by extension 'colcon_pkg'
[0.183s] Level 1:colcon.colcon_core.package_identification:_identify(/home/wu/SRC/Answers_to_JRAI/install/interfaces) by extensions ['colcon_meta']
[0.183s] Level 1:colcon.colcon_core.package_identification:_identify(/home/wu/SRC/Answers_to_JRAI/install/interfaces) by extension 'colcon_meta'
[0.183s] Level 1:colcon.colcon_core.package_identification:_identify(/home/wu/SRC/Answers_to_JRAI/install/interfaces) by extensions ['ros']
[0.183s] Level 1:colcon.colcon_core.package_identification:_identify(/home/wu/SRC/Answers_to_JRAI/install/interfaces) by extension 'ros'
[0.183s] Level 1:colcon.colcon_core.package_identification:_identify(/home/wu/SRC/Answers_to_JRAI/install/interfaces) by extensions ['cmake', 'python']
[0.183s] Level 1:colcon.colcon_core.package_identification:_identify(/home/wu/SRC/Answers_to_JRAI/install/interfaces) by extension 'cmake'
[0.183s] Level 1:colcon.colcon_core.package_identification:_identify(/home/wu/SRC/Answers_to_JRAI/install/interfaces) by extension 'python'
[0.183s] Level 1:colcon.colcon_core.package_identification:_identify(/home/wu/SRC/Answers_to_JRAI/install/interfaces) by extensions ['python_setup_py']
[0.183s] Level 1:colcon.colcon_core.package_identification:_identify(/home/wu/SRC/Answers_to_JRAI/install/interfaces) by extension 'python_setup_py'
[0.184s] Level 1:colcon.colcon_core.package_identification:_identify(/home/wu/SRC/Answers_to_JRAI/install/interfaces/share) by extensions ['ignore', 'ignore_ament_install']
[0.184s] Level 1:colcon.colcon_core.package_identification:_identify(/home/wu/SRC/Answers_to_JRAI/install/interfaces/share) by extension 'ignore'
[0.184s] Level 1:colcon.colcon_core.package_identification:_identify(/home/wu/SRC/Answers_to_JRAI/install/interfaces/share) by extension 'ignore_ament_install'
[0.184s] Level 1:colcon.colcon_core.package_identification:_identify(/home/wu/SRC/Answers_to_JRAI/install/interfaces/share) by extensions ['colcon_pkg']
[0.184s] Level 1:colcon.colcon_core.package_identification:_identify(/home/wu/SRC/Answers_to_JRAI/install/interfaces/share) by extension 'colcon_pkg'
[0.184s] Level 1:colcon.colcon_core.package_identification:_identify(/home/wu/SRC/Answers_to_JRAI/install/interfaces/share) by extensions ['colcon_meta']
[0.184s] Level 1:colcon.colcon_core.package_identification:_identify(/home/wu/SRC/Answers_to_JRAI/install/interfaces/share) by extension 'colcon_meta'
[0.184s] Level 1:colcon.colcon_core.package_identification:_identify(/home/wu/SRC/Answers_to_JRAI/install/interfaces/share) by extensions ['ros']
[0.184s] Level 1:colcon.colcon_core.package_identification:_identify(/home/wu/SRC/Answers_to_JRAI/install/interfaces/share) by extension 'ros'
[0.184s] Level 1:colcon.colcon_core.package_identification:_identify(/home/wu/SRC/Answers_to_JRAI/install/interfaces/share) by extensions ['cmake', 'python']
[0.184s] Level 1:colcon.colcon_core.package_identification:_identify(/home/wu/SRC/Answers_to_JRAI/install/interfaces/share) by extension 'cmake'
[0.184s] Level 1:colcon.colcon_core.package_identification:_identify(/home/wu/SRC/Answers_to_JRAI/install/interfaces/share) by extension 'python'
[0.184s] Level 1:colcon.colcon_core.package_identification:_identify(/home/wu/SRC/Answers_to_JRAI/install/interfaces/share) by extensions ['python_setup_py']
[0.184s] Level 1:colcon.colcon_core.package_identification:_identify(/home/wu/SRC/Answers_to_JRAI/install/interfaces/share) by extension 'python_setup_py'
[0.184s] Level 1:colcon.colcon_core.package_identification:_identify(/home/wu/SRC/Answers_to_JRAI/install/interfaces/share/colcon-core) by extensions ['ignore', 'ignore_ament_install']
[0.184s] Level 1:colcon.colcon_core.package_identification:_identify(/home/wu/SRC/Answers_to_JRAI/install/interfaces/share/colcon-core) by extension 'ignore'
[0.184s] Level 1:colcon.colcon_core.package_identification:_identify(/home/wu/SRC/Answers_to_JRAI/install/interfaces/share/colcon-core) by extension 'ignore_ament_install'
[0.184s] Level 1:colcon.colcon_core.package_identification:_identify(/home/wu/SRC/Answers_to_JRAI/install/interfaces/share/colcon-core) by extensions ['colcon_pkg']
[0.184s] Level 1:colcon.colcon_core.package_identification:_identify(/home/wu/SRC/Answers_to_JRAI/install/interfaces/share/colcon-core) by extension 'colcon_pkg'
[0.184s] Level 1:colcon.colcon_core.package_identification:_identify(/home/wu/SRC/Answers_to_JRAI/install/interfaces/share/colcon-core) by extensions ['colcon_meta']
[0.184s] Level 1:colcon.colcon_core.package_identification:_identify(/home/wu/SRC/Answers_to_JRAI/install/interfaces/share/colcon-core) by extension 'colcon_meta'
[0.184s] Level 1:colcon.colcon_core.package_identification:_identify(/home/wu/SRC/Answers_to_JRAI/install/interfaces/share/colcon-core) by extensions ['ros']
[0.184s] Level 1:colcon.colcon_core.package_identification:_identify(/home/wu/SRC/Answers_to_JRAI/install/interfaces/share/colcon-core) by extension 'ros'
[0.184s] Level 1:colcon.colcon_core.package_identification:_identify(/home/wu/SRC/Answers_to_JRAI/install/interfaces/share/colcon-core) by extensions ['cmake', 'python']
[0.184s] Level 1:colcon.colcon_core.package_identification:_identify(/home/wu/SRC/Answers_to_JRAI/install/interfaces/share/colcon-core) by extension 'cmake'
[0.184s] Level 1:colcon.colcon_core.package_identification:_identify(/home/wu/SRC/Answers_to_JRAI/install/interfaces/share/colcon-core) by extension 'python'
[0.184s] Level 1:colcon.colcon_core.package_identification:_identify(/home/wu/SRC/Answers_to_JRAI/install/interfaces/share/colcon-core) by extensions ['python_setup_py']
[0.184s] Level 1:colcon.colcon_core.package_identification:_identify(/home/wu/SRC/Answers_to_JRAI/install/interfaces/share/colcon-core) by extension 'python_setup_py'
[0.184s] Level 1:colcon.colcon_core.package_identification:_identify(/home/wu/SRC/Answers_to_JRAI/install/interfaces/share/colcon-core/packages) by extensions ['ignore', 'ignore_ament_install']
[0.184s] Level 1:colcon.colcon_core.package_identification:_identify(/home/wu/SRC/Answers_to_JRAI/install/interfaces/share/colcon-core/packages) by extension 'ignore'
[0.184s] Level 1:colcon.colcon_core.package_identification:_identify(/home/wu/SRC/Answers_to_JRAI/install/interfaces/share/colcon-core/packages) by extension 'ignore_ament_install'
[0.184s] Level 1:colcon.colcon_core.package_identification:_identify(/home/wu/SRC/Answers_to_JRAI/install/interfaces/share/colcon-core/packages) by extensions ['colcon_pkg']
[0.184s] Level 1:colcon.colcon_core.package_identification:_identify(/home/wu/SRC/Answers_to_JRAI/install/interfaces/share/colcon-core/packages) by extension 'colcon_pkg'
[0.184s] Level 1:colcon.colcon_core.package_identification:_identify(/home/wu/SRC/Answers_to_JRAI/install/interfaces/share/colcon-core/packages) by extensions ['colcon_meta']
[0.184s] Level 1:colcon.colcon_core.package_identification:_identify(/home/wu/SRC/Answers_to_JRAI/install/interfaces/share/colcon-core/packages) by extension 'colcon_meta'
[0.184s] Level 1:colcon.colcon_core.package_identification:_identify(/home/wu/SRC/Answers_to_JRAI/install/interfaces/share/colcon-core/packages) by extensions ['ros']
[0.184s] Level 1:colcon.colcon_core.package_identification:_identify(/home/wu/SRC/Answers_to_JRAI/install/interfaces/share/colcon-core/packages) by extension 'ros'
[0.184s] Level 1:colcon.colcon_core.package_identification:_identify(/home/wu/SRC/Answers_to_JRAI/install/interfaces/share/colcon-core/packages) by extensions ['cmake', 'python']
[0.184s] Level 1:colcon.colcon_core.package_identification:_identify(/home/wu/SRC/Answers_to_JRAI/install/interfaces/share/colcon-core/packages) by extension 'cmake'
[0.184s] Level 1:colcon.colcon_core.package_identification:_identify(/home/wu/SRC/Answers_to_JRAI/install/interfaces/share/colcon-core/packages) by extension 'python'
[0.184s] Level 1:colcon.colcon_core.package_identification:_identify(/home/wu/SRC/Answers_to_JRAI/install/interfaces/share/colcon-core/packages) by extensions ['python_setup_py']
[0.184s] Level 1:colcon.colcon_core.package_identification:_identify(/home/wu/SRC/Answers_to_JRAI/install/interfaces/share/colcon-core/packages) by extension 'python_setup_py'
[0.184s] Level 1:colcon.colcon_core.package_identification:_identify(/home/wu/SRC/Answers_to_JRAI/install/interfaces/share/interfaces) by extensions ['ignore', 'ignore_ament_install']
[0.185s] Level 1:colcon.colcon_core.package_identification:_identify(/home/wu/SRC/Answers_to_JRAI/install/interfaces/share/interfaces) by extension 'ignore'
[0.185s] Level 1:colcon.colcon_core.package_identification:_identify(/home/wu/SRC/Answers_to_JRAI/install/interfaces/share/interfaces) by extension 'ignore_ament_install'
[0.185s] Level 1:colcon.colcon_core.package_identification:_identify(/home/wu/SRC/Answers_to_JRAI/install/interfaces/share/interfaces) by extensions ['colcon_pkg']
[0.185s] Level 1:colcon.colcon_core.package_identification:_identify(/home/wu/SRC/Answers_to_JRAI/install/interfaces/share/interfaces) by extension 'colcon_pkg'
[0.185s] Level 1:colcon.colcon_core.package_identification:_identify(/home/wu/SRC/Answers_to_JRAI/install/interfaces/share/interfaces) by extensions ['colcon_meta']
[0.185s] Level 1:colcon.colcon_core.package_identification:_identify(/home/wu/SRC/Answers_to_JRAI/install/interfaces/share/interfaces) by extension 'colcon_meta'
[0.185s] Level 1:colcon.colcon_core.package_identification:_identify(/home/wu/SRC/Answers_to_JRAI/install/interfaces/share/interfaces) by extensions ['ros']
[0.185s] Level 1:colcon.colcon_core.package_identification:_identify(/home/wu/SRC/Answers_to_JRAI/install/interfaces/share/interfaces) by extension 'ros'
[0.185s] Level 1:colcon.colcon_core.package_identification:_identify(/home/wu/SRC/Answers_to_JRAI/install/interfaces/share/interfaces) by extensions ['cmake', 'python']
[0.185s] Level 1:colcon.colcon_core.package_identification:_identify(/home/wu/SRC/Answers_to_JRAI/install/interfaces/share/interfaces) by extension 'cmake'
[0.185s] Level 1:colcon.colcon_core.package_identification:_identify(/home/wu/SRC/Answers_to_JRAI/install/interfaces/share/interfaces) by extension 'python'
[0.185s] Level 1:colcon.colcon_core.package_identification:_identify(/home/wu/SRC/Answers_to_JRAI/install/interfaces/share/interfaces) by extensions ['python_setup_py']
[0.185s] Level 1:colcon.colcon_core.package_identification:_identify(/home/wu/SRC/Answers_to_JRAI/install/interfaces/share/interfaces) by extension 'python_setup_py'
[0.185s] Level 1:colcon.colcon_core.package_identification:_identify(/home/wu/SRC/Answers_to_JRAI/log) by extensions ['ignore', 'ignore_ament_install']
[0.185s] Level 1:colcon.colcon_core.package_identification:_identify(/home/wu/SRC/Answers_to_JRAI/log) by extension 'ignore'
[0.185s] Level 1:colcon.colcon_core.package_identification:_identify(/home/wu/SRC/Answers_to_JRAI/log) ignored
[0.185s] Level 1:colcon.colcon_core.package_identification:_identify(/home/wu/SRC/Answers_to_JRAI/public) by extensions ['ignore', 'ignore_ament_install']
[0.185s] Level 1:colcon.colcon_core.package_identification:_identify(/home/wu/SRC/Answers_to_JRAI/public) by extension 'ignore'
[0.185s] Level 1:colcon.colcon_core.package_identification:_identify(/home/wu/SRC/Answers_to_JRAI/public) by extension 'ignore_ament_install'
[0.185s] Level 1:colcon.colcon_core.package_identification:_identify(/home/wu/SRC/Answers_to_JRAI/public) by extensions ['colcon_pkg']
[0.185s] Level 1:colcon.colcon_core.package_identification:_identify(/home/wu/SRC/Answers_to_JRAI/public) by extension 'colcon_pkg'
[0.185s] Level 1:colcon.colcon_core.package_identification:_identify(/home/wu/SRC/Answers_to_JRAI/public) by extensions ['colcon_meta']
[0.185s] Level 1:colcon.colcon_core.package_identification:_identify(/home/wu/SRC/Answers_to_JRAI/public) by extension 'colcon_meta'
[0.185s] Level 1:colcon.colcon_core.package_identification:_identify(/home/wu/SRC/Answers_to_JRAI/public) by extensions ['ros']
[0.185s] Level 1:colcon.colcon_core.package_identification:_identify(/home/wu/SRC/Answers_to_JRAI/public) by extension 'ros'
[0.185s] Level 1:colcon.colcon_core.package_identification:_identify(/home/wu/SRC/Answers_to_JRAI/public) by extensions ['cmake', 'python']
[0.185s] Level 1:colcon.colcon_core.package_identification:_identify(/home/wu/SRC/Answers_to_JRAI/public) by extension 'cmake'
[0.185s] Level 1:colcon.colcon_core.package_identification:_identify(/home/wu/SRC/Answers_to_JRAI/public) by extension 'python'
[0.185s] Level 1:colcon.colcon_core.package_identification:_identify(/home/wu/SRC/Answers_to_JRAI/public) by extensions ['python_setup_py']
[0.185s] Level 1:colcon.colcon_core.package_identification:_identify(/home/wu/SRC/Answers_to_JRAI/public) by extension 'python_setup_py'
[0.185s] Level 1:colcon.colcon_core.package_identification:_identify(/home/wu/SRC/Answers_to_JRAI/public/img) by extensions ['ignore', 'ignore_ament_install']
[0.185s] Level 1:colcon.colcon_core.package_identification:_identify(/home/wu/SRC/Answers_to_JRAI/public/img) by extension 'ignore'
[0.185s] Level 1:colcon.colcon_core.package_identification:_identify(/home/wu/SRC/Answers_to_JRAI/public/img) by extension 'ignore_ament_install'
[0.185s] Level 1:colcon.colcon_core.package_identification:_identify(/home/wu/SRC/Answers_to_JRAI/public/img) by extensions ['colcon_pkg']
[0.185s] Level 1:colcon.colcon_core.package_identification:_identify(/home/wu/SRC/Answers_to_JRAI/public/img) by extension 'colcon_pkg'
[0.185s] Level 1:colcon.colcon_core.package_identification:_identify(/home/wu/SRC/Answers_to_JRAI/public/img) by extensions ['colcon_meta']
[0.185s] Level 1:colcon.colcon_core.package_identification:_identify(/home/wu/SRC/Answers_to_JRAI/public/img) by extension 'colcon_meta'
[0.186s] Level 1:colcon.colcon_core.package_identification:_identify(/home/wu/SRC/Answers_to_JRAI/public/img) by extensions ['ros']
[0.186s] Level 1:colcon.colcon_core.package_identification:_identify(/home/wu/SRC/Answers_to_JRAI/public/img) by extension 'ros'
[0.186s] Level 1:colcon.colcon_core.package_identification:_identify(/home/wu/SRC/Answers_to_JRAI/public/img) by extensions ['cmake', 'python']
[0.186s] Level 1:colcon.colcon_core.package_identification:_identify(/home/wu/SRC/Answers_to_JRAI/public/img) by extension 'cmake'
[0.186s] Level 1:colcon.colcon_core.package_identification:_identify(/home/wu/SRC/Answers_to_JRAI/public/img) by extension 'python'
[0.186s] Level 1:colcon.colcon_core.package_identification:_identify(/home/wu/SRC/Answers_to_JRAI/public/img) by extensions ['python_setup_py']
[0.186s] Level 1:colcon.colcon_core.package_identification:_identify(/home/wu/SRC/Answers_to_JRAI/public/img) by extension 'python_setup_py'
[0.186s] Level 1:colcon.colcon_core.package_identification:_identify(/home/wu/SRC/Answers_to_JRAI/src) by extensions ['ignore', 'ignore_ament_install']
[0.186s] Level 1:colcon.colcon_core.package_identification:_identify(/home/wu/SRC/Answers_to_JRAI/src) by extension 'ignore'
[0.186s] Level 1:colcon.colcon_core.package_identification:_identify(/home/wu/SRC/Answers_to_JRAI/src) by extension 'ignore_ament_install'
[0.186s] Level 1:colcon.colcon_core.package_identification:_identify(/home/wu/SRC/Answers_to_JRAI/src) by extensions ['colcon_pkg']
[0.186s] Level 1:colcon.colcon_core.package_identification:_identify(/home/wu/SRC/Answers_to_JRAI/src) by extension 'colcon_pkg'
[0.186s] Level 1:colcon.colcon_core.package_identification:_identify(/home/wu/SRC/Answers_to_JRAI/src) by extensions ['colcon_meta']
[0.186s] Level 1:colcon.colcon_core.package_identification:_identify(/home/wu/SRC/Answers_to_JRAI/src) by extension 'colcon_meta'
[0.186s] Level 1:colcon.colcon_core.package_identification:_identify(/home/wu/SRC/Answers_to_JRAI/src) by extensions ['ros']
[0.186s] Level 1:colcon.colcon_core.package_identification:_identify(/home/wu/SRC/Answers_to_JRAI/src) by extension 'ros'
[0.186s] Level 1:colcon.colcon_core.package_identification:_identify(/home/wu/SRC/Answers_to_JRAI/src) by extensions ['cmake', 'python']
[0.186s] Level 1:colcon.colcon_core.package_identification:_identify(/home/wu/SRC/Answers_to_JRAI/src) by extension 'cmake'
[0.186s] Level 1:colcon.colcon_core.package_identification:_identify(/home/wu/SRC/Answers_to_JRAI/src) by extension 'python'
[0.186s] Level 1:colcon.colcon_core.package_identification:_identify(/home/wu/SRC/Answers_to_JRAI/src) by extensions ['python_setup_py']
[0.186s] Level 1:colcon.colcon_core.package_identification:_identify(/home/wu/SRC/Answers_to_JRAI/src) by extension 'python_setup_py'
[0.186s] Level 1:colcon.colcon_core.package_identification:_identify(/home/wu/SRC/Answers_to_JRAI/src/interfaces) by extensions ['ignore', 'ignore_ament_install']
[0.186s] Level 1:colcon.colcon_core.package_identification:_identify(/home/wu/SRC/Answers_to_JRAI/src/interfaces) by extension 'ignore'
[0.186s] Level 1:colcon.colcon_core.package_identification:_identify(/home/wu/SRC/Answers_to_JRAI/src/interfaces) by extension 'ignore_ament_install'
[0.186s] Level 1:colcon.colcon_core.package_identification:_identify(/home/wu/SRC/Answers_to_JRAI/src/interfaces) by extensions ['colcon_pkg']
[0.186s] Level 1:colcon.colcon_core.package_identification:_identify(/home/wu/SRC/Answers_to_JRAI/src/interfaces) by extension 'colcon_pkg'
[0.186s] Level 1:colcon.colcon_core.package_identification:_identify(/home/wu/SRC/Answers_to_JRAI/src/interfaces) by extensions ['colcon_meta']
[0.186s] Level 1:colcon.colcon_core.package_identification:_identify(/home/wu/SRC/Answers_to_JRAI/src/interfaces) by extension 'colcon_meta'
[0.186s] Level 1:colcon.colcon_core.package_identification:_identify(/home/wu/SRC/Answers_to_JRAI/src/interfaces) by extensions ['ros']
[0.186s] Level 1:colcon.colcon_core.package_identification:_identify(/home/wu/SRC/Answers_to_JRAI/src/interfaces) by extension 'ros'
[0.188s] DEBUG:colcon.colcon_core.package_identification:Package '/home/wu/SRC/Answers_to_JRAI/src/interfaces' with type 'ros.ament_cmake' and name 'interfaces'
[0.188s] Level 1:colcon.colcon_core.package_discovery:discover_packages(recursive) using defaults
