[0.012s] Invoking command in '/home/wu/SRC/Answers_to_JRAI/build/part_one': CMAKE_PREFIX_PATH=/home/wu/SRC/Answers_to_JRAI/install/interfaces:/home/wu/SRC/Answers_to_JRAI/install/part_one:/opt/ros/humble CONDA_PROMPT_MODIFIER=(ros2) /usr/bin/cmake --build /home/wu/SRC/Answers_to_JRAI/build/part_one -- -j16 -l16
[0.048s] [35m[1mConsolidate compiler generated dependencies of target node_2_02[0m
[0.057s] [ 33%] Built target node_1_publisher
[0.057s] [ 66%] Built target node_1_subscriber
[0.061s] [ 83%] [32mBuilding CXX object CMakeFiles/node_2_02.dir/src/node_2_02.cpp.o[0m
[2.758s] [100%] [32m[1mLinking CXX executable node_2_02[0m
[2.888s] [100%] Built target node_2_02
[2.898s] Invoked command in '/home/wu/SRC/Answers_to_JRAI/build/part_one' returned '0': CMAKE_PREFIX_PATH=/home/wu/SRC/Answers_to_JRAI/install/interfaces:/home/wu/SRC/Answers_to_JRAI/install/part_one:/opt/ros/humble CONDA_PROMPT_MODIFIER=(ros2) /usr/bin/cmake --build /home/wu/SRC/Answers_to_JRAI/build/part_one -- -j16 -l16
[2.934s] Invoking command in '/home/wu/SRC/Answers_to_JRAI/build/part_one': CMAKE_PREFIX_PATH=/home/wu/SRC/Answers_to_JRAI/install/interfaces:/home/wu/SRC/Answers_to_JRAI/install/part_one:/opt/ros/humble CONDA_PROMPT_MODIFIER=(ros2) /usr/bin/cmake --install /home/wu/SRC/Answers_to_JRAI/build/part_one
[2.942s] -- Install configuration: ""
[2.942s] -- Up-to-date: /home/wu/SRC/Answers_to_JRAI/install/part_one/lib/part_one/node_1_publisher
[2.942s] -- Up-to-date: /home/wu/SRC/Answers_to_JRAI/install/part_one/lib/part_one/node_1_subscriber
[2.942s] -- Installing: /home/wu/SRC/Answers_to_JRAI/install/part_one/lib/part_one/node_2_02
[2.943s] -- Set runtime path of "/home/wu/SRC/Answers_to_JRAI/install/part_one/lib/part_one/node_2_02" to ""
[2.944s] -- Up-to-date: /home/wu/SRC/Answers_to_JRAI/install/part_one/share/ament_index/resource_index/package_run_dependencies/part_one
[2.944s] -- Up-to-date: /home/wu/SRC/Answers_to_JRAI/install/part_one/share/ament_index/resource_index/parent_prefix_path/part_one
[2.944s] -- Up-to-date: /home/wu/SRC/Answers_to_JRAI/install/part_one/share/part_one/environment/ament_prefix_path.sh
[2.944s] -- Up-to-date: /home/wu/SRC/Answers_to_JRAI/install/part_one/share/part_one/environment/ament_prefix_path.dsv
[2.944s] -- Up-to-date: /home/wu/SRC/Answers_to_JRAI/install/part_one/share/part_one/environment/path.sh
[2.944s] -- Up-to-date: /home/wu/SRC/Answers_to_JRAI/install/part_one/share/part_one/environment/path.dsv
[2.944s] -- Up-to-date: /home/wu/SRC/Answers_to_JRAI/install/part_one/share/part_one/local_setup.bash
[2.944s] -- Up-to-date: /home/wu/SRC/Answers_to_JRAI/install/part_one/share/part_one/local_setup.sh
[2.944s] -- Up-to-date: /home/wu/SRC/Answers_to_JRAI/install/part_one/share/part_one/local_setup.zsh
[2.944s] -- Up-to-date: /home/wu/SRC/Answers_to_JRAI/install/part_one/share/part_one/local_setup.dsv
[2.944s] -- Installing: /home/wu/SRC/Answers_to_JRAI/install/part_one/share/part_one/package.dsv
[2.944s] -- Up-to-date: /home/wu/SRC/Answers_to_JRAI/install/part_one/share/ament_index/resource_index/packages/part_one
[2.944s] -- Up-to-date: /home/wu/SRC/Answers_to_JRAI/install/part_one/share/part_one/cmake/part_oneConfig.cmake
[2.944s] -- Up-to-date: /home/wu/SRC/Answers_to_JRAI/install/part_one/share/part_one/cmake/part_oneConfig-version.cmake
[2.944s] -- Up-to-date: /home/wu/SRC/Answers_to_JRAI/install/part_one/share/part_one/package.xml
[2.947s] Invoked command in '/home/wu/SRC/Answers_to_JRAI/build/part_one' returned '0': CMAKE_PREFIX_PATH=/home/wu/SRC/Answers_to_JRAI/install/interfaces:/home/wu/SRC/Answers_to_JRAI/install/part_one:/opt/ros/humble CONDA_PROMPT_MODIFIER=(ros2) /usr/bin/cmake --install /home/wu/SRC/Answers_to_JRAI/build/part_one
