[0.011s] Invoking command in '/home/wu/SRC/Answers_to_JRAI/build/part_one': CMAKE_PREFIX_PATH=/home/wu/SRC/Answers_to_JRAI/install/interfaces:/home/wu/SRC/Answers_to_JRAI/install/part_one:/opt/ros/humble CONDA_PROMPT_MODIFIER=(ros2) /usr/bin/cmake --build /home/wu/SRC/Answers_to_JRAI/build/part_one -- -j16 -l16
[0.033s] -- Found ament_cmake: 1.3.9 (/opt/ros/humble/share/ament_cmake/cmake)
[0.111s] -- Found rclcpp: 16.0.9 (/opt/ros/humble/share/rclcpp/cmake)
[0.132s] -- Found rosidl_generator_c: 3.1.5 (/opt/ros/humble/share/rosidl_generator_c/cmake)
[0.134s] -- Found rosidl_adapter: 3.1.5 (/opt/ros/humble/share/rosidl_adapter/cmake)
[0.138s] -- Found rosidl_generator_cpp: 3.1.5 (/opt/ros/humble/share/rosidl_generator_cpp/cmake)
[0.146s] -- Using all available rosidl_typesupport_c: rosidl_typesupport_fastrtps_c;rosidl_typesupport_introspection_c
[0.154s] -- Using all available rosidl_typesupport_cpp: rosidl_typesupport_fastrtps_cpp;rosidl_typesupport_introspection_cpp
[0.185s] -- Found rmw_implementation_cmake: 6.1.2 (/opt/ros/humble/share/rmw_implementation_cmake/cmake)
[0.186s] -- Found rmw_fastrtps_cpp: 6.2.6 (/opt/ros/humble/share/rmw_fastrtps_cpp/cmake)
[0.272s] -- Using RMW implementation 'rmw_fastrtps_cpp' as default
[0.361s] -- Found rclcpp_action: 16.0.9 (/opt/ros/humble/share/rclcpp_action/cmake)
[0.410s] -- Found interfaces: 0.0.0 (/home/wu/SRC/Answers_to_JRAI/install/interfaces/share/interfaces/cmake)
[0.419s] -- Found ament_lint_auto: 0.12.11 (/opt/ros/humble/share/ament_lint_auto/cmake)
[0.472s] -- Added test 'cppcheck' to perform static code analysis on C / C++ code
[0.472s] -- Configured cppcheck include dirs: 
[0.472s] -- Configured cppcheck exclude dirs and/or files: 
[0.472s] -- Added test 'lint_cmake' to check CMake code style
[0.473s] -- Added test 'uncrustify' to check C / C++ code style
[0.473s] -- Configured uncrustify additional arguments: 
[0.473s] -- Added test 'xmllint' to check XML markup files
[0.474s] -- Configuring done
[0.486s] -- Generating done
[0.488s] -- Build files have been written to: /home/wu/SRC/Answers_to_JRAI/build/part_one
[0.521s] [35m[1mConsolidate compiler generated dependencies of target node_1_publisher[0m
[0.521s] [35m[1mConsolidate compiler generated dependencies of target node_1_subscriber[0m
[0.522s] [35m[1mConsolidate compiler generated dependencies of target node_2_03[0m
[0.522s] [35m[1mConsolidate compiler generated dependencies of target node_2_02[0m
[0.534s] [ 10%] [32mBuilding CXX object CMakeFiles/node_2_01.dir/src/node_2_01.cpp.o[0m
[0.539s] [ 50%] [32mBuilding CXX object CMakeFiles/node_2_03.dir/src/node_2_03.cpp.o[0m
[0.539s] [ 50%] [32mBuilding CXX object CMakeFiles/node_1_subscriber.dir/src/node_1_subscriber.cpp.o[0m
[0.539s] [ 50%] [32mBuilding CXX object CMakeFiles/node_2_02.dir/src/node_2_02.cpp.o[0m
[0.539s] [ 50%] [32mBuilding CXX object CMakeFiles/node_1_publisher.dir/src/node_1_publisher.cpp.o[0m
[4.164s] [ 60%] [32m[1mLinking CXX executable node_1_publisher[0m
[4.185s] [ 70%] [32m[1mLinking CXX executable node_2_02[0m
[4.406s] [ 70%] Built target node_1_publisher
[4.451s] [ 70%] Built target node_2_02
[7.305s] [ 80%] [32m[1mLinking CXX executable node_2_01[0m
[7.309s] [ 90%] [32m[1mLinking CXX executable node_1_subscriber[0m
[7.560s] [ 90%] Built target node_2_01
[7.566s] [ 90%] Built target node_1_subscriber
[7.635s] [100%] [32m[1mLinking CXX executable node_2_03[0m
[7.901s] [100%] Built target node_2_03
[7.912s] Invoked command in '/home/wu/SRC/Answers_to_JRAI/build/part_one' returned '0': CMAKE_PREFIX_PATH=/home/wu/SRC/Answers_to_JRAI/install/interfaces:/home/wu/SRC/Answers_to_JRAI/install/part_one:/opt/ros/humble CONDA_PROMPT_MODIFIER=(ros2) /usr/bin/cmake --build /home/wu/SRC/Answers_to_JRAI/build/part_one -- -j16 -l16
[7.959s] Invoking command in '/home/wu/SRC/Answers_to_JRAI/build/part_one': CMAKE_PREFIX_PATH=/home/wu/SRC/Answers_to_JRAI/install/interfaces:/home/wu/SRC/Answers_to_JRAI/install/part_one:/opt/ros/humble CONDA_PROMPT_MODIFIER=(ros2) /usr/bin/cmake --install /home/wu/SRC/Answers_to_JRAI/build/part_one
[7.963s] -- Install configuration: ""
[7.963s] -- Installing: /home/wu/SRC/Answers_to_JRAI/install/part_one/lib/part_one/node_1_publisher
[7.964s] -- Set runtime path of "/home/wu/SRC/Answers_to_JRAI/install/part_one/lib/part_one/node_1_publisher" to ""
[7.965s] -- Installing: /home/wu/SRC/Answers_to_JRAI/install/part_one/lib/part_one/node_1_subscriber
[7.967s] -- Set runtime path of "/home/wu/SRC/Answers_to_JRAI/install/part_one/lib/part_one/node_1_subscriber" to ""
[7.968s] -- Installing: /home/wu/SRC/Answers_to_JRAI/install/part_one/lib/part_one/node_2_01
[7.970s] -- Set runtime path of "/home/wu/SRC/Answers_to_JRAI/install/part_one/lib/part_one/node_2_01" to ""
[7.970s] -- Installing: /home/wu/SRC/Answers_to_JRAI/install/part_one/lib/part_one/node_2_02
[7.972s] -- Set runtime path of "/home/wu/SRC/Answers_to_JRAI/install/part_one/lib/part_one/node_2_02" to ""
[7.972s] -- Installing: /home/wu/SRC/Answers_to_JRAI/install/part_one/lib/part_one/node_2_03
[7.976s] -- Set runtime path of "/home/wu/SRC/Answers_to_JRAI/install/part_one/lib/part_one/node_2_03" to ""
[7.976s] -- Up-to-date: /home/wu/SRC/Answers_to_JRAI/install/part_one/share/ament_index/resource_index/package_run_dependencies/part_one
[7.976s] -- Installing: /home/wu/SRC/Answers_to_JRAI/install/part_one/share/ament_index/resource_index/parent_prefix_path/part_one
[7.976s] -- Up-to-date: /home/wu/SRC/Answers_to_JRAI/install/part_one/share/part_one/environment/ament_prefix_path.sh
[7.976s] -- Installing: /home/wu/SRC/Answers_to_JRAI/install/part_one/share/part_one/environment/ament_prefix_path.dsv
[7.976s] -- Up-to-date: /home/wu/SRC/Answers_to_JRAI/install/part_one/share/part_one/environment/path.sh
[7.977s] -- Installing: /home/wu/SRC/Answers_to_JRAI/install/part_one/share/part_one/environment/path.dsv
[7.977s] -- Up-to-date: /home/wu/SRC/Answers_to_JRAI/install/part_one/share/part_one/local_setup.bash
[7.977s] -- Up-to-date: /home/wu/SRC/Answers_to_JRAI/install/part_one/share/part_one/local_setup.sh
[7.977s] -- Up-to-date: /home/wu/SRC/Answers_to_JRAI/install/part_one/share/part_one/local_setup.zsh
[7.977s] -- Installing: /home/wu/SRC/Answers_to_JRAI/install/part_one/share/part_one/local_setup.dsv
[7.977s] -- Installing: /home/wu/SRC/Answers_to_JRAI/install/part_one/share/part_one/package.dsv
[7.977s] -- Up-to-date: /home/wu/SRC/Answers_to_JRAI/install/part_one/share/ament_index/resource_index/packages/part_one
[7.977s] -- Up-to-date: /home/wu/SRC/Answers_to_JRAI/install/part_one/share/part_one/cmake/part_oneConfig.cmake
[7.977s] -- Up-to-date: /home/wu/SRC/Answers_to_JRAI/install/part_one/share/part_one/cmake/part_oneConfig-version.cmake
[7.977s] -- Up-to-date: /home/wu/SRC/Answers_to_JRAI/install/part_one/share/part_one/package.xml
[7.979s] Invoked command in '/home/wu/SRC/Answers_to_JRAI/build/part_one' returned '0': CMAKE_PREFIX_PATH=/home/wu/SRC/Answers_to_JRAI/install/interfaces:/home/wu/SRC/Answers_to_JRAI/install/part_one:/opt/ros/humble CONDA_PROMPT_MODIFIER=(ros2) /usr/bin/cmake --install /home/wu/SRC/Answers_to_JRAI/build/part_one
