[0.009s] Invoking command in '/home/wu/SRC/Answers_to_JRAI/build/interfaces': CMAKE_PREFIX_PATH=/opt/ros/humble /usr/bin/cmake --build /home/wu/SRC/Answers_to_JRAI/build/interfaces -- -j16 -l16
[0.031s] -- Found ament_cmake: 1.3.9 (/opt/ros/humble/share/ament_cmake/cmake)
[0.103s] -- Found rosidl_default_generators: 1.2.0 (/opt/ros/humble/share/rosidl_default_generators/cmake)
[0.104s] -- Using all available rosidl_typesupport_c: rosidl_typesupport_fastrtps_c;rosidl_typesupport_introspection_c
[0.105s] -- Found rosidl_adapter: 3.1.5 (/opt/ros/humble/share/rosidl_adapter/cmake)
[0.125s] -- Using all available rosidl_typesupport_cpp: rosidl_typesupport_fastrtps_cpp;rosidl_typesupport_introspection_cpp
[0.344s] -- Found ament_cmake_ros: 0.10.0 (/opt/ros/humble/share/ament_cmake_ros/cmake)
[0.461s] -- Using all available rosidl_typesupport_c: rosidl_typesupport_fastrtps_c;rosidl_typesupport_introspection_c
[0.621s] -- Using all available rosidl_typesupport_cpp: rosidl_typesupport_fastrtps_cpp;rosidl_typesupport_introspection_cpp
[0.636s] -- Found python_cmake_module: 0.10.0 (/opt/ros/humble/share/python_cmake_module/cmake)
[0.652s] -- Using PYTHON_EXECUTABLE: /usr/bin/python3
[0.652s] -- Using PYTHON_INCLUDE_DIRS: /usr/include/python3.10
[0.652s] -- Using PYTHON_LIBRARIES: /usr/lib/x86_64-linux-gnu/libpython3.10.so
[0.661s] -- Found ament_lint_auto: 0.12.11 (/opt/ros/humble/share/ament_lint_auto/cmake)
[0.666s] -- Added test 'lint_cmake' to check CMake code style
[0.667s] -- Added test 'xmllint' to check XML markup files
[0.668s] -- Configuring done
[0.689s] -- Generating done
[0.691s] -- Build files have been written to: /home/wu/SRC/Answers_to_JRAI/build/interfaces
[0.716s] [  2%] [34m[1mGenerating C code for ROS interfaces[0m
[0.724s] [  4%] [34m[1mGenerating C++ code for ROS interfaces[0m
[0.731s] [  4%] Built target ament_cmake_python_copy_interfaces
[0.860s] running egg_info
[0.860s] writing interfaces.egg-info/PKG-INFO
[0.861s] writing dependency_links to interfaces.egg-info/dependency_links.txt
[0.861s] writing top-level names to interfaces.egg-info/top_level.txt
[0.862s] reading manifest file 'interfaces.egg-info/SOURCES.txt'
[0.862s] writing manifest file 'interfaces.egg-info/SOURCES.txt'
[0.890s] [  4%] Built target ament_cmake_python_build_interfaces_egg
[1.022s] [  4%] Built target interfaces__cpp
[1.022s] [35m[1mConsolidate compiler generated dependencies of target interfaces__rosidl_generator_c[0m
[1.030s] [ 10%] [34m[1mGenerating C++ introspection for ROS interfaces[0m
[1.030s] [ 10%] [34m[1mGenerating C++ type support for eProsima Fast-RTPS[0m
[1.030s] [ 10%] [34m[1mGenerating C++ type support dispatch for ROS interfaces[0m
[1.030s] [ 12%] [32mBuilding C object CMakeFiles/interfaces__rosidl_generator_c.dir/rosidl_generator_c/interfaces/msg/detail/now__functions.c.o[0m
[1.030s] [ 14%] [32mBuilding C object CMakeFiles/interfaces__rosidl_generator_c.dir/rosidl_generator_c/interfaces/srv/detail/money__functions.c.o[0m
[1.030s] [ 17%] [32mBuilding C object CMakeFiles/interfaces__rosidl_generator_c.dir/rosidl_generator_c/interfaces/action/detail/boiling__functions.c.o[0m
[1.105s] [ 19%] [32m[1mLinking C shared library libinterfaces__rosidl_generator_c.so[0m
[1.137s] [ 19%] Built target interfaces__rosidl_generator_c
[1.145s] [ 25%] [34m[1mGenerating C type support dispatch for ROS interfaces[0m
[1.145s] [ 25%] [34m[1mGenerating C introspection for ROS interfaces[0m
[1.145s] [ 25%] [34m[1mGenerating C type support for eProsima Fast-RTPS[0m
[1.215s] [35m[1mConsolidate compiler generated dependencies of target interfaces__rosidl_typesupport_cpp[0m
[1.226s] [ 27%] [32mBuilding CXX object CMakeFiles/interfaces__rosidl_typesupport_cpp.dir/rosidl_typesupport_cpp/interfaces/msg/now__type_support.cpp.o[0m
[1.227s] [ 29%] [32mBuilding CXX object CMakeFiles/interfaces__rosidl_typesupport_cpp.dir/rosidl_typesupport_cpp/interfaces/srv/money__type_support.cpp.o[0m
[1.227s] [ 31%] [32mBuilding CXX object CMakeFiles/interfaces__rosidl_typesupport_cpp.dir/rosidl_typesupport_cpp/interfaces/action/boiling__type_support.cpp.o[0m
[1.252s] [35m[1mConsolidate compiler generated dependencies of target interfaces__rosidl_typesupport_introspection_cpp[0m
[1.263s] [ 38%] [32mBuilding CXX object CMakeFiles/interfaces__rosidl_typesupport_introspection_cpp.dir/rosidl_typesupport_introspection_cpp/interfaces/action/detail/boiling__type_support.cpp.o[0m
[1.264s] [ 38%] [32mBuilding CXX object CMakeFiles/interfaces__rosidl_typesupport_introspection_cpp.dir/rosidl_typesupport_introspection_cpp/interfaces/srv/detail/money__type_support.cpp.o[0m
[1.264s] [ 38%] [32mBuilding CXX object CMakeFiles/interfaces__rosidl_typesupport_introspection_cpp.dir/rosidl_typesupport_introspection_cpp/interfaces/msg/detail/now__type_support.cpp.o[0m
[1.298s] [35m[1mConsolidate compiler generated dependencies of target interfaces__rosidl_typesupport_fastrtps_cpp[0m
[1.314s] [ 44%] [32mBuilding CXX object CMakeFiles/interfaces__rosidl_typesupport_fastrtps_cpp.dir/rosidl_typesupport_fastrtps_cpp/interfaces/srv/detail/dds_fastrtps/money__type_support.cpp.o[0m
[1.314s] [ 44%] [32mBuilding CXX object CMakeFiles/interfaces__rosidl_typesupport_fastrtps_cpp.dir/rosidl_typesupport_fastrtps_cpp/interfaces/action/detail/dds_fastrtps/boiling__type_support.cpp.o[0m
[1.314s] [ 44%] [32mBuilding CXX object CMakeFiles/interfaces__rosidl_typesupport_fastrtps_cpp.dir/rosidl_typesupport_fastrtps_cpp/interfaces/msg/detail/dds_fastrtps/now__type_support.cpp.o[0m
[1.400s] [35m[1mConsolidate compiler generated dependencies of target interfaces__rosidl_typesupport_c[0m
[1.409s] [ 48%] [32mBuilding CXX object CMakeFiles/interfaces__rosidl_typesupport_c.dir/rosidl_typesupport_c/interfaces/action/boiling__type_support.cpp.o[0m
[1.409s] [ 48%] [32mBuilding CXX object CMakeFiles/interfaces__rosidl_typesupport_c.dir/rosidl_typesupport_c/interfaces/msg/now__type_support.cpp.o[0m
[1.409s] [ 51%] [32mBuilding CXX object CMakeFiles/interfaces__rosidl_typesupport_c.dir/rosidl_typesupport_c/interfaces/srv/money__type_support.cpp.o[0m
[1.413s] [35m[1mConsolidate compiler generated dependencies of target interfaces__rosidl_typesupport_introspection_c[0m
[1.428s] [ 53%] [32mBuilding C object CMakeFiles/interfaces__rosidl_typesupport_introspection_c.dir/rosidl_typesupport_introspection_c/interfaces/msg/detail/now__type_support.c.o[0m
[1.432s] [ 55%] [32mBuilding C object CMakeFiles/interfaces__rosidl_typesupport_introspection_c.dir/rosidl_typesupport_introspection_c/interfaces/action/detail/boiling__type_support.c.o[0m
[1.437s] [ 57%] [32mBuilding C object CMakeFiles/interfaces__rosidl_typesupport_introspection_c.dir/rosidl_typesupport_introspection_c/interfaces/srv/detail/money__type_support.c.o[0m
[1.458s] [ 59%] [32m[1mLinking CXX shared library libinterfaces__rosidl_typesupport_c.so[0m
[1.458s] [35m[1mConsolidate compiler generated dependencies of target interfaces__rosidl_typesupport_fastrtps_c[0m
[1.471s] [ 65%] [32mBuilding CXX object CMakeFiles/interfaces__rosidl_typesupport_fastrtps_c.dir/rosidl_typesupport_fastrtps_c/interfaces/action/detail/boiling__type_support_c.cpp.o[0m
[1.471s] [ 65%] [32mBuilding CXX object CMakeFiles/interfaces__rosidl_typesupport_fastrtps_c.dir/rosidl_typesupport_fastrtps_c/interfaces/msg/detail/now__type_support_c.cpp.o[0m
[1.472s] [ 65%] [32mBuilding CXX object CMakeFiles/interfaces__rosidl_typesupport_fastrtps_c.dir/rosidl_typesupport_fastrtps_c/interfaces/srv/detail/money__type_support_c.cpp.o[0m
[1.472s] [ 68%] [32m[1mLinking C shared library libinterfaces__rosidl_typesupport_introspection_c.so[0m
[1.495s] [ 68%] Built target interfaces__rosidl_typesupport_c
[1.503s] [ 68%] Built target interfaces__rosidl_typesupport_introspection_c
[1.633s] [ 70%] [32m[1mLinking CXX shared library libinterfaces__rosidl_typesupport_cpp.so[0m
[1.666s] [ 70%] Built target interfaces__rosidl_typesupport_cpp
[1.735s] [ 72%] [32m[1mLinking CXX shared library libinterfaces__rosidl_typesupport_introspection_cpp.so[0m
[1.735s] [ 74%] [32m[1mLinking CXX shared library libinterfaces__rosidl_typesupport_fastrtps_c.so[0m
[1.771s] [ 76%] [32m[1mLinking CXX shared library libinterfaces__rosidl_typesupport_fastrtps_cpp.so[0m
[1.791s] [ 76%] Built target interfaces__rosidl_typesupport_introspection_cpp
[1.791s] [ 76%] Built target interfaces__rosidl_typesupport_fastrtps_c
[1.829s] [ 76%] Built target interfaces__rosidl_typesupport_fastrtps_cpp
[1.842s] [ 76%] Built target interfaces
[1.858s] [ 78%] [34m[1mGenerating Python code for ROS interfaces[0m
[2.349s] [ 78%] Built target interfaces__py
[2.358s] [35m[1mConsolidate compiler generated dependencies of target interfaces__rosidl_generator_py[0m
[2.372s] [ 85%] [32mBuilding C object CMakeFiles/interfaces__rosidl_generator_py.dir/rosidl_generator_py/interfaces/action/_boiling_s.c.o[0m
[2.372s] [ 85%] [32mBuilding C object CMakeFiles/interfaces__rosidl_generator_py.dir/rosidl_generator_py/interfaces/msg/_now_s.c.o[0m
[2.372s] [ 85%] [32mBuilding C object CMakeFiles/interfaces__rosidl_generator_py.dir/rosidl_generator_py/interfaces/srv/_money_s.c.o[0m
[2.458s] [ 87%] [32m[1mLinking C shared library rosidl_generator_py/interfaces/libinterfaces__rosidl_generator_py.so[0m
[2.490s] [ 87%] Built target interfaces__rosidl_generator_py
[2.498s] [35m[1mConsolidate compiler generated dependencies of target interfaces__rosidl_typesupport_introspection_c__pyext[0m
[2.498s] [35m[1mConsolidate compiler generated dependencies of target interfaces__rosidl_typesupport_fastrtps_c__pyext[0m
[2.499s] [35m[1mConsolidate compiler generated dependencies of target interfaces__rosidl_typesupport_c__pyext[0m
[2.507s] [ 91%] [32mBuilding C object CMakeFiles/interfaces__rosidl_typesupport_introspection_c__pyext.dir/rosidl_generator_py/interfaces/_interfaces_s.ep.rosidl_typesupport_introspection_c.c.o[0m
[2.507s] [ 91%] [32mBuilding C object CMakeFiles/interfaces__rosidl_typesupport_fastrtps_c__pyext.dir/rosidl_generator_py/interfaces/_interfaces_s.ep.rosidl_typesupport_fastrtps_c.c.o[0m
[2.508s] [ 93%] [32mBuilding C object CMakeFiles/interfaces__rosidl_typesupport_c__pyext.dir/rosidl_generator_py/interfaces/_interfaces_s.ep.rosidl_typesupport_c.c.o[0m
[2.592s] [100%] [32m[1mLinking C shared library rosidl_generator_py/interfaces/interfaces_s__rosidl_typesupport_c.cpython-310-x86_64-linux-gnu.so[0m
[2.593s] [100%] [32m[1mLinking C shared library rosidl_generator_py/interfaces/interfaces_s__rosidl_typesupport_fastrtps_c.cpython-310-x86_64-linux-gnu.so[0m
[2.593s] [100%] [32m[1mLinking C shared library rosidl_generator_py/interfaces/interfaces_s__rosidl_typesupport_introspection_c.cpython-310-x86_64-linux-gnu.so[0m
[2.625s] [100%] Built target interfaces__rosidl_typesupport_c__pyext
[2.625s] [100%] Built target interfaces__rosidl_typesupport_fastrtps_c__pyext
[2.625s] [100%] Built target interfaces__rosidl_typesupport_introspection_c__pyext
[2.634s] Invoked command in '/home/wu/SRC/Answers_to_JRAI/build/interfaces' returned '0': CMAKE_PREFIX_PATH=/opt/ros/humble /usr/bin/cmake --build /home/wu/SRC/Answers_to_JRAI/build/interfaces -- -j16 -l16
[2.745s] Invoking command in '/home/wu/SRC/Answers_to_JRAI/build/interfaces': CMAKE_PREFIX_PATH=/opt/ros/humble /usr/bin/cmake --install /home/wu/SRC/Answers_to_JRAI/build/interfaces
[2.750s] -- Install configuration: ""
[2.750s] -- Up-to-date: /home/wu/SRC/Answers_to_JRAI/install/interfaces/share/ament_index/resource_index/rosidl_interfaces/interfaces
[2.750s] -- Up-to-date: /home/wu/SRC/Answers_to_JRAI/install/interfaces/include/interfaces/interfaces
[2.750s] -- Up-to-date: /home/wu/SRC/Answers_to_JRAI/install/interfaces/include/interfaces/interfaces/srv
[2.751s] -- Up-to-date: /home/wu/SRC/Answers_to_JRAI/install/interfaces/include/interfaces/interfaces/srv/detail
[2.751s] -- Installing: /home/wu/SRC/Answers_to_JRAI/install/interfaces/include/interfaces/interfaces/srv/detail/money__type_support.h
[2.751s] -- Installing: /home/wu/SRC/Answers_to_JRAI/install/interfaces/include/interfaces/interfaces/srv/detail/money__struct.h
[2.751s] -- Installing: /home/wu/SRC/Answers_to_JRAI/install/interfaces/include/interfaces/interfaces/srv/detail/money__functions.c
[2.751s] -- Installing: /home/wu/SRC/Answers_to_JRAI/install/interfaces/include/interfaces/interfaces/srv/detail/money__functions.h
[2.751s] -- Installing: /home/wu/SRC/Answers_to_JRAI/install/interfaces/include/interfaces/interfaces/srv/money.h
[2.751s] -- Up-to-date: /home/wu/SRC/Answers_to_JRAI/install/interfaces/include/interfaces/interfaces/msg
[2.751s] -- Up-to-date: /home/wu/SRC/Answers_to_JRAI/install/interfaces/include/interfaces/interfaces/msg/rosidl_generator_c__visibility_control.h
[2.751s] -- Installing: /home/wu/SRC/Answers_to_JRAI/install/interfaces/include/interfaces/interfaces/msg/now.h
[2.751s] -- Up-to-date: /home/wu/SRC/Answers_to_JRAI/install/interfaces/include/interfaces/interfaces/msg/detail
[2.751s] -- Installing: /home/wu/SRC/Answers_to_JRAI/install/interfaces/include/interfaces/interfaces/msg/detail/now__type_support.h
[2.752s] -- Installing: /home/wu/SRC/Answers_to_JRAI/install/interfaces/include/interfaces/interfaces/msg/detail/now__functions.h
[2.752s] -- Installing: /home/wu/SRC/Answers_to_JRAI/install/interfaces/include/interfaces/interfaces/msg/detail/now__struct.h
[2.752s] -- Installing: /home/wu/SRC/Answers_to_JRAI/install/interfaces/include/interfaces/interfaces/msg/detail/now__functions.c
[2.752s] -- Up-to-date: /home/wu/SRC/Answers_to_JRAI/install/interfaces/include/interfaces/interfaces/action
[2.752s] -- Installing: /home/wu/SRC/Answers_to_JRAI/install/interfaces/include/interfaces/interfaces/action/boiling.h
[2.752s] -- Up-to-date: /home/wu/SRC/Answers_to_JRAI/install/interfaces/include/interfaces/interfaces/action/detail
[2.752s] -- Installing: /home/wu/SRC/Answers_to_JRAI/install/interfaces/include/interfaces/interfaces/action/detail/boiling__struct.h
[2.752s] -- Installing: /home/wu/SRC/Answers_to_JRAI/install/interfaces/include/interfaces/interfaces/action/detail/boiling__functions.c
[2.752s] -- Installing: /home/wu/SRC/Answers_to_JRAI/install/interfaces/include/interfaces/interfaces/action/detail/boiling__functions.h
[2.752s] -- Installing: /home/wu/SRC/Answers_to_JRAI/install/interfaces/include/interfaces/interfaces/action/detail/boiling__type_support.h
[2.752s] -- Up-to-date: /home/wu/SRC/Answers_to_JRAI/install/interfaces/share/interfaces/environment/library_path.sh
[2.752s] -- Installing: /home/wu/SRC/Answers_to_JRAI/install/interfaces/share/interfaces/environment/library_path.dsv
[2.752s] -- Installing: /home/wu/SRC/Answers_to_JRAI/install/interfaces/lib/libinterfaces__rosidl_generator_c.so
[2.752s] -- Set runtime path of "/home/wu/SRC/Answers_to_JRAI/install/interfaces/lib/libinterfaces__rosidl_generator_c.so" to ""
[2.752s] -- Up-to-date: /home/wu/SRC/Answers_to_JRAI/install/interfaces/include/interfaces/interfaces
[2.753s] -- Up-to-date: /home/wu/SRC/Answers_to_JRAI/install/interfaces/include/interfaces/interfaces/srv
[2.753s] -- Up-to-date: /home/wu/SRC/Answers_to_JRAI/install/interfaces/include/interfaces/interfaces/srv/detail
[2.753s] -- Installing: /home/wu/SRC/Answers_to_JRAI/install/interfaces/include/interfaces/interfaces/srv/detail/money__rosidl_typesupport_fastrtps_c.h
[2.753s] -- Up-to-date: /home/wu/SRC/Answers_to_JRAI/install/interfaces/include/interfaces/interfaces/msg
[2.753s] -- Up-to-date: /home/wu/SRC/Answers_to_JRAI/install/interfaces/include/interfaces/interfaces/msg/rosidl_typesupport_fastrtps_c__visibility_control.h
[2.753s] -- Up-to-date: /home/wu/SRC/Answers_to_JRAI/install/interfaces/include/interfaces/interfaces/msg/detail
[2.753s] -- Installing: /home/wu/SRC/Answers_to_JRAI/install/interfaces/include/interfaces/interfaces/msg/detail/now__rosidl_typesupport_fastrtps_c.h
[2.753s] -- Up-to-date: /home/wu/SRC/Answers_to_JRAI/install/interfaces/include/interfaces/interfaces/action
[2.753s] -- Up-to-date: /home/wu/SRC/Answers_to_JRAI/install/interfaces/include/interfaces/interfaces/action/detail
[2.753s] -- Installing: /home/wu/SRC/Answers_to_JRAI/install/interfaces/include/interfaces/interfaces/action/detail/boiling__rosidl_typesupport_fastrtps_c.h
[2.753s] -- Installing: /home/wu/SRC/Answers_to_JRAI/install/interfaces/lib/libinterfaces__rosidl_typesupport_fastrtps_c.so
[2.753s] -- Set runtime path of "/home/wu/SRC/Answers_to_JRAI/install/interfaces/lib/libinterfaces__rosidl_typesupport_fastrtps_c.so" to ""
[2.753s] -- Up-to-date: /home/wu/SRC/Answers_to_JRAI/install/interfaces/include/interfaces/interfaces
[2.753s] -- Up-to-date: /home/wu/SRC/Answers_to_JRAI/install/interfaces/include/interfaces/interfaces/srv
[2.754s] -- Up-to-date: /home/wu/SRC/Answers_to_JRAI/install/interfaces/include/interfaces/interfaces/srv/detail
[2.754s] -- Installing: /home/wu/SRC/Answers_to_JRAI/install/interfaces/include/interfaces/interfaces/srv/detail/money__type_support.c
[2.754s] -- Installing: /home/wu/SRC/Answers_to_JRAI/install/interfaces/include/interfaces/interfaces/srv/detail/money__rosidl_typesupport_introspection_c.h
[2.754s] -- Up-to-date: /home/wu/SRC/Answers_to_JRAI/install/interfaces/include/interfaces/interfaces/msg
[2.754s] -- Up-to-date: /home/wu/SRC/Answers_to_JRAI/install/interfaces/include/interfaces/interfaces/msg/detail
[2.754s] -- Installing: /home/wu/SRC/Answers_to_JRAI/install/interfaces/include/interfaces/interfaces/msg/detail/now__type_support.c
[2.754s] -- Installing: /home/wu/SRC/Answers_to_JRAI/install/interfaces/include/interfaces/interfaces/msg/detail/now__rosidl_typesupport_introspection_c.h
[2.754s] -- Up-to-date: /home/wu/SRC/Answers_to_JRAI/install/interfaces/include/interfaces/interfaces/msg/rosidl_typesupport_introspection_c__visibility_control.h
[2.754s] -- Up-to-date: /home/wu/SRC/Answers_to_JRAI/install/interfaces/include/interfaces/interfaces/action
[2.754s] -- Up-to-date: /home/wu/SRC/Answers_to_JRAI/install/interfaces/include/interfaces/interfaces/action/detail
[2.754s] -- Installing: /home/wu/SRC/Answers_to_JRAI/install/interfaces/include/interfaces/interfaces/action/detail/boiling__type_support.c
[2.754s] -- Installing: /home/wu/SRC/Answers_to_JRAI/install/interfaces/include/interfaces/interfaces/action/detail/boiling__rosidl_typesupport_introspection_c.h
[2.754s] -- Installing: /home/wu/SRC/Answers_to_JRAI/install/interfaces/lib/libinterfaces__rosidl_typesupport_introspection_c.so
[2.755s] -- Set runtime path of "/home/wu/SRC/Answers_to_JRAI/install/interfaces/lib/libinterfaces__rosidl_typesupport_introspection_c.so" to ""
[2.755s] -- Installing: /home/wu/SRC/Answers_to_JRAI/install/interfaces/lib/libinterfaces__rosidl_typesupport_c.so
[2.755s] -- Set runtime path of "/home/wu/SRC/Answers_to_JRAI/install/interfaces/lib/libinterfaces__rosidl_typesupport_c.so" to ""
[2.755s] -- Up-to-date: /home/wu/SRC/Answers_to_JRAI/install/interfaces/include/interfaces/interfaces
[2.755s] -- Up-to-date: /home/wu/SRC/Answers_to_JRAI/install/interfaces/include/interfaces/interfaces/srv
[2.755s] -- Up-to-date: /home/wu/SRC/Answers_to_JRAI/install/interfaces/include/interfaces/interfaces/srv/detail
[2.755s] -- Installing: /home/wu/SRC/Answers_to_JRAI/install/interfaces/include/interfaces/interfaces/srv/detail/money__struct.hpp
[2.755s] -- Installing: /home/wu/SRC/Answers_to_JRAI/install/interfaces/include/interfaces/interfaces/srv/detail/money__builder.hpp
[2.755s] -- Installing: /home/wu/SRC/Answers_to_JRAI/install/interfaces/include/interfaces/interfaces/srv/detail/money__traits.hpp
[2.755s] -- Installing: /home/wu/SRC/Answers_to_JRAI/install/interfaces/include/interfaces/interfaces/srv/money.hpp
[2.755s] -- Up-to-date: /home/wu/SRC/Answers_to_JRAI/install/interfaces/include/interfaces/interfaces/msg
[2.756s] -- Up-to-date: /home/wu/SRC/Answers_to_JRAI/install/interfaces/include/interfaces/interfaces/msg/detail
[2.756s] -- Installing: /home/wu/SRC/Answers_to_JRAI/install/interfaces/include/interfaces/interfaces/msg/detail/now__struct.hpp
[2.756s] -- Installing: /home/wu/SRC/Answers_to_JRAI/install/interfaces/include/interfaces/interfaces/msg/detail/now__builder.hpp
[2.756s] -- Installing: /home/wu/SRC/Answers_to_JRAI/install/interfaces/include/interfaces/interfaces/msg/detail/now__traits.hpp
[2.756s] -- Installing: /home/wu/SRC/Answers_to_JRAI/install/interfaces/include/interfaces/interfaces/msg/now.hpp
[2.756s] -- Up-to-date: /home/wu/SRC/Answers_to_JRAI/install/interfaces/include/interfaces/interfaces/action
[2.756s] -- Installing: /home/wu/SRC/Answers_to_JRAI/install/interfaces/include/interfaces/interfaces/action/boiling.hpp
[2.756s] -- Up-to-date: /home/wu/SRC/Answers_to_JRAI/install/interfaces/include/interfaces/interfaces/action/detail
[2.756s] -- Installing: /home/wu/SRC/Answers_to_JRAI/install/interfaces/include/interfaces/interfaces/action/detail/boiling__builder.hpp
[2.756s] -- Installing: /home/wu/SRC/Answers_to_JRAI/install/interfaces/include/interfaces/interfaces/action/detail/boiling__traits.hpp
[2.756s] -- Installing: /home/wu/SRC/Answers_to_JRAI/install/interfaces/include/interfaces/interfaces/action/detail/boiling__struct.hpp
[2.756s] -- Up-to-date: /home/wu/SRC/Answers_to_JRAI/install/interfaces/include/interfaces/interfaces
[2.757s] -- Up-to-date: /home/wu/SRC/Answers_to_JRAI/install/interfaces/include/interfaces/interfaces/srv
[2.757s] -- Up-to-date: /home/wu/SRC/Answers_to_JRAI/install/interfaces/include/interfaces/interfaces/srv/detail
[2.757s] -- Up-to-date: /home/wu/SRC/Answers_to_JRAI/install/interfaces/include/interfaces/interfaces/srv/detail/dds_fastrtps
[2.757s] -- Installing: /home/wu/SRC/Answers_to_JRAI/install/interfaces/include/interfaces/interfaces/srv/detail/money__rosidl_typesupport_fastrtps_cpp.hpp
[2.757s] -- Up-to-date: /home/wu/SRC/Answers_to_JRAI/install/interfaces/include/interfaces/interfaces/msg
[2.757s] -- Up-to-date: /home/wu/SRC/Answers_to_JRAI/install/interfaces/include/interfaces/interfaces/msg/rosidl_typesupport_fastrtps_cpp__visibility_control.h
[2.757s] -- Up-to-date: /home/wu/SRC/Answers_to_JRAI/install/interfaces/include/interfaces/interfaces/msg/detail
[2.757s] -- Up-to-date: /home/wu/SRC/Answers_to_JRAI/install/interfaces/include/interfaces/interfaces/msg/detail/dds_fastrtps
[2.757s] -- Installing: /home/wu/SRC/Answers_to_JRAI/install/interfaces/include/interfaces/interfaces/msg/detail/now__rosidl_typesupport_fastrtps_cpp.hpp
[2.757s] -- Up-to-date: /home/wu/SRC/Answers_to_JRAI/install/interfaces/include/interfaces/interfaces/action
[2.757s] -- Up-to-date: /home/wu/SRC/Answers_to_JRAI/install/interfaces/include/interfaces/interfaces/action/detail
[2.757s] -- Up-to-date: /home/wu/SRC/Answers_to_JRAI/install/interfaces/include/interfaces/interfaces/action/detail/dds_fastrtps
[2.757s] -- Installing: /home/wu/SRC/Answers_to_JRAI/install/interfaces/include/interfaces/interfaces/action/detail/boiling__rosidl_typesupport_fastrtps_cpp.hpp
[2.757s] -- Installing: /home/wu/SRC/Answers_to_JRAI/install/interfaces/lib/libinterfaces__rosidl_typesupport_fastrtps_cpp.so
[2.757s] -- Set runtime path of "/home/wu/SRC/Answers_to_JRAI/install/interfaces/lib/libinterfaces__rosidl_typesupport_fastrtps_cpp.so" to ""
[2.758s] -- Up-to-date: /home/wu/SRC/Answers_to_JRAI/install/interfaces/include/interfaces/interfaces
[2.758s] -- Up-to-date: /home/wu/SRC/Answers_to_JRAI/install/interfaces/include/interfaces/interfaces/srv
[2.758s] -- Up-to-date: /home/wu/SRC/Answers_to_JRAI/install/interfaces/include/interfaces/interfaces/srv/detail
[2.758s] -- Installing: /home/wu/SRC/Answers_to_JRAI/install/interfaces/include/interfaces/interfaces/srv/detail/money__rosidl_typesupport_introspection_cpp.hpp
[2.758s] -- Installing: /home/wu/SRC/Answers_to_JRAI/install/interfaces/include/interfaces/interfaces/srv/detail/money__type_support.cpp
[2.758s] -- Up-to-date: /home/wu/SRC/Answers_to_JRAI/install/interfaces/include/interfaces/interfaces/msg
[2.758s] -- Up-to-date: /home/wu/SRC/Answers_to_JRAI/install/interfaces/include/interfaces/interfaces/msg/detail
[2.758s] -- Installing: /home/wu/SRC/Answers_to_JRAI/install/interfaces/include/interfaces/interfaces/msg/detail/now__rosidl_typesupport_introspection_cpp.hpp
[2.758s] -- Installing: /home/wu/SRC/Answers_to_JRAI/install/interfaces/include/interfaces/interfaces/msg/detail/now__type_support.cpp
[2.758s] -- Up-to-date: /home/wu/SRC/Answers_to_JRAI/install/interfaces/include/interfaces/interfaces/action
[2.758s] -- Up-to-date: /home/wu/SRC/Answers_to_JRAI/install/interfaces/include/interfaces/interfaces/action/detail
[2.758s] -- Installing: /home/wu/SRC/Answers_to_JRAI/install/interfaces/include/interfaces/interfaces/action/detail/boiling__type_support.cpp
[2.758s] -- Installing: /home/wu/SRC/Answers_to_JRAI/install/interfaces/include/interfaces/interfaces/action/detail/boiling__rosidl_typesupport_introspection_cpp.hpp
[2.758s] -- Installing: /home/wu/SRC/Answers_to_JRAI/install/interfaces/lib/libinterfaces__rosidl_typesupport_introspection_cpp.so
[2.759s] -- Set runtime path of "/home/wu/SRC/Answers_to_JRAI/install/interfaces/lib/libinterfaces__rosidl_typesupport_introspection_cpp.so" to ""
[2.759s] -- Installing: /home/wu/SRC/Answers_to_JRAI/install/interfaces/lib/libinterfaces__rosidl_typesupport_cpp.so
[2.759s] -- Set runtime path of "/home/wu/SRC/Answers_to_JRAI/install/interfaces/lib/libinterfaces__rosidl_typesupport_cpp.so" to ""
[2.759s] -- Up-to-date: /home/wu/SRC/Answers_to_JRAI/install/interfaces/share/interfaces/environment/pythonpath.sh
[2.759s] -- Installing: /home/wu/SRC/Answers_to_JRAI/install/interfaces/share/interfaces/environment/pythonpath.dsv
[2.759s] -- Up-to-date: /home/wu/SRC/Answers_to_JRAI/install/interfaces/local/lib/python3.10/dist-packages/interfaces-0.0.0-py3.10.egg-info
[2.759s] -- Installing: /home/wu/SRC/Answers_to_JRAI/install/interfaces/local/lib/python3.10/dist-packages/interfaces-0.0.0-py3.10.egg-info/PKG-INFO
[2.759s] -- Installing: /home/wu/SRC/Answers_to_JRAI/install/interfaces/local/lib/python3.10/dist-packages/interfaces-0.0.0-py3.10.egg-info/SOURCES.txt
[2.759s] -- Installing: /home/wu/SRC/Answers_to_JRAI/install/interfaces/local/lib/python3.10/dist-packages/interfaces-0.0.0-py3.10.egg-info/dependency_links.txt
[2.760s] -- Installing: /home/wu/SRC/Answers_to_JRAI/install/interfaces/local/lib/python3.10/dist-packages/interfaces-0.0.0-py3.10.egg-info/top_level.txt
[2.760s] -- Up-to-date: /home/wu/SRC/Answers_to_JRAI/install/interfaces/local/lib/python3.10/dist-packages/interfaces
[2.760s] -- Up-to-date: /home/wu/SRC/Answers_to_JRAI/install/interfaces/local/lib/python3.10/dist-packages/interfaces/srv
[2.760s] -- Installing: /home/wu/SRC/Answers_to_JRAI/install/interfaces/local/lib/python3.10/dist-packages/interfaces/srv/_money_s.c
[2.760s] -- Installing: /home/wu/SRC/Answers_to_JRAI/install/interfaces/local/lib/python3.10/dist-packages/interfaces/srv/_money.py
[2.760s] -- Installing: /home/wu/SRC/Answers_to_JRAI/install/interfaces/local/lib/python3.10/dist-packages/interfaces/srv/__init__.py
[2.760s] -- Installing: /home/wu/SRC/Answers_to_JRAI/install/interfaces/local/lib/python3.10/dist-packages/interfaces/_interfaces_s.ep.rosidl_typesupport_introspection_c.c
[2.760s] -- Installing: /home/wu/SRC/Answers_to_JRAI/install/interfaces/local/lib/python3.10/dist-packages/interfaces/interfaces_s__rosidl_typesupport_introspection_c.cpython-310-x86_64-linux-gnu.so
[2.760s] -- Up-to-date: /home/wu/SRC/Answers_to_JRAI/install/interfaces/local/lib/python3.10/dist-packages/interfaces/msg
[2.760s] -- Installing: /home/wu/SRC/Answers_to_JRAI/install/interfaces/local/lib/python3.10/dist-packages/interfaces/msg/_now.py
[2.761s] -- Installing: /home/wu/SRC/Answers_to_JRAI/install/interfaces/local/lib/python3.10/dist-packages/interfaces/msg/_now_s.c
[2.761s] -- Installing: /home/wu/SRC/Answers_to_JRAI/install/interfaces/local/lib/python3.10/dist-packages/interfaces/msg/__init__.py
[2.761s] -- Installing: /home/wu/SRC/Answers_to_JRAI/install/interfaces/local/lib/python3.10/dist-packages/interfaces/_interfaces_s.ep.rosidl_typesupport_fastrtps_c.c
[2.761s] -- Installing: /home/wu/SRC/Answers_to_JRAI/install/interfaces/local/lib/python3.10/dist-packages/interfaces/libinterfaces__rosidl_generator_py.so
[2.761s] -- Installing: /home/wu/SRC/Answers_to_JRAI/install/interfaces/local/lib/python3.10/dist-packages/interfaces/interfaces_s__rosidl_typesupport_fastrtps_c.cpython-310-x86_64-linux-gnu.so
[2.761s] -- Installing: /home/wu/SRC/Answers_to_JRAI/install/interfaces/local/lib/python3.10/dist-packages/interfaces/_interfaces_s.ep.rosidl_typesupport_c.c
[2.761s] -- Installing: /home/wu/SRC/Answers_to_JRAI/install/interfaces/local/lib/python3.10/dist-packages/interfaces/interfaces_s__rosidl_typesupport_c.cpython-310-x86_64-linux-gnu.so
[2.762s] -- Installing: /home/wu/SRC/Answers_to_JRAI/install/interfaces/local/lib/python3.10/dist-packages/interfaces/__init__.py
[2.762s] -- Up-to-date: /home/wu/SRC/Answers_to_JRAI/install/interfaces/local/lib/python3.10/dist-packages/interfaces/action
[2.762s] -- Installing: /home/wu/SRC/Answers_to_JRAI/install/interfaces/local/lib/python3.10/dist-packages/interfaces/action/_boiling.py
[2.762s] -- Installing: /home/wu/SRC/Answers_to_JRAI/install/interfaces/local/lib/python3.10/dist-packages/interfaces/action/_boiling_s.c
[2.762s] -- Installing: /home/wu/SRC/Answers_to_JRAI/install/interfaces/local/lib/python3.10/dist-packages/interfaces/action/__init__.py
[2.786s] Listing '/home/wu/SRC/Answers_to_JRAI/install/interfaces/local/lib/python3.10/dist-packages/interfaces'...
[2.786s] Compiling '/home/wu/SRC/Answers_to_JRAI/install/interfaces/local/lib/python3.10/dist-packages/interfaces/__init__.py'...
[2.786s] Listing '/home/wu/SRC/Answers_to_JRAI/install/interfaces/local/lib/python3.10/dist-packages/interfaces/action'...
[2.786s] Compiling '/home/wu/SRC/Answers_to_JRAI/install/interfaces/local/lib/python3.10/dist-packages/interfaces/action/__init__.py'...
[2.786s] Compiling '/home/wu/SRC/Answers_to_JRAI/install/interfaces/local/lib/python3.10/dist-packages/interfaces/action/_boiling.py'...
[2.786s] Listing '/home/wu/SRC/Answers_to_JRAI/install/interfaces/local/lib/python3.10/dist-packages/interfaces/msg'...
[2.786s] Compiling '/home/wu/SRC/Answers_to_JRAI/install/interfaces/local/lib/python3.10/dist-packages/interfaces/msg/__init__.py'...
[2.786s] Compiling '/home/wu/SRC/Answers_to_JRAI/install/interfaces/local/lib/python3.10/dist-packages/interfaces/msg/_now.py'...
[2.786s] Listing '/home/wu/SRC/Answers_to_JRAI/install/interfaces/local/lib/python3.10/dist-packages/interfaces/srv'...
[2.786s] Compiling '/home/wu/SRC/Answers_to_JRAI/install/interfaces/local/lib/python3.10/dist-packages/interfaces/srv/__init__.py'...
[2.786s] Compiling '/home/wu/SRC/Answers_to_JRAI/install/interfaces/local/lib/python3.10/dist-packages/interfaces/srv/_money.py'...
[2.789s] -- Installing: /home/wu/SRC/Answers_to_JRAI/install/interfaces/local/lib/python3.10/dist-packages/interfaces/interfaces_s__rosidl_typesupport_fastrtps_c.cpython-310-x86_64-linux-gnu.so
[2.789s] -- Set runtime path of "/home/wu/SRC/Answers_to_JRAI/install/interfaces/local/lib/python3.10/dist-packages/interfaces/interfaces_s__rosidl_typesupport_fastrtps_c.cpython-310-x86_64-linux-gnu.so" to ""
[2.790s] -- Installing: /home/wu/SRC/Answers_to_JRAI/install/interfaces/local/lib/python3.10/dist-packages/interfaces/interfaces_s__rosidl_typesupport_introspection_c.cpython-310-x86_64-linux-gnu.so
[2.790s] -- Set runtime path of "/home/wu/SRC/Answers_to_JRAI/install/interfaces/local/lib/python3.10/dist-packages/interfaces/interfaces_s__rosidl_typesupport_introspection_c.cpython-310-x86_64-linux-gnu.so" to ""
[2.790s] -- Installing: /home/wu/SRC/Answers_to_JRAI/install/interfaces/local/lib/python3.10/dist-packages/interfaces/interfaces_s__rosidl_typesupport_c.cpython-310-x86_64-linux-gnu.so
[2.791s] -- Set runtime path of "/home/wu/SRC/Answers_to_JRAI/install/interfaces/local/lib/python3.10/dist-packages/interfaces/interfaces_s__rosidl_typesupport_c.cpython-310-x86_64-linux-gnu.so" to ""
[2.791s] -- Installing: /home/wu/SRC/Answers_to_JRAI/install/interfaces/lib/libinterfaces__rosidl_generator_py.so
[2.791s] -- Set runtime path of "/home/wu/SRC/Answers_to_JRAI/install/interfaces/lib/libinterfaces__rosidl_generator_py.so" to ""
[2.791s] -- Up-to-date: /home/wu/SRC/Answers_to_JRAI/install/interfaces/share/interfaces/msg/Now.idl
[2.791s] -- Up-to-date: /home/wu/SRC/Answers_to_JRAI/install/interfaces/share/interfaces/srv/Money.idl
[2.791s] -- Installing: /home/wu/SRC/Answers_to_JRAI/install/interfaces/share/interfaces/action/Boiling.idl
[2.791s] -- Up-to-date: /home/wu/SRC/Answers_to_JRAI/install/interfaces/share/interfaces/msg/Now.msg
[2.791s] -- Up-to-date: /home/wu/SRC/Answers_to_JRAI/install/interfaces/share/interfaces/srv/Money.srv
[2.791s] -- Up-to-date: /home/wu/SRC/Answers_to_JRAI/install/interfaces/share/interfaces/srv/Money_Request.msg
[2.791s] -- Up-to-date: /home/wu/SRC/Answers_to_JRAI/install/interfaces/share/interfaces/srv/Money_Response.msg
[2.791s] -- Installing: /home/wu/SRC/Answers_to_JRAI/install/interfaces/share/interfaces/action/Boiling.action
[2.791s] -- Up-to-date: /home/wu/SRC/Answers_to_JRAI/install/interfaces/share/ament_index/resource_index/package_run_dependencies/interfaces
[2.792s] -- Up-to-date: /home/wu/SRC/Answers_to_JRAI/install/interfaces/share/ament_index/resource_index/parent_prefix_path/interfaces
[2.792s] -- Up-to-date: /home/wu/SRC/Answers_to_JRAI/install/interfaces/share/interfaces/environment/ament_prefix_path.sh
[2.792s] -- Installing: /home/wu/SRC/Answers_to_JRAI/install/interfaces/share/interfaces/environment/ament_prefix_path.dsv
[2.792s] -- Up-to-date: /home/wu/SRC/Answers_to_JRAI/install/interfaces/share/interfaces/environment/path.sh
[2.792s] -- Installing: /home/wu/SRC/Answers_to_JRAI/install/interfaces/share/interfaces/environment/path.dsv
[2.792s] -- Up-to-date: /home/wu/SRC/Answers_to_JRAI/install/interfaces/share/interfaces/local_setup.bash
[2.792s] -- Up-to-date: /home/wu/SRC/Answers_to_JRAI/install/interfaces/share/interfaces/local_setup.sh
[2.792s] -- Up-to-date: /home/wu/SRC/Answers_to_JRAI/install/interfaces/share/interfaces/local_setup.zsh
[2.792s] -- Installing: /home/wu/SRC/Answers_to_JRAI/install/interfaces/share/interfaces/local_setup.dsv
[2.792s] -- Installing: /home/wu/SRC/Answers_to_JRAI/install/interfaces/share/interfaces/package.dsv
[2.792s] -- Up-to-date: /home/wu/SRC/Answers_to_JRAI/install/interfaces/share/ament_index/resource_index/packages/interfaces
[2.792s] -- Up-to-date: /home/wu/SRC/Answers_to_JRAI/install/interfaces/share/interfaces/cmake/export_interfaces__rosidl_generator_cExport.cmake
[2.792s] -- Up-to-date: /home/wu/SRC/Answers_to_JRAI/install/interfaces/share/interfaces/cmake/export_interfaces__rosidl_generator_cExport-noconfig.cmake
[2.792s] -- Up-to-date: /home/wu/SRC/Answers_to_JRAI/install/interfaces/share/interfaces/cmake/export_interfaces__rosidl_typesupport_fastrtps_cExport.cmake
[2.792s] -- Up-to-date: /home/wu/SRC/Answers_to_JRAI/install/interfaces/share/interfaces/cmake/export_interfaces__rosidl_typesupport_fastrtps_cExport-noconfig.cmake
[2.792s] -- Up-to-date: /home/wu/SRC/Answers_to_JRAI/install/interfaces/share/interfaces/cmake/interfaces__rosidl_typesupport_introspection_cExport.cmake
[2.793s] -- Up-to-date: /home/wu/SRC/Answers_to_JRAI/install/interfaces/share/interfaces/cmake/interfaces__rosidl_typesupport_introspection_cExport-noconfig.cmake
[2.793s] -- Up-to-date: /home/wu/SRC/Answers_to_JRAI/install/interfaces/share/interfaces/cmake/interfaces__rosidl_typesupport_cExport.cmake
[2.793s] -- Up-to-date: /home/wu/SRC/Answers_to_JRAI/install/interfaces/share/interfaces/cmake/interfaces__rosidl_typesupport_cExport-noconfig.cmake
[2.793s] -- Up-to-date: /home/wu/SRC/Answers_to_JRAI/install/interfaces/share/interfaces/cmake/export_interfaces__rosidl_generator_cppExport.cmake
[2.793s] -- Up-to-date: /home/wu/SRC/Answers_to_JRAI/install/interfaces/share/interfaces/cmake/export_interfaces__rosidl_typesupport_fastrtps_cppExport.cmake
[2.793s] -- Up-to-date: /home/wu/SRC/Answers_to_JRAI/install/interfaces/share/interfaces/cmake/export_interfaces__rosidl_typesupport_fastrtps_cppExport-noconfig.cmake
[2.793s] -- Up-to-date: /home/wu/SRC/Answers_to_JRAI/install/interfaces/share/interfaces/cmake/interfaces__rosidl_typesupport_introspection_cppExport.cmake
[2.793s] -- Up-to-date: /home/wu/SRC/Answers_to_JRAI/install/interfaces/share/interfaces/cmake/interfaces__rosidl_typesupport_introspection_cppExport-noconfig.cmake
[2.793s] -- Up-to-date: /home/wu/SRC/Answers_to_JRAI/install/interfaces/share/interfaces/cmake/interfaces__rosidl_typesupport_cppExport.cmake
[2.793s] -- Up-to-date: /home/wu/SRC/Answers_to_JRAI/install/interfaces/share/interfaces/cmake/interfaces__rosidl_typesupport_cppExport-noconfig.cmake
[2.793s] -- Up-to-date: /home/wu/SRC/Answers_to_JRAI/install/interfaces/share/interfaces/cmake/export_interfaces__rosidl_generator_pyExport.cmake
[2.793s] -- Up-to-date: /home/wu/SRC/Answers_to_JRAI/install/interfaces/share/interfaces/cmake/export_interfaces__rosidl_generator_pyExport-noconfig.cmake
[2.793s] -- Up-to-date: /home/wu/SRC/Answers_to_JRAI/install/interfaces/share/interfaces/cmake/rosidl_cmake-extras.cmake
[2.793s] -- Up-to-date: /home/wu/SRC/Answers_to_JRAI/install/interfaces/share/interfaces/cmake/ament_cmake_export_dependencies-extras.cmake
[2.793s] -- Up-to-date: /home/wu/SRC/Answers_to_JRAI/install/interfaces/share/interfaces/cmake/ament_cmake_export_include_directories-extras.cmake
[2.793s] -- Up-to-date: /home/wu/SRC/Answers_to_JRAI/install/interfaces/share/interfaces/cmake/ament_cmake_export_libraries-extras.cmake
[2.793s] -- Up-to-date: /home/wu/SRC/Answers_to_JRAI/install/interfaces/share/interfaces/cmake/ament_cmake_export_targets-extras.cmake
[2.793s] -- Up-to-date: /home/wu/SRC/Answers_to_JRAI/install/interfaces/share/interfaces/cmake/rosidl_cmake_export_typesupport_targets-extras.cmake
[2.793s] -- Up-to-date: /home/wu/SRC/Answers_to_JRAI/install/interfaces/share/interfaces/cmake/rosidl_cmake_export_typesupport_libraries-extras.cmake
[2.793s] -- Up-to-date: /home/wu/SRC/Answers_to_JRAI/install/interfaces/share/interfaces/cmake/interfacesConfig.cmake
[2.793s] -- Up-to-date: /home/wu/SRC/Answers_to_JRAI/install/interfaces/share/interfaces/cmake/interfacesConfig-version.cmake
[2.794s] -- Up-to-date: /home/wu/SRC/Answers_to_JRAI/install/interfaces/share/interfaces/package.xml
[2.796s] Invoked command in '/home/wu/SRC/Answers_to_JRAI/build/interfaces' returned '0': CMAKE_PREFIX_PATH=/opt/ros/humble /usr/bin/cmake --install /home/wu/SRC/Answers_to_JRAI/build/interfaces
