[0.008s] Invoking command in '/home/wu/SRC/Answers_to_JRAI/build/bt_cpp': CMAKE_PREFIX_PATH=/opt/ros/humble /usr/bin/cmake /home/wu/SRC/Answers_to_JRAI/src/bt_cpp -DCMAKE_INSTALL_PREFIX=/home/wu/SRC/Answers_to_JRAI/install/bt_cpp
[0.082s] -- The C compiler identification is GNU 11.4.0
[0.139s] -- The CXX compiler identification is GNU 11.4.0
[0.146s] -- Detecting C compiler ABI info
[0.205s] -- Detecting C compiler ABI info - done
[0.217s] -- Check for working C compiler: /usr/bin/cc - skipped
[0.217s] -- Detecting C compile features
[0.218s] -- Detecting C compile features - done
[0.223s] -- Detecting CXX compiler ABI info
[0.289s] -- Detecting CXX compiler ABI info - done
[0.293s] -- Check for working CXX compiler: /usr/bin/c++ - skipped
[0.293s] -- Detecting CXX compile features
[0.293s] -- Detecting CXX compile features - done
[0.298s] -- Found ament_cmake: 1.3.9 (/opt/ros/humble/share/ament_cmake/cmake)
[0.396s] -- Found Python3: /usr/bin/python3 (found version "3.10.12") found components: Interpreter 
[0.460s] -- Found behaviortree_cpp: 4.6.2 (/usr/local/share/behaviortree_cpp/cmake)
[0.464s] -- Found ament_lint_auto: 0.12.11 (/opt/ros/humble/share/ament_lint_auto/cmake)
[0.513s] -- Added test 'lint_cmake' to check CMake code style
[0.514s] -- Added test 'xmllint' to check XML markup files
[0.515s] -- Configuring done
[0.517s] -- Generating done
[0.518s] -- Build files have been written to: /home/wu/SRC/Answers_to_JRAI/build/bt_cpp
[0.523s] Invoked command in '/home/wu/SRC/Answers_to_JRAI/build/bt_cpp' returned '0': CMAKE_PREFIX_PATH=/opt/ros/humble /usr/bin/cmake /home/wu/SRC/Answers_to_JRAI/src/bt_cpp -DCMAKE_INSTALL_PREFIX=/home/wu/SRC/Answers_to_JRAI/install/bt_cpp
[0.525s] Invoking command in '/home/wu/SRC/Answers_to_JRAI/build/bt_cpp': CMAKE_PREFIX_PATH=/opt/ros/humble /usr/bin/cmake --build /home/wu/SRC/Answers_to_JRAI/build/bt_cpp -- -j16 -l16
[0.554s] Invoked command in '/home/wu/SRC/Answers_to_JRAI/build/bt_cpp' returned '0': CMAKE_PREFIX_PATH=/opt/ros/humble /usr/bin/cmake --build /home/wu/SRC/Answers_to_JRAI/build/bt_cpp -- -j16 -l16
[0.578s] Invoking command in '/home/wu/SRC/Answers_to_JRAI/build/bt_cpp': CMAKE_PREFIX_PATH=/opt/ros/humble /usr/bin/cmake --install /home/wu/SRC/Answers_to_JRAI/build/bt_cpp
[0.583s] -- Install configuration: ""
[0.583s] -- Installing: /home/wu/SRC/Answers_to_JRAI/install/bt_cpp/share/ament_index/resource_index/package_run_dependencies/bt_cpp
[0.583s] -- Installing: /home/wu/SRC/Answers_to_JRAI/install/bt_cpp/share/ament_index/resource_index/parent_prefix_path/bt_cpp
[0.583s] -- Installing: /home/wu/SRC/Answers_to_JRAI/install/bt_cpp/share/bt_cpp/environment/ament_prefix_path.sh
[0.583s] -- Installing: /home/wu/SRC/Answers_to_JRAI/install/bt_cpp/share/bt_cpp/environment/ament_prefix_path.dsv
[0.583s] -- Installing: /home/wu/SRC/Answers_to_JRAI/install/bt_cpp/share/bt_cpp/environment/path.sh
[0.583s] -- Installing: /home/wu/SRC/Answers_to_JRAI/install/bt_cpp/share/bt_cpp/environment/path.dsv
[0.583s] -- Installing: /home/wu/SRC/Answers_to_JRAI/install/bt_cpp/share/bt_cpp/local_setup.bash
[0.583s] -- Installing: /home/wu/SRC/Answers_to_JRAI/install/bt_cpp/share/bt_cpp/local_setup.sh
[0.584s] -- Installing: /home/wu/SRC/Answers_to_JRAI/install/bt_cpp/share/bt_cpp/local_setup.zsh
[0.584s] -- Installing: /home/wu/SRC/Answers_to_JRAI/install/bt_cpp/share/bt_cpp/local_setup.dsv
[0.584s] -- Installing: /home/wu/SRC/Answers_to_JRAI/install/bt_cpp/share/bt_cpp/package.dsv
[0.584s] -- Installing: /home/wu/SRC/Answers_to_JRAI/install/bt_cpp/share/ament_index/resource_index/packages/bt_cpp
[0.584s] -- Installing: /home/wu/SRC/Answers_to_JRAI/install/bt_cpp/share/bt_cpp/cmake/bt_cppConfig.cmake
[0.584s] -- Installing: /home/wu/SRC/Answers_to_JRAI/install/bt_cpp/share/bt_cpp/cmake/bt_cppConfig-version.cmake
[0.584s] -- Installing: /home/wu/SRC/Answers_to_JRAI/install/bt_cpp/share/bt_cpp/package.xml
[0.586s] Invoked command in '/home/wu/SRC/Answers_to_JRAI/build/bt_cpp' returned '0': CMAKE_PREFIX_PATH=/opt/ros/humble /usr/bin/cmake --install /home/wu/SRC/Answers_to_JRAI/build/bt_cpp
