-- The C compiler identification is GNU 11.4.0
-- The CXX compiler identification is GNU 11.4.0
-- Detecting C compiler ABI info
-- Detecting C compiler ABI info - done
-- Check for working C compiler: /usr/bin/cc - skipped
-- Detecting C compile features
-- Detecting C compile features - done
-- Detecting CXX compiler ABI info
-- Detecting CXX compiler ABI info - done
-- Check for working CXX compiler: /usr/bin/c++ - skipped
-- Detecting CXX compile features
-- Detecting CXX compile features - done
-- Found ament_cmake: 1.3.9 (/opt/ros/humble/share/ament_cmake/cmake)
-- Found Python3: /usr/bin/python3 (found version "3.10.12") found components: Interpreter 
-- Found behaviortree_ros2: 0.2.0 (/usr/local/share/behaviortree_ros2/cmake)
-- Found rosidl_generator_c: 3.1.5 (/opt/ros/humble/share/rosidl_generator_c/cmake)
-- Found rosidl_adapter: 3.1.5 (/opt/ros/humble/share/rosidl_adapter/cmake)
-- Found rosidl_generator_cpp: 3.1.5 (/opt/ros/humble/share/rosidl_generator_cpp/cmake)
-- Using all available rosidl_typesupport_c: rosidl_typesupport_fastrtps_c;rosidl_typesupport_introspection_c
-- Using all available rosidl_typesupport_cpp: rosidl_typesupport_fastrtps_cpp;rosidl_typesupport_introspection_cpp
-- Found rmw_implementation_cmake: 6.1.2 (/opt/ros/humble/share/rmw_implementation_cmake/cmake)
-- Found rmw_fastrtps_cpp: 6.2.6 (/opt/ros/humble/share/rmw_fastrtps_cpp/cmake)
-- Found OpenSSL: /usr/lib/x86_64-linux-gnu/libcrypto.so (found version "3.0.2")  
-- Found FastRTPS: /opt/ros/humble/include  
-- Using RMW implementation 'rmw_fastrtps_cpp' as default
-- Looking for pthread.h
-- Looking for pthread.h - found
-- Performing Test CMAKE_HAVE_LIBC_PTHREAD
-- Performing Test CMAKE_HAVE_LIBC_PTHREAD - Success
-- Found Threads: TRUE  
-- Found parameter_traits: 0.3.8 (/usr/local/share/parameter_traits/cmake)
-- Found rclcpp_lifecycle: 16.0.9 (/opt/ros/humble/share/rclcpp_lifecycle/cmake)
-- Found std_srvs: 4.2.4 (/opt/ros/humble/share/std_srvs/cmake)
-- Found ament_lint_auto: 0.12.11 (/opt/ros/humble/share/ament_lint_auto/cmake)
-- Added test 'cppcheck' to perform static code analysis on C / C++ code
-- Configured cppcheck include dirs: 
-- Configured cppcheck exclude dirs and/or files: 
-- Added test 'lint_cmake' to check CMake code style
-- Added test 'uncrustify' to check C / C++ code style
-- Configured uncrustify additional arguments: 
-- Added test 'xmllint' to check XML markup files
-- Configuring done
-- Generating done
-- Build files have been written to: /home/wu/SRC/Answers_to_JRAI/build/bt_ros2
-- Install configuration: ""
-- Installing: /home/wu/SRC/Answers_to_JRAI/install/bt_ros2/share/ament_index/resource_index/package_run_dependencies/bt_ros2
-- Installing: /home/wu/SRC/Answers_to_JRAI/install/bt_ros2/share/ament_index/resource_index/parent_prefix_path/bt_ros2
-- Installing: /home/wu/SRC/Answers_to_JRAI/install/bt_ros2/share/bt_ros2/environment/ament_prefix_path.sh
-- Installing: /home/wu/SRC/Answers_to_JRAI/install/bt_ros2/share/bt_ros2/environment/ament_prefix_path.dsv
-- Installing: /home/wu/SRC/Answers_to_JRAI/install/bt_ros2/share/bt_ros2/environment/path.sh
-- Installing: /home/wu/SRC/Answers_to_JRAI/install/bt_ros2/share/bt_ros2/environment/path.dsv
-- Installing: /home/wu/SRC/Answers_to_JRAI/install/bt_ros2/share/bt_ros2/local_setup.bash
-- Installing: /home/wu/SRC/Answers_to_JRAI/install/bt_ros2/share/bt_ros2/local_setup.sh
-- Installing: /home/wu/SRC/Answers_to_JRAI/install/bt_ros2/share/bt_ros2/local_setup.zsh
-- Installing: /home/wu/SRC/Answers_to_JRAI/install/bt_ros2/share/bt_ros2/local_setup.dsv
-- Installing: /home/wu/SRC/Answers_to_JRAI/install/bt_ros2/share/bt_ros2/package.dsv
-- Installing: /home/wu/SRC/Answers_to_JRAI/install/bt_ros2/share/ament_index/resource_index/packages/bt_ros2
-- Installing: /home/wu/SRC/Answers_to_JRAI/install/bt_ros2/share/bt_ros2/cmake/bt_ros2Config.cmake
-- Installing: /home/wu/SRC/Answers_to_JRAI/install/bt_ros2/share/bt_ros2/cmake/bt_ros2Config-version.cmake
-- Installing: /home/wu/SRC/Answers_to_JRAI/install/bt_ros2/share/bt_ros2/package.xml
