[0.014s] Invoking command in '/home/wu/SRC/Answers_to_JRAI/build/interfaces': CMAKE_PREFIX_PATH=/opt/ros/humble /usr/bin/cmake --build /home/wu/SRC/Answers_to_JRAI/build/interfaces -- -j16 -l16
[0.048s] -- Found ament_cmake: 1.3.9 (/opt/ros/humble/share/ament_cmake/cmake)
[0.137s] -- Found rosidl_default_generators: 1.2.0 (/opt/ros/humble/share/rosidl_default_generators/cmake)
[0.139s] -- Using all available rosidl_typesupport_c: rosidl_typesupport_fastrtps_c;rosidl_typesupport_introspection_c
[0.141s] -- Found rosidl_adapter: 3.1.5 (/opt/ros/humble/share/rosidl_adapter/cmake)
[0.162s] -- Using all available rosidl_typesupport_cpp: rosidl_typesupport_fastrtps_cpp;rosidl_typesupport_introspection_cpp
[0.399s] -- Found ament_cmake_ros: 0.10.0 (/opt/ros/humble/share/ament_cmake_ros/cmake)
[0.522s] -- Using all available rosidl_typesupport_c: rosidl_typesupport_fastrtps_c;rosidl_typesupport_introspection_c
[0.686s] -- Using all available rosidl_typesupport_cpp: rosidl_typesupport_fastrtps_cpp;rosidl_typesupport_introspection_cpp
[0.704s] -- Found python_cmake_module: 0.10.0 (/opt/ros/humble/share/python_cmake_module/cmake)
[0.725s] -- Using PYTHON_EXECUTABLE: /usr/bin/python3
[0.725s] -- Using PYTHON_INCLUDE_DIRS: /usr/include/python3.10
[0.726s] -- Using PYTHON_LIBRARIES: /usr/lib/x86_64-linux-gnu/libpython3.10.so
[0.737s] -- Found ament_lint_auto: 0.12.11 (/opt/ros/humble/share/ament_lint_auto/cmake)
[0.750s] -- Added test 'lint_cmake' to check CMake code style
[0.751s] -- Added test 'xmllint' to check XML markup files
[0.753s] -- Configuring done
[0.781s] -- Generating done
[0.783s] -- Build files have been written to: /home/wu/SRC/Answers_to_JRAI/build/interfaces
[0.808s] [  2%] [34m[1mGenerating C code for ROS interfaces[0m
[0.817s] [  4%] [34m[1mGenerating C++ code for ROS interfaces[0m
[0.827s] [  4%] Built target ament_cmake_python_copy_interfaces
[0.962s] running egg_info
[0.962s] writing interfaces.egg-info/PKG-INFO
[0.962s] writing dependency_links to interfaces.egg-info/dependency_links.txt
[0.962s] writing top-level names to interfaces.egg-info/top_level.txt
[0.964s] reading manifest file 'interfaces.egg-info/SOURCES.txt'
[0.964s] writing manifest file 'interfaces.egg-info/SOURCES.txt'
[0.985s] [  4%] Built target ament_cmake_python_build_interfaces_egg
[1.099s] [  4%] Built target interfaces__cpp
[1.099s] [35m[1mConsolidate compiler generated dependencies of target interfaces__rosidl_generator_c[0m
[1.107s] [ 10%] [34m[1mGenerating C++ type support dispatch for ROS interfaces[0m
[1.107s] [ 10%] [34m[1mGenerating C++ type support for eProsima Fast-RTPS[0m
[1.107s] [ 10%] [34m[1mGenerating C++ introspection for ROS interfaces[0m
[1.107s] [ 14%] [32mBuilding C object CMakeFiles/interfaces__rosidl_generator_c.dir/rosidl_generator_c/interfaces/srv/detail/money__functions.c.o[0m
[1.107s] [ 14%] [32mBuilding C object CMakeFiles/interfaces__rosidl_generator_c.dir/rosidl_generator_c/interfaces/msg/detail/now__functions.c.o[0m
[1.108s] [ 17%] [32mBuilding C object CMakeFiles/interfaces__rosidl_generator_c.dir/rosidl_generator_c/interfaces/action/detail/boiling__functions.c.o[0m
[1.191s] [ 19%] [32m[1mLinking C shared library libinterfaces__rosidl_generator_c.so[0m
[1.232s] [ 19%] Built target interfaces__rosidl_generator_c
[1.241s] [ 25%] [34m[1mGenerating C introspection for ROS interfaces[0m
[1.241s] [ 25%] [34m[1mGenerating C type support for eProsima Fast-RTPS[0m
[1.241s] [ 25%] [34m[1mGenerating C type support dispatch for ROS interfaces[0m
[1.296s] [35m[1mConsolidate compiler generated dependencies of target interfaces__rosidl_typesupport_cpp[0m
[1.309s] [ 31%] [32mBuilding CXX object CMakeFiles/interfaces__rosidl_typesupport_cpp.dir/rosidl_typesupport_cpp/interfaces/srv/money__type_support.cpp.o[0m
[1.309s] [ 31%] [32mBuilding CXX object CMakeFiles/interfaces__rosidl_typesupport_cpp.dir/rosidl_typesupport_cpp/interfaces/action/boiling__type_support.cpp.o[0m
[1.309s] [ 31%] [32mBuilding CXX object CMakeFiles/interfaces__rosidl_typesupport_cpp.dir/rosidl_typesupport_cpp/interfaces/msg/now__type_support.cpp.o[0m
[1.339s] [35m[1mConsolidate compiler generated dependencies of target interfaces__rosidl_typesupport_introspection_cpp[0m
[1.350s] [ 34%] [32mBuilding CXX object CMakeFiles/interfaces__rosidl_typesupport_introspection_cpp.dir/rosidl_typesupport_introspection_cpp/interfaces/action/detail/boiling__type_support.cpp.o[0m
[1.350s] [ 36%] [32mBuilding CXX object CMakeFiles/interfaces__rosidl_typesupport_introspection_cpp.dir/rosidl_typesupport_introspection_cpp/interfaces/srv/detail/money__type_support.cpp.o[0m
[1.350s] [ 38%] [32mBuilding CXX object CMakeFiles/interfaces__rosidl_typesupport_introspection_cpp.dir/rosidl_typesupport_introspection_cpp/interfaces/msg/detail/now__type_support.cpp.o[0m
[1.381s] [35m[1mConsolidate compiler generated dependencies of target interfaces__rosidl_typesupport_fastrtps_cpp[0m
[1.395s] [ 40%] [32mBuilding CXX object CMakeFiles/interfaces__rosidl_typesupport_fastrtps_cpp.dir/rosidl_typesupport_fastrtps_cpp/interfaces/msg/detail/dds_fastrtps/now__type_support.cpp.o[0m
[1.395s] [ 42%] [32mBuilding CXX object CMakeFiles/interfaces__rosidl_typesupport_fastrtps_cpp.dir/rosidl_typesupport_fastrtps_cpp/interfaces/srv/detail/dds_fastrtps/money__type_support.cpp.o[0m
[1.396s] [ 44%] [32mBuilding CXX object CMakeFiles/interfaces__rosidl_typesupport_fastrtps_cpp.dir/rosidl_typesupport_fastrtps_cpp/interfaces/action/detail/dds_fastrtps/boiling__type_support.cpp.o[0m
[1.459s] [35m[1mConsolidate compiler generated dependencies of target interfaces__rosidl_typesupport_c[0m
[1.471s] [ 51%] [32mBuilding CXX object CMakeFiles/interfaces__rosidl_typesupport_c.dir/rosidl_typesupport_c/interfaces/srv/money__type_support.cpp.o[0m
[1.472s] [ 51%] [32mBuilding CXX object CMakeFiles/interfaces__rosidl_typesupport_c.dir/rosidl_typesupport_c/interfaces/msg/now__type_support.cpp.o[0m
[1.473s] [ 51%] [32mBuilding CXX object CMakeFiles/interfaces__rosidl_typesupport_c.dir/rosidl_typesupport_c/interfaces/action/boiling__type_support.cpp.o[0m
[1.521s] [ 53%] [32m[1mLinking CXX shared library libinterfaces__rosidl_typesupport_c.so[0m
[1.561s] [ 53%] Built target interfaces__rosidl_typesupport_c
[1.568s] [35m[1mConsolidate compiler generated dependencies of target interfaces__rosidl_typesupport_introspection_c[0m
[1.578s] [ 59%] [32mBuilding C object CMakeFiles/interfaces__rosidl_typesupport_introspection_c.dir/rosidl_typesupport_introspection_c/interfaces/srv/detail/money__type_support.c.o[0m
[1.578s] [ 59%] [32mBuilding C object CMakeFiles/interfaces__rosidl_typesupport_introspection_c.dir/rosidl_typesupport_introspection_c/interfaces/msg/detail/now__type_support.c.o[0m
[1.578s] [ 59%] [32mBuilding C object CMakeFiles/interfaces__rosidl_typesupport_introspection_c.dir/rosidl_typesupport_introspection_c/interfaces/action/detail/boiling__type_support.c.o[0m
[1.609s] [35m[1mConsolidate compiler generated dependencies of target interfaces__rosidl_typesupport_fastrtps_c[0m
[1.619s] [ 61%] [32m[1mLinking C shared library libinterfaces__rosidl_typesupport_introspection_c.so[0m
[1.625s] [ 63%] [32mBuilding CXX object CMakeFiles/interfaces__rosidl_typesupport_fastrtps_c.dir/rosidl_typesupport_fastrtps_c/interfaces/srv/detail/money__type_support_c.cpp.o[0m
[1.625s] [ 65%] [32mBuilding CXX object CMakeFiles/interfaces__rosidl_typesupport_fastrtps_c.dir/rosidl_typesupport_fastrtps_c/interfaces/msg/detail/now__type_support_c.cpp.o[0m
[1.625s] [ 68%] [32mBuilding CXX object CMakeFiles/interfaces__rosidl_typesupport_fastrtps_c.dir/rosidl_typesupport_fastrtps_c/interfaces/action/detail/boiling__type_support_c.cpp.o[0m
[1.650s] [ 68%] Built target interfaces__rosidl_typesupport_introspection_c
[1.656s] [ 70%] [32m[1mLinking CXX shared library libinterfaces__rosidl_typesupport_cpp.so[0m
[1.689s] [ 70%] Built target interfaces__rosidl_typesupport_cpp
[1.838s] [ 72%] [32m[1mLinking CXX shared library libinterfaces__rosidl_typesupport_introspection_cpp.so[0m
[1.868s] [ 74%] [32m[1mLinking CXX shared library libinterfaces__rosidl_typesupport_fastrtps_cpp.so[0m
[1.888s] [ 76%] [32m[1mLinking CXX shared library libinterfaces__rosidl_typesupport_fastrtps_c.so[0m
[1.891s] [ 76%] Built target interfaces__rosidl_typesupport_introspection_cpp
[1.928s] [ 76%] Built target interfaces__rosidl_typesupport_fastrtps_cpp
[1.945s] [ 76%] Built target interfaces__rosidl_typesupport_fastrtps_c
[1.962s] [ 76%] Built target interfaces
[1.980s] [ 78%] [34m[1mGenerating Python code for ROS interfaces[0m
[2.465s] [ 78%] Built target interfaces__py
[2.475s] [35m[1mConsolidate compiler generated dependencies of target interfaces__rosidl_generator_py[0m
[2.488s] [ 85%] [32mBuilding C object CMakeFiles/interfaces__rosidl_generator_py.dir/rosidl_generator_py/interfaces/srv/_money_s.c.o[0m
[2.488s] [ 85%] [32mBuilding C object CMakeFiles/interfaces__rosidl_generator_py.dir/rosidl_generator_py/interfaces/action/_boiling_s.c.o[0m
[2.488s] [ 85%] [32mBuilding C object CMakeFiles/interfaces__rosidl_generator_py.dir/rosidl_generator_py/interfaces/msg/_now_s.c.o[0m
[2.596s] [ 87%] [32m[1mLinking C shared library rosidl_generator_py/interfaces/libinterfaces__rosidl_generator_py.so[0m
[2.635s] [ 87%] Built target interfaces__rosidl_generator_py
[2.644s] [35m[1mConsolidate compiler generated dependencies of target interfaces__rosidl_typesupport_introspection_c__pyext[0m
[2.644s] [35m[1mConsolidate compiler generated dependencies of target interfaces__rosidl_typesupport_fastrtps_c__pyext[0m
[2.644s] [35m[1mConsolidate compiler generated dependencies of target interfaces__rosidl_typesupport_c__pyext[0m
[2.653s] [ 91%] [32mBuilding C object CMakeFiles/interfaces__rosidl_typesupport_fastrtps_c__pyext.dir/rosidl_generator_py/interfaces/_interfaces_s.ep.rosidl_typesupport_fastrtps_c.c.o[0m
[2.653s] [ 91%] [32mBuilding C object CMakeFiles/interfaces__rosidl_typesupport_c__pyext.dir/rosidl_generator_py/interfaces/_interfaces_s.ep.rosidl_typesupport_c.c.o[0m
[2.654s] [ 93%] [32mBuilding C object CMakeFiles/interfaces__rosidl_typesupport_introspection_c__pyext.dir/rosidl_generator_py/interfaces/_interfaces_s.ep.rosidl_typesupport_introspection_c.c.o[0m
[2.740s] [100%] [32m[1mLinking C shared library rosidl_generator_py/interfaces/interfaces_s__rosidl_typesupport_fastrtps_c.cpython-310-x86_64-linux-gnu.so[0m
[2.740s] [100%] [32m[1mLinking C shared library rosidl_generator_py/interfaces/interfaces_s__rosidl_typesupport_introspection_c.cpython-310-x86_64-linux-gnu.so[0m
[2.740s] [100%] [32m[1mLinking C shared library rosidl_generator_py/interfaces/interfaces_s__rosidl_typesupport_c.cpython-310-x86_64-linux-gnu.so[0m
[2.768s] [100%] Built target interfaces__rosidl_typesupport_c__pyext
[2.768s] [100%] Built target interfaces__rosidl_typesupport_fastrtps_c__pyext
[2.768s] [100%] Built target interfaces__rosidl_typesupport_introspection_c__pyext
[2.777s] Invoked command in '/home/wu/SRC/Answers_to_JRAI/build/interfaces' returned '0': CMAKE_PREFIX_PATH=/opt/ros/humble /usr/bin/cmake --build /home/wu/SRC/Answers_to_JRAI/build/interfaces -- -j16 -l16
[2.864s] Invoking command in '/home/wu/SRC/Answers_to_JRAI/build/interfaces': CMAKE_PREFIX_PATH=/opt/ros/humble /usr/bin/cmake --install /home/wu/SRC/Answers_to_JRAI/build/interfaces
[2.870s] -- Install configuration: ""
[2.870s] -- Up-to-date: /home/wu/SRC/Answers_to_JRAI/install/interfaces/share/ament_index/resource_index/rosidl_interfaces/interfaces
[2.870s] -- Up-to-date: /home/wu/SRC/Answers_to_JRAI/install/interfaces/include/interfaces/interfaces
[2.870s] -- Up-to-date: /home/wu/SRC/Answers_to_JRAI/install/interfaces/include/interfaces/interfaces/srv
[2.870s] -- Up-to-date: /home/wu/SRC/Answers_to_JRAI/install/interfaces/include/interfaces/interfaces/srv/detail
[2.870s] -- Installing: /home/wu/SRC/Answers_to_JRAI/install/interfaces/include/interfaces/interfaces/srv/detail/money__type_support.h
[2.870s] -- Installing: /home/wu/SRC/Answers_to_JRAI/install/interfaces/include/interfaces/interfaces/srv/detail/money__struct.h
[2.870s] -- Installing: /home/wu/SRC/Answers_to_JRAI/install/interfaces/include/interfaces/interfaces/srv/detail/money__functions.c
[2.870s] -- Installing: /home/wu/SRC/Answers_to_JRAI/install/interfaces/include/interfaces/interfaces/srv/detail/money__functions.h
[2.870s] -- Installing: /home/wu/SRC/Answers_to_JRAI/install/interfaces/include/interfaces/interfaces/srv/money.h
[2.871s] -- Up-to-date: /home/wu/SRC/Answers_to_JRAI/install/interfaces/include/interfaces/interfaces/msg
[2.871s] -- Up-to-date: /home/wu/SRC/Answers_to_JRAI/install/interfaces/include/interfaces/interfaces/msg/rosidl_generator_c__visibility_control.h
[2.871s] -- Installing: /home/wu/SRC/Answers_to_JRAI/install/interfaces/include/interfaces/interfaces/msg/now.h
[2.871s] -- Up-to-date: /home/wu/SRC/Answers_to_JRAI/install/interfaces/include/interfaces/interfaces/msg/detail
[2.871s] -- Installing: /home/wu/SRC/Answers_to_JRAI/install/interfaces/include/interfaces/interfaces/msg/detail/now__type_support.h
[2.871s] -- Installing: /home/wu/SRC/Answers_to_JRAI/install/interfaces/include/interfaces/interfaces/msg/detail/now__functions.h
[2.871s] -- Installing: /home/wu/SRC/Answers_to_JRAI/install/interfaces/include/interfaces/interfaces/msg/detail/now__struct.h
[2.871s] -- Installing: /home/wu/SRC/Answers_to_JRAI/install/interfaces/include/interfaces/interfaces/msg/detail/now__functions.c
[2.871s] -- Up-to-date: /home/wu/SRC/Answers_to_JRAI/install/interfaces/include/interfaces/interfaces/action
[2.871s] -- Installing: /home/wu/SRC/Answers_to_JRAI/install/interfaces/include/interfaces/interfaces/action/boiling.h
[2.871s] -- Up-to-date: /home/wu/SRC/Answers_to_JRAI/install/interfaces/include/interfaces/interfaces/action/detail
[2.871s] -- Installing: /home/wu/SRC/Answers_to_JRAI/install/interfaces/include/interfaces/interfaces/action/detail/boiling__struct.h
[2.871s] -- Installing: /home/wu/SRC/Answers_to_JRAI/install/interfaces/include/interfaces/interfaces/action/detail/boiling__functions.c
[2.871s] -- Installing: /home/wu/SRC/Answers_to_JRAI/install/interfaces/include/interfaces/interfaces/action/detail/boiling__functions.h
[2.872s] -- Installing: /home/wu/SRC/Answers_to_JRAI/install/interfaces/include/interfaces/interfaces/action/detail/boiling__type_support.h
[2.872s] -- Up-to-date: /home/wu/SRC/Answers_to_JRAI/install/interfaces/share/interfaces/environment/library_path.sh
[2.872s] -- Installing: /home/wu/SRC/Answers_to_JRAI/install/interfaces/share/interfaces/environment/library_path.dsv
[2.875s] -- Installing: /home/wu/SRC/Answers_to_JRAI/install/interfaces/lib/libinterfaces__rosidl_generator_c.so
[2.875s] -- Set runtime path of "/home/wu/SRC/Answers_to_JRAI/install/interfaces/lib/libinterfaces__rosidl_generator_c.so" to ""
[2.876s] -- Up-to-date: /home/wu/SRC/Answers_to_JRAI/install/interfaces/include/interfaces/interfaces
[2.876s] -- Up-to-date: /home/wu/SRC/Answers_to_JRAI/install/interfaces/include/interfaces/interfaces/srv
[2.876s] -- Up-to-date: /home/wu/SRC/Answers_to_JRAI/install/interfaces/include/interfaces/interfaces/srv/detail
[2.876s] -- Installing: /home/wu/SRC/Answers_to_JRAI/install/interfaces/include/interfaces/interfaces/srv/detail/money__rosidl_typesupport_fastrtps_c.h
[2.876s] -- Up-to-date: /home/wu/SRC/Answers_to_JRAI/install/interfaces/include/interfaces/interfaces/msg
[2.876s] -- Up-to-date: /home/wu/SRC/Answers_to_JRAI/install/interfaces/include/interfaces/interfaces/msg/rosidl_typesupport_fastrtps_c__visibility_control.h
[2.876s] -- Up-to-date: /home/wu/SRC/Answers_to_JRAI/install/interfaces/include/interfaces/interfaces/msg/detail
[2.876s] -- Installing: /home/wu/SRC/Answers_to_JRAI/install/interfaces/include/interfaces/interfaces/msg/detail/now__rosidl_typesupport_fastrtps_c.h
[2.876s] -- Up-to-date: /home/wu/SRC/Answers_to_JRAI/install/interfaces/include/interfaces/interfaces/action
[2.876s] -- Up-to-date: /home/wu/SRC/Answers_to_JRAI/install/interfaces/include/interfaces/interfaces/action/detail
[2.876s] -- Installing: /home/wu/SRC/Answers_to_JRAI/install/interfaces/include/interfaces/interfaces/action/detail/boiling__rosidl_typesupport_fastrtps_c.h
[2.877s] -- Installing: /home/wu/SRC/Answers_to_JRAI/install/interfaces/lib/libinterfaces__rosidl_typesupport_fastrtps_c.so
[2.877s] -- Set runtime path of "/home/wu/SRC/Answers_to_JRAI/install/interfaces/lib/libinterfaces__rosidl_typesupport_fastrtps_c.so" to ""
[2.877s] -- Up-to-date: /home/wu/SRC/Answers_to_JRAI/install/interfaces/include/interfaces/interfaces
[2.877s] -- Up-to-date: /home/wu/SRC/Answers_to_JRAI/install/interfaces/include/interfaces/interfaces/srv
[2.877s] -- Up-to-date: /home/wu/SRC/Answers_to_JRAI/install/interfaces/include/interfaces/interfaces/srv/detail
[2.877s] -- Installing: /home/wu/SRC/Answers_to_JRAI/install/interfaces/include/interfaces/interfaces/srv/detail/money__type_support.c
[2.878s] -- Installing: /home/wu/SRC/Answers_to_JRAI/install/interfaces/include/interfaces/interfaces/srv/detail/money__rosidl_typesupport_introspection_c.h
[2.878s] -- Up-to-date: /home/wu/SRC/Answers_to_JRAI/install/interfaces/include/interfaces/interfaces/msg
[2.878s] -- Up-to-date: /home/wu/SRC/Answers_to_JRAI/install/interfaces/include/interfaces/interfaces/msg/detail
[2.878s] -- Installing: /home/wu/SRC/Answers_to_JRAI/install/interfaces/include/interfaces/interfaces/msg/detail/now__type_support.c
[2.878s] -- Installing: /home/wu/SRC/Answers_to_JRAI/install/interfaces/include/interfaces/interfaces/msg/detail/now__rosidl_typesupport_introspection_c.h
[2.878s] -- Up-to-date: /home/wu/SRC/Answers_to_JRAI/install/interfaces/include/interfaces/interfaces/msg/rosidl_typesupport_introspection_c__visibility_control.h
[2.878s] -- Up-to-date: /home/wu/SRC/Answers_to_JRAI/install/interfaces/include/interfaces/interfaces/action
[2.878s] -- Up-to-date: /home/wu/SRC/Answers_to_JRAI/install/interfaces/include/interfaces/interfaces/action/detail
[2.878s] -- Installing: /home/wu/SRC/Answers_to_JRAI/install/interfaces/include/interfaces/interfaces/action/detail/boiling__type_support.c
[2.878s] -- Installing: /home/wu/SRC/Answers_to_JRAI/install/interfaces/include/interfaces/interfaces/action/detail/boiling__rosidl_typesupport_introspection_c.h
[2.879s] -- Installing: /home/wu/SRC/Answers_to_JRAI/install/interfaces/lib/libinterfaces__rosidl_typesupport_introspection_c.so
[2.879s] -- Set runtime path of "/home/wu/SRC/Answers_to_JRAI/install/interfaces/lib/libinterfaces__rosidl_typesupport_introspection_c.so" to ""
[2.880s] -- Installing: /home/wu/SRC/Answers_to_JRAI/install/interfaces/lib/libinterfaces__rosidl_typesupport_c.so
[2.880s] -- Set runtime path of "/home/wu/SRC/Answers_to_JRAI/install/interfaces/lib/libinterfaces__rosidl_typesupport_c.so" to ""
[2.880s] -- Up-to-date: /home/wu/SRC/Answers_to_JRAI/install/interfaces/include/interfaces/interfaces
[2.880s] -- Up-to-date: /home/wu/SRC/Answers_to_JRAI/install/interfaces/include/interfaces/interfaces/srv
[2.880s] -- Up-to-date: /home/wu/SRC/Answers_to_JRAI/install/interfaces/include/interfaces/interfaces/srv/detail
[2.880s] -- Installing: /home/wu/SRC/Answers_to_JRAI/install/interfaces/include/interfaces/interfaces/srv/detail/money__struct.hpp
[2.880s] -- Installing: /home/wu/SRC/Answers_to_JRAI/install/interfaces/include/interfaces/interfaces/srv/detail/money__builder.hpp
[2.880s] -- Installing: /home/wu/SRC/Answers_to_JRAI/install/interfaces/include/interfaces/interfaces/srv/detail/money__traits.hpp
[2.880s] -- Installing: /home/wu/SRC/Answers_to_JRAI/install/interfaces/include/interfaces/interfaces/srv/money.hpp
[2.881s] -- Up-to-date: /home/wu/SRC/Answers_to_JRAI/install/interfaces/include/interfaces/interfaces/msg
[2.881s] -- Up-to-date: /home/wu/SRC/Answers_to_JRAI/install/interfaces/include/interfaces/interfaces/msg/detail
[2.881s] -- Installing: /home/wu/SRC/Answers_to_JRAI/install/interfaces/include/interfaces/interfaces/msg/detail/now__struct.hpp
[2.881s] -- Installing: /home/wu/SRC/Answers_to_JRAI/install/interfaces/include/interfaces/interfaces/msg/detail/now__builder.hpp
[2.881s] -- Installing: /home/wu/SRC/Answers_to_JRAI/install/interfaces/include/interfaces/interfaces/msg/detail/now__traits.hpp
[2.881s] -- Installing: /home/wu/SRC/Answers_to_JRAI/install/interfaces/include/interfaces/interfaces/msg/now.hpp
[2.881s] -- Up-to-date: /home/wu/SRC/Answers_to_JRAI/install/interfaces/include/interfaces/interfaces/action
[2.881s] -- Installing: /home/wu/SRC/Answers_to_JRAI/install/interfaces/include/interfaces/interfaces/action/boiling.hpp
[2.881s] -- Up-to-date: /home/wu/SRC/Answers_to_JRAI/install/interfaces/include/interfaces/interfaces/action/detail
[2.881s] -- Installing: /home/wu/SRC/Answers_to_JRAI/install/interfaces/include/interfaces/interfaces/action/detail/boiling__builder.hpp
[2.881s] -- Installing: /home/wu/SRC/Answers_to_JRAI/install/interfaces/include/interfaces/interfaces/action/detail/boiling__traits.hpp
[2.881s] -- Installing: /home/wu/SRC/Answers_to_JRAI/install/interfaces/include/interfaces/interfaces/action/detail/boiling__struct.hpp
[2.881s] -- Up-to-date: /home/wu/SRC/Answers_to_JRAI/install/interfaces/include/interfaces/interfaces
[2.882s] -- Up-to-date: /home/wu/SRC/Answers_to_JRAI/install/interfaces/include/interfaces/interfaces/srv
[2.882s] -- Up-to-date: /home/wu/SRC/Answers_to_JRAI/install/interfaces/include/interfaces/interfaces/srv/detail
[2.882s] -- Up-to-date: /home/wu/SRC/Answers_to_JRAI/install/interfaces/include/interfaces/interfaces/srv/detail/dds_fastrtps
[2.882s] -- Installing: /home/wu/SRC/Answers_to_JRAI/install/interfaces/include/interfaces/interfaces/srv/detail/money__rosidl_typesupport_fastrtps_cpp.hpp
[2.882s] -- Up-to-date: /home/wu/SRC/Answers_to_JRAI/install/interfaces/include/interfaces/interfaces/msg
[2.882s] -- Up-to-date: /home/wu/SRC/Answers_to_JRAI/install/interfaces/include/interfaces/interfaces/msg/rosidl_typesupport_fastrtps_cpp__visibility_control.h
[2.882s] -- Up-to-date: /home/wu/SRC/Answers_to_JRAI/install/interfaces/include/interfaces/interfaces/msg/detail
[2.882s] -- Up-to-date: /home/wu/SRC/Answers_to_JRAI/install/interfaces/include/interfaces/interfaces/msg/detail/dds_fastrtps
[2.882s] -- Installing: /home/wu/SRC/Answers_to_JRAI/install/interfaces/include/interfaces/interfaces/msg/detail/now__rosidl_typesupport_fastrtps_cpp.hpp
[2.882s] -- Up-to-date: /home/wu/SRC/Answers_to_JRAI/install/interfaces/include/interfaces/interfaces/action
[2.882s] -- Up-to-date: /home/wu/SRC/Answers_to_JRAI/install/interfaces/include/interfaces/interfaces/action/detail
[2.882s] -- Up-to-date: /home/wu/SRC/Answers_to_JRAI/install/interfaces/include/interfaces/interfaces/action/detail/dds_fastrtps
[2.882s] -- Installing: /home/wu/SRC/Answers_to_JRAI/install/interfaces/include/interfaces/interfaces/action/detail/boiling__rosidl_typesupport_fastrtps_cpp.hpp
[2.883s] -- Installing: /home/wu/SRC/Answers_to_JRAI/install/interfaces/lib/libinterfaces__rosidl_typesupport_fastrtps_cpp.so
[2.883s] -- Set runtime path of "/home/wu/SRC/Answers_to_JRAI/install/interfaces/lib/libinterfaces__rosidl_typesupport_fastrtps_cpp.so" to ""
[2.883s] -- Up-to-date: /home/wu/SRC/Answers_to_JRAI/install/interfaces/include/interfaces/interfaces
[2.883s] -- Up-to-date: /home/wu/SRC/Answers_to_JRAI/install/interfaces/include/interfaces/interfaces/srv
[2.883s] -- Up-to-date: /home/wu/SRC/Answers_to_JRAI/install/interfaces/include/interfaces/interfaces/srv/detail
[2.883s] -- Installing: /home/wu/SRC/Answers_to_JRAI/install/interfaces/include/interfaces/interfaces/srv/detail/money__rosidl_typesupport_introspection_cpp.hpp
[2.883s] -- Installing: /home/wu/SRC/Answers_to_JRAI/install/interfaces/include/interfaces/interfaces/srv/detail/money__type_support.cpp
[2.883s] -- Up-to-date: /home/wu/SRC/Answers_to_JRAI/install/interfaces/include/interfaces/interfaces/msg
[2.884s] -- Up-to-date: /home/wu/SRC/Answers_to_JRAI/install/interfaces/include/interfaces/interfaces/msg/detail
[2.884s] -- Installing: /home/wu/SRC/Answers_to_JRAI/install/interfaces/include/interfaces/interfaces/msg/detail/now__rosidl_typesupport_introspection_cpp.hpp
[2.884s] -- Installing: /home/wu/SRC/Answers_to_JRAI/install/interfaces/include/interfaces/interfaces/msg/detail/now__type_support.cpp
[2.884s] -- Up-to-date: /home/wu/SRC/Answers_to_JRAI/install/interfaces/include/interfaces/interfaces/action
[2.884s] -- Up-to-date: /home/wu/SRC/Answers_to_JRAI/install/interfaces/include/interfaces/interfaces/action/detail
[2.884s] -- Installing: /home/wu/SRC/Answers_to_JRAI/install/interfaces/include/interfaces/interfaces/action/detail/boiling__type_support.cpp
[2.884s] -- Installing: /home/wu/SRC/Answers_to_JRAI/install/interfaces/include/interfaces/interfaces/action/detail/boiling__rosidl_typesupport_introspection_cpp.hpp
[2.885s] -- Installing: /home/wu/SRC/Answers_to_JRAI/install/interfaces/lib/libinterfaces__rosidl_typesupport_introspection_cpp.so
[2.885s] -- Set runtime path of "/home/wu/SRC/Answers_to_JRAI/install/interfaces/lib/libinterfaces__rosidl_typesupport_introspection_cpp.so" to ""
[2.885s] -- Installing: /home/wu/SRC/Answers_to_JRAI/install/interfaces/lib/libinterfaces__rosidl_typesupport_cpp.so
[2.886s] -- Set runtime path of "/home/wu/SRC/Answers_to_JRAI/install/interfaces/lib/libinterfaces__rosidl_typesupport_cpp.so" to ""
[2.886s] -- Up-to-date: /home/wu/SRC/Answers_to_JRAI/install/interfaces/share/interfaces/environment/pythonpath.sh
[2.886s] -- Installing: /home/wu/SRC/Answers_to_JRAI/install/interfaces/share/interfaces/environment/pythonpath.dsv
[2.886s] -- Up-to-date: /home/wu/SRC/Answers_to_JRAI/install/interfaces/local/lib/python3.10/dist-packages/interfaces-0.0.0-py3.10.egg-info
[2.886s] -- Installing: /home/wu/SRC/Answers_to_JRAI/install/interfaces/local/lib/python3.10/dist-packages/interfaces-0.0.0-py3.10.egg-info/PKG-INFO
[2.886s] -- Installing: /home/wu/SRC/Answers_to_JRAI/install/interfaces/local/lib/python3.10/dist-packages/interfaces-0.0.0-py3.10.egg-info/SOURCES.txt
[2.886s] -- Installing: /home/wu/SRC/Answers_to_JRAI/install/interfaces/local/lib/python3.10/dist-packages/interfaces-0.0.0-py3.10.egg-info/dependency_links.txt
[2.886s] -- Installing: /home/wu/SRC/Answers_to_JRAI/install/interfaces/local/lib/python3.10/dist-packages/interfaces-0.0.0-py3.10.egg-info/top_level.txt
[2.886s] -- Up-to-date: /home/wu/SRC/Answers_to_JRAI/install/interfaces/local/lib/python3.10/dist-packages/interfaces
[2.886s] -- Up-to-date: /home/wu/SRC/Answers_to_JRAI/install/interfaces/local/lib/python3.10/dist-packages/interfaces/srv
[2.887s] -- Installing: /home/wu/SRC/Answers_to_JRAI/install/interfaces/local/lib/python3.10/dist-packages/interfaces/srv/_money_s.c
[2.887s] -- Installing: /home/wu/SRC/Answers_to_JRAI/install/interfaces/local/lib/python3.10/dist-packages/interfaces/srv/_money.py
[2.887s] -- Installing: /home/wu/SRC/Answers_to_JRAI/install/interfaces/local/lib/python3.10/dist-packages/interfaces/srv/__init__.py
[2.887s] -- Installing: /home/wu/SRC/Answers_to_JRAI/install/interfaces/local/lib/python3.10/dist-packages/interfaces/_interfaces_s.ep.rosidl_typesupport_introspection_c.c
[2.887s] -- Installing: /home/wu/SRC/Answers_to_JRAI/install/interfaces/local/lib/python3.10/dist-packages/interfaces/interfaces_s__rosidl_typesupport_introspection_c.cpython-310-x86_64-linux-gnu.so
[2.887s] -- Up-to-date: /home/wu/SRC/Answers_to_JRAI/install/interfaces/local/lib/python3.10/dist-packages/interfaces/msg
[2.887s] -- Installing: /home/wu/SRC/Answers_to_JRAI/install/interfaces/local/lib/python3.10/dist-packages/interfaces/msg/_now.py
[2.887s] -- Installing: /home/wu/SRC/Answers_to_JRAI/install/interfaces/local/lib/python3.10/dist-packages/interfaces/msg/_now_s.c
[2.887s] -- Installing: /home/wu/SRC/Answers_to_JRAI/install/interfaces/local/lib/python3.10/dist-packages/interfaces/msg/__init__.py
[2.887s] -- Installing: /home/wu/SRC/Answers_to_JRAI/install/interfaces/local/lib/python3.10/dist-packages/interfaces/_interfaces_s.ep.rosidl_typesupport_fastrtps_c.c
[2.888s] -- Installing: /home/wu/SRC/Answers_to_JRAI/install/interfaces/local/lib/python3.10/dist-packages/interfaces/libinterfaces__rosidl_generator_py.so
[2.888s] -- Installing: /home/wu/SRC/Answers_to_JRAI/install/interfaces/local/lib/python3.10/dist-packages/interfaces/interfaces_s__rosidl_typesupport_fastrtps_c.cpython-310-x86_64-linux-gnu.so
[2.888s] -- Installing: /home/wu/SRC/Answers_to_JRAI/install/interfaces/local/lib/python3.10/dist-packages/interfaces/_interfaces_s.ep.rosidl_typesupport_c.c
[2.888s] -- Installing: /home/wu/SRC/Answers_to_JRAI/install/interfaces/local/lib/python3.10/dist-packages/interfaces/interfaces_s__rosidl_typesupport_c.cpython-310-x86_64-linux-gnu.so
[2.888s] -- Installing: /home/wu/SRC/Answers_to_JRAI/install/interfaces/local/lib/python3.10/dist-packages/interfaces/__init__.py
[2.888s] -- Up-to-date: /home/wu/SRC/Answers_to_JRAI/install/interfaces/local/lib/python3.10/dist-packages/interfaces/action
[2.888s] -- Installing: /home/wu/SRC/Answers_to_JRAI/install/interfaces/local/lib/python3.10/dist-packages/interfaces/action/_boiling.py
[2.888s] -- Installing: /home/wu/SRC/Answers_to_JRAI/install/interfaces/local/lib/python3.10/dist-packages/interfaces/action/_boiling_s.c
[2.889s] -- Installing: /home/wu/SRC/Answers_to_JRAI/install/interfaces/local/lib/python3.10/dist-packages/interfaces/action/__init__.py
[2.918s] Listing '/home/wu/SRC/Answers_to_JRAI/install/interfaces/local/lib/python3.10/dist-packages/interfaces'...
[2.918s] Compiling '/home/wu/SRC/Answers_to_JRAI/install/interfaces/local/lib/python3.10/dist-packages/interfaces/__init__.py'...
[2.918s] Listing '/home/wu/SRC/Answers_to_JRAI/install/interfaces/local/lib/python3.10/dist-packages/interfaces/action'...
[2.918s] Compiling '/home/wu/SRC/Answers_to_JRAI/install/interfaces/local/lib/python3.10/dist-packages/interfaces/action/__init__.py'...
[2.918s] Compiling '/home/wu/SRC/Answers_to_JRAI/install/interfaces/local/lib/python3.10/dist-packages/interfaces/action/_boiling.py'...
[2.918s] Listing '/home/wu/SRC/Answers_to_JRAI/install/interfaces/local/lib/python3.10/dist-packages/interfaces/msg'...
[2.918s] Compiling '/home/wu/SRC/Answers_to_JRAI/install/interfaces/local/lib/python3.10/dist-packages/interfaces/msg/__init__.py'...
[2.918s] Compiling '/home/wu/SRC/Answers_to_JRAI/install/interfaces/local/lib/python3.10/dist-packages/interfaces/msg/_now.py'...
[2.918s] Listing '/home/wu/SRC/Answers_to_JRAI/install/interfaces/local/lib/python3.10/dist-packages/interfaces/srv'...
[2.918s] Compiling '/home/wu/SRC/Answers_to_JRAI/install/interfaces/local/lib/python3.10/dist-packages/interfaces/srv/__init__.py'...
[2.918s] Compiling '/home/wu/SRC/Answers_to_JRAI/install/interfaces/local/lib/python3.10/dist-packages/interfaces/srv/_money.py'...
[2.924s] -- Installing: /home/wu/SRC/Answers_to_JRAI/install/interfaces/local/lib/python3.10/dist-packages/interfaces/interfaces_s__rosidl_typesupport_fastrtps_c.cpython-310-x86_64-linux-gnu.so
[2.924s] -- Set runtime path of "/home/wu/SRC/Answers_to_JRAI/install/interfaces/local/lib/python3.10/dist-packages/interfaces/interfaces_s__rosidl_typesupport_fastrtps_c.cpython-310-x86_64-linux-gnu.so" to ""
[2.925s] -- Installing: /home/wu/SRC/Answers_to_JRAI/install/interfaces/local/lib/python3.10/dist-packages/interfaces/interfaces_s__rosidl_typesupport_introspection_c.cpython-310-x86_64-linux-gnu.so
[2.925s] -- Set runtime path of "/home/wu/SRC/Answers_to_JRAI/install/interfaces/local/lib/python3.10/dist-packages/interfaces/interfaces_s__rosidl_typesupport_introspection_c.cpython-310-x86_64-linux-gnu.so" to ""
[2.925s] -- Installing: /home/wu/SRC/Answers_to_JRAI/install/interfaces/local/lib/python3.10/dist-packages/interfaces/interfaces_s__rosidl_typesupport_c.cpython-310-x86_64-linux-gnu.so
[2.925s] -- Set runtime path of "/home/wu/SRC/Answers_to_JRAI/install/interfaces/local/lib/python3.10/dist-packages/interfaces/interfaces_s__rosidl_typesupport_c.cpython-310-x86_64-linux-gnu.so" to ""
[2.926s] -- Installing: /home/wu/SRC/Answers_to_JRAI/install/interfaces/lib/libinterfaces__rosidl_generator_py.so
[2.926s] -- Set runtime path of "/home/wu/SRC/Answers_to_JRAI/install/interfaces/lib/libinterfaces__rosidl_generator_py.so" to ""
[2.926s] -- Up-to-date: /home/wu/SRC/Answers_to_JRAI/install/interfaces/share/interfaces/msg/Now.idl
[2.926s] -- Up-to-date: /home/wu/SRC/Answers_to_JRAI/install/interfaces/share/interfaces/srv/Money.idl
[2.926s] -- Installing: /home/wu/SRC/Answers_to_JRAI/install/interfaces/share/interfaces/action/Boiling.idl
[2.926s] -- Up-to-date: /home/wu/SRC/Answers_to_JRAI/install/interfaces/share/interfaces/msg/Now.msg
[2.926s] -- Up-to-date: /home/wu/SRC/Answers_to_JRAI/install/interfaces/share/interfaces/srv/Money.srv
[2.927s] -- Up-to-date: /home/wu/SRC/Answers_to_JRAI/install/interfaces/share/interfaces/srv/Money_Request.msg
[2.927s] -- Up-to-date: /home/wu/SRC/Answers_to_JRAI/install/interfaces/share/interfaces/srv/Money_Response.msg
[2.927s] -- Installing: /home/wu/SRC/Answers_to_JRAI/install/interfaces/share/interfaces/action/Boiling.action
[2.927s] -- Up-to-date: /home/wu/SRC/Answers_to_JRAI/install/interfaces/share/ament_index/resource_index/package_run_dependencies/interfaces
[2.927s] -- Up-to-date: /home/wu/SRC/Answers_to_JRAI/install/interfaces/share/ament_index/resource_index/parent_prefix_path/interfaces
[2.927s] -- Up-to-date: /home/wu/SRC/Answers_to_JRAI/install/interfaces/share/interfaces/environment/ament_prefix_path.sh
[2.927s] -- Installing: /home/wu/SRC/Answers_to_JRAI/install/interfaces/share/interfaces/environment/ament_prefix_path.dsv
[2.927s] -- Up-to-date: /home/wu/SRC/Answers_to_JRAI/install/interfaces/share/interfaces/environment/path.sh
[2.927s] -- Installing: /home/wu/SRC/Answers_to_JRAI/install/interfaces/share/interfaces/environment/path.dsv
[2.927s] -- Up-to-date: /home/wu/SRC/Answers_to_JRAI/install/interfaces/share/interfaces/local_setup.bash
[2.927s] -- Up-to-date: /home/wu/SRC/Answers_to_JRAI/install/interfaces/share/interfaces/local_setup.sh
[2.927s] -- Up-to-date: /home/wu/SRC/Answers_to_JRAI/install/interfaces/share/interfaces/local_setup.zsh
[2.928s] -- Installing: /home/wu/SRC/Answers_to_JRAI/install/interfaces/share/interfaces/local_setup.dsv
[2.928s] -- Installing: /home/wu/SRC/Answers_to_JRAI/install/interfaces/share/interfaces/package.dsv
[2.928s] -- Up-to-date: /home/wu/SRC/Answers_to_JRAI/install/interfaces/share/ament_index/resource_index/packages/interfaces
[2.928s] -- Up-to-date: /home/wu/SRC/Answers_to_JRAI/install/interfaces/share/interfaces/cmake/export_interfaces__rosidl_generator_cExport.cmake
[2.928s] -- Up-to-date: /home/wu/SRC/Answers_to_JRAI/install/interfaces/share/interfaces/cmake/export_interfaces__rosidl_generator_cExport-noconfig.cmake
[2.928s] -- Up-to-date: /home/wu/SRC/Answers_to_JRAI/install/interfaces/share/interfaces/cmake/export_interfaces__rosidl_typesupport_fastrtps_cExport.cmake
[2.928s] -- Up-to-date: /home/wu/SRC/Answers_to_JRAI/install/interfaces/share/interfaces/cmake/export_interfaces__rosidl_typesupport_fastrtps_cExport-noconfig.cmake
[2.928s] -- Up-to-date: /home/wu/SRC/Answers_to_JRAI/install/interfaces/share/interfaces/cmake/interfaces__rosidl_typesupport_introspection_cExport.cmake
[2.928s] -- Up-to-date: /home/wu/SRC/Answers_to_JRAI/install/interfaces/share/interfaces/cmake/interfaces__rosidl_typesupport_introspection_cExport-noconfig.cmake
[2.928s] -- Up-to-date: /home/wu/SRC/Answers_to_JRAI/install/interfaces/share/interfaces/cmake/interfaces__rosidl_typesupport_cExport.cmake
[2.928s] -- Up-to-date: /home/wu/SRC/Answers_to_JRAI/install/interfaces/share/interfaces/cmake/interfaces__rosidl_typesupport_cExport-noconfig.cmake
[2.928s] -- Up-to-date: /home/wu/SRC/Answers_to_JRAI/install/interfaces/share/interfaces/cmake/export_interfaces__rosidl_generator_cppExport.cmake
[2.929s] -- Up-to-date: /home/wu/SRC/Answers_to_JRAI/install/interfaces/share/interfaces/cmake/export_interfaces__rosidl_typesupport_fastrtps_cppExport.cmake
[2.929s] -- Up-to-date: /home/wu/SRC/Answers_to_JRAI/install/interfaces/share/interfaces/cmake/export_interfaces__rosidl_typesupport_fastrtps_cppExport-noconfig.cmake
[2.929s] -- Up-to-date: /home/wu/SRC/Answers_to_JRAI/install/interfaces/share/interfaces/cmake/interfaces__rosidl_typesupport_introspection_cppExport.cmake
[2.929s] -- Up-to-date: /home/wu/SRC/Answers_to_JRAI/install/interfaces/share/interfaces/cmake/interfaces__rosidl_typesupport_introspection_cppExport-noconfig.cmake
[2.929s] -- Up-to-date: /home/wu/SRC/Answers_to_JRAI/install/interfaces/share/interfaces/cmake/interfaces__rosidl_typesupport_cppExport.cmake
[2.929s] -- Up-to-date: /home/wu/SRC/Answers_to_JRAI/install/interfaces/share/interfaces/cmake/interfaces__rosidl_typesupport_cppExport-noconfig.cmake
[2.929s] -- Up-to-date: /home/wu/SRC/Answers_to_JRAI/install/interfaces/share/interfaces/cmake/export_interfaces__rosidl_generator_pyExport.cmake
[2.929s] -- Up-to-date: /home/wu/SRC/Answers_to_JRAI/install/interfaces/share/interfaces/cmake/export_interfaces__rosidl_generator_pyExport-noconfig.cmake
[2.929s] -- Up-to-date: /home/wu/SRC/Answers_to_JRAI/install/interfaces/share/interfaces/cmake/rosidl_cmake-extras.cmake
[2.929s] -- Up-to-date: /home/wu/SRC/Answers_to_JRAI/install/interfaces/share/interfaces/cmake/ament_cmake_export_dependencies-extras.cmake
[2.929s] -- Up-to-date: /home/wu/SRC/Answers_to_JRAI/install/interfaces/share/interfaces/cmake/ament_cmake_export_include_directories-extras.cmake
[2.929s] -- Up-to-date: /home/wu/SRC/Answers_to_JRAI/install/interfaces/share/interfaces/cmake/ament_cmake_export_libraries-extras.cmake
[2.929s] -- Up-to-date: /home/wu/SRC/Answers_to_JRAI/install/interfaces/share/interfaces/cmake/ament_cmake_export_targets-extras.cmake
[2.929s] -- Up-to-date: /home/wu/SRC/Answers_to_JRAI/install/interfaces/share/interfaces/cmake/rosidl_cmake_export_typesupport_targets-extras.cmake
[2.929s] -- Up-to-date: /home/wu/SRC/Answers_to_JRAI/install/interfaces/share/interfaces/cmake/rosidl_cmake_export_typesupport_libraries-extras.cmake
[2.929s] -- Up-to-date: /home/wu/SRC/Answers_to_JRAI/install/interfaces/share/interfaces/cmake/interfacesConfig.cmake
[2.929s] -- Up-to-date: /home/wu/SRC/Answers_to_JRAI/install/interfaces/share/interfaces/cmake/interfacesConfig-version.cmake
[2.929s] -- Up-to-date: /home/wu/SRC/Answers_to_JRAI/install/interfaces/share/interfaces/package.xml
[2.931s] Invoked command in '/home/wu/SRC/Answers_to_JRAI/build/interfaces' returned '0': CMAKE_PREFIX_PATH=/opt/ros/humble /usr/bin/cmake --install /home/wu/SRC/Answers_to_JRAI/build/interfaces
